/usr/itetnas04/data-scratch-01/risingh/data/videorder/slowfast/tools
/itet-stor/risingh/net_scratch/conda_envs/sfast/lib/python38.zip
/itet-stor/risingh/net_scratch/conda_envs/sfast/lib/python3.8
/itet-stor/risingh/net_scratch/conda_envs/sfast/lib/python3.8/lib-dynload
/itet-stor/risingh/net_scratch/conda_envs/sfast/lib/python3.8/site-packages
/usr/itetnas04/data-scratch-01/risingh/data/detectron2_repo
/usr/itetnas04/data-scratch-01/risingh/data/slowfast
/itet-stor/risingh/net_scratch/conda_envs/sfast/lib/python3.8/site-packages/sklearn-0.0-py3.8.egg
/itet-stor/risingh/net_scratch/conda_envs/sfast/lib/python3.8/site-packages/pandas-1.1.3-py3.8-linux-x86_64.egg
/itet-stor/risingh/net_scratch/conda_envs/sfast/lib/python3.8/site-packages/wheel-0.35.1-py3.8.egg
/itet-stor/risingh/net_scratch/conda_envs/sfast/lib/python3.8/site-packages/scikit_learn-0.23.2-py3.8-linux-x86_64.egg
/itet-stor/risingh/net_scratch/conda_envs/sfast/lib/python3.8/site-packages/pytz-2020.1-py3.8.egg
/itet-stor/risingh/net_scratch/conda_envs/sfast/lib/python3.8/site-packages/threadpoolctl-2.1.0-py3.8.egg
/itet-stor/risingh/net_scratch/conda_envs/sfast/lib/python3.8/site-packages/scipy-1.5.2-py3.8-linux-x86_64.egg
/itet-stor/risingh/net_scratch/conda_envs/sfast/lib/python3.8/site-packages/joblib-0.17.0-py3.8.egg
/usr/itetnas04/data-scratch-01/risingh/data/conda_envs/sfast/lib/python3.8/site-packages
========
/usr/itetnas04/data-scratch-01/risingh/data/videorder/slowfast/tools
/itet-stor/risingh/net_scratch/conda_envs/sfast/lib/python38.zip
/itet-stor/risingh/net_scratch/conda_envs/sfast/lib/python3.8
/itet-stor/risingh/net_scratch/conda_envs/sfast/lib/python3.8/lib-dynload
/itet-stor/risingh/net_scratch/conda_envs/sfast/lib/python3.8/site-packages
/usr/itetnas04/data-scratch-01/risingh/data/detectron2_repo
/itet-stor/risingh/net_scratch/conda_envs/sfast/lib/python3.8/site-packages/sklearn-0.0-py3.8.egg
/itet-stor/risingh/net_scratch/conda_envs/sfast/lib/python3.8/site-packages/pandas-1.1.3-py3.8-linux-x86_64.egg
/itet-stor/risingh/net_scratch/conda_envs/sfast/lib/python3.8/site-packages/wheel-0.35.1-py3.8.egg
/itet-stor/risingh/net_scratch/conda_envs/sfast/lib/python3.8/site-packages/scikit_learn-0.23.2-py3.8-linux-x86_64.egg
/itet-stor/risingh/net_scratch/conda_envs/sfast/lib/python3.8/site-packages/pytz-2020.1-py3.8.egg
/itet-stor/risingh/net_scratch/conda_envs/sfast/lib/python3.8/site-packages/threadpoolctl-2.1.0-py3.8.egg
/itet-stor/risingh/net_scratch/conda_envs/sfast/lib/python3.8/site-packages/scipy-1.5.2-py3.8-linux-x86_64.egg
/itet-stor/risingh/net_scratch/conda_envs/sfast/lib/python3.8/site-packages/joblib-0.17.0-py3.8.egg
/usr/itetnas04/data-scratch-01/risingh/data/conda_envs/sfast/lib/python3.8/site-packages
/usr/itetnas04/data-scratch-01/risingh/data/videorder/slowfast/
Traceback (most recent call last):
  File "tools/run_net.py", line 78, in <module>
    main()
  File "tools/run_net.py", line 40, in main
    cfg = load_config(args)
  File "/usr/itetnas04/data-scratch-01/risingh/data/videorder/slowfast/slowfast/utils/parser.py", line 78, in load_config
    cfg.merge_from_file(args.cfg_file)
  File "/itet-stor/risingh/net_scratch/conda_envs/sfast/lib/python3.8/site-packages/fvcore/common/config.py", line 105, in merge_from_file
    loaded_cfg = CfgNode.load_yaml_with_base(
  File "/itet-stor/risingh/net_scratch/conda_envs/sfast/lib/python3.8/site-packages/fvcore/common/config.py", line 51, in load_yaml_with_base
    cfg = yaml.safe_load(f)
  File "/itet-stor/risingh/net_scratch/conda_envs/sfast/lib/python3.8/site-packages/yaml/__init__.py", line 162, in safe_load
    return load(stream, SafeLoader)
  File "/itet-stor/risingh/net_scratch/conda_envs/sfast/lib/python3.8/site-packages/yaml/__init__.py", line 114, in load
    return loader.get_single_data()
  File "/itet-stor/risingh/net_scratch/conda_envs/sfast/lib/python3.8/site-packages/yaml/constructor.py", line 49, in get_single_data
    node = self.get_single_node()
  File "/itet-stor/risingh/net_scratch/conda_envs/sfast/lib/python3.8/site-packages/yaml/composer.py", line 36, in get_single_node
    document = self.compose_document()
  File "/itet-stor/risingh/net_scratch/conda_envs/sfast/lib/python3.8/site-packages/yaml/composer.py", line 55, in compose_document
    node = self.compose_node(None, None)
  File "/itet-stor/risingh/net_scratch/conda_envs/sfast/lib/python3.8/site-packages/yaml/composer.py", line 84, in compose_node
    node = self.compose_mapping_node(anchor)
  File "/itet-stor/risingh/net_scratch/conda_envs/sfast/lib/python3.8/site-packages/yaml/composer.py", line 133, in compose_mapping_node
    item_value = self.compose_node(node, item_key)
  File "/itet-stor/risingh/net_scratch/conda_envs/sfast/lib/python3.8/site-packages/yaml/composer.py", line 84, in compose_node
    node = self.compose_mapping_node(anchor)
  File "/itet-stor/risingh/net_scratch/conda_envs/sfast/lib/python3.8/site-packages/yaml/composer.py", line 127, in compose_mapping_node
    while not self.check_event(MappingEndEvent):
  File "/itet-stor/risingh/net_scratch/conda_envs/sfast/lib/python3.8/site-packages/yaml/parser.py", line 98, in check_event
    self.current_event = self.state()
  File "/itet-stor/risingh/net_scratch/conda_envs/sfast/lib/python3.8/site-packages/yaml/parser.py", line 428, in parse_block_mapping_key
    if self.check_token(KeyToken):
  File "/itet-stor/risingh/net_scratch/conda_envs/sfast/lib/python3.8/site-packages/yaml/scanner.py", line 115, in check_token
    while self.need_more_tokens():
  File "/itet-stor/risingh/net_scratch/conda_envs/sfast/lib/python3.8/site-packages/yaml/scanner.py", line 152, in need_more_tokens
    self.stale_possible_simple_keys()
  File "/itet-stor/risingh/net_scratch/conda_envs/sfast/lib/python3.8/site-packages/yaml/scanner.py", line 291, in stale_possible_simple_keys
    raise ScannerError("while scanning a simple key", key.mark,
yaml.scanner.ScannerError: while scanning a simple key
  in "/usr/itetnas04/data-scratch-01/risingh/data/videorder/experiments/joint_10_500_100_v1/SLOWFAST_32x2_R101_50_50.yaml", line 22, column 3
could not find expected ':'
  in "/usr/itetnas04/data-scratch-01/risingh/data/videorder/experiments/joint_10_500_100_v1/SLOWFAST_32x2_R101_50_50.yaml", line 24, column 1
