/usr/itetnas04/data-scratch-01/risingh/data/videorder/slowfast/tools
/itet-stor/risingh/net_scratch/conda_envs/sfast/lib/python38.zip
/itet-stor/risingh/net_scratch/conda_envs/sfast/lib/python3.8
/itet-stor/risingh/net_scratch/conda_envs/sfast/lib/python3.8/lib-dynload
/itet-stor/risingh/net_scratch/conda_envs/sfast/lib/python3.8/site-packages
/usr/itetnas04/data-scratch-01/risingh/data/detectron2_repo
/usr/itetnas04/data-scratch-01/risingh/data/slowfast
/itet-stor/risingh/net_scratch/conda_envs/sfast/lib/python3.8/site-packages/sklearn-0.0-py3.8.egg
/itet-stor/risingh/net_scratch/conda_envs/sfast/lib/python3.8/site-packages/pandas-1.1.3-py3.8-linux-x86_64.egg
/itet-stor/risingh/net_scratch/conda_envs/sfast/lib/python3.8/site-packages/wheel-0.35.1-py3.8.egg
/itet-stor/risingh/net_scratch/conda_envs/sfast/lib/python3.8/site-packages/scikit_learn-0.23.2-py3.8-linux-x86_64.egg
/itet-stor/risingh/net_scratch/conda_envs/sfast/lib/python3.8/site-packages/pytz-2020.1-py3.8.egg
/itet-stor/risingh/net_scratch/conda_envs/sfast/lib/python3.8/site-packages/threadpoolctl-2.1.0-py3.8.egg
/itet-stor/risingh/net_scratch/conda_envs/sfast/lib/python3.8/site-packages/scipy-1.5.2-py3.8-linux-x86_64.egg
/itet-stor/risingh/net_scratch/conda_envs/sfast/lib/python3.8/site-packages/joblib-0.17.0-py3.8.egg
/usr/itetnas04/data-scratch-01/risingh/data/conda_envs/sfast/lib/python3.8/site-packages
========
/usr/itetnas04/data-scratch-01/risingh/data/videorder/slowfast/tools
/itet-stor/risingh/net_scratch/conda_envs/sfast/lib/python38.zip
/itet-stor/risingh/net_scratch/conda_envs/sfast/lib/python3.8
/itet-stor/risingh/net_scratch/conda_envs/sfast/lib/python3.8/lib-dynload
/itet-stor/risingh/net_scratch/conda_envs/sfast/lib/python3.8/site-packages
/usr/itetnas04/data-scratch-01/risingh/data/detectron2_repo
/itet-stor/risingh/net_scratch/conda_envs/sfast/lib/python3.8/site-packages/sklearn-0.0-py3.8.egg
/itet-stor/risingh/net_scratch/conda_envs/sfast/lib/python3.8/site-packages/pandas-1.1.3-py3.8-linux-x86_64.egg
/itet-stor/risingh/net_scratch/conda_envs/sfast/lib/python3.8/site-packages/wheel-0.35.1-py3.8.egg
/itet-stor/risingh/net_scratch/conda_envs/sfast/lib/python3.8/site-packages/scikit_learn-0.23.2-py3.8-linux-x86_64.egg
/itet-stor/risingh/net_scratch/conda_envs/sfast/lib/python3.8/site-packages/pytz-2020.1-py3.8.egg
/itet-stor/risingh/net_scratch/conda_envs/sfast/lib/python3.8/site-packages/threadpoolctl-2.1.0-py3.8.egg
/itet-stor/risingh/net_scratch/conda_envs/sfast/lib/python3.8/site-packages/scipy-1.5.2-py3.8-linux-x86_64.egg
/itet-stor/risingh/net_scratch/conda_envs/sfast/lib/python3.8/site-packages/joblib-0.17.0-py3.8.egg
/usr/itetnas04/data-scratch-01/risingh/data/conda_envs/sfast/lib/python3.8/site-packages
/usr/itetnas04/data-scratch-01/risingh/data/videorder/slowfast/
Traceback (most recent call last):
  File "<string>", line 1, in <module>
  File "/itet-stor/risingh/net_scratch/conda_envs/sfast/lib/python3.8/multiprocessing/spawn.py", line 116, in spawn_main
    exitcode = _main(fd, parent_sentinel)
  File "/itet-stor/risingh/net_scratch/conda_envs/sfast/lib/python3.8/multiprocessing/spawn.py", line 125, in _main
    prepare(preparation_data)
  File "/itet-stor/risingh/net_scratch/conda_envs/sfast/lib/python3.8/multiprocessing/spawn.py", line 236, in prepare
    _fixup_main_from_path(data['init_main_from_path'])
  File "/itet-stor/risingh/net_scratch/conda_envs/sfast/lib/python3.8/multiprocessing/spawn.py", line 287, in _fixup_main_from_path
    main_content = runpy.run_path(main_path,
  File "/itet-stor/risingh/net_scratch/conda_envs/sfast/lib/python3.8/runpy.py", line 265, in run_path
    return _run_module_code(code, init_globals, run_name,
  File "/itet-stor/risingh/net_scratch/conda_envs/sfast/lib/python3.8/runpy.py", line 97, in _run_module_code
    _run_code(code, mod_globals, init_globals,
  File "/itet-stor/risingh/net_scratch/conda_envs/sfast/lib/python3.8/runpy.py", line 87, in _run_code
    exec(code, run_globals)
  File "/usr/itetnas04/data-scratch-01/risingh/data/videorder/slowfast/tools/run_net.py", line 13, in <module>
    sys.path.remove('/usr/itetnas04/data-scratch-01/risingh/data/slowfast')
ValueError: list.remove(x): x not in list
/usr/itetnas04/data-scratch-01/risingh/data/videorder/slowfast/tools
/itet-stor/risingh/net_scratch/conda_envs/sfast/lib/python38.zip
/itet-stor/risingh/net_scratch/conda_envs/sfast/lib/python3.8
/itet-stor/risingh/net_scratch/conda_envs/sfast/lib/python3.8/lib-dynload
/itet-stor/risingh/net_scratch/conda_envs/sfast/lib/python3.8/site-packages
/usr/itetnas04/data-scratch-01/risingh/data/detectron2_repo
/itet-stor/risingh/net_scratch/conda_envs/sfast/lib/python3.8/site-packages/sklearn-0.0-py3.8.egg
/itet-stor/risingh/net_scratch/conda_envs/sfast/lib/python3.8/site-packages/pandas-1.1.3-py3.8-linux-x86_64.egg
/itet-stor/risingh/net_scratch/conda_envs/sfast/lib/python3.8/site-packages/wheel-0.35.1-py3.8.egg
/itet-stor/risingh/net_scratch/conda_envs/sfast/lib/python3.8/site-packages/scikit_learn-0.23.2-py3.8-linux-x86_64.egg
/itet-stor/risingh/net_scratch/conda_envs/sfast/lib/python3.8/site-packages/pytz-2020.1-py3.8.egg
/itet-stor/risingh/net_scratch/conda_envs/sfast/lib/python3.8/site-packages/threadpoolctl-2.1.0-py3.8.egg
/itet-stor/risingh/net_scratch/conda_envs/sfast/lib/python3.8/site-packages/scipy-1.5.2-py3.8-linux-x86_64.egg
/itet-stor/risingh/net_scratch/conda_envs/sfast/lib/python3.8/site-packages/joblib-0.17.0-py3.8.egg
/usr/itetnas04/data-scratch-01/risingh/data/conda_envs/sfast/lib/python3.8/site-packages
/usr/itetnas04/data-scratch-01/risingh/data/videorder/slowfast/
========
Traceback (most recent call last):
  File "<string>", line 1, in <module>
  File "/itet-stor/risingh/net_scratch/conda_envs/sfast/lib/python3.8/multiprocessing/spawn.py", line 116, in spawn_main
    exitcode = _main(fd, parent_sentinel)
  File "/itet-stor/risingh/net_scratch/conda_envs/sfast/lib/python3.8/multiprocessing/spawn.py", line 125, in _main
    prepare(preparation_data)
  File "/itet-stor/risingh/net_scratch/conda_envs/sfast/lib/python3.8/multiprocessing/spawn.py", line 236, in prepare
    _fixup_main_from_path(data['init_main_from_path'])
  File "/itet-stor/risingh/net_scratch/conda_envs/sfast/lib/python3.8/multiprocessing/spawn.py", line 287, in _fixup_main_from_path
    main_content = runpy.run_path(main_path,
  File "/itet-stor/risingh/net_scratch/conda_envs/sfast/lib/python3.8/runpy.py", line 265, in run_path
    return _run_module_code(code, init_globals, run_name,
  File "/itet-stor/risingh/net_scratch/conda_envs/sfast/lib/python3.8/runpy.py", line 97, in _run_module_code
    _run_code(code, mod_globals, init_globals,
  File "/itet-stor/risingh/net_scratch/conda_envs/sfast/lib/python3.8/runpy.py", line 87, in _run_code
    exec(code, run_globals)
  File "/usr/itetnas04/data-scratch-01/risingh/data/videorder/slowfast/tools/run_net.py", line 13, in <module>
    sys.path.remove('/usr/itetnas04/data-scratch-01/risingh/data/slowfast')
ValueError: list.remove(x): x not in list
/usr/itetnas04/data-scratch-01/risingh/data/videorder/slowfast/tools
/itet-stor/risingh/net_scratch/conda_envs/sfast/lib/python38.zip
/itet-stor/risingh/net_scratch/conda_envs/sfast/lib/python3.8
/itet-stor/risingh/net_scratch/conda_envs/sfast/lib/python3.8/lib-dynload
/itet-stor/risingh/net_scratch/conda_envs/sfast/lib/python3.8/site-packages
/usr/itetnas04/data-scratch-01/risingh/data/detectron2_repo
/itet-stor/risingh/net_scratch/conda_envs/sfast/lib/python3.8/site-packages/sklearn-0.0-py3.8.egg
/itet-stor/risingh/net_scratch/conda_envs/sfast/lib/python3.8/site-packages/pandas-1.1.3-py3.8-linux-x86_64.egg
/itet-stor/risingh/net_scratch/conda_envs/sfast/lib/python3.8/site-packages/wheel-0.35.1-py3.8.egg
/itet-stor/risingh/net_scratch/conda_envs/sfast/lib/python3.8/site-packages/scikit_learn-0.23.2-py3.8-linux-x86_64.egg
/itet-stor/risingh/net_scratch/conda_envs/sfast/lib/python3.8/site-packages/pytz-2020.1-py3.8.egg
/itet-stor/risingh/net_scratch/conda_envs/sfast/lib/python3.8/site-packages/threadpoolctl-2.1.0-py3.8.egg
/itet-stor/risingh/net_scratch/conda_envs/sfast/lib/python3.8/site-packages/scipy-1.5.2-py3.8-linux-x86_64.egg
/itet-stor/risingh/net_scratch/conda_envs/sfast/lib/python3.8/site-packages/joblib-0.17.0-py3.8.egg
/usr/itetnas04/data-scratch-01/risingh/data/conda_envs/sfast/lib/python3.8/site-packages
/usr/itetnas04/data-scratch-01/risingh/data/videorder/slowfast/
========
Traceback (most recent call last):
  File "tools/run_net.py", line 78, in <module>
    main()
  File "tools/run_net.py", line 54, in main
    launch_job(cfg=cfg, init_method=args.init_method, func=train_da)
  File "/usr/itetnas04/data-scratch-01/risingh/data/videorder/slowfast/slowfast/utils/misc.py", line 286, in launch_job
    torch.multiprocessing.spawn(
  File "/itet-stor/risingh/net_scratch/conda_envs/sfast/lib/python3.8/site-packages/torch/multiprocessing/spawn.py", line 200, in spawn
    return start_processes(fn, args, nprocs, join, daemon, start_method='spawn')
  File "/itet-stor/risingh/net_scratch/conda_envs/sfast/lib/python3.8/site-packages/torch/multiprocessing/spawn.py", line 158, in start_processes
    while not context.join():
  File "/itet-stor/risingh/net_scratch/conda_envs/sfast/lib/python3.8/site-packages/torch/multiprocessing/spawn.py", line 111, in join
    raise Exception(
Exception: process 0 terminated with exit code 1
