
CommandNotFoundError: Your shell has not been properly configured to use 'conda activate'.
To initialize your shell, run

    $ conda init <SHELL_NAME>

Currently supported shells are:
  - bash
  - fish
  - tcsh
  - xonsh
  - zsh
  - powershell

See 'conda init --help' for more information and options.

IMPORTANT: You may need to close and restart your shell after running 'conda init'.


[11/18 08:24:10][INFO] train_net.py: 383: Train with config:
[11/18 08:24:10][INFO] train_net.py: 384: {'AVA': {'ANNOTATION_DIR': '/srv/beegfs02/scratch/da_action/data/ava/annotations_5_600_120/',
         'BGR': False,
         'DETECTION_SCORE_THRESH': 0.8,
         'EXCLUSION_FILE': 'ava_val_excluded_timestamps_v2.2.csv',
         'FRAME_DIR': '/srv/beegfs02/scratch/da_action/data/ava/frames/',
         'FRAME_LIST_DIR': '/srv/beegfs02/scratch/da_action/data/ava/frame_lists_5_600_120/',
         'FULL_TEST_ON_VAL': True,
         'GROUNDTRUTH_FILE': 'ava_val_v2.2.csv',
         'IMG_PROC_BACKEND': 'cv2',
         'LABEL_MAP_FILE': 'ava_action_list_v2.2.pbtxt',
         'TEST_FORCE_FLIP': False,
         'TEST_LISTS': ['val.csv'],
         'TEST_PREDICT_BOX_LISTS': ['ava_val_predicted_boxes.csv'],
         'TRAIN_GT_BOX_LISTS': ['ava_train_v2.2.csv'],
         'TRAIN_LISTS': ['train.csv'],
         'TRAIN_PCA_EIGVAL': [0.225, 0.224, 0.229],
         'TRAIN_PCA_EIGVEC': [[-0.5675, 0.7192, 0.4009],
                              [-0.5808, -0.0045, -0.814],
                              [-0.5836, -0.6948, 0.4203]],
         'TRAIN_PCA_JITTER_ONLY': True,
         'TRAIN_PREDICT_BOX_LISTS': [],
         'TRAIN_USE_COLOR_AUGMENTATION': False},
 'BENCHMARK': CfgNode({'NUM_EPOCHS': 5, 'LOG_PERIOD': 100, 'SHUFFLE': True}),
 'BN': {'NORM_TYPE': 'batchnorm',
        'NUM_BATCHES_PRECISE': 200,
        'NUM_SPLITS': 1,
        'NUM_SYNC_DEVICES': 1,
        'USE_PRECISE_STATS': False,
        'WEIGHT_DECAY': 0.0},
 'DATA': {'DECODING_BACKEND': 'pyav',
          'ENSEMBLE_METHOD': 'sum',
          'INPUT_CHANNEL_NUM': [3, 3],
          'INV_UNIFORM_SAMPLE': False,
          'MEAN': [0.45, 0.45, 0.45],
          'MULTI_LABEL': False,
          'NUM_FRAMES': 32,
          'PATH_LABEL_SEPARATOR': ' ',
          'PATH_PREFIX': '',
          'PATH_TO_DATA_DIR': '',
          'RANDOM_FLIP': True,
          'REVERSE_INPUT_CHANNEL': False,
          'SAMPLING_RATE': 2,
          'STD': [0.225, 0.225, 0.225],
          'TARGET_FPS': 30,
          'TEST_CROP_SIZE': 256,
          'TRAIN_CROP_SIZE': 224,
          'TRAIN_JITTER_SCALES': [256, 320]},
 'DATA_LOADER': {'ENABLE_MULTI_THREAD_DECODE': False,
                 'NUM_WORKERS': 1,
                 'PIN_MEMORY': True},
 'DEMO': {'BUFFER_SIZE': 0,
          'CLIP_VIS_SIZE': 10,
          'COMMON_CLASS_NAMES': ['watch (a person)',
                                 'talk to (e.g., self, a person, a group)',
                                 'listen to (a person)',
                                 'touch (an object)',
                                 'carry/hold (an object)',
                                 'walk',
                                 'sit',
                                 'lie/sleep',
                                 'bend/bow (at the waist)'],
          'COMMON_CLASS_THRES': 0.7,
          'DETECTRON2_CFG': 'COCO-Detection/faster_rcnn_R_50_FPN_3x.yaml',
          'DETECTRON2_THRESH': 0.9,
          'DETECTRON2_WEIGHTS': 'detectron2://COCO-Detection/faster_rcnn_R_50_FPN_3x/137849458/model_final_280758.pkl',
          'DISPLAY_HEIGHT': 0,
          'DISPLAY_WIDTH': 0,
          'ENABLE': False,
          'FPS': 30,
          'GT_BOXES': '',
          'INPUT_FORMAT': 'BGR',
          'INPUT_VIDEO': '',
          'LABEL_FILE_PATH': '',
          'NUM_CLIPS_SKIP': 0,
          'NUM_VIS_INSTANCES': 2,
          'OUTPUT_FILE': '',
          'OUTPUT_FPS': -1,
          'PREDS_BOXES': '',
          'SLOWMO': 1,
          'STARTING_SECOND': 900,
          'THREAD_ENABLE': False,
          'UNCOMMON_CLASS_THRES': 0.3,
          'VIS_MODE': 'thres',
          'WEBCAM': -1},
 'DETECTION': {'ALIGNED': False,
               'ENABLE': True,
               'ROI_XFORM_RESOLUTION': 7,
               'SPATIAL_SCALE_FACTOR': 16},
 'DIST_BACKEND': 'nccl',
 'LOG_MODEL_INFO': False,
 'LOG_PERIOD': 10,
 'MODEL': {'ARCH': 'slowfast',
           'DROPCONNECT_RATE': 0.0,
           'DROPOUT_RATE': 0.5,
           'FC_INIT_STD': 0.01,
           'HEAD_ACT': 'sigmoid',
           'LOSS_FUNC': 'bce',
           'MODEL_NAME': 'SlowFast',
           'MULTI_PATHWAY_ARCH': ['slowfast'],
           'NUM_CLASSES': 10,
           'SINGLE_PATHWAY_ARCH': ['c2d', 'i3d', 'slow', 'x3d']},
 'MULTIGRID': {'BN_BASE_SIZE': 8,
               'DEFAULT_B': 0,
               'DEFAULT_S': 0,
               'DEFAULT_T': 0,
               'EPOCH_FACTOR': 1.5,
               'EVAL_FREQ': 3,
               'LONG_CYCLE': False,
               'LONG_CYCLE_FACTORS': [(0.25, 0.7071067811865476),
                                      (0.5, 0.7071067811865476),
                                      (0.5, 1),
                                      (1, 1)],
               'LONG_CYCLE_SAMPLING_RATE': 0,
               'SHORT_CYCLE': False,
               'SHORT_CYCLE_FACTORS': [0.5, 0.7071067811865476]},
 'NONLOCAL': {'GROUP': [[1, 1], [1, 1], [1, 1], [1, 1]],
              'INSTANTIATION': 'dot_product',
              'LOCATION': [[[], []], [[], []], [[6, 13, 20], []], [[], []]],
              'POOL': [[[2, 2, 2], [2, 2, 2]],
                       [[2, 2, 2], [2, 2, 2]],
                       [[2, 2, 2], [2, 2, 2]],
                       [[2, 2, 2], [2, 2, 2]]]},
 'NUM_GPUS': 2,
 'NUM_SHARDS': 1,
 'OUTPUT_DIR': '/srv/beegfs02/scratch/da_action/data/output/ex_5_600_120_v1',
 'RESNET': {'DEPTH': 101,
            'INPLACE_RELU': True,
            'NUM_BLOCK_TEMP_KERNEL': [[3, 3], [4, 4], [6, 6], [3, 3]],
            'NUM_GROUPS': 1,
            'SPATIAL_DILATIONS': [[1, 1], [1, 1], [1, 1], [2, 2]],
            'SPATIAL_STRIDES': [[1, 1], [2, 2], [2, 2], [1, 1]],
            'STRIDE_1X1': False,
            'TRANS_FUNC': 'bottleneck_transform',
            'WIDTH_PER_GROUP': 64,
            'ZERO_INIT_FINAL_BN': True},
 'RNG_SEED': 0,
 'SHARD_ID': 0,
 'SLOWFAST': {'ALPHA': 4,
              'BETA_INV': 8,
              'FUSION_CONV_CHANNEL_RATIO': 2,
              'FUSION_KERNEL_SZ': 5},
 'SOLVER': {'BASE_LR': 10.0,
            'BASE_LR_SCALE_NUM_SHARDS': False,
            'COSINE_END_LR': 0.0,
            'DAMPENING': 0.0,
            'GAMMA': 0.1,
            'LRS': [],
            'LR_POLICY': 'cosine',
            'MAX_EPOCH': 300,
            'MOMENTUM': 0.9,
            'NESTEROV': True,
            'OPTIMIZING_METHOD': 'sgd',
            'STEPS': [],
            'STEP_SIZE': 1,
            'WARMUP_EPOCHS': 0.0,
            'WARMUP_FACTOR': 0.1,
            'WARMUP_START_LR': 0.01,
            'WEIGHT_DECAY': 1e-07},
 'TENSORBOARD': {'CATEGORIES_PATH': '',
                 'CLASS_NAMES_PATH': '',
                 'CONFUSION_MATRIX': {'ENABLE': False,
                                      'FIGSIZE': [8, 8],
                                      'SUBSET_PATH': ''},
                 'ENABLE': True,
                 'HISTOGRAM': {'ENABLE': False,
                               'FIGSIZE': [8, 8],
                               'SUBSET_PATH': '',
                               'TOPK': 10},
                 'LOG_DIR': 'tensorboard',
                 'MODEL_VIS': {'ACTIVATIONS': False,
                               'COLORMAP': 'Pastel2',
                               'ENABLE': False,
                               'GRAD_CAM': {'COLORMAP': 'viridis',
                                            'ENABLE': True,
                                            'LAYER_LIST': [],
                                            'USE_TRUE_LABEL': False},
                               'INPUT_VIDEO': False,
                               'LAYER_LIST': [],
                               'MODEL_WEIGHTS': False,
                               'TOPK_PREDS': 1},
                 'PREDICTIONS_PATH': '',
                 'WRONG_PRED_VIS': {'ENABLE': False,
                                    'SUBSET_PATH': '',
                                    'TAG': 'Incorrectly classified videos.'}},
 'TEST': {'BATCH_SIZE': 1,
          'CHECKPOINT_FILE_PATH': '',
          'CHECKPOINT_TYPE': 'pytorch',
          'DATASET': 'ava',
          'ENABLE': True,
          'NUM_ENSEMBLE_VIEWS': 10,
          'NUM_SPATIAL_CROPS': 3,
          'SAVE_RESULTS_PATH': ''},
 'TRAIN': {'AUTO_RESUME': False,
           'BATCH_SIZE': 8,
           'CHECKPOINT_CLEAR_NAME_PATTERN': (),
           'CHECKPOINT_EPOCH_RESET': False,
           'CHECKPOINT_FILE_PATH': '',
           'CHECKPOINT_INFLATE': False,
           'CHECKPOINT_PERIOD': 1,
           'CHECKPOINT_TYPE': 'pytorch',
           'DATASET': 'ava',
           'ENABLE': True,
           'EVAL_PERIOD': 1},
 'X3D': {'BN_LIN5': False,
         'BOTTLENECK_FACTOR': 1.0,
         'CHANNELWISE_3x3x3': True,
         'DEPTH_FACTOR': 1.0,
         'DIM_C1': 12,
         'DIM_C5': 2048,
         'SCALE_RES2': False,
         'WIDTH_FACTOR': 1.0}}
[11/18 08:24:20][INFO] ava_helper.py:  65: Finished loading image paths from: /srv/beegfs02/scratch/da_action/data/ava/frame_lists_5_600_120/train.csv
[11/18 08:24:20][INFO] ava_helper.py: 111: Finished loading annotations from: /srv/beegfs02/scratch/da_action/data/ava/annotations_5_600_120/ava_train_v2.2.csv
[11/18 08:24:20][INFO] ava_helper.py: 113: Detection threshold: 0.8
[11/18 08:24:20][INFO] ava_helper.py: 114: Number of unique boxes: 1947
[11/18 08:24:20][INFO] ava_helper.py: 115: Number of annotations: 3000
[11/18 08:24:20][INFO] ava_helper.py: 162: 1426 keyframes used.
[11/18 08:24:20][INFO] ava_dataset.py:  90: === AVA dataset summary ===
[11/18 08:24:20][INFO] ava_dataset.py:  91: Split: train
[11/18 08:24:20][INFO] ava_dataset.py:  92: Number of videos: 4
[11/18 08:24:20][INFO] ava_dataset.py:  96: Number of frames: 108121
[11/18 08:24:20][INFO] ava_dataset.py:  97: Number of key frames: 1426
[11/18 08:24:20][INFO] ava_dataset.py:  98: Number of boxes: 1947.
[11/18 08:24:21][INFO] ava_helper.py:  65: Finished loading image paths from: /srv/beegfs02/scratch/da_action/data/ava/frame_lists_5_600_120/val.csv
[11/18 08:24:21][INFO] ava_helper.py: 111: Finished loading annotations from: /srv/beegfs02/scratch/da_action/data/ava/annotations_5_600_120/ava_val_predicted_boxes.csv
[11/18 08:24:21][INFO] ava_helper.py: 113: Detection threshold: 0.8
[11/18 08:24:21][INFO] ava_helper.py: 114: Number of unique boxes: 487
[11/18 08:24:21][INFO] ava_helper.py: 115: Number of annotations: 0
[11/18 08:24:21][INFO] ava_helper.py: 162: 343 keyframes used.
[11/18 08:24:21][INFO] ava_dataset.py:  90: === AVA dataset summary ===
[11/18 08:24:21][INFO] ava_dataset.py:  91: Split: val
[11/18 08:24:21][INFO] ava_dataset.py:  92: Number of videos: 1
[11/18 08:24:21][INFO] ava_dataset.py:  96: Number of frames: 27031
[11/18 08:24:21][INFO] ava_dataset.py:  97: Number of key frames: 343
[11/18 08:24:21][INFO] ava_dataset.py:  98: Number of boxes: 487.
[11/18 08:24:22][INFO] ava_helper.py:  65: Finished loading image paths from: /srv/beegfs02/scratch/da_action/data/ava/frame_lists_5_600_120/train.csv
[11/18 08:24:22][INFO] ava_helper.py:  65: Finished loading image paths from: /srv/beegfs02/scratch/da_action/data/ava/frame_lists_5_600_120/val.csv
[11/18 08:24:22][INFO] tensorboard_vis.py:  57: To see logged results in Tensorboard, please launch using the command             `tensorboard  --port=<port-number> --logdir /srv/beegfs02/scratch/da_action/data/output/ex_5_600_120_v1/tensorboard`
[11/18 08:24:22][INFO] train_net.py: 423: Start epoch: 1
[11/18 08:32:00][INFO] ava_eval_helper.py: 164: Evaluating with 343 unique GT frames.
[11/18 08:32:00][INFO] ava_eval_helper.py: 166: Evaluating with 343 unique detection frames
[11/18 08:32:00][INFO] ava_eval_helper.py: 314: AVA results wrote to detections_latest.csv
[11/18 08:32:00][INFO] ava_eval_helper.py: 315: 	took 0 seconds.
[11/18 08:32:00][INFO] ava_eval_helper.py: 314: AVA results wrote to groundtruth_latest.csv
[11/18 08:32:00][INFO] ava_eval_helper.py: 315: 	took 0 seconds.
{ 'PascalBoxes_PerformanceByCategory/AP@0.5IOU/carry/hold (an object)': 0.2790636596311604,
  'PascalBoxes_PerformanceByCategory/AP@0.5IOU/listen to (a person)': 0.25658161451346795,
  'PascalBoxes_PerformanceByCategory/AP@0.5IOU/sit': 0.25320053930808817,
  'PascalBoxes_PerformanceByCategory/AP@0.5IOU/talk to (e.g., self, a person, a group)': 0.2612124514232105,
  'PascalBoxes_PerformanceByCategory/AP@0.5IOU/watch (a person)': 0.2383507107888428,
  'PascalBoxes_Precision/mAP@0.5IOU': 0.2576817951329539}
[11/18 08:32:01][INFO] ava_eval_helper.py: 174: AVA eval done in 0.407608 seconds.
[11/18 08:32:01][INFO] logging.py:  97: json_stats: {
  "RAM": "36.66/251.80G",
  "_type": "val_epoch",
  "cur_epoch": "1",
  "gpu_mem": "8.36G",
  "map": 0.25768,
  "mode": "val"
}
[11/18 08:38:50][INFO] ava_eval_helper.py: 164: Evaluating with 343 unique GT frames.
[11/18 08:38:50][INFO] ava_eval_helper.py: 166: Evaluating with 343 unique detection frames
[11/18 08:38:50][INFO] ava_eval_helper.py: 314: AVA results wrote to detections_latest.csv
[11/18 08:38:50][INFO] ava_eval_helper.py: 315: 	took 0 seconds.
[11/18 08:38:50][INFO] ava_eval_helper.py: 314: AVA results wrote to groundtruth_latest.csv
[11/18 08:38:50][INFO] ava_eval_helper.py: 315: 	took 0 seconds.
{ 'PascalBoxes_PerformanceByCategory/AP@0.5IOU/carry/hold (an object)': 0.2790636596311604,
  'PascalBoxes_PerformanceByCategory/AP@0.5IOU/listen to (a person)': 0.25658161451346795,
  'PascalBoxes_PerformanceByCategory/AP@0.5IOU/sit': 0.25320053930808817,
  'PascalBoxes_PerformanceByCategory/AP@0.5IOU/talk to (e.g., self, a person, a group)': 0.2612124514232105,
  'PascalBoxes_PerformanceByCategory/AP@0.5IOU/watch (a person)': 0.2383507107888428,
  'PascalBoxes_Precision/mAP@0.5IOU': 0.2576817951329539}
[11/18 08:38:50][INFO] ava_eval_helper.py: 174: AVA eval done in 0.410420 seconds.
[11/18 08:38:50][INFO] logging.py:  97: json_stats: {
  "RAM": "40.59/251.80G",
  "_type": "val_epoch",
  "cur_epoch": "2",
  "gpu_mem": "8.36G",
  "map": 0.25768,
  "mode": "val"
}
slurmstepd: error: *** JOB 168636 ON biwirender10 CANCELLED AT 2020-11-18T08:39:00 ***
