
CommandNotFoundError: Your shell has not been properly configured to use 'conda activate'.
To initialize your shell, run

    $ conda init <SHELL_NAME>

Currently supported shells are:
  - bash
  - fish
  - tcsh
  - xonsh
  - zsh
  - powershell

See 'conda init --help' for more information and options.

IMPORTANT: You may need to close and restart your shell after running 'conda init'.


[11/22 22:18:41][INFO] train_net.py: 399: Train with config:
[11/22 22:18:41][INFO] train_net.py: 400: {'AVA': {'ANNOTATION_DIR': '/srv/beegfs02/scratch/da_action/data/ava/annotations_10_500_50/',
         'BGR': False,
         'DETECTION_SCORE_THRESH': 0.8,
         'EXCLUSION_FILE': 'ava_val_excluded_timestamps_v2.2.csv',
         'FRAME_DIR': '/srv/beegfs02/scratch/da_action/data/ava/frames/',
         'FRAME_LIST_DIR': '/srv/beegfs02/scratch/da_action/data/ava/frame_lists_10_500_50/',
         'FULL_TEST_ON_VAL': True,
         'GROUNDTRUTH_FILE': 'ava_val_v2.2.csv',
         'IMG_PROC_BACKEND': 'cv2',
         'LABEL_MAP_FILE': 'ava_action_list_v2.2.pbtxt',
         'TEST_FORCE_FLIP': False,
         'TEST_LISTS': ['val.csv'],
         'TEST_PREDICT_BOX_LISTS': ['ava_val_predicted_boxes.csv'],
         'TRAIN_GT_BOX_LISTS': ['ava_train_v2.2.csv'],
         'TRAIN_LISTS': ['train.csv'],
         'TRAIN_PCA_EIGVAL': [0.225, 0.224, 0.229],
         'TRAIN_PCA_EIGVEC': [[-0.5675, 0.7192, 0.4009],
                              [-0.5808, -0.0045, -0.814],
                              [-0.5836, -0.6948, 0.4203]],
         'TRAIN_PCA_JITTER_ONLY': True,
         'TRAIN_PREDICT_BOX_LISTS': [],
         'TRAIN_USE_COLOR_AUGMENTATION': False},
 'BENCHMARK': CfgNode({'NUM_EPOCHS': 5, 'LOG_PERIOD': 100, 'SHUFFLE': True}),
 'BN': {'NORM_TYPE': 'batchnorm',
        'NUM_BATCHES_PRECISE': 200,
        'NUM_SPLITS': 1,
        'NUM_SYNC_DEVICES': 1,
        'USE_PRECISE_STATS': False,
        'WEIGHT_DECAY': 0.0},
 'DATA': {'DECODING_BACKEND': 'pyav',
          'ENSEMBLE_METHOD': 'sum',
          'INPUT_CHANNEL_NUM': [3, 3],
          'INV_UNIFORM_SAMPLE': False,
          'MEAN': [0.45, 0.45, 0.45],
          'MULTI_LABEL': False,
          'NUM_FRAMES': 32,
          'PATH_LABEL_SEPARATOR': ' ',
          'PATH_PREFIX': '',
          'PATH_TO_DATA_DIR': '',
          'RANDOM_FLIP': True,
          'REVERSE_INPUT_CHANNEL': False,
          'SAMPLING_RATE': 2,
          'STD': [0.225, 0.225, 0.225],
          'TARGET_FPS': 30,
          'TEST_CROP_SIZE': 256,
          'TRAIN_CROP_SIZE': 224,
          'TRAIN_JITTER_SCALES': [256, 320]},
 'DATA_LOADER': {'ENABLE_MULTI_THREAD_DECODE': False,
                 'NUM_WORKERS': 1,
                 'PIN_MEMORY': True},
 'DEMO': {'BUFFER_SIZE': 0,
          'CLIP_VIS_SIZE': 10,
          'COMMON_CLASS_NAMES': ['watch (a person)',
                                 'talk to (e.g., self, a person, a group)',
                                 'listen to (a person)',
                                 'touch (an object)',
                                 'carry/hold (an object)',
                                 'walk',
                                 'sit',
                                 'lie/sleep',
                                 'bend/bow (at the waist)'],
          'COMMON_CLASS_THRES': 0.7,
          'DETECTRON2_CFG': 'COCO-Detection/faster_rcnn_R_50_FPN_3x.yaml',
          'DETECTRON2_THRESH': 0.9,
          'DETECTRON2_WEIGHTS': 'detectron2://COCO-Detection/faster_rcnn_R_50_FPN_3x/137849458/model_final_280758.pkl',
          'DISPLAY_HEIGHT': 0,
          'DISPLAY_WIDTH': 0,
          'ENABLE': False,
          'FPS': 30,
          'GT_BOXES': '',
          'INPUT_FORMAT': 'BGR',
          'INPUT_VIDEO': '',
          'LABEL_FILE_PATH': '',
          'NUM_CLIPS_SKIP': 0,
          'NUM_VIS_INSTANCES': 2,
          'OUTPUT_FILE': '',
          'OUTPUT_FPS': -1,
          'PREDS_BOXES': '',
          'SLOWMO': 1,
          'STARTING_SECOND': 900,
          'THREAD_ENABLE': False,
          'UNCOMMON_CLASS_THRES': 0.3,
          'VIS_MODE': 'thres',
          'WEBCAM': -1},
 'DETECTION': {'ALIGNED': False,
               'ENABLE': True,
               'ROI_XFORM_RESOLUTION': 7,
               'SPATIAL_SCALE_FACTOR': 16},
 'DIST_BACKEND': 'nccl',
 'LOG_MODEL_INFO': False,
 'LOG_PERIOD': 10,
 'MODEL': {'ARCH': 'slowfast',
           'DROPCONNECT_RATE': 0.0,
           'DROPOUT_RATE': 0.5,
           'FC_INIT_STD': 0.01,
           'FREEZE_TO': 605,
           'HEAD_ACT': 'sigmoid',
           'LOSS_FUNC': 'bce',
           'MODEL_NAME': 'SlowFast',
           'MULTI_PATHWAY_ARCH': ['slowfast'],
           'NUM_CLASSES': 10,
           'SINGLE_PATHWAY_ARCH': ['c2d', 'i3d', 'slow', 'x3d']},
 'MULTIGRID': {'BN_BASE_SIZE': 8,
               'DEFAULT_B': 0,
               'DEFAULT_S': 0,
               'DEFAULT_T': 0,
               'EPOCH_FACTOR': 1.5,
               'EVAL_FREQ': 3,
               'LONG_CYCLE': False,
               'LONG_CYCLE_FACTORS': [(0.25, 0.7071067811865476),
                                      (0.5, 0.7071067811865476),
                                      (0.5, 1),
                                      (1, 1)],
               'LONG_CYCLE_SAMPLING_RATE': 0,
               'SHORT_CYCLE': False,
               'SHORT_CYCLE_FACTORS': [0.5, 0.7071067811865476]},
 'NONLOCAL': {'GROUP': [[1, 1], [1, 1], [1, 1], [1, 1]],
              'INSTANTIATION': 'dot_product',
              'LOCATION': [[[], []], [[], []], [[6, 13, 20], []], [[], []]],
              'POOL': [[[2, 2, 2], [2, 2, 2]],
                       [[2, 2, 2], [2, 2, 2]],
                       [[2, 2, 2], [2, 2, 2]],
                       [[2, 2, 2], [2, 2, 2]]]},
 'NUM_GPUS': 1,
 'NUM_SHARDS': 1,
 'OUTPUT_DIR': '/srv/beegfs02/scratch/da_action/data/output/ex_10_500_50_v2',
 'RESNET': {'DEPTH': 101,
            'INPLACE_RELU': True,
            'NUM_BLOCK_TEMP_KERNEL': [[3, 3], [4, 4], [6, 6], [3, 3]],
            'NUM_GROUPS': 1,
            'SPATIAL_DILATIONS': [[1, 1], [1, 1], [1, 1], [2, 2]],
            'SPATIAL_STRIDES': [[1, 1], [2, 2], [2, 2], [1, 1]],
            'STRIDE_1X1': False,
            'TRANS_FUNC': 'bottleneck_transform',
            'WIDTH_PER_GROUP': 64,
            'ZERO_INIT_FINAL_BN': True},
 'RNG_SEED': 0,
 'SHARD_ID': 0,
 'SLOWFAST': {'ALPHA': 4,
              'BETA_INV': 8,
              'FUSION_CONV_CHANNEL_RATIO': 2,
              'FUSION_KERNEL_SZ': 5},
 'SOLVER': {'BASE_LR': 0.1,
            'BASE_LR_SCALE_NUM_SHARDS': False,
            'COSINE_END_LR': 0.0,
            'DAMPENING': 0.0,
            'GAMMA': 0.1,
            'LRS': [],
            'LR_POLICY': 'cosine',
            'MAX_EPOCH': 300,
            'MOMENTUM': 0.9,
            'NESTEROV': True,
            'OPTIMIZING_METHOD': 'sgd',
            'STEPS': [],
            'STEP_SIZE': 1,
            'WARMUP_EPOCHS': 0.0,
            'WARMUP_FACTOR': 0.1,
            'WARMUP_START_LR': 0.01,
            'WEIGHT_DECAY': 1e-07},
 'TENSORBOARD': {'CATEGORIES_PATH': '',
                 'CLASS_NAMES_PATH': '',
                 'CONFUSION_MATRIX': {'ENABLE': False,
                                      'FIGSIZE': [8, 8],
                                      'SUBSET_PATH': ''},
                 'ENABLE': True,
                 'HISTOGRAM': {'ENABLE': False,
                               'FIGSIZE': [8, 8],
                               'SUBSET_PATH': '',
                               'TOPK': 10},
                 'LOG_DIR': 'tensorboard',
                 'MODEL_VIS': {'ACTIVATIONS': False,
                               'COLORMAP': 'Pastel2',
                               'ENABLE': False,
                               'GRAD_CAM': {'COLORMAP': 'viridis',
                                            'ENABLE': True,
                                            'LAYER_LIST': [],
                                            'USE_TRUE_LABEL': False},
                               'INPUT_VIDEO': False,
                               'LAYER_LIST': [],
                               'MODEL_WEIGHTS': False,
                               'TOPK_PREDS': 1},
                 'PREDICTIONS_PATH': '',
                 'WRONG_PRED_VIS': {'ENABLE': False,
                                    'SUBSET_PATH': '',
                                    'TAG': 'Incorrectly classified videos.'}},
 'TEST': {'BATCH_SIZE': 4,
          'CHECKPOINT_FILE_PATH': '',
          'CHECKPOINT_TYPE': 'pytorch',
          'DATASET': 'ava',
          'ENABLE': True,
          'NUM_ENSEMBLE_VIEWS': 10,
          'NUM_SPATIAL_CROPS': 3,
          'SAVE_RESULTS_PATH': ''},
 'TRAIN': {'AUTO_RESUME': False,
           'BATCH_SIZE': 4,
           'CHECKPOINT_CLEAR_NAME_PATTERN': (),
           'CHECKPOINT_EPOCH_RESET': False,
           'CHECKPOINT_FILE_PATH': '/srv/beegfs02/scratch/da_action/data/models_pretrained/SLOWFAST_32x2_R101_50_50.pkl',
           'CHECKPOINT_INFLATE': False,
           'CHECKPOINT_PERIOD': 1,
           'CHECKPOINT_TYPE': 'pytorch',
           'DATASET': 'ava',
           'ENABLE': True,
           'EVAL_PERIOD': 1},
 'X3D': {'BN_LIN5': False,
         'BOTTLENECK_FACTOR': 1.0,
         'CHANNELWISE_3x3x3': True,
         'DEPTH_FACTOR': 1.0,
         'DIM_C1': 12,
         'DIM_C5': 2048,
         'SCALE_RES2': False,
         'WIDTH_FACTOR': 1.0}}
0 frozen s1.pathway0_stem.conv.weight
1 frozen s1.pathway0_stem.bn.weight
2 frozen s1.pathway0_stem.bn.bias
3 frozen s1.pathway1_stem.conv.weight
4 frozen s1.pathway1_stem.bn.weight
5 frozen s1.pathway1_stem.bn.bias
6 frozen s1_fuse.conv_f2s.weight
7 frozen s1_fuse.bn.weight
8 frozen s1_fuse.bn.bias
9 frozen s2.pathway0_res0.branch1.weight
10 frozen s2.pathway0_res0.branch1_bn.weight
11 frozen s2.pathway0_res0.branch1_bn.bias
12 frozen s2.pathway0_res0.branch2.a.weight
13 frozen s2.pathway0_res0.branch2.a_bn.weight
14 frozen s2.pathway0_res0.branch2.a_bn.bias
15 frozen s2.pathway0_res0.branch2.b.weight
16 frozen s2.pathway0_res0.branch2.b_bn.weight
17 frozen s2.pathway0_res0.branch2.b_bn.bias
18 frozen s2.pathway0_res0.branch2.c.weight
19 frozen s2.pathway0_res0.branch2.c_bn.weight
20 frozen s2.pathway0_res0.branch2.c_bn.bias
21 frozen s2.pathway0_res1.branch2.a.weight
22 frozen s2.pathway0_res1.branch2.a_bn.weight
23 frozen s2.pathway0_res1.branch2.a_bn.bias
24 frozen s2.pathway0_res1.branch2.b.weight
25 frozen s2.pathway0_res1.branch2.b_bn.weight
26 frozen s2.pathway0_res1.branch2.b_bn.bias
27 frozen s2.pathway0_res1.branch2.c.weight
28 frozen s2.pathway0_res1.branch2.c_bn.weight
29 frozen s2.pathway0_res1.branch2.c_bn.bias
30 frozen s2.pathway0_res2.branch2.a.weight
31 frozen s2.pathway0_res2.branch2.a_bn.weight
32 frozen s2.pathway0_res2.branch2.a_bn.bias
33 frozen s2.pathway0_res2.branch2.b.weight
34 frozen s2.pathway0_res2.branch2.b_bn.weight
35 frozen s2.pathway0_res2.branch2.b_bn.bias
36 frozen s2.pathway0_res2.branch2.c.weight
37 frozen s2.pathway0_res2.branch2.c_bn.weight
38 frozen s2.pathway0_res2.branch2.c_bn.bias
39 frozen s2.pathway1_res0.branch1.weight
40 frozen s2.pathway1_res0.branch1_bn.weight
41 frozen s2.pathway1_res0.branch1_bn.bias
42 frozen s2.pathway1_res0.branch2.a.weight
43 frozen s2.pathway1_res0.branch2.a_bn.weight
44 frozen s2.pathway1_res0.branch2.a_bn.bias
45 frozen s2.pathway1_res0.branch2.b.weight
46 frozen s2.pathway1_res0.branch2.b_bn.weight
47 frozen s2.pathway1_res0.branch2.b_bn.bias
48 frozen s2.pathway1_res0.branch2.c.weight
49 frozen s2.pathway1_res0.branch2.c_bn.weight
50 frozen s2.pathway1_res0.branch2.c_bn.bias
51 frozen s2.pathway1_res1.branch2.a.weight
52 frozen s2.pathway1_res1.branch2.a_bn.weight
53 frozen s2.pathway1_res1.branch2.a_bn.bias
54 frozen s2.pathway1_res1.branch2.b.weight
55 frozen s2.pathway1_res1.branch2.b_bn.weight
56 frozen s2.pathway1_res1.branch2.b_bn.bias
57 frozen s2.pathway1_res1.branch2.c.weight
58 frozen s2.pathway1_res1.branch2.c_bn.weight
59 frozen s2.pathway1_res1.branch2.c_bn.bias
60 frozen s2.pathway1_res2.branch2.a.weight
61 frozen s2.pathway1_res2.branch2.a_bn.weight
62 frozen s2.pathway1_res2.branch2.a_bn.bias
63 frozen s2.pathway1_res2.branch2.b.weight
64 frozen s2.pathway1_res2.branch2.b_bn.weight
65 frozen s2.pathway1_res2.branch2.b_bn.bias
66 frozen s2.pathway1_res2.branch2.c.weight
67 frozen s2.pathway1_res2.branch2.c_bn.weight
68 frozen s2.pathway1_res2.branch2.c_bn.bias
69 frozen s2_fuse.conv_f2s.weight
70 frozen s2_fuse.bn.weight
71 frozen s2_fuse.bn.bias
72 frozen s3.pathway0_res0.branch1.weight
73 frozen s3.pathway0_res0.branch1_bn.weight
74 frozen s3.pathway0_res0.branch1_bn.bias
75 frozen s3.pathway0_res0.branch2.a.weight
76 frozen s3.pathway0_res0.branch2.a_bn.weight
77 frozen s3.pathway0_res0.branch2.a_bn.bias
78 frozen s3.pathway0_res0.branch2.b.weight
79 frozen s3.pathway0_res0.branch2.b_bn.weight
80 frozen s3.pathway0_res0.branch2.b_bn.bias
81 frozen s3.pathway0_res0.branch2.c.weight
82 frozen s3.pathway0_res0.branch2.c_bn.weight
83 frozen s3.pathway0_res0.branch2.c_bn.bias
84 frozen s3.pathway0_res1.branch2.a.weight
85 frozen s3.pathway0_res1.branch2.a_bn.weight
86 frozen s3.pathway0_res1.branch2.a_bn.bias
87 frozen s3.pathway0_res1.branch2.b.weight
88 frozen s3.pathway0_res1.branch2.b_bn.weight
89 frozen s3.pathway0_res1.branch2.b_bn.bias
90 frozen s3.pathway0_res1.branch2.c.weight
91 frozen s3.pathway0_res1.branch2.c_bn.weight
92 frozen s3.pathway0_res1.branch2.c_bn.bias
93 frozen s3.pathway0_res2.branch2.a.weight
94 frozen s3.pathway0_res2.branch2.a_bn.weight
95 frozen s3.pathway0_res2.branch2.a_bn.bias
96 frozen s3.pathway0_res2.branch2.b.weight
97 frozen s3.pathway0_res2.branch2.b_bn.weight
98 frozen s3.pathway0_res2.branch2.b_bn.bias
99 frozen s3.pathway0_res2.branch2.c.weight
100 frozen s3.pathway0_res2.branch2.c_bn.weight
101 frozen s3.pathway0_res2.branch2.c_bn.bias
102 frozen s3.pathway0_res3.branch2.a.weight
103 frozen s3.pathway0_res3.branch2.a_bn.weight
104 frozen s3.pathway0_res3.branch2.a_bn.bias
105 frozen s3.pathway0_res3.branch2.b.weight
106 frozen s3.pathway0_res3.branch2.b_bn.weight
107 frozen s3.pathway0_res3.branch2.b_bn.bias
108 frozen s3.pathway0_res3.branch2.c.weight
109 frozen s3.pathway0_res3.branch2.c_bn.weight
110 frozen s3.pathway0_res3.branch2.c_bn.bias
111 frozen s3.pathway1_res0.branch1.weight
112 frozen s3.pathway1_res0.branch1_bn.weight
113 frozen s3.pathway1_res0.branch1_bn.bias
114 frozen s3.pathway1_res0.branch2.a.weight
115 frozen s3.pathway1_res0.branch2.a_bn.weight
116 frozen s3.pathway1_res0.branch2.a_bn.bias
117 frozen s3.pathway1_res0.branch2.b.weight
118 frozen s3.pathway1_res0.branch2.b_bn.weight
119 frozen s3.pathway1_res0.branch2.b_bn.bias
120 frozen s3.pathway1_res0.branch2.c.weight
121 frozen s3.pathway1_res0.branch2.c_bn.weight
122 frozen s3.pathway1_res0.branch2.c_bn.bias
123 frozen s3.pathway1_res1.branch2.a.weight
124 frozen s3.pathway1_res1.branch2.a_bn.weight
125 frozen s3.pathway1_res1.branch2.a_bn.bias
126 frozen s3.pathway1_res1.branch2.b.weight
127 frozen s3.pathway1_res1.branch2.b_bn.weight
128 frozen s3.pathway1_res1.branch2.b_bn.bias
129 frozen s3.pathway1_res1.branch2.c.weight
130 frozen s3.pathway1_res1.branch2.c_bn.weight
131 frozen s3.pathway1_res1.branch2.c_bn.bias
132 frozen s3.pathway1_res2.branch2.a.weight
133 frozen s3.pathway1_res2.branch2.a_bn.weight
134 frozen s3.pathway1_res2.branch2.a_bn.bias
135 frozen s3.pathway1_res2.branch2.b.weight
136 frozen s3.pathway1_res2.branch2.b_bn.weight
137 frozen s3.pathway1_res2.branch2.b_bn.bias
138 frozen s3.pathway1_res2.branch2.c.weight
139 frozen s3.pathway1_res2.branch2.c_bn.weight
140 frozen s3.pathway1_res2.branch2.c_bn.bias
141 frozen s3.pathway1_res3.branch2.a.weight
142 frozen s3.pathway1_res3.branch2.a_bn.weight
143 frozen s3.pathway1_res3.branch2.a_bn.bias
144 frozen s3.pathway1_res3.branch2.b.weight
145 frozen s3.pathway1_res3.branch2.b_bn.weight
146 frozen s3.pathway1_res3.branch2.b_bn.bias
147 frozen s3.pathway1_res3.branch2.c.weight
148 frozen s3.pathway1_res3.branch2.c_bn.weight
149 frozen s3.pathway1_res3.branch2.c_bn.bias
150 frozen s3_fuse.conv_f2s.weight
151 frozen s3_fuse.bn.weight
152 frozen s3_fuse.bn.bias
153 frozen s4.pathway0_res0.branch1.weight
154 frozen s4.pathway0_res0.branch1_bn.weight
155 frozen s4.pathway0_res0.branch1_bn.bias
156 frozen s4.pathway0_res0.branch2.a.weight
157 frozen s4.pathway0_res0.branch2.a_bn.weight
158 frozen s4.pathway0_res0.branch2.a_bn.bias
159 frozen s4.pathway0_res0.branch2.b.weight
160 frozen s4.pathway0_res0.branch2.b_bn.weight
161 frozen s4.pathway0_res0.branch2.b_bn.bias
162 frozen s4.pathway0_res0.branch2.c.weight
163 frozen s4.pathway0_res0.branch2.c_bn.weight
164 frozen s4.pathway0_res0.branch2.c_bn.bias
165 frozen s4.pathway0_res1.branch2.a.weight
166 frozen s4.pathway0_res1.branch2.a_bn.weight
167 frozen s4.pathway0_res1.branch2.a_bn.bias
168 frozen s4.pathway0_res1.branch2.b.weight
169 frozen s4.pathway0_res1.branch2.b_bn.weight
170 frozen s4.pathway0_res1.branch2.b_bn.bias
171 frozen s4.pathway0_res1.branch2.c.weight
172 frozen s4.pathway0_res1.branch2.c_bn.weight
173 frozen s4.pathway0_res1.branch2.c_bn.bias
174 frozen s4.pathway0_res2.branch2.a.weight
175 frozen s4.pathway0_res2.branch2.a_bn.weight
176 frozen s4.pathway0_res2.branch2.a_bn.bias
177 frozen s4.pathway0_res2.branch2.b.weight
178 frozen s4.pathway0_res2.branch2.b_bn.weight
179 frozen s4.pathway0_res2.branch2.b_bn.bias
180 frozen s4.pathway0_res2.branch2.c.weight
181 frozen s4.pathway0_res2.branch2.c_bn.weight
182 frozen s4.pathway0_res2.branch2.c_bn.bias
183 frozen s4.pathway0_res3.branch2.a.weight
184 frozen s4.pathway0_res3.branch2.a_bn.weight
185 frozen s4.pathway0_res3.branch2.a_bn.bias
186 frozen s4.pathway0_res3.branch2.b.weight
187 frozen s4.pathway0_res3.branch2.b_bn.weight
188 frozen s4.pathway0_res3.branch2.b_bn.bias
189 frozen s4.pathway0_res3.branch2.c.weight
190 frozen s4.pathway0_res3.branch2.c_bn.weight
191 frozen s4.pathway0_res3.branch2.c_bn.bias
192 frozen s4.pathway0_res4.branch2.a.weight
193 frozen s4.pathway0_res4.branch2.a_bn.weight
194 frozen s4.pathway0_res4.branch2.a_bn.bias
195 frozen s4.pathway0_res4.branch2.b.weight
196 frozen s4.pathway0_res4.branch2.b_bn.weight
197 frozen s4.pathway0_res4.branch2.b_bn.bias
198 frozen s4.pathway0_res4.branch2.c.weight
199 frozen s4.pathway0_res4.branch2.c_bn.weight
200 frozen s4.pathway0_res4.branch2.c_bn.bias
201 frozen s4.pathway0_res5.branch2.a.weight
202 frozen s4.pathway0_res5.branch2.a_bn.weight
203 frozen s4.pathway0_res5.branch2.a_bn.bias
204 frozen s4.pathway0_res5.branch2.b.weight
205 frozen s4.pathway0_res5.branch2.b_bn.weight
206 frozen s4.pathway0_res5.branch2.b_bn.bias
207 frozen s4.pathway0_res5.branch2.c.weight
208 frozen s4.pathway0_res5.branch2.c_bn.weight
209 frozen s4.pathway0_res5.branch2.c_bn.bias
210 frozen s4.pathway0_res6.branch2.a.weight
211 frozen s4.pathway0_res6.branch2.a_bn.weight
212 frozen s4.pathway0_res6.branch2.a_bn.bias
213 frozen s4.pathway0_res6.branch2.b.weight
214 frozen s4.pathway0_res6.branch2.b_bn.weight
215 frozen s4.pathway0_res6.branch2.b_bn.bias
216 frozen s4.pathway0_res6.branch2.c.weight
217 frozen s4.pathway0_res6.branch2.c_bn.weight
218 frozen s4.pathway0_res6.branch2.c_bn.bias
219 frozen s4.pathway0_nonlocal6.conv_theta.weight
220 frozen s4.pathway0_nonlocal6.conv_theta.bias
221 frozen s4.pathway0_nonlocal6.conv_phi.weight
222 frozen s4.pathway0_nonlocal6.conv_phi.bias
223 frozen s4.pathway0_nonlocal6.conv_g.weight
224 frozen s4.pathway0_nonlocal6.conv_g.bias
225 frozen s4.pathway0_nonlocal6.conv_out.weight
226 frozen s4.pathway0_nonlocal6.conv_out.bias
227 frozen s4.pathway0_nonlocal6.bn.weight
228 frozen s4.pathway0_nonlocal6.bn.bias
229 frozen s4.pathway0_res7.branch2.a.weight
230 frozen s4.pathway0_res7.branch2.a_bn.weight
231 frozen s4.pathway0_res7.branch2.a_bn.bias
232 frozen s4.pathway0_res7.branch2.b.weight
233 frozen s4.pathway0_res7.branch2.b_bn.weight
234 frozen s4.pathway0_res7.branch2.b_bn.bias
235 frozen s4.pathway0_res7.branch2.c.weight
236 frozen s4.pathway0_res7.branch2.c_bn.weight
237 frozen s4.pathway0_res7.branch2.c_bn.bias
238 frozen s4.pathway0_res8.branch2.a.weight
239 frozen s4.pathway0_res8.branch2.a_bn.weight
240 frozen s4.pathway0_res8.branch2.a_bn.bias
241 frozen s4.pathway0_res8.branch2.b.weight
242 frozen s4.pathway0_res8.branch2.b_bn.weight
243 frozen s4.pathway0_res8.branch2.b_bn.bias
244 frozen s4.pathway0_res8.branch2.c.weight
245 frozen s4.pathway0_res8.branch2.c_bn.weight
246 frozen s4.pathway0_res8.branch2.c_bn.bias
247 frozen s4.pathway0_res9.branch2.a.weight
248 frozen s4.pathway0_res9.branch2.a_bn.weight
249 frozen s4.pathway0_res9.branch2.a_bn.bias
250 frozen s4.pathway0_res9.branch2.b.weight
251 frozen s4.pathway0_res9.branch2.b_bn.weight
252 frozen s4.pathway0_res9.branch2.b_bn.bias
253 frozen s4.pathway0_res9.branch2.c.weight
254 frozen s4.pathway0_res9.branch2.c_bn.weight
255 frozen s4.pathway0_res9.branch2.c_bn.bias
256 frozen s4.pathway0_res10.branch2.a.weight
257 frozen s4.pathway0_res10.branch2.a_bn.weight
258 frozen s4.pathway0_res10.branch2.a_bn.bias
259 frozen s4.pathway0_res10.branch2.b.weight
260 frozen s4.pathway0_res10.branch2.b_bn.weight
261 frozen s4.pathway0_res10.branch2.b_bn.bias
262 frozen s4.pathway0_res10.branch2.c.weight
263 frozen s4.pathway0_res10.branch2.c_bn.weight
264 frozen s4.pathway0_res10.branch2.c_bn.bias
265 frozen s4.pathway0_res11.branch2.a.weight
266 frozen s4.pathway0_res11.branch2.a_bn.weight
267 frozen s4.pathway0_res11.branch2.a_bn.bias
268 frozen s4.pathway0_res11.branch2.b.weight
269 frozen s4.pathway0_res11.branch2.b_bn.weight
270 frozen s4.pathway0_res11.branch2.b_bn.bias
271 frozen s4.pathway0_res11.branch2.c.weight
272 frozen s4.pathway0_res11.branch2.c_bn.weight
273 frozen s4.pathway0_res11.branch2.c_bn.bias
274 frozen s4.pathway0_res12.branch2.a.weight
275 frozen s4.pathway0_res12.branch2.a_bn.weight
276 frozen s4.pathway0_res12.branch2.a_bn.bias
277 frozen s4.pathway0_res12.branch2.b.weight
278 frozen s4.pathway0_res12.branch2.b_bn.weight
279 frozen s4.pathway0_res12.branch2.b_bn.bias
280 frozen s4.pathway0_res12.branch2.c.weight
281 frozen s4.pathway0_res12.branch2.c_bn.weight
282 frozen s4.pathway0_res12.branch2.c_bn.bias
283 frozen s4.pathway0_res13.branch2.a.weight
284 frozen s4.pathway0_res13.branch2.a_bn.weight
285 frozen s4.pathway0_res13.branch2.a_bn.bias
286 frozen s4.pathway0_res13.branch2.b.weight
287 frozen s4.pathway0_res13.branch2.b_bn.weight
288 frozen s4.pathway0_res13.branch2.b_bn.bias
289 frozen s4.pathway0_res13.branch2.c.weight
290 frozen s4.pathway0_res13.branch2.c_bn.weight
291 frozen s4.pathway0_res13.branch2.c_bn.bias
292 frozen s4.pathway0_nonlocal13.conv_theta.weight
293 frozen s4.pathway0_nonlocal13.conv_theta.bias
294 frozen s4.pathway0_nonlocal13.conv_phi.weight
295 frozen s4.pathway0_nonlocal13.conv_phi.bias
296 frozen s4.pathway0_nonlocal13.conv_g.weight
297 frozen s4.pathway0_nonlocal13.conv_g.bias
298 frozen s4.pathway0_nonlocal13.conv_out.weight
299 frozen s4.pathway0_nonlocal13.conv_out.bias
300 frozen s4.pathway0_nonlocal13.bn.weight
301 frozen s4.pathway0_nonlocal13.bn.bias
302 frozen s4.pathway0_res14.branch2.a.weight
303 frozen s4.pathway0_res14.branch2.a_bn.weight
304 frozen s4.pathway0_res14.branch2.a_bn.bias
305 frozen s4.pathway0_res14.branch2.b.weight
306 frozen s4.pathway0_res14.branch2.b_bn.weight
307 frozen s4.pathway0_res14.branch2.b_bn.bias
308 frozen s4.pathway0_res14.branch2.c.weight
309 frozen s4.pathway0_res14.branch2.c_bn.weight
310 frozen s4.pathway0_res14.branch2.c_bn.bias
311 frozen s4.pathway0_res15.branch2.a.weight
312 frozen s4.pathway0_res15.branch2.a_bn.weight
313 frozen s4.pathway0_res15.branch2.a_bn.bias
314 frozen s4.pathway0_res15.branch2.b.weight
315 frozen s4.pathway0_res15.branch2.b_bn.weight
316 frozen s4.pathway0_res15.branch2.b_bn.bias
317 frozen s4.pathway0_res15.branch2.c.weight
318 frozen s4.pathway0_res15.branch2.c_bn.weight
319 frozen s4.pathway0_res15.branch2.c_bn.bias
320 frozen s4.pathway0_res16.branch2.a.weight
321 frozen s4.pathway0_res16.branch2.a_bn.weight
322 frozen s4.pathway0_res16.branch2.a_bn.bias
323 frozen s4.pathway0_res16.branch2.b.weight
324 frozen s4.pathway0_res16.branch2.b_bn.weight
325 frozen s4.pathway0_res16.branch2.b_bn.bias
326 frozen s4.pathway0_res16.branch2.c.weight
327 frozen s4.pathway0_res16.branch2.c_bn.weight
328 frozen s4.pathway0_res16.branch2.c_bn.bias
329 frozen s4.pathway0_res17.branch2.a.weight
330 frozen s4.pathway0_res17.branch2.a_bn.weight
331 frozen s4.pathway0_res17.branch2.a_bn.bias
332 frozen s4.pathway0_res17.branch2.b.weight
333 frozen s4.pathway0_res17.branch2.b_bn.weight
334 frozen s4.pathway0_res17.branch2.b_bn.bias
335 frozen s4.pathway0_res17.branch2.c.weight
336 frozen s4.pathway0_res17.branch2.c_bn.weight
337 frozen s4.pathway0_res17.branch2.c_bn.bias
338 frozen s4.pathway0_res18.branch2.a.weight
339 frozen s4.pathway0_res18.branch2.a_bn.weight
340 frozen s4.pathway0_res18.branch2.a_bn.bias
341 frozen s4.pathway0_res18.branch2.b.weight
342 frozen s4.pathway0_res18.branch2.b_bn.weight
343 frozen s4.pathway0_res18.branch2.b_bn.bias
344 frozen s4.pathway0_res18.branch2.c.weight
345 frozen s4.pathway0_res18.branch2.c_bn.weight
346 frozen s4.pathway0_res18.branch2.c_bn.bias
347 frozen s4.pathway0_res19.branch2.a.weight
348 frozen s4.pathway0_res19.branch2.a_bn.weight
349 frozen s4.pathway0_res19.branch2.a_bn.bias
350 frozen s4.pathway0_res19.branch2.b.weight
351 frozen s4.pathway0_res19.branch2.b_bn.weight
352 frozen s4.pathway0_res19.branch2.b_bn.bias
353 frozen s4.pathway0_res19.branch2.c.weight
354 frozen s4.pathway0_res19.branch2.c_bn.weight
355 frozen s4.pathway0_res19.branch2.c_bn.bias
356 frozen s4.pathway0_res20.branch2.a.weight
357 frozen s4.pathway0_res20.branch2.a_bn.weight
358 frozen s4.pathway0_res20.branch2.a_bn.bias
359 frozen s4.pathway0_res20.branch2.b.weight
360 frozen s4.pathway0_res20.branch2.b_bn.weight
361 frozen s4.pathway0_res20.branch2.b_bn.bias
362 frozen s4.pathway0_res20.branch2.c.weight
363 frozen s4.pathway0_res20.branch2.c_bn.weight
364 frozen s4.pathway0_res20.branch2.c_bn.bias
365 frozen s4.pathway0_nonlocal20.conv_theta.weight
366 frozen s4.pathway0_nonlocal20.conv_theta.bias
367 frozen s4.pathway0_nonlocal20.conv_phi.weight
368 frozen s4.pathway0_nonlocal20.conv_phi.bias
369 frozen s4.pathway0_nonlocal20.conv_g.weight
370 frozen s4.pathway0_nonlocal20.conv_g.bias
371 frozen s4.pathway0_nonlocal20.conv_out.weight
372 frozen s4.pathway0_nonlocal20.conv_out.bias
373 frozen s4.pathway0_nonlocal20.bn.weight
374 frozen s4.pathway0_nonlocal20.bn.bias
375 frozen s4.pathway0_res21.branch2.a.weight
376 frozen s4.pathway0_res21.branch2.a_bn.weight
377 frozen s4.pathway0_res21.branch2.a_bn.bias
378 frozen s4.pathway0_res21.branch2.b.weight
379 frozen s4.pathway0_res21.branch2.b_bn.weight
380 frozen s4.pathway0_res21.branch2.b_bn.bias
381 frozen s4.pathway0_res21.branch2.c.weight
382 frozen s4.pathway0_res21.branch2.c_bn.weight
383 frozen s4.pathway0_res21.branch2.c_bn.bias
384 frozen s4.pathway0_res22.branch2.a.weight
385 frozen s4.pathway0_res22.branch2.a_bn.weight
386 frozen s4.pathway0_res22.branch2.a_bn.bias
387 frozen s4.pathway0_res22.branch2.b.weight
388 frozen s4.pathway0_res22.branch2.b_bn.weight
389 frozen s4.pathway0_res22.branch2.b_bn.bias
390 frozen s4.pathway0_res22.branch2.c.weight
391 frozen s4.pathway0_res22.branch2.c_bn.weight
392 frozen s4.pathway0_res22.branch2.c_bn.bias
393 frozen s4.pathway1_res0.branch1.weight
394 frozen s4.pathway1_res0.branch1_bn.weight
395 frozen s4.pathway1_res0.branch1_bn.bias
396 frozen s4.pathway1_res0.branch2.a.weight
397 frozen s4.pathway1_res0.branch2.a_bn.weight
398 frozen s4.pathway1_res0.branch2.a_bn.bias
399 frozen s4.pathway1_res0.branch2.b.weight
400 frozen s4.pathway1_res0.branch2.b_bn.weight
401 frozen s4.pathway1_res0.branch2.b_bn.bias
402 frozen s4.pathway1_res0.branch2.c.weight
403 frozen s4.pathway1_res0.branch2.c_bn.weight
404 frozen s4.pathway1_res0.branch2.c_bn.bias
405 frozen s4.pathway1_res1.branch2.a.weight
406 frozen s4.pathway1_res1.branch2.a_bn.weight
407 frozen s4.pathway1_res1.branch2.a_bn.bias
408 frozen s4.pathway1_res1.branch2.b.weight
409 frozen s4.pathway1_res1.branch2.b_bn.weight
410 frozen s4.pathway1_res1.branch2.b_bn.bias
411 frozen s4.pathway1_res1.branch2.c.weight
412 frozen s4.pathway1_res1.branch2.c_bn.weight
413 frozen s4.pathway1_res1.branch2.c_bn.bias
414 frozen s4.pathway1_res2.branch2.a.weight
415 frozen s4.pathway1_res2.branch2.a_bn.weight
416 frozen s4.pathway1_res2.branch2.a_bn.bias
417 frozen s4.pathway1_res2.branch2.b.weight
418 frozen s4.pathway1_res2.branch2.b_bn.weight
419 frozen s4.pathway1_res2.branch2.b_bn.bias
420 frozen s4.pathway1_res2.branch2.c.weight
421 frozen s4.pathway1_res2.branch2.c_bn.weight
422 frozen s4.pathway1_res2.branch2.c_bn.bias
423 frozen s4.pathway1_res3.branch2.a.weight
424 frozen s4.pathway1_res3.branch2.a_bn.weight
425 frozen s4.pathway1_res3.branch2.a_bn.bias
426 frozen s4.pathway1_res3.branch2.b.weight
427 frozen s4.pathway1_res3.branch2.b_bn.weight
428 frozen s4.pathway1_res3.branch2.b_bn.bias
429 frozen s4.pathway1_res3.branch2.c.weight
430 frozen s4.pathway1_res3.branch2.c_bn.weight
431 frozen s4.pathway1_res3.branch2.c_bn.bias
432 frozen s4.pathway1_res4.branch2.a.weight
433 frozen s4.pathway1_res4.branch2.a_bn.weight
434 frozen s4.pathway1_res4.branch2.a_bn.bias
435 frozen s4.pathway1_res4.branch2.b.weight
436 frozen s4.pathway1_res4.branch2.b_bn.weight
437 frozen s4.pathway1_res4.branch2.b_bn.bias
438 frozen s4.pathway1_res4.branch2.c.weight
439 frozen s4.pathway1_res4.branch2.c_bn.weight
440 frozen s4.pathway1_res4.branch2.c_bn.bias
441 frozen s4.pathway1_res5.branch2.a.weight
442 frozen s4.pathway1_res5.branch2.a_bn.weight
443 frozen s4.pathway1_res5.branch2.a_bn.bias
444 frozen s4.pathway1_res5.branch2.b.weight
445 frozen s4.pathway1_res5.branch2.b_bn.weight
446 frozen s4.pathway1_res5.branch2.b_bn.bias
447 frozen s4.pathway1_res5.branch2.c.weight
448 frozen s4.pathway1_res5.branch2.c_bn.weight
449 frozen s4.pathway1_res5.branch2.c_bn.bias
450 frozen s4.pathway1_res6.branch2.a.weight
451 frozen s4.pathway1_res6.branch2.a_bn.weight
452 frozen s4.pathway1_res6.branch2.a_bn.bias
453 frozen s4.pathway1_res6.branch2.b.weight
454 frozen s4.pathway1_res6.branch2.b_bn.weight
455 frozen s4.pathway1_res6.branch2.b_bn.bias
456 frozen s4.pathway1_res6.branch2.c.weight
457 frozen s4.pathway1_res6.branch2.c_bn.weight
458 frozen s4.pathway1_res6.branch2.c_bn.bias
459 frozen s4.pathway1_res7.branch2.a.weight
460 frozen s4.pathway1_res7.branch2.a_bn.weight
461 frozen s4.pathway1_res7.branch2.a_bn.bias
462 frozen s4.pathway1_res7.branch2.b.weight
463 frozen s4.pathway1_res7.branch2.b_bn.weight
464 frozen s4.pathway1_res7.branch2.b_bn.bias
465 frozen s4.pathway1_res7.branch2.c.weight
466 frozen s4.pathway1_res7.branch2.c_bn.weight
467 frozen s4.pathway1_res7.branch2.c_bn.bias
468 frozen s4.pathway1_res8.branch2.a.weight
469 frozen s4.pathway1_res8.branch2.a_bn.weight
470 frozen s4.pathway1_res8.branch2.a_bn.bias
471 frozen s4.pathway1_res8.branch2.b.weight
472 frozen s4.pathway1_res8.branch2.b_bn.weight
473 frozen s4.pathway1_res8.branch2.b_bn.bias
474 frozen s4.pathway1_res8.branch2.c.weight
475 frozen s4.pathway1_res8.branch2.c_bn.weight
476 frozen s4.pathway1_res8.branch2.c_bn.bias
477 frozen s4.pathway1_res9.branch2.a.weight
478 frozen s4.pathway1_res9.branch2.a_bn.weight
479 frozen s4.pathway1_res9.branch2.a_bn.bias
480 frozen s4.pathway1_res9.branch2.b.weight
481 frozen s4.pathway1_res9.branch2.b_bn.weight
482 frozen s4.pathway1_res9.branch2.b_bn.bias
483 frozen s4.pathway1_res9.branch2.c.weight
484 frozen s4.pathway1_res9.branch2.c_bn.weight
485 frozen s4.pathway1_res9.branch2.c_bn.bias
486 frozen s4.pathway1_res10.branch2.a.weight
487 frozen s4.pathway1_res10.branch2.a_bn.weight
488 frozen s4.pathway1_res10.branch2.a_bn.bias
489 frozen s4.pathway1_res10.branch2.b.weight
490 frozen s4.pathway1_res10.branch2.b_bn.weight
491 frozen s4.pathway1_res10.branch2.b_bn.bias
492 frozen s4.pathway1_res10.branch2.c.weight
493 frozen s4.pathway1_res10.branch2.c_bn.weight
494 frozen s4.pathway1_res10.branch2.c_bn.bias
495 frozen s4.pathway1_res11.branch2.a.weight
496 frozen s4.pathway1_res11.branch2.a_bn.weight
497 frozen s4.pathway1_res11.branch2.a_bn.bias
498 frozen s4.pathway1_res11.branch2.b.weight
499 frozen s4.pathway1_res11.branch2.b_bn.weight
500 frozen s4.pathway1_res11.branch2.b_bn.bias
501 frozen s4.pathway1_res11.branch2.c.weight
502 frozen s4.pathway1_res11.branch2.c_bn.weight
503 frozen s4.pathway1_res11.branch2.c_bn.bias
504 frozen s4.pathway1_res12.branch2.a.weight
505 frozen s4.pathway1_res12.branch2.a_bn.weight
506 frozen s4.pathway1_res12.branch2.a_bn.bias
507 frozen s4.pathway1_res12.branch2.b.weight
508 frozen s4.pathway1_res12.branch2.b_bn.weight
509 frozen s4.pathway1_res12.branch2.b_bn.bias
510 frozen s4.pathway1_res12.branch2.c.weight
511 frozen s4.pathway1_res12.branch2.c_bn.weight
512 frozen s4.pathway1_res12.branch2.c_bn.bias
513 frozen s4.pathway1_res13.branch2.a.weight
514 frozen s4.pathway1_res13.branch2.a_bn.weight
515 frozen s4.pathway1_res13.branch2.a_bn.bias
516 frozen s4.pathway1_res13.branch2.b.weight
517 frozen s4.pathway1_res13.branch2.b_bn.weight
518 frozen s4.pathway1_res13.branch2.b_bn.bias
519 frozen s4.pathway1_res13.branch2.c.weight
520 frozen s4.pathway1_res13.branch2.c_bn.weight
521 frozen s4.pathway1_res13.branch2.c_bn.bias
522 frozen s4.pathway1_res14.branch2.a.weight
523 frozen s4.pathway1_res14.branch2.a_bn.weight
524 frozen s4.pathway1_res14.branch2.a_bn.bias
525 frozen s4.pathway1_res14.branch2.b.weight
526 frozen s4.pathway1_res14.branch2.b_bn.weight
527 frozen s4.pathway1_res14.branch2.b_bn.bias
528 frozen s4.pathway1_res14.branch2.c.weight
529 frozen s4.pathway1_res14.branch2.c_bn.weight
530 frozen s4.pathway1_res14.branch2.c_bn.bias
531 frozen s4.pathway1_res15.branch2.a.weight
532 frozen s4.pathway1_res15.branch2.a_bn.weight
533 frozen s4.pathway1_res15.branch2.a_bn.bias
534 frozen s4.pathway1_res15.branch2.b.weight
535 frozen s4.pathway1_res15.branch2.b_bn.weight
536 frozen s4.pathway1_res15.branch2.b_bn.bias
537 frozen s4.pathway1_res15.branch2.c.weight
538 frozen s4.pathway1_res15.branch2.c_bn.weight
539 frozen s4.pathway1_res15.branch2.c_bn.bias
540 frozen s4.pathway1_res16.branch2.a.weight
541 frozen s4.pathway1_res16.branch2.a_bn.weight
542 frozen s4.pathway1_res16.branch2.a_bn.bias
543 frozen s4.pathway1_res16.branch2.b.weight
544 frozen s4.pathway1_res16.branch2.b_bn.weight
545 frozen s4.pathway1_res16.branch2.b_bn.bias
546 frozen s4.pathway1_res16.branch2.c.weight
547 frozen s4.pathway1_res16.branch2.c_bn.weight
548 frozen s4.pathway1_res16.branch2.c_bn.bias
549 frozen s4.pathway1_res17.branch2.a.weight
550 frozen s4.pathway1_res17.branch2.a_bn.weight
551 frozen s4.pathway1_res17.branch2.a_bn.bias
552 frozen s4.pathway1_res17.branch2.b.weight
553 frozen s4.pathway1_res17.branch2.b_bn.weight
554 frozen s4.pathway1_res17.branch2.b_bn.bias
555 frozen s4.pathway1_res17.branch2.c.weight
556 frozen s4.pathway1_res17.branch2.c_bn.weight
557 frozen s4.pathway1_res17.branch2.c_bn.bias
558 frozen s4.pathway1_res18.branch2.a.weight
559 frozen s4.pathway1_res18.branch2.a_bn.weight
560 frozen s4.pathway1_res18.branch2.a_bn.bias
561 frozen s4.pathway1_res18.branch2.b.weight
562 frozen s4.pathway1_res18.branch2.b_bn.weight
563 frozen s4.pathway1_res18.branch2.b_bn.bias
564 frozen s4.pathway1_res18.branch2.c.weight
565 frozen s4.pathway1_res18.branch2.c_bn.weight
566 frozen s4.pathway1_res18.branch2.c_bn.bias
567 frozen s4.pathway1_res19.branch2.a.weight
568 frozen s4.pathway1_res19.branch2.a_bn.weight
569 frozen s4.pathway1_res19.branch2.a_bn.bias
570 frozen s4.pathway1_res19.branch2.b.weight
571 frozen s4.pathway1_res19.branch2.b_bn.weight
572 frozen s4.pathway1_res19.branch2.b_bn.bias
573 frozen s4.pathway1_res19.branch2.c.weight
574 frozen s4.pathway1_res19.branch2.c_bn.weight
575 frozen s4.pathway1_res19.branch2.c_bn.bias
576 frozen s4.pathway1_res20.branch2.a.weight
577 frozen s4.pathway1_res20.branch2.a_bn.weight
578 frozen s4.pathway1_res20.branch2.a_bn.bias
579 frozen s4.pathway1_res20.branch2.b.weight
580 frozen s4.pathway1_res20.branch2.b_bn.weight
581 frozen s4.pathway1_res20.branch2.b_bn.bias
582 frozen s4.pathway1_res20.branch2.c.weight
583 frozen s4.pathway1_res20.branch2.c_bn.weight
584 frozen s4.pathway1_res20.branch2.c_bn.bias
585 frozen s4.pathway1_res21.branch2.a.weight
586 frozen s4.pathway1_res21.branch2.a_bn.weight
587 frozen s4.pathway1_res21.branch2.a_bn.bias
588 frozen s4.pathway1_res21.branch2.b.weight
589 frozen s4.pathway1_res21.branch2.b_bn.weight
590 frozen s4.pathway1_res21.branch2.b_bn.bias
591 frozen s4.pathway1_res21.branch2.c.weight
592 frozen s4.pathway1_res21.branch2.c_bn.weight
593 frozen s4.pathway1_res21.branch2.c_bn.bias
594 frozen s4.pathway1_res22.branch2.a.weight
595 frozen s4.pathway1_res22.branch2.a_bn.weight
596 frozen s4.pathway1_res22.branch2.a_bn.bias
597 frozen s4.pathway1_res22.branch2.b.weight
598 frozen s4.pathway1_res22.branch2.b_bn.weight
599 frozen s4.pathway1_res22.branch2.b_bn.bias
600 frozen s4.pathway1_res22.branch2.c.weight
601 frozen s4.pathway1_res22.branch2.c_bn.weight
602 frozen s4.pathway1_res22.branch2.c_bn.bias
603 frozen s4_fuse.conv_f2s.weight
604 frozen s4_fuse.bn.weight
605 frozen s4_fuse.bn.bias
606 unfrozen s5.pathway0_res0.branch1.weight
607 unfrozen s5.pathway0_res0.branch1_bn.weight
608 unfrozen s5.pathway0_res0.branch1_bn.bias
609 unfrozen s5.pathway0_res0.branch2.a.weight
610 unfrozen s5.pathway0_res0.branch2.a_bn.weight
611 unfrozen s5.pathway0_res0.branch2.a_bn.bias
612 unfrozen s5.pathway0_res0.branch2.b.weight
613 unfrozen s5.pathway0_res0.branch2.b_bn.weight
614 unfrozen s5.pathway0_res0.branch2.b_bn.bias
615 unfrozen s5.pathway0_res0.branch2.c.weight
616 unfrozen s5.pathway0_res0.branch2.c_bn.weight
617 unfrozen s5.pathway0_res0.branch2.c_bn.bias
618 unfrozen s5.pathway0_res1.branch2.a.weight
619 unfrozen s5.pathway0_res1.branch2.a_bn.weight
620 unfrozen s5.pathway0_res1.branch2.a_bn.bias
621 unfrozen s5.pathway0_res1.branch2.b.weight
622 unfrozen s5.pathway0_res1.branch2.b_bn.weight
623 unfrozen s5.pathway0_res1.branch2.b_bn.bias
624 unfrozen s5.pathway0_res1.branch2.c.weight
625 unfrozen s5.pathway0_res1.branch2.c_bn.weight
626 unfrozen s5.pathway0_res1.branch2.c_bn.bias
627 unfrozen s5.pathway0_res2.branch2.a.weight
628 unfrozen s5.pathway0_res2.branch2.a_bn.weight
629 unfrozen s5.pathway0_res2.branch2.a_bn.bias
630 unfrozen s5.pathway0_res2.branch2.b.weight
631 unfrozen s5.pathway0_res2.branch2.b_bn.weight
632 unfrozen s5.pathway0_res2.branch2.b_bn.bias
633 unfrozen s5.pathway0_res2.branch2.c.weight
634 unfrozen s5.pathway0_res2.branch2.c_bn.weight
635 unfrozen s5.pathway0_res2.branch2.c_bn.bias
636 unfrozen s5.pathway1_res0.branch1.weight
637 unfrozen s5.pathway1_res0.branch1_bn.weight
638 unfrozen s5.pathway1_res0.branch1_bn.bias
639 unfrozen s5.pathway1_res0.branch2.a.weight
640 unfrozen s5.pathway1_res0.branch2.a_bn.weight
641 unfrozen s5.pathway1_res0.branch2.a_bn.bias
642 unfrozen s5.pathway1_res0.branch2.b.weight
643 unfrozen s5.pathway1_res0.branch2.b_bn.weight
644 unfrozen s5.pathway1_res0.branch2.b_bn.bias
645 unfrozen s5.pathway1_res0.branch2.c.weight
646 unfrozen s5.pathway1_res0.branch2.c_bn.weight
647 unfrozen s5.pathway1_res0.branch2.c_bn.bias
648 unfrozen s5.pathway1_res1.branch2.a.weight
649 unfrozen s5.pathway1_res1.branch2.a_bn.weight
650 unfrozen s5.pathway1_res1.branch2.a_bn.bias
651 unfrozen s5.pathway1_res1.branch2.b.weight
652 unfrozen s5.pathway1_res1.branch2.b_bn.weight
653 unfrozen s5.pathway1_res1.branch2.b_bn.bias
654 unfrozen s5.pathway1_res1.branch2.c.weight
655 unfrozen s5.pathway1_res1.branch2.c_bn.weight
656 unfrozen s5.pathway1_res1.branch2.c_bn.bias
657 unfrozen s5.pathway1_res2.branch2.a.weight
658 unfrozen s5.pathway1_res2.branch2.a_bn.weight
659 unfrozen s5.pathway1_res2.branch2.a_bn.bias
660 unfrozen s5.pathway1_res2.branch2.b.weight
661 unfrozen s5.pathway1_res2.branch2.b_bn.weight
662 unfrozen s5.pathway1_res2.branch2.b_bn.bias
663 unfrozen s5.pathway1_res2.branch2.c.weight
664 unfrozen s5.pathway1_res2.branch2.c_bn.weight
665 unfrozen s5.pathway1_res2.branch2.c_bn.bias
666 unfrozen head.projection.weight
667 unfrozen head.projection.bias
[11/22 22:18:44][INFO] checkpoint.py: 507: Load from given checkpoint file.
[11/22 22:18:44][INFO] checkpoint.py: 214: Loading network weights from /srv/beegfs02/scratch/da_action/data/models_pretrained/SLOWFAST_32x2_R101_50_50.pkl.
[11/22 22:18:49][INFO] checkpoint.py: 340: Network weights head.projection.weight not loaded.
[11/22 22:18:49][INFO] checkpoint.py: 340: Network weights head.projection.bias not loaded.
[11/22 22:18:56][INFO] ava_helper.py:  65: Finished loading image paths from: /srv/beegfs02/scratch/da_action/data/ava/frame_lists_10_500_50/train.csv
[11/22 22:18:56][INFO] ava_helper.py: 111: Finished loading annotations from: /srv/beegfs02/scratch/da_action/data/ava/annotations_10_500_50/ava_train_v2.2.csv
[11/22 22:18:56][INFO] ava_helper.py: 113: Detection threshold: 0.8
[11/22 22:18:56][INFO] ava_helper.py: 114: Number of unique boxes: 3847
[11/22 22:18:56][INFO] ava_helper.py: 115: Number of annotations: 5000
[11/22 22:18:56][INFO] ava_helper.py: 162: 2972 keyframes used.
[11/22 22:18:56][INFO] ava_dataset.py:  90: === AVA dataset summary ===
[11/22 22:18:56][INFO] ava_dataset.py:  91: Split: train
[11/22 22:18:56][INFO] ava_dataset.py:  92: Number of videos: 27
[11/22 22:18:56][INFO] ava_dataset.py:  96: Number of frames: 729814
[11/22 22:18:56][INFO] ava_dataset.py:  97: Number of key frames: 2972
[11/22 22:18:56][INFO] ava_dataset.py:  98: Number of boxes: 3847.
[11/22 22:18:58][INFO] ava_helper.py:  65: Finished loading image paths from: /srv/beegfs02/scratch/da_action/data/ava/frame_lists_10_500_50/val.csv
[11/22 22:18:58][INFO] ava_helper.py: 111: Finished loading annotations from: /srv/beegfs02/scratch/da_action/data/ava/annotations_10_500_50/ava_val_predicted_boxes.csv
[11/22 22:18:58][INFO] ava_helper.py: 113: Detection threshold: 0.8
[11/22 22:18:58][INFO] ava_helper.py: 114: Number of unique boxes: 524
[11/22 22:18:58][INFO] ava_helper.py: 115: Number of annotations: 0
[11/22 22:18:58][INFO] ava_helper.py: 162: 340 keyframes used.
[11/22 22:18:58][INFO] ava_dataset.py:  90: === AVA dataset summary ===
[11/22 22:18:58][INFO] ava_dataset.py:  91: Split: val
[11/22 22:18:58][INFO] ava_dataset.py:  92: Number of videos: 3
[11/22 22:18:58][INFO] ava_dataset.py:  96: Number of frames: 81092
[11/22 22:18:58][INFO] ava_dataset.py:  97: Number of key frames: 340
[11/22 22:18:58][INFO] ava_dataset.py:  98: Number of boxes: 524.
[11/22 22:19:01][INFO] ava_helper.py:  65: Finished loading image paths from: /srv/beegfs02/scratch/da_action/data/ava/frame_lists_10_500_50/train.csv
[11/22 22:19:01][INFO] ava_helper.py:  65: Finished loading image paths from: /srv/beegfs02/scratch/da_action/data/ava/frame_lists_10_500_50/val.csv
[11/22 22:19:01][INFO] tensorboard_vis.py:  57: To see logged results in Tensorboard, please launch using the command             `tensorboard  --port=<port-number> --logdir /srv/beegfs02/scratch/da_action/data/output/ex_10_500_50_v2/tensorboard`
[11/22 22:19:01][INFO] train_net.py: 458: Start epoch: 2
[11/22 23:11:48][INFO] ava_eval_helper.py: 164: Evaluating with 344 unique GT frames.
[11/22 23:11:48][INFO] ava_eval_helper.py: 166: Evaluating with 340 unique detection frames
[11/22 23:11:49][INFO] ava_eval_helper.py: 314: AVA results wrote to detections_latest.csv
[11/22 23:11:49][INFO] ava_eval_helper.py: 315: 	took 0 seconds.
[11/22 23:11:49][INFO] ava_eval_helper.py: 314: AVA results wrote to groundtruth_latest.csv
[11/22 23:11:49][INFO] ava_eval_helper.py: 315: 	took 0 seconds.
[11/22 23:11:49][INFO] object_detection_evaluation.py: 772: The following classes have no ground truth examples: [1 8]
{ 'PascalBoxes_PerformanceByCategory/AP@0.5IOU/bend/bow (at the waist)': nan,
  'PascalBoxes_PerformanceByCategory/AP@0.5IOU/carry/hold (an object)': 0.16558653635670378,
  'PascalBoxes_PerformanceByCategory/AP@0.5IOU/lie/sleep': 0.5433660604223721,
  'PascalBoxes_PerformanceByCategory/AP@0.5IOU/listen to (a person)': 0.2522076847384901,
  'PascalBoxes_PerformanceByCategory/AP@0.5IOU/ride (e.g., a bike, a car, a horse)': 0.5238479510294624,
  'PascalBoxes_PerformanceByCategory/AP@0.5IOU/sit': 0.39140250568842117,
  'PascalBoxes_PerformanceByCategory/AP@0.5IOU/talk to (e.g., self, a person, a group)': 0.5880136276994272,
  'PascalBoxes_PerformanceByCategory/AP@0.5IOU/touch (an object)': 0.3756368294991568,
  'PascalBoxes_PerformanceByCategory/AP@0.5IOU/walk': 0.47417673970783997,
  'PascalBoxes_PerformanceByCategory/AP@0.5IOU/watch (a person)': nan,
  'PascalBoxes_Precision/mAP@0.5IOU': 0.4142797418927342}
[11/22 23:11:49][INFO] ava_eval_helper.py: 174: AVA eval done in 0.725440 seconds.
[11/22 23:11:49][INFO] logging.py:  97: json_stats: {
  "RAM": "10.92/251.81G",
  "_type": "val_epoch",
  "cur_epoch": "2",
  "gpu_mem": "1.28G",
  "map": 0.41428,
  "mode": "val"
}
[11/23 00:08:03][INFO] ava_eval_helper.py: 164: Evaluating with 344 unique GT frames.
[11/23 00:08:03][INFO] ava_eval_helper.py: 166: Evaluating with 340 unique detection frames
[11/23 00:08:03][INFO] ava_eval_helper.py: 314: AVA results wrote to detections_latest.csv
[11/23 00:08:03][INFO] ava_eval_helper.py: 315: 	took 0 seconds.
[11/23 00:08:03][INFO] ava_eval_helper.py: 314: AVA results wrote to groundtruth_latest.csv
[11/23 00:08:03][INFO] ava_eval_helper.py: 315: 	took 0 seconds.
[11/23 00:08:04][INFO] object_detection_evaluation.py: 772: The following classes have no ground truth examples: [1 8]
{ 'PascalBoxes_PerformanceByCategory/AP@0.5IOU/bend/bow (at the waist)': nan,
  'PascalBoxes_PerformanceByCategory/AP@0.5IOU/carry/hold (an object)': 0.1490632256403747,
  'PascalBoxes_PerformanceByCategory/AP@0.5IOU/lie/sleep': 0.5919534621560761,
  'PascalBoxes_PerformanceByCategory/AP@0.5IOU/listen to (a person)': 0.3497775958631699,
  'PascalBoxes_PerformanceByCategory/AP@0.5IOU/ride (e.g., a bike, a car, a horse)': 0.5738624426873657,
  'PascalBoxes_PerformanceByCategory/AP@0.5IOU/sit': 0.4445131684698595,
  'PascalBoxes_PerformanceByCategory/AP@0.5IOU/talk to (e.g., self, a person, a group)': 0.7389777100519714,
  'PascalBoxes_PerformanceByCategory/AP@0.5IOU/touch (an object)': 0.35370827386492204,
  'PascalBoxes_PerformanceByCategory/AP@0.5IOU/walk': 0.7528457325218536,
  'PascalBoxes_PerformanceByCategory/AP@0.5IOU/watch (a person)': nan,
  'PascalBoxes_Precision/mAP@0.5IOU': 0.4943377014069492}
[11/23 00:08:04][INFO] ava_eval_helper.py: 174: AVA eval done in 0.723738 seconds.
[11/23 00:08:04][INFO] logging.py:  97: json_stats: {
  "RAM": "10.92/251.81G",
  "_type": "val_epoch",
  "cur_epoch": "3",
  "gpu_mem": "1.28G",
  "map": 0.49434,
  "mode": "val"
}
[11/23 01:01:25][INFO] ava_eval_helper.py: 164: Evaluating with 344 unique GT frames.
[11/23 01:01:25][INFO] ava_eval_helper.py: 166: Evaluating with 340 unique detection frames
[11/23 01:01:25][INFO] ava_eval_helper.py: 314: AVA results wrote to detections_latest.csv
[11/23 01:01:25][INFO] ava_eval_helper.py: 315: 	took 0 seconds.
[11/23 01:01:25][INFO] ava_eval_helper.py: 314: AVA results wrote to groundtruth_latest.csv
[11/23 01:01:25][INFO] ava_eval_helper.py: 315: 	took 0 seconds.
[11/23 01:01:26][INFO] object_detection_evaluation.py: 772: The following classes have no ground truth examples: [1 8]
{ 'PascalBoxes_PerformanceByCategory/AP@0.5IOU/bend/bow (at the waist)': nan,
  'PascalBoxes_PerformanceByCategory/AP@0.5IOU/carry/hold (an object)': 0.14332959447112167,
  'PascalBoxes_PerformanceByCategory/AP@0.5IOU/lie/sleep': 0.5875865761391552,
  'PascalBoxes_PerformanceByCategory/AP@0.5IOU/listen to (a person)': 0.3766481158461421,
  'PascalBoxes_PerformanceByCategory/AP@0.5IOU/ride (e.g., a bike, a car, a horse)': 0.6064046245360558,
  'PascalBoxes_PerformanceByCategory/AP@0.5IOU/sit': 0.564813184229667,
  'PascalBoxes_PerformanceByCategory/AP@0.5IOU/talk to (e.g., self, a person, a group)': 0.780109642055268,
  'PascalBoxes_PerformanceByCategory/AP@0.5IOU/touch (an object)': 0.5733211402503969,
  'PascalBoxes_PerformanceByCategory/AP@0.5IOU/walk': 0.6743042168766071,
  'PascalBoxes_PerformanceByCategory/AP@0.5IOU/watch (a person)': nan,
  'PascalBoxes_Precision/mAP@0.5IOU': 0.5383146368005518}
[11/23 01:01:26][INFO] ava_eval_helper.py: 174: AVA eval done in 0.685315 seconds.
[11/23 01:01:26][INFO] logging.py:  97: json_stats: {
  "RAM": "10.94/251.81G",
  "_type": "val_epoch",
  "cur_epoch": "4",
  "gpu_mem": "1.28G",
  "map": 0.53831,
  "mode": "val"
}
[11/23 01:57:29][INFO] ava_eval_helper.py: 164: Evaluating with 344 unique GT frames.
[11/23 01:57:29][INFO] ava_eval_helper.py: 166: Evaluating with 340 unique detection frames
[11/23 01:57:29][INFO] ava_eval_helper.py: 314: AVA results wrote to detections_latest.csv
[11/23 01:57:29][INFO] ava_eval_helper.py: 315: 	took 0 seconds.
[11/23 01:57:29][INFO] ava_eval_helper.py: 314: AVA results wrote to groundtruth_latest.csv
[11/23 01:57:29][INFO] ava_eval_helper.py: 315: 	took 0 seconds.
[11/23 01:57:30][INFO] object_detection_evaluation.py: 772: The following classes have no ground truth examples: [1 8]
{ 'PascalBoxes_PerformanceByCategory/AP@0.5IOU/bend/bow (at the waist)': nan,
  'PascalBoxes_PerformanceByCategory/AP@0.5IOU/carry/hold (an object)': 0.14664835352407862,
  'PascalBoxes_PerformanceByCategory/AP@0.5IOU/lie/sleep': 0.5983124511343099,
  'PascalBoxes_PerformanceByCategory/AP@0.5IOU/listen to (a person)': 0.45557330499776993,
  'PascalBoxes_PerformanceByCategory/AP@0.5IOU/ride (e.g., a bike, a car, a horse)': 0.6371444286997308,
  'PascalBoxes_PerformanceByCategory/AP@0.5IOU/sit': 0.6311753842489836,
  'PascalBoxes_PerformanceByCategory/AP@0.5IOU/talk to (e.g., self, a person, a group)': 0.8011757247905288,
  'PascalBoxes_PerformanceByCategory/AP@0.5IOU/touch (an object)': 0.4607338582585616,
  'PascalBoxes_PerformanceByCategory/AP@0.5IOU/walk': 0.6871830305317362,
  'PascalBoxes_PerformanceByCategory/AP@0.5IOU/watch (a person)': nan,
  'PascalBoxes_Precision/mAP@0.5IOU': 0.5522433170232124}
[11/23 01:57:30][INFO] ava_eval_helper.py: 174: AVA eval done in 0.774118 seconds.
[11/23 01:57:30][INFO] logging.py:  97: json_stats: {
  "RAM": "10.93/251.81G",
  "_type": "val_epoch",
  "cur_epoch": "5",
  "gpu_mem": "1.28G",
  "map": 0.55224,
  "mode": "val"
}
[11/23 02:53:07][INFO] ava_eval_helper.py: 164: Evaluating with 344 unique GT frames.
[11/23 02:53:07][INFO] ava_eval_helper.py: 166: Evaluating with 340 unique detection frames
[11/23 02:53:07][INFO] ava_eval_helper.py: 314: AVA results wrote to detections_latest.csv
[11/23 02:53:07][INFO] ava_eval_helper.py: 315: 	took 0 seconds.
[11/23 02:53:07][INFO] ava_eval_helper.py: 314: AVA results wrote to groundtruth_latest.csv
[11/23 02:53:07][INFO] ava_eval_helper.py: 315: 	took 0 seconds.
[11/23 02:53:07][INFO] object_detection_evaluation.py: 772: The following classes have no ground truth examples: [1 8]
{ 'PascalBoxes_PerformanceByCategory/AP@0.5IOU/bend/bow (at the waist)': nan,
  'PascalBoxes_PerformanceByCategory/AP@0.5IOU/carry/hold (an object)': 0.15832136841325048,
  'PascalBoxes_PerformanceByCategory/AP@0.5IOU/lie/sleep': 0.5940024331132028,
  'PascalBoxes_PerformanceByCategory/AP@0.5IOU/listen to (a person)': 0.5605223312634269,
  'PascalBoxes_PerformanceByCategory/AP@0.5IOU/ride (e.g., a bike, a car, a horse)': 0.7057012929243351,
  'PascalBoxes_PerformanceByCategory/AP@0.5IOU/sit': 0.6537941883071472,
  'PascalBoxes_PerformanceByCategory/AP@0.5IOU/talk to (e.g., self, a person, a group)': 0.8244366915448257,
  'PascalBoxes_PerformanceByCategory/AP@0.5IOU/touch (an object)': 0.5628567443878655,
  'PascalBoxes_PerformanceByCategory/AP@0.5IOU/walk': 0.6539347110401428,
  'PascalBoxes_PerformanceByCategory/AP@0.5IOU/watch (a person)': nan,
  'PascalBoxes_Precision/mAP@0.5IOU': 0.5891962201242745}
[11/23 02:53:07][INFO] ava_eval_helper.py: 174: AVA eval done in 0.750983 seconds.
[11/23 02:53:07][INFO] logging.py:  97: json_stats: {
  "RAM": "10.97/251.81G",
  "_type": "val_epoch",
  "cur_epoch": "6",
  "gpu_mem": "1.28G",
  "map": 0.58920,
  "mode": "val"
}
[11/23 03:43:09][INFO] ava_eval_helper.py: 164: Evaluating with 344 unique GT frames.
[11/23 03:43:09][INFO] ava_eval_helper.py: 166: Evaluating with 340 unique detection frames
[11/23 03:43:09][INFO] ava_eval_helper.py: 314: AVA results wrote to detections_latest.csv
[11/23 03:43:09][INFO] ava_eval_helper.py: 315: 	took 0 seconds.
[11/23 03:43:09][INFO] ava_eval_helper.py: 314: AVA results wrote to groundtruth_latest.csv
[11/23 03:43:09][INFO] ava_eval_helper.py: 315: 	took 0 seconds.
[11/23 03:43:09][INFO] object_detection_evaluation.py: 772: The following classes have no ground truth examples: [1 8]
{ 'PascalBoxes_PerformanceByCategory/AP@0.5IOU/bend/bow (at the waist)': nan,
  'PascalBoxes_PerformanceByCategory/AP@0.5IOU/carry/hold (an object)': 0.1648456427505145,
  'PascalBoxes_PerformanceByCategory/AP@0.5IOU/lie/sleep': 0.511228537234283,
  'PascalBoxes_PerformanceByCategory/AP@0.5IOU/listen to (a person)': 0.45123323572069396,
  'PascalBoxes_PerformanceByCategory/AP@0.5IOU/ride (e.g., a bike, a car, a horse)': 0.7189614354736662,
  'PascalBoxes_PerformanceByCategory/AP@0.5IOU/sit': 0.5900422537676674,
  'PascalBoxes_PerformanceByCategory/AP@0.5IOU/talk to (e.g., self, a person, a group)': 0.7423365903491935,
  'PascalBoxes_PerformanceByCategory/AP@0.5IOU/touch (an object)': 0.3196349392092191,
  'PascalBoxes_PerformanceByCategory/AP@0.5IOU/walk': 0.538306620043021,
  'PascalBoxes_PerformanceByCategory/AP@0.5IOU/watch (a person)': nan,
  'PascalBoxes_Precision/mAP@0.5IOU': 0.5045736568185324}
[11/23 03:43:09][INFO] ava_eval_helper.py: 174: AVA eval done in 0.713780 seconds.
[11/23 03:43:09][INFO] logging.py:  97: json_stats: {
  "RAM": "10.84/251.81G",
  "_type": "val_epoch",
  "cur_epoch": "7",
  "gpu_mem": "1.28G",
  "map": 0.50457,
  "mode": "val"
}
[11/23 04:31:38][INFO] ava_eval_helper.py: 164: Evaluating with 344 unique GT frames.
[11/23 04:31:38][INFO] ava_eval_helper.py: 166: Evaluating with 340 unique detection frames
[11/23 04:31:39][INFO] ava_eval_helper.py: 314: AVA results wrote to detections_latest.csv
[11/23 04:31:39][INFO] ava_eval_helper.py: 315: 	took 0 seconds.
[11/23 04:31:39][INFO] ava_eval_helper.py: 314: AVA results wrote to groundtruth_latest.csv
[11/23 04:31:39][INFO] ava_eval_helper.py: 315: 	took 0 seconds.
[11/23 04:31:39][INFO] object_detection_evaluation.py: 772: The following classes have no ground truth examples: [1 8]
{ 'PascalBoxes_PerformanceByCategory/AP@0.5IOU/bend/bow (at the waist)': nan,
  'PascalBoxes_PerformanceByCategory/AP@0.5IOU/carry/hold (an object)': 0.14204562398445106,
  'PascalBoxes_PerformanceByCategory/AP@0.5IOU/lie/sleep': 0.5860421347944169,
  'PascalBoxes_PerformanceByCategory/AP@0.5IOU/listen to (a person)': 0.5192480589736557,
  'PascalBoxes_PerformanceByCategory/AP@0.5IOU/ride (e.g., a bike, a car, a horse)': 0.6648103499888605,
  'PascalBoxes_PerformanceByCategory/AP@0.5IOU/sit': 0.5376879986901253,
  'PascalBoxes_PerformanceByCategory/AP@0.5IOU/talk to (e.g., self, a person, a group)': 0.7726711970423995,
  'PascalBoxes_PerformanceByCategory/AP@0.5IOU/touch (an object)': 0.5279518615785199,
  'PascalBoxes_PerformanceByCategory/AP@0.5IOU/walk': 0.6268699561093564,
  'PascalBoxes_PerformanceByCategory/AP@0.5IOU/watch (a person)': nan,
  'PascalBoxes_Precision/mAP@0.5IOU': 0.5471658976452232}
[11/23 04:31:39][INFO] ava_eval_helper.py: 174: AVA eval done in 0.728000 seconds.
[11/23 04:31:39][INFO] logging.py:  97: json_stats: {
  "RAM": "9.06/251.81G",
  "_type": "val_epoch",
  "cur_epoch": "8",
  "gpu_mem": "1.28G",
  "map": 0.54717,
  "mode": "val"
}
[11/23 05:20:44][INFO] ava_eval_helper.py: 164: Evaluating with 344 unique GT frames.
[11/23 05:20:44][INFO] ava_eval_helper.py: 166: Evaluating with 340 unique detection frames
[11/23 05:20:44][INFO] ava_eval_helper.py: 314: AVA results wrote to detections_latest.csv
[11/23 05:20:44][INFO] ava_eval_helper.py: 315: 	took 0 seconds.
[11/23 05:20:44][INFO] ava_eval_helper.py: 314: AVA results wrote to groundtruth_latest.csv
[11/23 05:20:44][INFO] ava_eval_helper.py: 315: 	took 0 seconds.
[11/23 05:20:45][INFO] object_detection_evaluation.py: 772: The following classes have no ground truth examples: [1 8]
{ 'PascalBoxes_PerformanceByCategory/AP@0.5IOU/bend/bow (at the waist)': nan,
  'PascalBoxes_PerformanceByCategory/AP@0.5IOU/carry/hold (an object)': 0.24260067003554192,
  'PascalBoxes_PerformanceByCategory/AP@0.5IOU/lie/sleep': 0.5952170133570651,
  'PascalBoxes_PerformanceByCategory/AP@0.5IOU/listen to (a person)': 0.48002811547075924,
  'PascalBoxes_PerformanceByCategory/AP@0.5IOU/ride (e.g., a bike, a car, a horse)': 0.6355877205751512,
  'PascalBoxes_PerformanceByCategory/AP@0.5IOU/sit': 0.6596602693999777,
  'PascalBoxes_PerformanceByCategory/AP@0.5IOU/talk to (e.g., self, a person, a group)': 0.8025419479983006,
  'PascalBoxes_PerformanceByCategory/AP@0.5IOU/touch (an object)': 0.5677722296359262,
  'PascalBoxes_PerformanceByCategory/AP@0.5IOU/walk': 0.5257436804173427,
  'PascalBoxes_PerformanceByCategory/AP@0.5IOU/watch (a person)': nan,
  'PascalBoxes_Precision/mAP@0.5IOU': 0.563643955861258}
[11/23 05:20:45][INFO] ava_eval_helper.py: 174: AVA eval done in 0.729150 seconds.
[11/23 05:20:45][INFO] logging.py:  97: json_stats: {
  "RAM": "9.02/251.81G",
  "_type": "val_epoch",
  "cur_epoch": "9",
  "gpu_mem": "1.28G",
  "map": 0.56364,
  "mode": "val"
}
[11/23 06:09:45][INFO] ava_eval_helper.py: 164: Evaluating with 344 unique GT frames.
[11/23 06:09:45][INFO] ava_eval_helper.py: 166: Evaluating with 340 unique detection frames
[11/23 06:09:45][INFO] ava_eval_helper.py: 314: AVA results wrote to detections_latest.csv
[11/23 06:09:45][INFO] ava_eval_helper.py: 315: 	took 0 seconds.
[11/23 06:09:45][INFO] ava_eval_helper.py: 314: AVA results wrote to groundtruth_latest.csv
[11/23 06:09:45][INFO] ava_eval_helper.py: 315: 	took 0 seconds.
[11/23 06:09:46][INFO] object_detection_evaluation.py: 772: The following classes have no ground truth examples: [1 8]
{ 'PascalBoxes_PerformanceByCategory/AP@0.5IOU/bend/bow (at the waist)': nan,
  'PascalBoxes_PerformanceByCategory/AP@0.5IOU/carry/hold (an object)': 0.2059045351167181,
  'PascalBoxes_PerformanceByCategory/AP@0.5IOU/lie/sleep': 0.5944414859823601,
  'PascalBoxes_PerformanceByCategory/AP@0.5IOU/listen to (a person)': 0.465235829569316,
  'PascalBoxes_PerformanceByCategory/AP@0.5IOU/ride (e.g., a bike, a car, a horse)': 0.6965049156684042,
  'PascalBoxes_PerformanceByCategory/AP@0.5IOU/sit': 0.6552619803356472,
  'PascalBoxes_PerformanceByCategory/AP@0.5IOU/talk to (e.g., self, a person, a group)': 0.7573807437276124,
  'PascalBoxes_PerformanceByCategory/AP@0.5IOU/touch (an object)': 0.40872052898591127,
  'PascalBoxes_PerformanceByCategory/AP@0.5IOU/walk': 0.5655941936614821,
  'PascalBoxes_PerformanceByCategory/AP@0.5IOU/watch (a person)': nan,
  'PascalBoxes_Precision/mAP@0.5IOU': 0.5436305266309315}
[11/23 06:09:46][INFO] ava_eval_helper.py: 174: AVA eval done in 0.728168 seconds.
[11/23 06:09:46][INFO] logging.py:  97: json_stats: {
  "RAM": "9.02/251.81G",
  "_type": "val_epoch",
  "cur_epoch": "10",
  "gpu_mem": "1.28G",
  "map": 0.54363,
  "mode": "val"
}
[11/23 06:58:27][INFO] ava_eval_helper.py: 164: Evaluating with 344 unique GT frames.
[11/23 06:58:27][INFO] ava_eval_helper.py: 166: Evaluating with 340 unique detection frames
[11/23 06:58:27][INFO] ava_eval_helper.py: 314: AVA results wrote to detections_latest.csv
[11/23 06:58:27][INFO] ava_eval_helper.py: 315: 	took 0 seconds.
[11/23 06:58:27][INFO] ava_eval_helper.py: 314: AVA results wrote to groundtruth_latest.csv
[11/23 06:58:27][INFO] ava_eval_helper.py: 315: 	took 0 seconds.
[11/23 06:58:28][INFO] object_detection_evaluation.py: 772: The following classes have no ground truth examples: [1 8]
{ 'PascalBoxes_PerformanceByCategory/AP@0.5IOU/bend/bow (at the waist)': nan,
  'PascalBoxes_PerformanceByCategory/AP@0.5IOU/carry/hold (an object)': 0.1469360306879293,
  'PascalBoxes_PerformanceByCategory/AP@0.5IOU/lie/sleep': 0.5743789414885105,
  'PascalBoxes_PerformanceByCategory/AP@0.5IOU/listen to (a person)': 0.4938819813148722,
  'PascalBoxes_PerformanceByCategory/AP@0.5IOU/ride (e.g., a bike, a car, a horse)': 0.6771103668133702,
  'PascalBoxes_PerformanceByCategory/AP@0.5IOU/sit': 0.6699746367682244,
  'PascalBoxes_PerformanceByCategory/AP@0.5IOU/talk to (e.g., self, a person, a group)': 0.7803182286610155,
  'PascalBoxes_PerformanceByCategory/AP@0.5IOU/touch (an object)': 0.4226566152744754,
  'PascalBoxes_PerformanceByCategory/AP@0.5IOU/walk': 0.5578171176824133,
  'PascalBoxes_PerformanceByCategory/AP@0.5IOU/watch (a person)': nan,
  'PascalBoxes_Precision/mAP@0.5IOU': 0.5403842398363514}
[11/23 06:58:28][INFO] ava_eval_helper.py: 174: AVA eval done in 0.730145 seconds.
[11/23 06:58:28][INFO] logging.py:  97: json_stats: {
  "RAM": "9.04/251.81G",
  "_type": "val_epoch",
  "cur_epoch": "11",
  "gpu_mem": "1.28G",
  "map": 0.54038,
  "mode": "val"
}
[11/23 07:46:16][INFO] ava_eval_helper.py: 164: Evaluating with 344 unique GT frames.
[11/23 07:46:16][INFO] ava_eval_helper.py: 166: Evaluating with 340 unique detection frames
[11/23 07:46:16][INFO] ava_eval_helper.py: 314: AVA results wrote to detections_latest.csv
[11/23 07:46:16][INFO] ava_eval_helper.py: 315: 	took 0 seconds.
[11/23 07:46:16][INFO] ava_eval_helper.py: 314: AVA results wrote to groundtruth_latest.csv
[11/23 07:46:16][INFO] ava_eval_helper.py: 315: 	took 0 seconds.
[11/23 07:46:16][INFO] object_detection_evaluation.py: 772: The following classes have no ground truth examples: [1 8]
{ 'PascalBoxes_PerformanceByCategory/AP@0.5IOU/bend/bow (at the waist)': nan,
  'PascalBoxes_PerformanceByCategory/AP@0.5IOU/carry/hold (an object)': 0.15378755888785353,
  'PascalBoxes_PerformanceByCategory/AP@0.5IOU/lie/sleep': 0.5521819391703188,
  'PascalBoxes_PerformanceByCategory/AP@0.5IOU/listen to (a person)': 0.4770789606228659,
  'PascalBoxes_PerformanceByCategory/AP@0.5IOU/ride (e.g., a bike, a car, a horse)': 0.6588003567047922,
  'PascalBoxes_PerformanceByCategory/AP@0.5IOU/sit': 0.5519108947623742,
  'PascalBoxes_PerformanceByCategory/AP@0.5IOU/talk to (e.g., self, a person, a group)': 0.7619739845840384,
  'PascalBoxes_PerformanceByCategory/AP@0.5IOU/touch (an object)': 0.5546163041023366,
  'PascalBoxes_PerformanceByCategory/AP@0.5IOU/walk': 0.5128200935007233,
  'PascalBoxes_PerformanceByCategory/AP@0.5IOU/watch (a person)': nan,
  'PascalBoxes_Precision/mAP@0.5IOU': 0.5278962615419129}
[11/23 07:46:16][INFO] ava_eval_helper.py: 174: AVA eval done in 0.711512 seconds.
[11/23 07:46:16][INFO] logging.py:  97: json_stats: {
  "RAM": "9.00/251.81G",
  "_type": "val_epoch",
  "cur_epoch": "12",
  "gpu_mem": "1.28G",
  "map": 0.52790,
  "mode": "val"
}
[11/23 08:34:41][INFO] ava_eval_helper.py: 164: Evaluating with 344 unique GT frames.
[11/23 08:34:41][INFO] ava_eval_helper.py: 166: Evaluating with 340 unique detection frames
[11/23 08:34:41][INFO] ava_eval_helper.py: 314: AVA results wrote to detections_latest.csv
[11/23 08:34:41][INFO] ava_eval_helper.py: 315: 	took 0 seconds.
[11/23 08:34:41][INFO] ava_eval_helper.py: 314: AVA results wrote to groundtruth_latest.csv
[11/23 08:34:41][INFO] ava_eval_helper.py: 315: 	took 0 seconds.
[11/23 08:34:42][INFO] object_detection_evaluation.py: 772: The following classes have no ground truth examples: [1 8]
{ 'PascalBoxes_PerformanceByCategory/AP@0.5IOU/bend/bow (at the waist)': nan,
  'PascalBoxes_PerformanceByCategory/AP@0.5IOU/carry/hold (an object)': 0.12829072693359284,
  'PascalBoxes_PerformanceByCategory/AP@0.5IOU/lie/sleep': 0.5270605074985482,
  'PascalBoxes_PerformanceByCategory/AP@0.5IOU/listen to (a person)': 0.5091028234404862,
  'PascalBoxes_PerformanceByCategory/AP@0.5IOU/ride (e.g., a bike, a car, a horse)': 0.6837934130906143,
  'PascalBoxes_PerformanceByCategory/AP@0.5IOU/sit': 0.45592464692617773,
  'PascalBoxes_PerformanceByCategory/AP@0.5IOU/talk to (e.g., self, a person, a group)': 0.7453132674588218,
  'PascalBoxes_PerformanceByCategory/AP@0.5IOU/touch (an object)': 0.4660351224682556,
  'PascalBoxes_PerformanceByCategory/AP@0.5IOU/walk': 0.571988276696641,
  'PascalBoxes_PerformanceByCategory/AP@0.5IOU/watch (a person)': nan,
  'PascalBoxes_Precision/mAP@0.5IOU': 0.5109385980641421}
[11/23 08:34:42][INFO] ava_eval_helper.py: 174: AVA eval done in 0.719902 seconds.
[11/23 08:34:42][INFO] logging.py:  97: json_stats: {
  "RAM": "9.02/251.81G",
  "_type": "val_epoch",
  "cur_epoch": "13",
  "gpu_mem": "1.28G",
  "map": 0.51094,
  "mode": "val"
}
[11/23 09:22:50][INFO] ava_eval_helper.py: 164: Evaluating with 344 unique GT frames.
[11/23 09:22:50][INFO] ava_eval_helper.py: 166: Evaluating with 340 unique detection frames
[11/23 09:22:50][INFO] ava_eval_helper.py: 314: AVA results wrote to detections_latest.csv
[11/23 09:22:50][INFO] ava_eval_helper.py: 315: 	took 0 seconds.
[11/23 09:22:50][INFO] ava_eval_helper.py: 314: AVA results wrote to groundtruth_latest.csv
[11/23 09:22:50][INFO] ava_eval_helper.py: 315: 	took 0 seconds.
[11/23 09:22:51][INFO] object_detection_evaluation.py: 772: The following classes have no ground truth examples: [1 8]
{ 'PascalBoxes_PerformanceByCategory/AP@0.5IOU/bend/bow (at the waist)': nan,
  'PascalBoxes_PerformanceByCategory/AP@0.5IOU/carry/hold (an object)': 0.1392910351040177,
  'PascalBoxes_PerformanceByCategory/AP@0.5IOU/lie/sleep': 0.5407307619507493,
  'PascalBoxes_PerformanceByCategory/AP@0.5IOU/listen to (a person)': 0.53710725711189,
  'PascalBoxes_PerformanceByCategory/AP@0.5IOU/ride (e.g., a bike, a car, a horse)': 0.6952944378997834,
  'PascalBoxes_PerformanceByCategory/AP@0.5IOU/sit': 0.36948597358327273,
  'PascalBoxes_PerformanceByCategory/AP@0.5IOU/talk to (e.g., self, a person, a group)': 0.7406959619641232,
  'PascalBoxes_PerformanceByCategory/AP@0.5IOU/touch (an object)': 0.5179252492858135,
  'PascalBoxes_PerformanceByCategory/AP@0.5IOU/walk': 0.5284760640920627,
  'PascalBoxes_PerformanceByCategory/AP@0.5IOU/watch (a person)': nan,
  'PascalBoxes_Precision/mAP@0.5IOU': 0.5086258426239642}
[11/23 09:22:51][INFO] ava_eval_helper.py: 174: AVA eval done in 0.723666 seconds.
[11/23 09:22:51][INFO] logging.py:  97: json_stats: {
  "RAM": "8.99/251.81G",
  "_type": "val_epoch",
  "cur_epoch": "14",
  "gpu_mem": "1.28G",
  "map": 0.50863,
  "mode": "val"
}
[11/23 10:10:52][INFO] ava_eval_helper.py: 164: Evaluating with 344 unique GT frames.
[11/23 10:10:52][INFO] ava_eval_helper.py: 166: Evaluating with 340 unique detection frames
[11/23 10:10:52][INFO] ava_eval_helper.py: 314: AVA results wrote to detections_latest.csv
[11/23 10:10:52][INFO] ava_eval_helper.py: 315: 	took 0 seconds.
[11/23 10:10:52][INFO] ava_eval_helper.py: 314: AVA results wrote to groundtruth_latest.csv
[11/23 10:10:52][INFO] ava_eval_helper.py: 315: 	took 0 seconds.
[11/23 10:10:52][INFO] object_detection_evaluation.py: 772: The following classes have no ground truth examples: [1 8]
{ 'PascalBoxes_PerformanceByCategory/AP@0.5IOU/bend/bow (at the waist)': nan,
  'PascalBoxes_PerformanceByCategory/AP@0.5IOU/carry/hold (an object)': 0.14589628610796032,
  'PascalBoxes_PerformanceByCategory/AP@0.5IOU/lie/sleep': 0.5105088072557284,
  'PascalBoxes_PerformanceByCategory/AP@0.5IOU/listen to (a person)': 0.47875373954216727,
  'PascalBoxes_PerformanceByCategory/AP@0.5IOU/ride (e.g., a bike, a car, a horse)': 0.6376350090700584,
  'PascalBoxes_PerformanceByCategory/AP@0.5IOU/sit': 0.4099658735113218,
  'PascalBoxes_PerformanceByCategory/AP@0.5IOU/talk to (e.g., self, a person, a group)': 0.7643762021980113,
  'PascalBoxes_PerformanceByCategory/AP@0.5IOU/touch (an object)': 0.4006640837713069,
  'PascalBoxes_PerformanceByCategory/AP@0.5IOU/walk': 0.5785296067493682,
  'PascalBoxes_PerformanceByCategory/AP@0.5IOU/watch (a person)': nan,
  'PascalBoxes_Precision/mAP@0.5IOU': 0.4907912010257403}
[11/23 10:10:52][INFO] ava_eval_helper.py: 174: AVA eval done in 0.779232 seconds.
[11/23 10:10:52][INFO] logging.py:  97: json_stats: {
  "RAM": "11.94/251.81G",
  "_type": "val_epoch",
  "cur_epoch": "15",
  "gpu_mem": "1.28G",
  "map": 0.49079,
  "mode": "val"
}
[11/23 10:59:52][INFO] ava_eval_helper.py: 164: Evaluating with 344 unique GT frames.
[11/23 10:59:52][INFO] ava_eval_helper.py: 166: Evaluating with 340 unique detection frames
[11/23 10:59:52][INFO] ava_eval_helper.py: 314: AVA results wrote to detections_latest.csv
[11/23 10:59:52][INFO] ava_eval_helper.py: 315: 	took 0 seconds.
[11/23 10:59:52][INFO] ava_eval_helper.py: 314: AVA results wrote to groundtruth_latest.csv
[11/23 10:59:52][INFO] ava_eval_helper.py: 315: 	took 0 seconds.
[11/23 10:59:53][INFO] object_detection_evaluation.py: 772: The following classes have no ground truth examples: [1 8]
{ 'PascalBoxes_PerformanceByCategory/AP@0.5IOU/bend/bow (at the waist)': nan,
  'PascalBoxes_PerformanceByCategory/AP@0.5IOU/carry/hold (an object)': 0.14259027400561572,
  'PascalBoxes_PerformanceByCategory/AP@0.5IOU/lie/sleep': 0.5189951240762196,
  'PascalBoxes_PerformanceByCategory/AP@0.5IOU/listen to (a person)': 0.4610669196232157,
  'PascalBoxes_PerformanceByCategory/AP@0.5IOU/ride (e.g., a bike, a car, a horse)': 0.6425654835810996,
  'PascalBoxes_PerformanceByCategory/AP@0.5IOU/sit': 0.5297528178788167,
  'PascalBoxes_PerformanceByCategory/AP@0.5IOU/talk to (e.g., self, a person, a group)': 0.7795498850022194,
  'PascalBoxes_PerformanceByCategory/AP@0.5IOU/touch (an object)': 0.45237745103254495,
  'PascalBoxes_PerformanceByCategory/AP@0.5IOU/walk': 0.5485386116133195,
  'PascalBoxes_PerformanceByCategory/AP@0.5IOU/watch (a person)': nan,
  'PascalBoxes_Precision/mAP@0.5IOU': 0.5094295708516314}
[11/23 10:59:53][INFO] ava_eval_helper.py: 174: AVA eval done in 0.723806 seconds.
[11/23 10:59:53][INFO] logging.py:  97: json_stats: {
  "RAM": "10.08/251.81G",
  "_type": "val_epoch",
  "cur_epoch": "16",
  "gpu_mem": "1.28G",
  "map": 0.50943,
  "mode": "val"
}
[11/23 11:48:43][INFO] ava_eval_helper.py: 164: Evaluating with 344 unique GT frames.
[11/23 11:48:43][INFO] ava_eval_helper.py: 166: Evaluating with 340 unique detection frames
[11/23 11:48:43][INFO] ava_eval_helper.py: 314: AVA results wrote to detections_latest.csv
[11/23 11:48:43][INFO] ava_eval_helper.py: 315: 	took 0 seconds.
[11/23 11:48:43][INFO] ava_eval_helper.py: 314: AVA results wrote to groundtruth_latest.csv
[11/23 11:48:43][INFO] ava_eval_helper.py: 315: 	took 0 seconds.
[11/23 11:48:44][INFO] object_detection_evaluation.py: 772: The following classes have no ground truth examples: [1 8]
{ 'PascalBoxes_PerformanceByCategory/AP@0.5IOU/bend/bow (at the waist)': nan,
  'PascalBoxes_PerformanceByCategory/AP@0.5IOU/carry/hold (an object)': 0.14522440972763787,
  'PascalBoxes_PerformanceByCategory/AP@0.5IOU/lie/sleep': 0.5035364911470201,
  'PascalBoxes_PerformanceByCategory/AP@0.5IOU/listen to (a person)': 0.49966007638140425,
  'PascalBoxes_PerformanceByCategory/AP@0.5IOU/ride (e.g., a bike, a car, a horse)': 0.6499567519765681,
  'PascalBoxes_PerformanceByCategory/AP@0.5IOU/sit': 0.438670589220742,
  'PascalBoxes_PerformanceByCategory/AP@0.5IOU/talk to (e.g., self, a person, a group)': 0.7873510203743277,
  'PascalBoxes_PerformanceByCategory/AP@0.5IOU/touch (an object)': 0.522828298275962,
  'PascalBoxes_PerformanceByCategory/AP@0.5IOU/walk': 0.5125364519052766,
  'PascalBoxes_PerformanceByCategory/AP@0.5IOU/watch (a person)': nan,
  'PascalBoxes_Precision/mAP@0.5IOU': 0.5074705111261173}
[11/23 11:48:44][INFO] ava_eval_helper.py: 174: AVA eval done in 0.748965 seconds.
[11/23 11:48:44][INFO] logging.py:  97: json_stats: {
  "RAM": "10.75/251.81G",
  "_type": "val_epoch",
  "cur_epoch": "17",
  "gpu_mem": "1.28G",
  "map": 0.50747,
  "mode": "val"
}
[11/23 12:38:55][INFO] ava_eval_helper.py: 164: Evaluating with 344 unique GT frames.
[11/23 12:38:55][INFO] ava_eval_helper.py: 166: Evaluating with 340 unique detection frames
[11/23 12:38:55][INFO] ava_eval_helper.py: 314: AVA results wrote to detections_latest.csv
[11/23 12:38:55][INFO] ava_eval_helper.py: 315: 	took 0 seconds.
[11/23 12:38:55][INFO] ava_eval_helper.py: 314: AVA results wrote to groundtruth_latest.csv
[11/23 12:38:55][INFO] ava_eval_helper.py: 315: 	took 0 seconds.
[11/23 12:38:56][INFO] object_detection_evaluation.py: 772: The following classes have no ground truth examples: [1 8]
{ 'PascalBoxes_PerformanceByCategory/AP@0.5IOU/bend/bow (at the waist)': nan,
  'PascalBoxes_PerformanceByCategory/AP@0.5IOU/carry/hold (an object)': 0.19290787269663512,
  'PascalBoxes_PerformanceByCategory/AP@0.5IOU/lie/sleep': 0.5060718034659001,
  'PascalBoxes_PerformanceByCategory/AP@0.5IOU/listen to (a person)': 0.5005164549594969,
  'PascalBoxes_PerformanceByCategory/AP@0.5IOU/ride (e.g., a bike, a car, a horse)': 0.664796500504742,
  'PascalBoxes_PerformanceByCategory/AP@0.5IOU/sit': 0.4942152941120321,
  'PascalBoxes_PerformanceByCategory/AP@0.5IOU/talk to (e.g., self, a person, a group)': 0.7715097185752351,
  'PascalBoxes_PerformanceByCategory/AP@0.5IOU/touch (an object)': 0.36316295349018557,
  'PascalBoxes_PerformanceByCategory/AP@0.5IOU/walk': 0.4501663987422437,
  'PascalBoxes_PerformanceByCategory/AP@0.5IOU/watch (a person)': nan,
  'PascalBoxes_Precision/mAP@0.5IOU': 0.4929183745683088}
[11/23 12:38:56][INFO] ava_eval_helper.py: 174: AVA eval done in 0.738457 seconds.
[11/23 12:38:56][INFO] logging.py:  97: json_stats: {
  "RAM": "12.96/251.81G",
  "_type": "val_epoch",
  "cur_epoch": "18",
  "gpu_mem": "1.28G",
  "map": 0.49292,
  "mode": "val"
}
[11/23 13:24:46][INFO] ava_eval_helper.py: 164: Evaluating with 344 unique GT frames.
[11/23 13:24:46][INFO] ava_eval_helper.py: 166: Evaluating with 340 unique detection frames
[11/23 13:24:46][INFO] ava_eval_helper.py: 314: AVA results wrote to detections_latest.csv
[11/23 13:24:46][INFO] ava_eval_helper.py: 315: 	took 0 seconds.
[11/23 13:24:46][INFO] ava_eval_helper.py: 314: AVA results wrote to groundtruth_latest.csv
[11/23 13:24:46][INFO] ava_eval_helper.py: 315: 	took 0 seconds.
[11/23 13:24:46][INFO] object_detection_evaluation.py: 772: The following classes have no ground truth examples: [1 8]
{ 'PascalBoxes_PerformanceByCategory/AP@0.5IOU/bend/bow (at the waist)': nan,
  'PascalBoxes_PerformanceByCategory/AP@0.5IOU/carry/hold (an object)': 0.14140224796786408,
  'PascalBoxes_PerformanceByCategory/AP@0.5IOU/lie/sleep': 0.5027982261105856,
  'PascalBoxes_PerformanceByCategory/AP@0.5IOU/listen to (a person)': 0.5084631453833841,
  'PascalBoxes_PerformanceByCategory/AP@0.5IOU/ride (e.g., a bike, a car, a horse)': 0.6088425162385591,
  'PascalBoxes_PerformanceByCategory/AP@0.5IOU/sit': 0.5368004452114119,
  'PascalBoxes_PerformanceByCategory/AP@0.5IOU/talk to (e.g., self, a person, a group)': 0.7643519793064146,
  'PascalBoxes_PerformanceByCategory/AP@0.5IOU/touch (an object)': 0.41175177274110186,
  'PascalBoxes_PerformanceByCategory/AP@0.5IOU/walk': 0.38459462940949124,
  'PascalBoxes_PerformanceByCategory/AP@0.5IOU/watch (a person)': nan,
  'PascalBoxes_Precision/mAP@0.5IOU': 0.4823756202961016}
[11/23 13:24:46][INFO] ava_eval_helper.py: 174: AVA eval done in 0.750879 seconds.
[11/23 13:24:46][INFO] logging.py:  97: json_stats: {
  "RAM": "12.75/251.81G",
  "_type": "val_epoch",
  "cur_epoch": "19",
  "gpu_mem": "1.28G",
  "map": 0.48238,
  "mode": "val"
}
[11/23 14:16:23][INFO] ava_eval_helper.py: 164: Evaluating with 344 unique GT frames.
[11/23 14:16:23][INFO] ava_eval_helper.py: 166: Evaluating with 340 unique detection frames
[11/23 14:16:23][INFO] ava_eval_helper.py: 314: AVA results wrote to detections_latest.csv
[11/23 14:16:23][INFO] ava_eval_helper.py: 315: 	took 0 seconds.
[11/23 14:16:23][INFO] ava_eval_helper.py: 314: AVA results wrote to groundtruth_latest.csv
[11/23 14:16:23][INFO] ava_eval_helper.py: 315: 	took 0 seconds.
[11/23 14:16:23][INFO] object_detection_evaluation.py: 772: The following classes have no ground truth examples: [1 8]
{ 'PascalBoxes_PerformanceByCategory/AP@0.5IOU/bend/bow (at the waist)': nan,
  'PascalBoxes_PerformanceByCategory/AP@0.5IOU/carry/hold (an object)': 0.1611929631341206,
  'PascalBoxes_PerformanceByCategory/AP@0.5IOU/lie/sleep': 0.5373288595027396,
  'PascalBoxes_PerformanceByCategory/AP@0.5IOU/listen to (a person)': 0.497823506410182,
  'PascalBoxes_PerformanceByCategory/AP@0.5IOU/ride (e.g., a bike, a car, a horse)': 0.6727693770220411,
  'PascalBoxes_PerformanceByCategory/AP@0.5IOU/sit': 0.6364300359296858,
  'PascalBoxes_PerformanceByCategory/AP@0.5IOU/talk to (e.g., self, a person, a group)': 0.7885587880742356,
  'PascalBoxes_PerformanceByCategory/AP@0.5IOU/touch (an object)': 0.3592065259977475,
  'PascalBoxes_PerformanceByCategory/AP@0.5IOU/walk': 0.4785872441570876,
  'PascalBoxes_PerformanceByCategory/AP@0.5IOU/watch (a person)': nan,
  'PascalBoxes_Precision/mAP@0.5IOU': 0.51648716252848}
[11/23 14:16:23][INFO] ava_eval_helper.py: 174: AVA eval done in 0.808382 seconds.
[11/23 14:16:23][INFO] logging.py:  97: json_stats: {
  "RAM": "12.77/251.81G",
  "_type": "val_epoch",
  "cur_epoch": "20",
  "gpu_mem": "1.28G",
  "map": 0.51649,
  "mode": "val"
}
[11/23 15:05:47][INFO] ava_eval_helper.py: 164: Evaluating with 344 unique GT frames.
[11/23 15:05:47][INFO] ava_eval_helper.py: 166: Evaluating with 340 unique detection frames
[11/23 15:05:47][INFO] ava_eval_helper.py: 314: AVA results wrote to detections_latest.csv
[11/23 15:05:47][INFO] ava_eval_helper.py: 315: 	took 0 seconds.
[11/23 15:05:47][INFO] ava_eval_helper.py: 314: AVA results wrote to groundtruth_latest.csv
[11/23 15:05:47][INFO] ava_eval_helper.py: 315: 	took 0 seconds.
[11/23 15:05:48][INFO] object_detection_evaluation.py: 772: The following classes have no ground truth examples: [1 8]
{ 'PascalBoxes_PerformanceByCategory/AP@0.5IOU/bend/bow (at the waist)': nan,
  'PascalBoxes_PerformanceByCategory/AP@0.5IOU/carry/hold (an object)': 0.11718255813265857,
  'PascalBoxes_PerformanceByCategory/AP@0.5IOU/lie/sleep': 0.4961792183023615,
  'PascalBoxes_PerformanceByCategory/AP@0.5IOU/listen to (a person)': 0.5139390133703998,
  'PascalBoxes_PerformanceByCategory/AP@0.5IOU/ride (e.g., a bike, a car, a horse)': 0.6404233694728068,
  'PascalBoxes_PerformanceByCategory/AP@0.5IOU/sit': 0.5464016383372989,
  'PascalBoxes_PerformanceByCategory/AP@0.5IOU/talk to (e.g., self, a person, a group)': 0.7942572052616126,
  'PascalBoxes_PerformanceByCategory/AP@0.5IOU/touch (an object)': 0.43338949314405273,
  'PascalBoxes_PerformanceByCategory/AP@0.5IOU/walk': 0.4206636805563972,
  'PascalBoxes_PerformanceByCategory/AP@0.5IOU/watch (a person)': nan,
  'PascalBoxes_Precision/mAP@0.5IOU': 0.49530452207219855}
[11/23 15:05:48][INFO] ava_eval_helper.py: 174: AVA eval done in 0.711621 seconds.
[11/23 15:05:48][INFO] logging.py:  97: json_stats: {
  "RAM": "12.76/251.81G",
  "_type": "val_epoch",
  "cur_epoch": "21",
  "gpu_mem": "1.28G",
  "map": 0.49530,
  "mode": "val"
}
[11/23 15:58:11][INFO] ava_eval_helper.py: 164: Evaluating with 344 unique GT frames.
[11/23 15:58:12][INFO] ava_eval_helper.py: 166: Evaluating with 340 unique detection frames
[11/23 15:58:12][INFO] ava_eval_helper.py: 314: AVA results wrote to detections_latest.csv
[11/23 15:58:12][INFO] ava_eval_helper.py: 315: 	took 0 seconds.
[11/23 15:58:12][INFO] ava_eval_helper.py: 314: AVA results wrote to groundtruth_latest.csv
[11/23 15:58:12][INFO] ava_eval_helper.py: 315: 	took 0 seconds.
[11/23 15:58:12][INFO] object_detection_evaluation.py: 772: The following classes have no ground truth examples: [1 8]
{ 'PascalBoxes_PerformanceByCategory/AP@0.5IOU/bend/bow (at the waist)': nan,
  'PascalBoxes_PerformanceByCategory/AP@0.5IOU/carry/hold (an object)': 0.1185189482283553,
  'PascalBoxes_PerformanceByCategory/AP@0.5IOU/lie/sleep': 0.5097691052322817,
  'PascalBoxes_PerformanceByCategory/AP@0.5IOU/listen to (a person)': 0.5344488442230011,
  'PascalBoxes_PerformanceByCategory/AP@0.5IOU/ride (e.g., a bike, a car, a horse)': 0.6641984062005614,
  'PascalBoxes_PerformanceByCategory/AP@0.5IOU/sit': 0.6231979737460888,
  'PascalBoxes_PerformanceByCategory/AP@0.5IOU/talk to (e.g., self, a person, a group)': 0.7012317289948385,
  'PascalBoxes_PerformanceByCategory/AP@0.5IOU/touch (an object)': 0.36593752800180923,
  'PascalBoxes_PerformanceByCategory/AP@0.5IOU/walk': 0.5053152353401921,
  'PascalBoxes_PerformanceByCategory/AP@0.5IOU/watch (a person)': nan,
  'PascalBoxes_Precision/mAP@0.5IOU': 0.502827221245891}
[11/23 15:58:12][INFO] ava_eval_helper.py: 174: AVA eval done in 0.777198 seconds.
[11/23 15:58:12][INFO] logging.py:  97: json_stats: {
  "RAM": "12.89/251.81G",
  "_type": "val_epoch",
  "cur_epoch": "22",
  "gpu_mem": "1.28G",
  "map": 0.50283,
  "mode": "val"
}
[11/23 16:59:11][INFO] ava_eval_helper.py: 164: Evaluating with 344 unique GT frames.
[11/23 16:59:11][INFO] ava_eval_helper.py: 166: Evaluating with 340 unique detection frames
[11/23 16:59:11][INFO] ava_eval_helper.py: 314: AVA results wrote to detections_latest.csv
[11/23 16:59:11][INFO] ava_eval_helper.py: 315: 	took 0 seconds.
[11/23 16:59:11][INFO] ava_eval_helper.py: 314: AVA results wrote to groundtruth_latest.csv
[11/23 16:59:11][INFO] ava_eval_helper.py: 315: 	took 0 seconds.
[11/23 16:59:12][INFO] object_detection_evaluation.py: 772: The following classes have no ground truth examples: [1 8]
{ 'PascalBoxes_PerformanceByCategory/AP@0.5IOU/bend/bow (at the waist)': nan,
  'PascalBoxes_PerformanceByCategory/AP@0.5IOU/carry/hold (an object)': 0.14332901950007293,
  'PascalBoxes_PerformanceByCategory/AP@0.5IOU/lie/sleep': 0.5316517561662351,
  'PascalBoxes_PerformanceByCategory/AP@0.5IOU/listen to (a person)': 0.48926706842749274,
  'PascalBoxes_PerformanceByCategory/AP@0.5IOU/ride (e.g., a bike, a car, a horse)': 0.6808004396018474,
  'PascalBoxes_PerformanceByCategory/AP@0.5IOU/sit': 0.5979080994885522,
  'PascalBoxes_PerformanceByCategory/AP@0.5IOU/talk to (e.g., self, a person, a group)': 0.7478960391684478,
  'PascalBoxes_PerformanceByCategory/AP@0.5IOU/touch (an object)': 0.35923240784332383,
  'PascalBoxes_PerformanceByCategory/AP@0.5IOU/walk': 0.5140543175219777,
  'PascalBoxes_PerformanceByCategory/AP@0.5IOU/watch (a person)': nan,
  'PascalBoxes_Precision/mAP@0.5IOU': 0.5080173934647437}
[11/23 16:59:12][INFO] ava_eval_helper.py: 174: AVA eval done in 0.788927 seconds.
[11/23 16:59:12][INFO] logging.py:  97: json_stats: {
  "RAM": "13.27/251.81G",
  "_type": "val_epoch",
  "cur_epoch": "23",
  "gpu_mem": "1.28G",
  "map": 0.50802,
  "mode": "val"
}
[11/23 17:58:14][INFO] ava_eval_helper.py: 164: Evaluating with 344 unique GT frames.
[11/23 17:58:14][INFO] ava_eval_helper.py: 166: Evaluating with 340 unique detection frames
[11/23 17:58:14][INFO] ava_eval_helper.py: 314: AVA results wrote to detections_latest.csv
[11/23 17:58:14][INFO] ava_eval_helper.py: 315: 	took 0 seconds.
[11/23 17:58:14][INFO] ava_eval_helper.py: 314: AVA results wrote to groundtruth_latest.csv
[11/23 17:58:14][INFO] ava_eval_helper.py: 315: 	took 0 seconds.
[11/23 17:58:15][INFO] object_detection_evaluation.py: 772: The following classes have no ground truth examples: [1 8]
{ 'PascalBoxes_PerformanceByCategory/AP@0.5IOU/bend/bow (at the waist)': nan,
  'PascalBoxes_PerformanceByCategory/AP@0.5IOU/carry/hold (an object)': 0.15405954273267836,
  'PascalBoxes_PerformanceByCategory/AP@0.5IOU/lie/sleep': 0.4438353228587225,
  'PascalBoxes_PerformanceByCategory/AP@0.5IOU/listen to (a person)': 0.4741290606365761,
  'PascalBoxes_PerformanceByCategory/AP@0.5IOU/ride (e.g., a bike, a car, a horse)': 0.6881263980959453,
  'PascalBoxes_PerformanceByCategory/AP@0.5IOU/sit': 0.6176688923491553,
  'PascalBoxes_PerformanceByCategory/AP@0.5IOU/talk to (e.g., self, a person, a group)': 0.785989099640381,
  'PascalBoxes_PerformanceByCategory/AP@0.5IOU/touch (an object)': 0.41373737031713487,
  'PascalBoxes_PerformanceByCategory/AP@0.5IOU/walk': 0.38191437761555563,
  'PascalBoxes_PerformanceByCategory/AP@0.5IOU/watch (a person)': nan,
  'PascalBoxes_Precision/mAP@0.5IOU': 0.4949325080307686}
[11/23 17:58:15][INFO] ava_eval_helper.py: 174: AVA eval done in 0.753236 seconds.
[11/23 17:58:15][INFO] logging.py:  97: json_stats: {
  "RAM": "13.11/251.81G",
  "_type": "val_epoch",
  "cur_epoch": "24",
  "gpu_mem": "1.28G",
  "map": 0.49493,
  "mode": "val"
}
[11/23 18:56:47][INFO] ava_eval_helper.py: 164: Evaluating with 344 unique GT frames.
[11/23 18:56:47][INFO] ava_eval_helper.py: 166: Evaluating with 340 unique detection frames
[11/23 18:56:47][INFO] ava_eval_helper.py: 314: AVA results wrote to detections_latest.csv
[11/23 18:56:47][INFO] ava_eval_helper.py: 315: 	took 0 seconds.
[11/23 18:56:47][INFO] ava_eval_helper.py: 314: AVA results wrote to groundtruth_latest.csv
[11/23 18:56:47][INFO] ava_eval_helper.py: 315: 	took 0 seconds.
[11/23 18:56:48][INFO] object_detection_evaluation.py: 772: The following classes have no ground truth examples: [1 8]
{ 'PascalBoxes_PerformanceByCategory/AP@0.5IOU/bend/bow (at the waist)': nan,
  'PascalBoxes_PerformanceByCategory/AP@0.5IOU/carry/hold (an object)': 0.1766049848797303,
  'PascalBoxes_PerformanceByCategory/AP@0.5IOU/lie/sleep': 0.5501887239000132,
  'PascalBoxes_PerformanceByCategory/AP@0.5IOU/listen to (a person)': 0.5010765044182101,
  'PascalBoxes_PerformanceByCategory/AP@0.5IOU/ride (e.g., a bike, a car, a horse)': 0.6871471477289887,
  'PascalBoxes_PerformanceByCategory/AP@0.5IOU/sit': 0.5249294058433526,
  'PascalBoxes_PerformanceByCategory/AP@0.5IOU/talk to (e.g., self, a person, a group)': 0.7779366202937888,
  'PascalBoxes_PerformanceByCategory/AP@0.5IOU/touch (an object)': 0.37035509576749365,
  'PascalBoxes_PerformanceByCategory/AP@0.5IOU/walk': 0.43644317148734657,
  'PascalBoxes_PerformanceByCategory/AP@0.5IOU/watch (a person)': nan,
  'PascalBoxes_Precision/mAP@0.5IOU': 0.5030852067898655}
[11/23 18:56:48][INFO] ava_eval_helper.py: 174: AVA eval done in 0.745613 seconds.
[11/23 18:56:48][INFO] logging.py:  97: json_stats: {
  "RAM": "12.72/251.81G",
  "_type": "val_epoch",
  "cur_epoch": "25",
  "gpu_mem": "1.28G",
  "map": 0.50309,
  "mode": "val"
}
[11/23 19:54:13][INFO] ava_eval_helper.py: 164: Evaluating with 344 unique GT frames.
[11/23 19:54:13][INFO] ava_eval_helper.py: 166: Evaluating with 340 unique detection frames
[11/23 19:54:13][INFO] ava_eval_helper.py: 314: AVA results wrote to detections_latest.csv
[11/23 19:54:13][INFO] ava_eval_helper.py: 315: 	took 0 seconds.
[11/23 19:54:13][INFO] ava_eval_helper.py: 314: AVA results wrote to groundtruth_latest.csv
[11/23 19:54:13][INFO] ava_eval_helper.py: 315: 	took 0 seconds.
[11/23 19:54:13][INFO] object_detection_evaluation.py: 772: The following classes have no ground truth examples: [1 8]
{ 'PascalBoxes_PerformanceByCategory/AP@0.5IOU/bend/bow (at the waist)': nan,
  'PascalBoxes_PerformanceByCategory/AP@0.5IOU/carry/hold (an object)': 0.1292731575598609,
  'PascalBoxes_PerformanceByCategory/AP@0.5IOU/lie/sleep': 0.5097091490957263,
  'PascalBoxes_PerformanceByCategory/AP@0.5IOU/listen to (a person)': 0.5224546768053565,
  'PascalBoxes_PerformanceByCategory/AP@0.5IOU/ride (e.g., a bike, a car, a horse)': 0.6638542090582453,
  'PascalBoxes_PerformanceByCategory/AP@0.5IOU/sit': 0.5711955436194779,
  'PascalBoxes_PerformanceByCategory/AP@0.5IOU/talk to (e.g., self, a person, a group)': 0.759792190881583,
  'PascalBoxes_PerformanceByCategory/AP@0.5IOU/touch (an object)': 0.34404490522610565,
  'PascalBoxes_PerformanceByCategory/AP@0.5IOU/walk': 0.35080689417809896,
  'PascalBoxes_PerformanceByCategory/AP@0.5IOU/watch (a person)': nan,
  'PascalBoxes_Precision/mAP@0.5IOU': 0.4813913408030568}
[11/23 19:54:13][INFO] ava_eval_helper.py: 174: AVA eval done in 0.749434 seconds.
[11/23 19:54:13][INFO] logging.py:  97: json_stats: {
  "RAM": "12.89/251.81G",
  "_type": "val_epoch",
  "cur_epoch": "26",
  "gpu_mem": "1.28G",
  "map": 0.48139,
  "mode": "val"
}
[11/23 20:56:17][INFO] ava_eval_helper.py: 164: Evaluating with 344 unique GT frames.
[11/23 20:56:17][INFO] ava_eval_helper.py: 166: Evaluating with 340 unique detection frames
[11/23 20:56:17][INFO] ava_eval_helper.py: 314: AVA results wrote to detections_latest.csv
[11/23 20:56:17][INFO] ava_eval_helper.py: 315: 	took 0 seconds.
[11/23 20:56:17][INFO] ava_eval_helper.py: 314: AVA results wrote to groundtruth_latest.csv
[11/23 20:56:17][INFO] ava_eval_helper.py: 315: 	took 0 seconds.
[11/23 20:56:18][INFO] object_detection_evaluation.py: 772: The following classes have no ground truth examples: [1 8]
{ 'PascalBoxes_PerformanceByCategory/AP@0.5IOU/bend/bow (at the waist)': nan,
  'PascalBoxes_PerformanceByCategory/AP@0.5IOU/carry/hold (an object)': 0.15083682675165663,
  'PascalBoxes_PerformanceByCategory/AP@0.5IOU/lie/sleep': 0.5339159546345617,
  'PascalBoxes_PerformanceByCategory/AP@0.5IOU/listen to (a person)': 0.4568238430398559,
  'PascalBoxes_PerformanceByCategory/AP@0.5IOU/ride (e.g., a bike, a car, a horse)': 0.603388383337263,
  'PascalBoxes_PerformanceByCategory/AP@0.5IOU/sit': 0.5723791159324093,
  'PascalBoxes_PerformanceByCategory/AP@0.5IOU/talk to (e.g., self, a person, a group)': 0.7214073286264906,
  'PascalBoxes_PerformanceByCategory/AP@0.5IOU/touch (an object)': 0.3895674904542308,
  'PascalBoxes_PerformanceByCategory/AP@0.5IOU/walk': 0.366254377232357,
  'PascalBoxes_PerformanceByCategory/AP@0.5IOU/watch (a person)': nan,
  'PascalBoxes_Precision/mAP@0.5IOU': 0.4743216650011031}
[11/23 20:56:18][INFO] ava_eval_helper.py: 174: AVA eval done in 0.803312 seconds.
[11/23 20:56:18][INFO] logging.py:  97: json_stats: {
  "RAM": "14.59/251.81G",
  "_type": "val_epoch",
  "cur_epoch": "27",
  "gpu_mem": "1.28G",
  "map": 0.47432,
  "mode": "val"
}
[11/23 21:59:14][INFO] ava_eval_helper.py: 164: Evaluating with 344 unique GT frames.
[11/23 21:59:14][INFO] ava_eval_helper.py: 166: Evaluating with 340 unique detection frames
[11/23 21:59:14][INFO] ava_eval_helper.py: 314: AVA results wrote to detections_latest.csv
[11/23 21:59:14][INFO] ava_eval_helper.py: 315: 	took 0 seconds.
[11/23 21:59:14][INFO] ava_eval_helper.py: 314: AVA results wrote to groundtruth_latest.csv
[11/23 21:59:14][INFO] ava_eval_helper.py: 315: 	took 0 seconds.
[11/23 21:59:14][INFO] object_detection_evaluation.py: 772: The following classes have no ground truth examples: [1 8]
{ 'PascalBoxes_PerformanceByCategory/AP@0.5IOU/bend/bow (at the waist)': nan,
  'PascalBoxes_PerformanceByCategory/AP@0.5IOU/carry/hold (an object)': 0.14757100111984858,
  'PascalBoxes_PerformanceByCategory/AP@0.5IOU/lie/sleep': 0.533388127836845,
  'PascalBoxes_PerformanceByCategory/AP@0.5IOU/listen to (a person)': 0.4915147979609271,
  'PascalBoxes_PerformanceByCategory/AP@0.5IOU/ride (e.g., a bike, a car, a horse)': 0.6845922027042638,
  'PascalBoxes_PerformanceByCategory/AP@0.5IOU/sit': 0.6498025305965188,
  'PascalBoxes_PerformanceByCategory/AP@0.5IOU/talk to (e.g., self, a person, a group)': 0.7737577955526601,
  'PascalBoxes_PerformanceByCategory/AP@0.5IOU/touch (an object)': 0.2623648551539999,
  'PascalBoxes_PerformanceByCategory/AP@0.5IOU/walk': 0.39587507324006954,
  'PascalBoxes_PerformanceByCategory/AP@0.5IOU/watch (a person)': nan,
  'PascalBoxes_Precision/mAP@0.5IOU': 0.4923582980206416}
[11/23 21:59:14][INFO] ava_eval_helper.py: 174: AVA eval done in 0.724363 seconds.
[11/23 21:59:14][INFO] logging.py:  97: json_stats: {
  "RAM": "11.81/251.81G",
  "_type": "val_epoch",
  "cur_epoch": "28",
  "gpu_mem": "1.28G",
  "map": 0.49236,
  "mode": "val"
}
[11/23 22:42:41][INFO] ava_eval_helper.py: 164: Evaluating with 344 unique GT frames.
[11/23 22:42:41][INFO] ava_eval_helper.py: 166: Evaluating with 340 unique detection frames
[11/23 22:42:41][INFO] ava_eval_helper.py: 314: AVA results wrote to detections_latest.csv
[11/23 22:42:41][INFO] ava_eval_helper.py: 315: 	took 0 seconds.
[11/23 22:42:41][INFO] ava_eval_helper.py: 314: AVA results wrote to groundtruth_latest.csv
[11/23 22:42:41][INFO] ava_eval_helper.py: 315: 	took 0 seconds.
[11/23 22:42:41][INFO] object_detection_evaluation.py: 772: The following classes have no ground truth examples: [1 8]
{ 'PascalBoxes_PerformanceByCategory/AP@0.5IOU/bend/bow (at the waist)': nan,
  'PascalBoxes_PerformanceByCategory/AP@0.5IOU/carry/hold (an object)': 0.20185042159132982,
  'PascalBoxes_PerformanceByCategory/AP@0.5IOU/lie/sleep': 0.5294351284482998,
  'PascalBoxes_PerformanceByCategory/AP@0.5IOU/listen to (a person)': 0.48332999401212684,
  'PascalBoxes_PerformanceByCategory/AP@0.5IOU/ride (e.g., a bike, a car, a horse)': 0.6483433900863287,
  'PascalBoxes_PerformanceByCategory/AP@0.5IOU/sit': 0.6353864571008864,
  'PascalBoxes_PerformanceByCategory/AP@0.5IOU/talk to (e.g., self, a person, a group)': 0.7327195054627382,
  'PascalBoxes_PerformanceByCategory/AP@0.5IOU/touch (an object)': 0.3726128130018253,
  'PascalBoxes_PerformanceByCategory/AP@0.5IOU/walk': 0.43145403698111795,
  'PascalBoxes_PerformanceByCategory/AP@0.5IOU/watch (a person)': nan,
  'PascalBoxes_Precision/mAP@0.5IOU': 0.5043914683355817}
[11/23 22:42:41][INFO] ava_eval_helper.py: 174: AVA eval done in 0.717503 seconds.
[11/23 22:42:41][INFO] logging.py:  97: json_stats: {
  "RAM": "12.20/251.81G",
  "_type": "val_epoch",
  "cur_epoch": "29",
  "gpu_mem": "1.28G",
  "map": 0.50439,
  "mode": "val"
}
slurmstepd: error: *** JOB 171712 ON biwirender11 CANCELLED AT 2020-11-23T22:46:43 ***
