
CommandNotFoundError: Your shell has not been properly configured to use 'conda activate'.
To initialize your shell, run

    $ conda init <SHELL_NAME>

Currently supported shells are:
  - bash
  - fish
  - tcsh
  - xonsh
  - zsh
  - powershell

See 'conda init --help' for more information and options.

IMPORTANT: You may need to close and restart your shell after running 'conda init'.


[11/23 23:15:04][INFO] train_net.py: 405: Train with config:
[11/23 23:15:04][INFO] train_net.py: 406: {'AVA': {'ANNOTATION_DIR': '/srv/beegfs02/scratch/da_action/data/ava/annotations_5_400_80/',
         'BGR': False,
         'DETECTION_SCORE_THRESH': 0.8,
         'EXCLUSION_FILE': 'ava_val_excluded_timestamps_v2.2.csv',
         'FRAME_DIR': '/srv/beegfs02/scratch/da_action/data/ava/frames/',
         'FRAME_LIST_DIR': '/srv/beegfs02/scratch/da_action/data/ava/frame_lists_5_400_80/',
         'FULL_TEST_ON_VAL': True,
         'GROUNDTRUTH_FILE': 'ava_val_v2.2.csv',
         'IMG_PROC_BACKEND': 'cv2',
         'LABEL_MAP_FILE': 'ava_action_list_v2.2.pbtxt',
         'TEST_FORCE_FLIP': False,
         'TEST_LISTS': ['val.csv'],
         'TEST_PREDICT_BOX_LISTS': ['ava_val_predicted_boxes.csv'],
         'TRAIN_GT_BOX_LISTS': ['ava_train_v2.2.csv'],
         'TRAIN_LISTS': ['train.csv'],
         'TRAIN_PCA_EIGVAL': [0.225, 0.224, 0.229],
         'TRAIN_PCA_EIGVEC': [[-0.5675, 0.7192, 0.4009],
                              [-0.5808, -0.0045, -0.814],
                              [-0.5836, -0.6948, 0.4203]],
         'TRAIN_PCA_JITTER_ONLY': True,
         'TRAIN_PREDICT_BOX_LISTS': [],
         'TRAIN_USE_COLOR_AUGMENTATION': False},
 'BENCHMARK': CfgNode({'NUM_EPOCHS': 5, 'LOG_PERIOD': 100, 'SHUFFLE': True}),
 'BN': {'NORM_TYPE': 'batchnorm',
        'NUM_BATCHES_PRECISE': 200,
        'NUM_SPLITS': 1,
        'NUM_SYNC_DEVICES': 1,
        'USE_PRECISE_STATS': False,
        'WEIGHT_DECAY': 0.0},
 'DATA': {'DECODING_BACKEND': 'pyav',
          'ENSEMBLE_METHOD': 'sum',
          'INPUT_CHANNEL_NUM': [3, 3],
          'INV_UNIFORM_SAMPLE': False,
          'MEAN': [0.45, 0.45, 0.45],
          'MULTI_LABEL': False,
          'NUM_FRAMES': 32,
          'PATH_LABEL_SEPARATOR': ' ',
          'PATH_PREFIX': '',
          'PATH_TO_DATA_DIR': '',
          'RANDOM_FLIP': True,
          'REVERSE_INPUT_CHANNEL': False,
          'SAMPLING_RATE': 2,
          'STD': [0.225, 0.225, 0.225],
          'TARGET_FPS': 30,
          'TEST_CROP_SIZE': 256,
          'TRAIN_CROP_SIZE': 224,
          'TRAIN_JITTER_SCALES': [256, 320]},
 'DATA_LOADER': {'ENABLE_MULTI_THREAD_DECODE': False,
                 'NUM_WORKERS': 1,
                 'PIN_MEMORY': True},
 'DEMO': {'BUFFER_SIZE': 0,
          'CLIP_VIS_SIZE': 10,
          'COMMON_CLASS_NAMES': ['watch (a person)',
                                 'talk to (e.g., self, a person, a group)',
                                 'listen to (a person)',
                                 'touch (an object)',
                                 'carry/hold (an object)',
                                 'walk',
                                 'sit',
                                 'lie/sleep',
                                 'bend/bow (at the waist)'],
          'COMMON_CLASS_THRES': 0.7,
          'DETECTRON2_CFG': 'COCO-Detection/faster_rcnn_R_50_FPN_3x.yaml',
          'DETECTRON2_THRESH': 0.9,
          'DETECTRON2_WEIGHTS': 'detectron2://COCO-Detection/faster_rcnn_R_50_FPN_3x/137849458/model_final_280758.pkl',
          'DISPLAY_HEIGHT': 0,
          'DISPLAY_WIDTH': 0,
          'ENABLE': False,
          'FPS': 30,
          'GT_BOXES': '',
          'INPUT_FORMAT': 'BGR',
          'INPUT_VIDEO': '',
          'LABEL_FILE_PATH': '',
          'NUM_CLIPS_SKIP': 0,
          'NUM_VIS_INSTANCES': 2,
          'OUTPUT_FILE': '',
          'OUTPUT_FPS': -1,
          'PREDS_BOXES': '',
          'SLOWMO': 1,
          'STARTING_SECOND': 900,
          'THREAD_ENABLE': False,
          'UNCOMMON_CLASS_THRES': 0.3,
          'VIS_MODE': 'thres',
          'WEBCAM': -1},
 'DETECTION': {'ALIGNED': False,
               'ENABLE': True,
               'ROI_XFORM_RESOLUTION': 7,
               'SPATIAL_SCALE_FACTOR': 16},
 'DIST_BACKEND': 'nccl',
 'LOG_MODEL_INFO': False,
 'LOG_PERIOD': 10,
 'MODEL': {'ARCH': 'slowfast',
           'DROPCONNECT_RATE': 0.0,
           'DROPOUT_RATE': 0.5,
           'FC_INIT_STD': 0.01,
           'FREEZE_TO': 605,
           'HEAD_ACT': 'sigmoid',
           'LOSS_FUNC': 'bce',
           'MODEL_NAME': 'SlowFast',
           'MULTI_PATHWAY_ARCH': ['slowfast'],
           'NUM_CLASSES': 5,
           'SINGLE_PATHWAY_ARCH': ['c2d', 'i3d', 'slow', 'x3d']},
 'MULTIGRID': {'BN_BASE_SIZE': 8,
               'DEFAULT_B': 0,
               'DEFAULT_S': 0,
               'DEFAULT_T': 0,
               'EPOCH_FACTOR': 1.5,
               'EVAL_FREQ': 3,
               'LONG_CYCLE': False,
               'LONG_CYCLE_FACTORS': [(0.25, 0.7071067811865476),
                                      (0.5, 0.7071067811865476),
                                      (0.5, 1),
                                      (1, 1)],
               'LONG_CYCLE_SAMPLING_RATE': 0,
               'SHORT_CYCLE': False,
               'SHORT_CYCLE_FACTORS': [0.5, 0.7071067811865476]},
 'NONLOCAL': {'GROUP': [[1, 1], [1, 1], [1, 1], [1, 1]],
              'INSTANTIATION': 'dot_product',
              'LOCATION': [[[], []], [[], []], [[6, 13, 20], []], [[], []]],
              'POOL': [[[2, 2, 2], [2, 2, 2]],
                       [[2, 2, 2], [2, 2, 2]],
                       [[2, 2, 2], [2, 2, 2]],
                       [[2, 2, 2], [2, 2, 2]]]},
 'NUM_GPUS': 1,
 'NUM_SHARDS': 1,
 'OUTPUT_DIR': '/srv/beegfs02/scratch/da_action/data/output/ex_5_400_80_v3',
 'RESNET': {'DEPTH': 101,
            'INPLACE_RELU': True,
            'NUM_BLOCK_TEMP_KERNEL': [[3, 3], [4, 4], [6, 6], [3, 3]],
            'NUM_GROUPS': 1,
            'SPATIAL_DILATIONS': [[1, 1], [1, 1], [1, 1], [2, 2]],
            'SPATIAL_STRIDES': [[1, 1], [2, 2], [2, 2], [1, 1]],
            'STRIDE_1X1': False,
            'TRANS_FUNC': 'bottleneck_transform',
            'WIDTH_PER_GROUP': 64,
            'ZERO_INIT_FINAL_BN': True},
 'RNG_SEED': 0,
 'SHARD_ID': 0,
 'SLOWFAST': {'ALPHA': 4,
              'BETA_INV': 8,
              'FUSION_CONV_CHANNEL_RATIO': 2,
              'FUSION_KERNEL_SZ': 5},
 'SOLVER': {'BASE_LR': 0.01,
            'BASE_LR_SCALE_NUM_SHARDS': False,
            'COSINE_END_LR': 0.0,
            'DAMPENING': 0.0,
            'GAMMA': 0.1,
            'LRS': [],
            'LR_POLICY': 'cosine',
            'MAX_EPOCH': 300,
            'MOMENTUM': 0.9,
            'NESTEROV': True,
            'OPTIMIZING_METHOD': 'sgd',
            'STEPS': [],
            'STEP_SIZE': 1,
            'WARMUP_EPOCHS': 0.0,
            'WARMUP_FACTOR': 0.1,
            'WARMUP_START_LR': 0.01,
            'WEIGHT_DECAY': 1e-07},
 'TENSORBOARD': {'CATEGORIES_PATH': '',
                 'CLASS_NAMES_PATH': '',
                 'CONFUSION_MATRIX': {'ENABLE': False,
                                      'FIGSIZE': [8, 8],
                                      'SUBSET_PATH': ''},
                 'ENABLE': True,
                 'HISTOGRAM': {'ENABLE': False,
                               'FIGSIZE': [8, 8],
                               'SUBSET_PATH': '',
                               'TOPK': 10},
                 'LOG_DIR': 'tensorboard',
                 'MODEL_VIS': {'ACTIVATIONS': False,
                               'COLORMAP': 'Pastel2',
                               'ENABLE': False,
                               'GRAD_CAM': {'COLORMAP': 'viridis',
                                            'ENABLE': True,
                                            'LAYER_LIST': [],
                                            'USE_TRUE_LABEL': False},
                               'INPUT_VIDEO': False,
                               'LAYER_LIST': [],
                               'MODEL_WEIGHTS': False,
                               'TOPK_PREDS': 1},
                 'PREDICTIONS_PATH': '',
                 'WRONG_PRED_VIS': {'ENABLE': False,
                                    'SUBSET_PATH': '',
                                    'TAG': 'Incorrectly classified videos.'}},
 'TEST': {'BATCH_SIZE': 4,
          'CHECKPOINT_FILE_PATH': '',
          'CHECKPOINT_TYPE': 'pytorch',
          'DATASET': 'ava',
          'ENABLE': True,
          'NUM_ENSEMBLE_VIEWS': 10,
          'NUM_SPATIAL_CROPS': 3,
          'SAVE_RESULTS_PATH': ''},
 'TRAIN': {'AUTO_RESUME': False,
           'BATCH_SIZE': 4,
           'CHECKPOINT_CLEAR_NAME_PATTERN': (),
           'CHECKPOINT_EPOCH_RESET': False,
           'CHECKPOINT_FILE_PATH': '/srv/beegfs02/scratch/da_action/data/models_pretrained/SLOWFAST_32x2_R101_50_50.pkl',
           'CHECKPOINT_INFLATE': False,
           'CHECKPOINT_PERIOD': 1,
           'CHECKPOINT_TYPE': 'pytorch',
           'DATASET': 'ava',
           'ENABLE': True,
           'EVAL_PERIOD': 1},
 'X3D': {'BN_LIN5': False,
         'BOTTLENECK_FACTOR': 1.0,
         'CHANNELWISE_3x3x3': True,
         'DEPTH_FACTOR': 1.0,
         'DIM_C1': 12,
         'DIM_C5': 2048,
         'SCALE_RES2': False,
         'WIDTH_FACTOR': 1.0}}
0 frozen s1.pathway0_stem.conv.weight
1 frozen s1.pathway0_stem.bn.weight
2 frozen s1.pathway0_stem.bn.bias
3 frozen s1.pathway1_stem.conv.weight
4 frozen s1.pathway1_stem.bn.weight
5 frozen s1.pathway1_stem.bn.bias
6 frozen s1_fuse.conv_f2s.weight
7 frozen s1_fuse.bn.weight
8 frozen s1_fuse.bn.bias
9 frozen s2.pathway0_res0.branch1.weight
10 frozen s2.pathway0_res0.branch1_bn.weight
11 frozen s2.pathway0_res0.branch1_bn.bias
12 frozen s2.pathway0_res0.branch2.a.weight
13 frozen s2.pathway0_res0.branch2.a_bn.weight
14 frozen s2.pathway0_res0.branch2.a_bn.bias
15 frozen s2.pathway0_res0.branch2.b.weight
16 frozen s2.pathway0_res0.branch2.b_bn.weight
17 frozen s2.pathway0_res0.branch2.b_bn.bias
18 frozen s2.pathway0_res0.branch2.c.weight
19 frozen s2.pathway0_res0.branch2.c_bn.weight
20 frozen s2.pathway0_res0.branch2.c_bn.bias
21 frozen s2.pathway0_res1.branch2.a.weight
22 frozen s2.pathway0_res1.branch2.a_bn.weight
23 frozen s2.pathway0_res1.branch2.a_bn.bias
24 frozen s2.pathway0_res1.branch2.b.weight
25 frozen s2.pathway0_res1.branch2.b_bn.weight
26 frozen s2.pathway0_res1.branch2.b_bn.bias
27 frozen s2.pathway0_res1.branch2.c.weight
28 frozen s2.pathway0_res1.branch2.c_bn.weight
29 frozen s2.pathway0_res1.branch2.c_bn.bias
30 frozen s2.pathway0_res2.branch2.a.weight
31 frozen s2.pathway0_res2.branch2.a_bn.weight
32 frozen s2.pathway0_res2.branch2.a_bn.bias
33 frozen s2.pathway0_res2.branch2.b.weight
34 frozen s2.pathway0_res2.branch2.b_bn.weight
35 frozen s2.pathway0_res2.branch2.b_bn.bias
36 frozen s2.pathway0_res2.branch2.c.weight
37 frozen s2.pathway0_res2.branch2.c_bn.weight
38 frozen s2.pathway0_res2.branch2.c_bn.bias
39 frozen s2.pathway1_res0.branch1.weight
40 frozen s2.pathway1_res0.branch1_bn.weight
41 frozen s2.pathway1_res0.branch1_bn.bias
42 frozen s2.pathway1_res0.branch2.a.weight
43 frozen s2.pathway1_res0.branch2.a_bn.weight
44 frozen s2.pathway1_res0.branch2.a_bn.bias
45 frozen s2.pathway1_res0.branch2.b.weight
46 frozen s2.pathway1_res0.branch2.b_bn.weight
47 frozen s2.pathway1_res0.branch2.b_bn.bias
48 frozen s2.pathway1_res0.branch2.c.weight
49 frozen s2.pathway1_res0.branch2.c_bn.weight
50 frozen s2.pathway1_res0.branch2.c_bn.bias
51 frozen s2.pathway1_res1.branch2.a.weight
52 frozen s2.pathway1_res1.branch2.a_bn.weight
53 frozen s2.pathway1_res1.branch2.a_bn.bias
54 frozen s2.pathway1_res1.branch2.b.weight
55 frozen s2.pathway1_res1.branch2.b_bn.weight
56 frozen s2.pathway1_res1.branch2.b_bn.bias
57 frozen s2.pathway1_res1.branch2.c.weight
58 frozen s2.pathway1_res1.branch2.c_bn.weight
59 frozen s2.pathway1_res1.branch2.c_bn.bias
60 frozen s2.pathway1_res2.branch2.a.weight
61 frozen s2.pathway1_res2.branch2.a_bn.weight
62 frozen s2.pathway1_res2.branch2.a_bn.bias
63 frozen s2.pathway1_res2.branch2.b.weight
64 frozen s2.pathway1_res2.branch2.b_bn.weight
65 frozen s2.pathway1_res2.branch2.b_bn.bias
66 frozen s2.pathway1_res2.branch2.c.weight
67 frozen s2.pathway1_res2.branch2.c_bn.weight
68 frozen s2.pathway1_res2.branch2.c_bn.bias
69 frozen s2_fuse.conv_f2s.weight
70 frozen s2_fuse.bn.weight
71 frozen s2_fuse.bn.bias
72 frozen s3.pathway0_res0.branch1.weight
73 frozen s3.pathway0_res0.branch1_bn.weight
74 frozen s3.pathway0_res0.branch1_bn.bias
75 frozen s3.pathway0_res0.branch2.a.weight
76 frozen s3.pathway0_res0.branch2.a_bn.weight
77 frozen s3.pathway0_res0.branch2.a_bn.bias
78 frozen s3.pathway0_res0.branch2.b.weight
79 frozen s3.pathway0_res0.branch2.b_bn.weight
80 frozen s3.pathway0_res0.branch2.b_bn.bias
81 frozen s3.pathway0_res0.branch2.c.weight
82 frozen s3.pathway0_res0.branch2.c_bn.weight
83 frozen s3.pathway0_res0.branch2.c_bn.bias
84 frozen s3.pathway0_res1.branch2.a.weight
85 frozen s3.pathway0_res1.branch2.a_bn.weight
86 frozen s3.pathway0_res1.branch2.a_bn.bias
87 frozen s3.pathway0_res1.branch2.b.weight
88 frozen s3.pathway0_res1.branch2.b_bn.weight
89 frozen s3.pathway0_res1.branch2.b_bn.bias
90 frozen s3.pathway0_res1.branch2.c.weight
91 frozen s3.pathway0_res1.branch2.c_bn.weight
92 frozen s3.pathway0_res1.branch2.c_bn.bias
93 frozen s3.pathway0_res2.branch2.a.weight
94 frozen s3.pathway0_res2.branch2.a_bn.weight
95 frozen s3.pathway0_res2.branch2.a_bn.bias
96 frozen s3.pathway0_res2.branch2.b.weight
97 frozen s3.pathway0_res2.branch2.b_bn.weight
98 frozen s3.pathway0_res2.branch2.b_bn.bias
99 frozen s3.pathway0_res2.branch2.c.weight
100 frozen s3.pathway0_res2.branch2.c_bn.weight
101 frozen s3.pathway0_res2.branch2.c_bn.bias
102 frozen s3.pathway0_res3.branch2.a.weight
103 frozen s3.pathway0_res3.branch2.a_bn.weight
104 frozen s3.pathway0_res3.branch2.a_bn.bias
105 frozen s3.pathway0_res3.branch2.b.weight
106 frozen s3.pathway0_res3.branch2.b_bn.weight
107 frozen s3.pathway0_res3.branch2.b_bn.bias
108 frozen s3.pathway0_res3.branch2.c.weight
109 frozen s3.pathway0_res3.branch2.c_bn.weight
110 frozen s3.pathway0_res3.branch2.c_bn.bias
111 frozen s3.pathway1_res0.branch1.weight
112 frozen s3.pathway1_res0.branch1_bn.weight
113 frozen s3.pathway1_res0.branch1_bn.bias
114 frozen s3.pathway1_res0.branch2.a.weight
115 frozen s3.pathway1_res0.branch2.a_bn.weight
116 frozen s3.pathway1_res0.branch2.a_bn.bias
117 frozen s3.pathway1_res0.branch2.b.weight
118 frozen s3.pathway1_res0.branch2.b_bn.weight
119 frozen s3.pathway1_res0.branch2.b_bn.bias
120 frozen s3.pathway1_res0.branch2.c.weight
121 frozen s3.pathway1_res0.branch2.c_bn.weight
122 frozen s3.pathway1_res0.branch2.c_bn.bias
123 frozen s3.pathway1_res1.branch2.a.weight
124 frozen s3.pathway1_res1.branch2.a_bn.weight
125 frozen s3.pathway1_res1.branch2.a_bn.bias
126 frozen s3.pathway1_res1.branch2.b.weight
127 frozen s3.pathway1_res1.branch2.b_bn.weight
128 frozen s3.pathway1_res1.branch2.b_bn.bias
129 frozen s3.pathway1_res1.branch2.c.weight
130 frozen s3.pathway1_res1.branch2.c_bn.weight
131 frozen s3.pathway1_res1.branch2.c_bn.bias
132 frozen s3.pathway1_res2.branch2.a.weight
133 frozen s3.pathway1_res2.branch2.a_bn.weight
134 frozen s3.pathway1_res2.branch2.a_bn.bias
135 frozen s3.pathway1_res2.branch2.b.weight
136 frozen s3.pathway1_res2.branch2.b_bn.weight
137 frozen s3.pathway1_res2.branch2.b_bn.bias
138 frozen s3.pathway1_res2.branch2.c.weight
139 frozen s3.pathway1_res2.branch2.c_bn.weight
140 frozen s3.pathway1_res2.branch2.c_bn.bias
141 frozen s3.pathway1_res3.branch2.a.weight
142 frozen s3.pathway1_res3.branch2.a_bn.weight
143 frozen s3.pathway1_res3.branch2.a_bn.bias
144 frozen s3.pathway1_res3.branch2.b.weight
145 frozen s3.pathway1_res3.branch2.b_bn.weight
146 frozen s3.pathway1_res3.branch2.b_bn.bias
147 frozen s3.pathway1_res3.branch2.c.weight
148 frozen s3.pathway1_res3.branch2.c_bn.weight
149 frozen s3.pathway1_res3.branch2.c_bn.bias
150 frozen s3_fuse.conv_f2s.weight
151 frozen s3_fuse.bn.weight
152 frozen s3_fuse.bn.bias
153 frozen s4.pathway0_res0.branch1.weight
154 frozen s4.pathway0_res0.branch1_bn.weight
155 frozen s4.pathway0_res0.branch1_bn.bias
156 frozen s4.pathway0_res0.branch2.a.weight
157 frozen s4.pathway0_res0.branch2.a_bn.weight
158 frozen s4.pathway0_res0.branch2.a_bn.bias
159 frozen s4.pathway0_res0.branch2.b.weight
160 frozen s4.pathway0_res0.branch2.b_bn.weight
161 frozen s4.pathway0_res0.branch2.b_bn.bias
162 frozen s4.pathway0_res0.branch2.c.weight
163 frozen s4.pathway0_res0.branch2.c_bn.weight
164 frozen s4.pathway0_res0.branch2.c_bn.bias
165 frozen s4.pathway0_res1.branch2.a.weight
166 frozen s4.pathway0_res1.branch2.a_bn.weight
167 frozen s4.pathway0_res1.branch2.a_bn.bias
168 frozen s4.pathway0_res1.branch2.b.weight
169 frozen s4.pathway0_res1.branch2.b_bn.weight
170 frozen s4.pathway0_res1.branch2.b_bn.bias
171 frozen s4.pathway0_res1.branch2.c.weight
172 frozen s4.pathway0_res1.branch2.c_bn.weight
173 frozen s4.pathway0_res1.branch2.c_bn.bias
174 frozen s4.pathway0_res2.branch2.a.weight
175 frozen s4.pathway0_res2.branch2.a_bn.weight
176 frozen s4.pathway0_res2.branch2.a_bn.bias
177 frozen s4.pathway0_res2.branch2.b.weight
178 frozen s4.pathway0_res2.branch2.b_bn.weight
179 frozen s4.pathway0_res2.branch2.b_bn.bias
180 frozen s4.pathway0_res2.branch2.c.weight
181 frozen s4.pathway0_res2.branch2.c_bn.weight
182 frozen s4.pathway0_res2.branch2.c_bn.bias
183 frozen s4.pathway0_res3.branch2.a.weight
184 frozen s4.pathway0_res3.branch2.a_bn.weight
185 frozen s4.pathway0_res3.branch2.a_bn.bias
186 frozen s4.pathway0_res3.branch2.b.weight
187 frozen s4.pathway0_res3.branch2.b_bn.weight
188 frozen s4.pathway0_res3.branch2.b_bn.bias
189 frozen s4.pathway0_res3.branch2.c.weight
190 frozen s4.pathway0_res3.branch2.c_bn.weight
191 frozen s4.pathway0_res3.branch2.c_bn.bias
192 frozen s4.pathway0_res4.branch2.a.weight
193 frozen s4.pathway0_res4.branch2.a_bn.weight
194 frozen s4.pathway0_res4.branch2.a_bn.bias
195 frozen s4.pathway0_res4.branch2.b.weight
196 frozen s4.pathway0_res4.branch2.b_bn.weight
197 frozen s4.pathway0_res4.branch2.b_bn.bias
198 frozen s4.pathway0_res4.branch2.c.weight
199 frozen s4.pathway0_res4.branch2.c_bn.weight
200 frozen s4.pathway0_res4.branch2.c_bn.bias
201 frozen s4.pathway0_res5.branch2.a.weight
202 frozen s4.pathway0_res5.branch2.a_bn.weight
203 frozen s4.pathway0_res5.branch2.a_bn.bias
204 frozen s4.pathway0_res5.branch2.b.weight
205 frozen s4.pathway0_res5.branch2.b_bn.weight
206 frozen s4.pathway0_res5.branch2.b_bn.bias
207 frozen s4.pathway0_res5.branch2.c.weight
208 frozen s4.pathway0_res5.branch2.c_bn.weight
209 frozen s4.pathway0_res5.branch2.c_bn.bias
210 frozen s4.pathway0_res6.branch2.a.weight
211 frozen s4.pathway0_res6.branch2.a_bn.weight
212 frozen s4.pathway0_res6.branch2.a_bn.bias
213 frozen s4.pathway0_res6.branch2.b.weight
214 frozen s4.pathway0_res6.branch2.b_bn.weight
215 frozen s4.pathway0_res6.branch2.b_bn.bias
216 frozen s4.pathway0_res6.branch2.c.weight
217 frozen s4.pathway0_res6.branch2.c_bn.weight
218 frozen s4.pathway0_res6.branch2.c_bn.bias
219 frozen s4.pathway0_nonlocal6.conv_theta.weight
220 frozen s4.pathway0_nonlocal6.conv_theta.bias
221 frozen s4.pathway0_nonlocal6.conv_phi.weight
222 frozen s4.pathway0_nonlocal6.conv_phi.bias
223 frozen s4.pathway0_nonlocal6.conv_g.weight
224 frozen s4.pathway0_nonlocal6.conv_g.bias
225 frozen s4.pathway0_nonlocal6.conv_out.weight
226 frozen s4.pathway0_nonlocal6.conv_out.bias
227 frozen s4.pathway0_nonlocal6.bn.weight
228 frozen s4.pathway0_nonlocal6.bn.bias
229 frozen s4.pathway0_res7.branch2.a.weight
230 frozen s4.pathway0_res7.branch2.a_bn.weight
231 frozen s4.pathway0_res7.branch2.a_bn.bias
232 frozen s4.pathway0_res7.branch2.b.weight
233 frozen s4.pathway0_res7.branch2.b_bn.weight
234 frozen s4.pathway0_res7.branch2.b_bn.bias
235 frozen s4.pathway0_res7.branch2.c.weight
236 frozen s4.pathway0_res7.branch2.c_bn.weight
237 frozen s4.pathway0_res7.branch2.c_bn.bias
238 frozen s4.pathway0_res8.branch2.a.weight
239 frozen s4.pathway0_res8.branch2.a_bn.weight
240 frozen s4.pathway0_res8.branch2.a_bn.bias
241 frozen s4.pathway0_res8.branch2.b.weight
242 frozen s4.pathway0_res8.branch2.b_bn.weight
243 frozen s4.pathway0_res8.branch2.b_bn.bias
244 frozen s4.pathway0_res8.branch2.c.weight
245 frozen s4.pathway0_res8.branch2.c_bn.weight
246 frozen s4.pathway0_res8.branch2.c_bn.bias
247 frozen s4.pathway0_res9.branch2.a.weight
248 frozen s4.pathway0_res9.branch2.a_bn.weight
249 frozen s4.pathway0_res9.branch2.a_bn.bias
250 frozen s4.pathway0_res9.branch2.b.weight
251 frozen s4.pathway0_res9.branch2.b_bn.weight
252 frozen s4.pathway0_res9.branch2.b_bn.bias
253 frozen s4.pathway0_res9.branch2.c.weight
254 frozen s4.pathway0_res9.branch2.c_bn.weight
255 frozen s4.pathway0_res9.branch2.c_bn.bias
256 frozen s4.pathway0_res10.branch2.a.weight
257 frozen s4.pathway0_res10.branch2.a_bn.weight
258 frozen s4.pathway0_res10.branch2.a_bn.bias
259 frozen s4.pathway0_res10.branch2.b.weight
260 frozen s4.pathway0_res10.branch2.b_bn.weight
261 frozen s4.pathway0_res10.branch2.b_bn.bias
262 frozen s4.pathway0_res10.branch2.c.weight
263 frozen s4.pathway0_res10.branch2.c_bn.weight
264 frozen s4.pathway0_res10.branch2.c_bn.bias
265 frozen s4.pathway0_res11.branch2.a.weight
266 frozen s4.pathway0_res11.branch2.a_bn.weight
267 frozen s4.pathway0_res11.branch2.a_bn.bias
268 frozen s4.pathway0_res11.branch2.b.weight
269 frozen s4.pathway0_res11.branch2.b_bn.weight
270 frozen s4.pathway0_res11.branch2.b_bn.bias
271 frozen s4.pathway0_res11.branch2.c.weight
272 frozen s4.pathway0_res11.branch2.c_bn.weight
273 frozen s4.pathway0_res11.branch2.c_bn.bias
274 frozen s4.pathway0_res12.branch2.a.weight
275 frozen s4.pathway0_res12.branch2.a_bn.weight
276 frozen s4.pathway0_res12.branch2.a_bn.bias
277 frozen s4.pathway0_res12.branch2.b.weight
278 frozen s4.pathway0_res12.branch2.b_bn.weight
279 frozen s4.pathway0_res12.branch2.b_bn.bias
280 frozen s4.pathway0_res12.branch2.c.weight
281 frozen s4.pathway0_res12.branch2.c_bn.weight
282 frozen s4.pathway0_res12.branch2.c_bn.bias
283 frozen s4.pathway0_res13.branch2.a.weight
284 frozen s4.pathway0_res13.branch2.a_bn.weight
285 frozen s4.pathway0_res13.branch2.a_bn.bias
286 frozen s4.pathway0_res13.branch2.b.weight
287 frozen s4.pathway0_res13.branch2.b_bn.weight
288 frozen s4.pathway0_res13.branch2.b_bn.bias
289 frozen s4.pathway0_res13.branch2.c.weight
290 frozen s4.pathway0_res13.branch2.c_bn.weight
291 frozen s4.pathway0_res13.branch2.c_bn.bias
292 frozen s4.pathway0_nonlocal13.conv_theta.weight
293 frozen s4.pathway0_nonlocal13.conv_theta.bias
294 frozen s4.pathway0_nonlocal13.conv_phi.weight
295 frozen s4.pathway0_nonlocal13.conv_phi.bias
296 frozen s4.pathway0_nonlocal13.conv_g.weight
297 frozen s4.pathway0_nonlocal13.conv_g.bias
298 frozen s4.pathway0_nonlocal13.conv_out.weight
299 frozen s4.pathway0_nonlocal13.conv_out.bias
300 frozen s4.pathway0_nonlocal13.bn.weight
301 frozen s4.pathway0_nonlocal13.bn.bias
302 frozen s4.pathway0_res14.branch2.a.weight
303 frozen s4.pathway0_res14.branch2.a_bn.weight
304 frozen s4.pathway0_res14.branch2.a_bn.bias
305 frozen s4.pathway0_res14.branch2.b.weight
306 frozen s4.pathway0_res14.branch2.b_bn.weight
307 frozen s4.pathway0_res14.branch2.b_bn.bias
308 frozen s4.pathway0_res14.branch2.c.weight
309 frozen s4.pathway0_res14.branch2.c_bn.weight
310 frozen s4.pathway0_res14.branch2.c_bn.bias
311 frozen s4.pathway0_res15.branch2.a.weight
312 frozen s4.pathway0_res15.branch2.a_bn.weight
313 frozen s4.pathway0_res15.branch2.a_bn.bias
314 frozen s4.pathway0_res15.branch2.b.weight
315 frozen s4.pathway0_res15.branch2.b_bn.weight
316 frozen s4.pathway0_res15.branch2.b_bn.bias
317 frozen s4.pathway0_res15.branch2.c.weight
318 frozen s4.pathway0_res15.branch2.c_bn.weight
319 frozen s4.pathway0_res15.branch2.c_bn.bias
320 frozen s4.pathway0_res16.branch2.a.weight
321 frozen s4.pathway0_res16.branch2.a_bn.weight
322 frozen s4.pathway0_res16.branch2.a_bn.bias
323 frozen s4.pathway0_res16.branch2.b.weight
324 frozen s4.pathway0_res16.branch2.b_bn.weight
325 frozen s4.pathway0_res16.branch2.b_bn.bias
326 frozen s4.pathway0_res16.branch2.c.weight
327 frozen s4.pathway0_res16.branch2.c_bn.weight
328 frozen s4.pathway0_res16.branch2.c_bn.bias
329 frozen s4.pathway0_res17.branch2.a.weight
330 frozen s4.pathway0_res17.branch2.a_bn.weight
331 frozen s4.pathway0_res17.branch2.a_bn.bias
332 frozen s4.pathway0_res17.branch2.b.weight
333 frozen s4.pathway0_res17.branch2.b_bn.weight
334 frozen s4.pathway0_res17.branch2.b_bn.bias
335 frozen s4.pathway0_res17.branch2.c.weight
336 frozen s4.pathway0_res17.branch2.c_bn.weight
337 frozen s4.pathway0_res17.branch2.c_bn.bias
338 frozen s4.pathway0_res18.branch2.a.weight
339 frozen s4.pathway0_res18.branch2.a_bn.weight
340 frozen s4.pathway0_res18.branch2.a_bn.bias
341 frozen s4.pathway0_res18.branch2.b.weight
342 frozen s4.pathway0_res18.branch2.b_bn.weight
343 frozen s4.pathway0_res18.branch2.b_bn.bias
344 frozen s4.pathway0_res18.branch2.c.weight
345 frozen s4.pathway0_res18.branch2.c_bn.weight
346 frozen s4.pathway0_res18.branch2.c_bn.bias
347 frozen s4.pathway0_res19.branch2.a.weight
348 frozen s4.pathway0_res19.branch2.a_bn.weight
349 frozen s4.pathway0_res19.branch2.a_bn.bias
350 frozen s4.pathway0_res19.branch2.b.weight
351 frozen s4.pathway0_res19.branch2.b_bn.weight
352 frozen s4.pathway0_res19.branch2.b_bn.bias
353 frozen s4.pathway0_res19.branch2.c.weight
354 frozen s4.pathway0_res19.branch2.c_bn.weight
355 frozen s4.pathway0_res19.branch2.c_bn.bias
356 frozen s4.pathway0_res20.branch2.a.weight
357 frozen s4.pathway0_res20.branch2.a_bn.weight
358 frozen s4.pathway0_res20.branch2.a_bn.bias
359 frozen s4.pathway0_res20.branch2.b.weight
360 frozen s4.pathway0_res20.branch2.b_bn.weight
361 frozen s4.pathway0_res20.branch2.b_bn.bias
362 frozen s4.pathway0_res20.branch2.c.weight
363 frozen s4.pathway0_res20.branch2.c_bn.weight
364 frozen s4.pathway0_res20.branch2.c_bn.bias
365 frozen s4.pathway0_nonlocal20.conv_theta.weight
366 frozen s4.pathway0_nonlocal20.conv_theta.bias
367 frozen s4.pathway0_nonlocal20.conv_phi.weight
368 frozen s4.pathway0_nonlocal20.conv_phi.bias
369 frozen s4.pathway0_nonlocal20.conv_g.weight
370 frozen s4.pathway0_nonlocal20.conv_g.bias
371 frozen s4.pathway0_nonlocal20.conv_out.weight
372 frozen s4.pathway0_nonlocal20.conv_out.bias
373 frozen s4.pathway0_nonlocal20.bn.weight
374 frozen s4.pathway0_nonlocal20.bn.bias
375 frozen s4.pathway0_res21.branch2.a.weight
376 frozen s4.pathway0_res21.branch2.a_bn.weight
377 frozen s4.pathway0_res21.branch2.a_bn.bias
378 frozen s4.pathway0_res21.branch2.b.weight
379 frozen s4.pathway0_res21.branch2.b_bn.weight
380 frozen s4.pathway0_res21.branch2.b_bn.bias
381 frozen s4.pathway0_res21.branch2.c.weight
382 frozen s4.pathway0_res21.branch2.c_bn.weight
383 frozen s4.pathway0_res21.branch2.c_bn.bias
384 frozen s4.pathway0_res22.branch2.a.weight
385 frozen s4.pathway0_res22.branch2.a_bn.weight
386 frozen s4.pathway0_res22.branch2.a_bn.bias
387 frozen s4.pathway0_res22.branch2.b.weight
388 frozen s4.pathway0_res22.branch2.b_bn.weight
389 frozen s4.pathway0_res22.branch2.b_bn.bias
390 frozen s4.pathway0_res22.branch2.c.weight
391 frozen s4.pathway0_res22.branch2.c_bn.weight
392 frozen s4.pathway0_res22.branch2.c_bn.bias
393 frozen s4.pathway1_res0.branch1.weight
394 frozen s4.pathway1_res0.branch1_bn.weight
395 frozen s4.pathway1_res0.branch1_bn.bias
396 frozen s4.pathway1_res0.branch2.a.weight
397 frozen s4.pathway1_res0.branch2.a_bn.weight
398 frozen s4.pathway1_res0.branch2.a_bn.bias
399 frozen s4.pathway1_res0.branch2.b.weight
400 frozen s4.pathway1_res0.branch2.b_bn.weight
401 frozen s4.pathway1_res0.branch2.b_bn.bias
402 frozen s4.pathway1_res0.branch2.c.weight
403 frozen s4.pathway1_res0.branch2.c_bn.weight
404 frozen s4.pathway1_res0.branch2.c_bn.bias
405 frozen s4.pathway1_res1.branch2.a.weight
406 frozen s4.pathway1_res1.branch2.a_bn.weight
407 frozen s4.pathway1_res1.branch2.a_bn.bias
408 frozen s4.pathway1_res1.branch2.b.weight
409 frozen s4.pathway1_res1.branch2.b_bn.weight
410 frozen s4.pathway1_res1.branch2.b_bn.bias
411 frozen s4.pathway1_res1.branch2.c.weight
412 frozen s4.pathway1_res1.branch2.c_bn.weight
413 frozen s4.pathway1_res1.branch2.c_bn.bias
414 frozen s4.pathway1_res2.branch2.a.weight
415 frozen s4.pathway1_res2.branch2.a_bn.weight
416 frozen s4.pathway1_res2.branch2.a_bn.bias
417 frozen s4.pathway1_res2.branch2.b.weight
418 frozen s4.pathway1_res2.branch2.b_bn.weight
419 frozen s4.pathway1_res2.branch2.b_bn.bias
420 frozen s4.pathway1_res2.branch2.c.weight
421 frozen s4.pathway1_res2.branch2.c_bn.weight
422 frozen s4.pathway1_res2.branch2.c_bn.bias
423 frozen s4.pathway1_res3.branch2.a.weight
424 frozen s4.pathway1_res3.branch2.a_bn.weight
425 frozen s4.pathway1_res3.branch2.a_bn.bias
426 frozen s4.pathway1_res3.branch2.b.weight
427 frozen s4.pathway1_res3.branch2.b_bn.weight
428 frozen s4.pathway1_res3.branch2.b_bn.bias
429 frozen s4.pathway1_res3.branch2.c.weight
430 frozen s4.pathway1_res3.branch2.c_bn.weight
431 frozen s4.pathway1_res3.branch2.c_bn.bias
432 frozen s4.pathway1_res4.branch2.a.weight
433 frozen s4.pathway1_res4.branch2.a_bn.weight
434 frozen s4.pathway1_res4.branch2.a_bn.bias
435 frozen s4.pathway1_res4.branch2.b.weight
436 frozen s4.pathway1_res4.branch2.b_bn.weight
437 frozen s4.pathway1_res4.branch2.b_bn.bias
438 frozen s4.pathway1_res4.branch2.c.weight
439 frozen s4.pathway1_res4.branch2.c_bn.weight
440 frozen s4.pathway1_res4.branch2.c_bn.bias
441 frozen s4.pathway1_res5.branch2.a.weight
442 frozen s4.pathway1_res5.branch2.a_bn.weight
443 frozen s4.pathway1_res5.branch2.a_bn.bias
444 frozen s4.pathway1_res5.branch2.b.weight
445 frozen s4.pathway1_res5.branch2.b_bn.weight
446 frozen s4.pathway1_res5.branch2.b_bn.bias
447 frozen s4.pathway1_res5.branch2.c.weight
448 frozen s4.pathway1_res5.branch2.c_bn.weight
449 frozen s4.pathway1_res5.branch2.c_bn.bias
450 frozen s4.pathway1_res6.branch2.a.weight
451 frozen s4.pathway1_res6.branch2.a_bn.weight
452 frozen s4.pathway1_res6.branch2.a_bn.bias
453 frozen s4.pathway1_res6.branch2.b.weight
454 frozen s4.pathway1_res6.branch2.b_bn.weight
455 frozen s4.pathway1_res6.branch2.b_bn.bias
456 frozen s4.pathway1_res6.branch2.c.weight
457 frozen s4.pathway1_res6.branch2.c_bn.weight
458 frozen s4.pathway1_res6.branch2.c_bn.bias
459 frozen s4.pathway1_res7.branch2.a.weight
460 frozen s4.pathway1_res7.branch2.a_bn.weight
461 frozen s4.pathway1_res7.branch2.a_bn.bias
462 frozen s4.pathway1_res7.branch2.b.weight
463 frozen s4.pathway1_res7.branch2.b_bn.weight
464 frozen s4.pathway1_res7.branch2.b_bn.bias
465 frozen s4.pathway1_res7.branch2.c.weight
466 frozen s4.pathway1_res7.branch2.c_bn.weight
467 frozen s4.pathway1_res7.branch2.c_bn.bias
468 frozen s4.pathway1_res8.branch2.a.weight
469 frozen s4.pathway1_res8.branch2.a_bn.weight
470 frozen s4.pathway1_res8.branch2.a_bn.bias
471 frozen s4.pathway1_res8.branch2.b.weight
472 frozen s4.pathway1_res8.branch2.b_bn.weight
473 frozen s4.pathway1_res8.branch2.b_bn.bias
474 frozen s4.pathway1_res8.branch2.c.weight
475 frozen s4.pathway1_res8.branch2.c_bn.weight
476 frozen s4.pathway1_res8.branch2.c_bn.bias
477 frozen s4.pathway1_res9.branch2.a.weight
478 frozen s4.pathway1_res9.branch2.a_bn.weight
479 frozen s4.pathway1_res9.branch2.a_bn.bias
480 frozen s4.pathway1_res9.branch2.b.weight
481 frozen s4.pathway1_res9.branch2.b_bn.weight
482 frozen s4.pathway1_res9.branch2.b_bn.bias
483 frozen s4.pathway1_res9.branch2.c.weight
484 frozen s4.pathway1_res9.branch2.c_bn.weight
485 frozen s4.pathway1_res9.branch2.c_bn.bias
486 frozen s4.pathway1_res10.branch2.a.weight
487 frozen s4.pathway1_res10.branch2.a_bn.weight
488 frozen s4.pathway1_res10.branch2.a_bn.bias
489 frozen s4.pathway1_res10.branch2.b.weight
490 frozen s4.pathway1_res10.branch2.b_bn.weight
491 frozen s4.pathway1_res10.branch2.b_bn.bias
492 frozen s4.pathway1_res10.branch2.c.weight
493 frozen s4.pathway1_res10.branch2.c_bn.weight
494 frozen s4.pathway1_res10.branch2.c_bn.bias
495 frozen s4.pathway1_res11.branch2.a.weight
496 frozen s4.pathway1_res11.branch2.a_bn.weight
497 frozen s4.pathway1_res11.branch2.a_bn.bias
498 frozen s4.pathway1_res11.branch2.b.weight
499 frozen s4.pathway1_res11.branch2.b_bn.weight
500 frozen s4.pathway1_res11.branch2.b_bn.bias
501 frozen s4.pathway1_res11.branch2.c.weight
502 frozen s4.pathway1_res11.branch2.c_bn.weight
503 frozen s4.pathway1_res11.branch2.c_bn.bias
504 frozen s4.pathway1_res12.branch2.a.weight
505 frozen s4.pathway1_res12.branch2.a_bn.weight
506 frozen s4.pathway1_res12.branch2.a_bn.bias
507 frozen s4.pathway1_res12.branch2.b.weight
508 frozen s4.pathway1_res12.branch2.b_bn.weight
509 frozen s4.pathway1_res12.branch2.b_bn.bias
510 frozen s4.pathway1_res12.branch2.c.weight
511 frozen s4.pathway1_res12.branch2.c_bn.weight
512 frozen s4.pathway1_res12.branch2.c_bn.bias
513 frozen s4.pathway1_res13.branch2.a.weight
514 frozen s4.pathway1_res13.branch2.a_bn.weight
515 frozen s4.pathway1_res13.branch2.a_bn.bias
516 frozen s4.pathway1_res13.branch2.b.weight
517 frozen s4.pathway1_res13.branch2.b_bn.weight
518 frozen s4.pathway1_res13.branch2.b_bn.bias
519 frozen s4.pathway1_res13.branch2.c.weight
520 frozen s4.pathway1_res13.branch2.c_bn.weight
521 frozen s4.pathway1_res13.branch2.c_bn.bias
522 frozen s4.pathway1_res14.branch2.a.weight
523 frozen s4.pathway1_res14.branch2.a_bn.weight
524 frozen s4.pathway1_res14.branch2.a_bn.bias
525 frozen s4.pathway1_res14.branch2.b.weight
526 frozen s4.pathway1_res14.branch2.b_bn.weight
527 frozen s4.pathway1_res14.branch2.b_bn.bias
528 frozen s4.pathway1_res14.branch2.c.weight
529 frozen s4.pathway1_res14.branch2.c_bn.weight
530 frozen s4.pathway1_res14.branch2.c_bn.bias
531 frozen s4.pathway1_res15.branch2.a.weight
532 frozen s4.pathway1_res15.branch2.a_bn.weight
533 frozen s4.pathway1_res15.branch2.a_bn.bias
534 frozen s4.pathway1_res15.branch2.b.weight
535 frozen s4.pathway1_res15.branch2.b_bn.weight
536 frozen s4.pathway1_res15.branch2.b_bn.bias
537 frozen s4.pathway1_res15.branch2.c.weight
538 frozen s4.pathway1_res15.branch2.c_bn.weight
539 frozen s4.pathway1_res15.branch2.c_bn.bias
540 frozen s4.pathway1_res16.branch2.a.weight
541 frozen s4.pathway1_res16.branch2.a_bn.weight
542 frozen s4.pathway1_res16.branch2.a_bn.bias
543 frozen s4.pathway1_res16.branch2.b.weight
544 frozen s4.pathway1_res16.branch2.b_bn.weight
545 frozen s4.pathway1_res16.branch2.b_bn.bias
546 frozen s4.pathway1_res16.branch2.c.weight
547 frozen s4.pathway1_res16.branch2.c_bn.weight
548 frozen s4.pathway1_res16.branch2.c_bn.bias
549 frozen s4.pathway1_res17.branch2.a.weight
550 frozen s4.pathway1_res17.branch2.a_bn.weight
551 frozen s4.pathway1_res17.branch2.a_bn.bias
552 frozen s4.pathway1_res17.branch2.b.weight
553 frozen s4.pathway1_res17.branch2.b_bn.weight
554 frozen s4.pathway1_res17.branch2.b_bn.bias
555 frozen s4.pathway1_res17.branch2.c.weight
556 frozen s4.pathway1_res17.branch2.c_bn.weight
557 frozen s4.pathway1_res17.branch2.c_bn.bias
558 frozen s4.pathway1_res18.branch2.a.weight
559 frozen s4.pathway1_res18.branch2.a_bn.weight
560 frozen s4.pathway1_res18.branch2.a_bn.bias
561 frozen s4.pathway1_res18.branch2.b.weight
562 frozen s4.pathway1_res18.branch2.b_bn.weight
563 frozen s4.pathway1_res18.branch2.b_bn.bias
564 frozen s4.pathway1_res18.branch2.c.weight
565 frozen s4.pathway1_res18.branch2.c_bn.weight
566 frozen s4.pathway1_res18.branch2.c_bn.bias
567 frozen s4.pathway1_res19.branch2.a.weight
568 frozen s4.pathway1_res19.branch2.a_bn.weight
569 frozen s4.pathway1_res19.branch2.a_bn.bias
570 frozen s4.pathway1_res19.branch2.b.weight
571 frozen s4.pathway1_res19.branch2.b_bn.weight
572 frozen s4.pathway1_res19.branch2.b_bn.bias
573 frozen s4.pathway1_res19.branch2.c.weight
574 frozen s4.pathway1_res19.branch2.c_bn.weight
575 frozen s4.pathway1_res19.branch2.c_bn.bias
576 frozen s4.pathway1_res20.branch2.a.weight
577 frozen s4.pathway1_res20.branch2.a_bn.weight
578 frozen s4.pathway1_res20.branch2.a_bn.bias
579 frozen s4.pathway1_res20.branch2.b.weight
580 frozen s4.pathway1_res20.branch2.b_bn.weight
581 frozen s4.pathway1_res20.branch2.b_bn.bias
582 frozen s4.pathway1_res20.branch2.c.weight
583 frozen s4.pathway1_res20.branch2.c_bn.weight
584 frozen s4.pathway1_res20.branch2.c_bn.bias
585 frozen s4.pathway1_res21.branch2.a.weight
586 frozen s4.pathway1_res21.branch2.a_bn.weight
587 frozen s4.pathway1_res21.branch2.a_bn.bias
588 frozen s4.pathway1_res21.branch2.b.weight
589 frozen s4.pathway1_res21.branch2.b_bn.weight
590 frozen s4.pathway1_res21.branch2.b_bn.bias
591 frozen s4.pathway1_res21.branch2.c.weight
592 frozen s4.pathway1_res21.branch2.c_bn.weight
593 frozen s4.pathway1_res21.branch2.c_bn.bias
594 frozen s4.pathway1_res22.branch2.a.weight
595 frozen s4.pathway1_res22.branch2.a_bn.weight
596 frozen s4.pathway1_res22.branch2.a_bn.bias
597 frozen s4.pathway1_res22.branch2.b.weight
598 frozen s4.pathway1_res22.branch2.b_bn.weight
599 frozen s4.pathway1_res22.branch2.b_bn.bias
600 frozen s4.pathway1_res22.branch2.c.weight
601 frozen s4.pathway1_res22.branch2.c_bn.weight
602 frozen s4.pathway1_res22.branch2.c_bn.bias
603 frozen s4_fuse.conv_f2s.weight
604 frozen s4_fuse.bn.weight
605 frozen s4_fuse.bn.bias
606 unfrozen s5.pathway0_res0.branch1.weight
607 unfrozen s5.pathway0_res0.branch1_bn.weight
608 unfrozen s5.pathway0_res0.branch1_bn.bias
609 unfrozen s5.pathway0_res0.branch2.a.weight
610 unfrozen s5.pathway0_res0.branch2.a_bn.weight
611 unfrozen s5.pathway0_res0.branch2.a_bn.bias
612 unfrozen s5.pathway0_res0.branch2.b.weight
613 unfrozen s5.pathway0_res0.branch2.b_bn.weight
614 unfrozen s5.pathway0_res0.branch2.b_bn.bias
615 unfrozen s5.pathway0_res0.branch2.c.weight
616 unfrozen s5.pathway0_res0.branch2.c_bn.weight
617 unfrozen s5.pathway0_res0.branch2.c_bn.bias
618 unfrozen s5.pathway0_res1.branch2.a.weight
619 unfrozen s5.pathway0_res1.branch2.a_bn.weight
620 unfrozen s5.pathway0_res1.branch2.a_bn.bias
621 unfrozen s5.pathway0_res1.branch2.b.weight
622 unfrozen s5.pathway0_res1.branch2.b_bn.weight
623 unfrozen s5.pathway0_res1.branch2.b_bn.bias
624 unfrozen s5.pathway0_res1.branch2.c.weight
625 unfrozen s5.pathway0_res1.branch2.c_bn.weight
626 unfrozen s5.pathway0_res1.branch2.c_bn.bias
627 unfrozen s5.pathway0_res2.branch2.a.weight
628 unfrozen s5.pathway0_res2.branch2.a_bn.weight
629 unfrozen s5.pathway0_res2.branch2.a_bn.bias
630 unfrozen s5.pathway0_res2.branch2.b.weight
631 unfrozen s5.pathway0_res2.branch2.b_bn.weight
632 unfrozen s5.pathway0_res2.branch2.b_bn.bias
633 unfrozen s5.pathway0_res2.branch2.c.weight
634 unfrozen s5.pathway0_res2.branch2.c_bn.weight
635 unfrozen s5.pathway0_res2.branch2.c_bn.bias
636 unfrozen s5.pathway1_res0.branch1.weight
637 unfrozen s5.pathway1_res0.branch1_bn.weight
638 unfrozen s5.pathway1_res0.branch1_bn.bias
639 unfrozen s5.pathway1_res0.branch2.a.weight
640 unfrozen s5.pathway1_res0.branch2.a_bn.weight
641 unfrozen s5.pathway1_res0.branch2.a_bn.bias
642 unfrozen s5.pathway1_res0.branch2.b.weight
643 unfrozen s5.pathway1_res0.branch2.b_bn.weight
644 unfrozen s5.pathway1_res0.branch2.b_bn.bias
645 unfrozen s5.pathway1_res0.branch2.c.weight
646 unfrozen s5.pathway1_res0.branch2.c_bn.weight
647 unfrozen s5.pathway1_res0.branch2.c_bn.bias
648 unfrozen s5.pathway1_res1.branch2.a.weight
649 unfrozen s5.pathway1_res1.branch2.a_bn.weight
650 unfrozen s5.pathway1_res1.branch2.a_bn.bias
651 unfrozen s5.pathway1_res1.branch2.b.weight
652 unfrozen s5.pathway1_res1.branch2.b_bn.weight
653 unfrozen s5.pathway1_res1.branch2.b_bn.bias
654 unfrozen s5.pathway1_res1.branch2.c.weight
655 unfrozen s5.pathway1_res1.branch2.c_bn.weight
656 unfrozen s5.pathway1_res1.branch2.c_bn.bias
657 unfrozen s5.pathway1_res2.branch2.a.weight
658 unfrozen s5.pathway1_res2.branch2.a_bn.weight
659 unfrozen s5.pathway1_res2.branch2.a_bn.bias
660 unfrozen s5.pathway1_res2.branch2.b.weight
661 unfrozen s5.pathway1_res2.branch2.b_bn.weight
662 unfrozen s5.pathway1_res2.branch2.b_bn.bias
663 unfrozen s5.pathway1_res2.branch2.c.weight
664 unfrozen s5.pathway1_res2.branch2.c_bn.weight
665 unfrozen s5.pathway1_res2.branch2.c_bn.bias
666 unfrozen head.projection.weight
667 unfrozen head.projection.bias
[11/23 23:15:13][INFO] checkpoint.py: 507: Load from given checkpoint file.
[11/23 23:15:13][INFO] checkpoint.py: 214: Loading network weights from /srv/beegfs02/scratch/da_action/data/models_pretrained/SLOWFAST_32x2_R101_50_50.pkl.
[11/23 23:15:15][INFO] checkpoint.py: 340: Network weights head.projection.weight not loaded.
[11/23 23:15:15][INFO] checkpoint.py: 340: Network weights head.projection.bias not loaded.
[11/23 23:15:16][INFO] ava_helper.py:  65: Finished loading image paths from: /srv/beegfs02/scratch/da_action/data/ava/frame_lists_5_400_80/train.csv
[11/23 23:15:16][INFO] ava_helper.py: 111: Finished loading annotations from: /srv/beegfs02/scratch/da_action/data/ava/annotations_5_400_80/ava_train_v2.2.csv
[11/23 23:15:16][INFO] ava_helper.py: 113: Detection threshold: 0.8
[11/23 23:15:16][INFO] ava_helper.py: 114: Number of unique boxes: 1326
[11/23 23:15:16][INFO] ava_helper.py: 115: Number of annotations: 2000
[11/23 23:15:16][INFO] ava_helper.py: 162: 989 keyframes used.
[11/23 23:15:16][INFO] ava_dataset.py:  90: === AVA dataset summary ===
[11/23 23:15:16][INFO] ava_dataset.py:  91: Split: train
[11/23 23:15:16][INFO] ava_dataset.py:  92: Number of videos: 3
[11/23 23:15:16][INFO] ava_dataset.py:  96: Number of frames: 81091
[11/23 23:15:16][INFO] ava_dataset.py:  97: Number of key frames: 989
[11/23 23:15:16][INFO] ava_dataset.py:  98: Number of boxes: 1326.
[11/23 23:15:17][INFO] ava_helper.py:  65: Finished loading image paths from: /srv/beegfs02/scratch/da_action/data/ava/frame_lists_5_400_80/val.csv
[11/23 23:15:17][INFO] ava_helper.py: 111: Finished loading annotations from: /srv/beegfs02/scratch/da_action/data/ava/annotations_5_400_80/ava_val_predicted_boxes.csv
[11/23 23:15:17][INFO] ava_helper.py: 113: Detection threshold: 0.8
[11/23 23:15:17][INFO] ava_helper.py: 114: Number of unique boxes: 340
[11/23 23:15:17][INFO] ava_helper.py: 115: Number of annotations: 0
[11/23 23:15:17][INFO] ava_helper.py: 162: 239 keyframes used.
[11/23 23:15:17][INFO] ava_dataset.py:  90: === AVA dataset summary ===
[11/23 23:15:17][INFO] ava_dataset.py:  91: Split: val
[11/23 23:15:17][INFO] ava_dataset.py:  92: Number of videos: 1
[11/23 23:15:17][INFO] ava_dataset.py:  96: Number of frames: 27031
[11/23 23:15:17][INFO] ava_dataset.py:  97: Number of key frames: 239
[11/23 23:15:17][INFO] ava_dataset.py:  98: Number of boxes: 340.
[11/23 23:15:17][INFO] ava_helper.py:  65: Finished loading image paths from: /srv/beegfs02/scratch/da_action/data/ava/frame_lists_5_400_80/train.csv
[11/23 23:15:17][INFO] ava_helper.py:  65: Finished loading image paths from: /srv/beegfs02/scratch/da_action/data/ava/frame_lists_5_400_80/val.csv
[11/23 23:15:17][INFO] tensorboard_vis.py:  57: To see logged results in Tensorboard, please launch using the command             `tensorboard  --port=<port-number> --logdir /srv/beegfs02/scratch/da_action/data/output/ex_5_400_80_v3/tensorboard`
[11/23 23:15:17][INFO] train_net.py: 464: Start epoch: 2
[11/23 23:27:40][INFO] ava_eval_helper.py: 164: Evaluating with 239 unique GT frames.
[11/23 23:27:40][INFO] ava_eval_helper.py: 166: Evaluating with 239 unique detection frames
[11/23 23:27:40][INFO] ava_eval_helper.py: 314: AVA results wrote to detections_latest.csv
[11/23 23:27:40][INFO] ava_eval_helper.py: 315: 	took 0 seconds.
[11/23 23:27:40][INFO] ava_eval_helper.py: 314: AVA results wrote to groundtruth_latest.csv
[11/23 23:27:40][INFO] ava_eval_helper.py: 315: 	took 0 seconds.
{ 'PascalBoxes_PerformanceByCategory/AP@0.5IOU/carry/hold (an object)': 0.7259127248162918,
  'PascalBoxes_PerformanceByCategory/AP@0.5IOU/listen to (a person)': 0.5488775873554972,
  'PascalBoxes_PerformanceByCategory/AP@0.5IOU/sit': 0.812386259460865,
  'PascalBoxes_PerformanceByCategory/AP@0.5IOU/talk to (e.g., self, a person, a group)': 0.8130167417749901,
  'PascalBoxes_PerformanceByCategory/AP@0.5IOU/watch (a person)': 0.29024274645907694,
  'PascalBoxes_Precision/mAP@0.5IOU': 0.6380872119733441}
[11/23 23:27:40][INFO] ava_eval_helper.py: 174: AVA eval done in 0.297712 seconds.
[11/23 23:27:40][INFO] logging.py:  97: json_stats: {
  "RAM": "14.09/251.90G",
  "_type": "val_epoch",
  "cur_epoch": "2",
  "gpu_mem": "1.28G",
  "map": 0.63809,
  "mode": "val"
}
[11/23 23:40:49][INFO] ava_eval_helper.py: 164: Evaluating with 239 unique GT frames.
[11/23 23:40:49][INFO] ava_eval_helper.py: 166: Evaluating with 239 unique detection frames
[11/23 23:40:49][INFO] ava_eval_helper.py: 314: AVA results wrote to detections_latest.csv
[11/23 23:40:49][INFO] ava_eval_helper.py: 315: 	took 0 seconds.
[11/23 23:40:49][INFO] ava_eval_helper.py: 314: AVA results wrote to groundtruth_latest.csv
[11/23 23:40:49][INFO] ava_eval_helper.py: 315: 	took 0 seconds.
{ 'PascalBoxes_PerformanceByCategory/AP@0.5IOU/carry/hold (an object)': 0.6967460825992068,
  'PascalBoxes_PerformanceByCategory/AP@0.5IOU/listen to (a person)': 0.4999062131830658,
  'PascalBoxes_PerformanceByCategory/AP@0.5IOU/sit': 0.7693539572390866,
  'PascalBoxes_PerformanceByCategory/AP@0.5IOU/talk to (e.g., self, a person, a group)': 0.8354847236717313,
  'PascalBoxes_PerformanceByCategory/AP@0.5IOU/watch (a person)': 0.3697814768715729,
  'PascalBoxes_Precision/mAP@0.5IOU': 0.6342544907129326}
[11/23 23:40:49][INFO] ava_eval_helper.py: 174: AVA eval done in 0.301460 seconds.
[11/23 23:40:49][INFO] logging.py:  97: json_stats: {
  "RAM": "13.37/251.90G",
  "_type": "val_epoch",
  "cur_epoch": "3",
  "gpu_mem": "1.28G",
  "map": 0.63425,
  "mode": "val"
}
[11/23 23:54:22][INFO] ava_eval_helper.py: 164: Evaluating with 239 unique GT frames.
[11/23 23:54:22][INFO] ava_eval_helper.py: 166: Evaluating with 239 unique detection frames
[11/23 23:54:22][INFO] ava_eval_helper.py: 314: AVA results wrote to detections_latest.csv
[11/23 23:54:22][INFO] ava_eval_helper.py: 315: 	took 0 seconds.
[11/23 23:54:22][INFO] ava_eval_helper.py: 314: AVA results wrote to groundtruth_latest.csv
[11/23 23:54:22][INFO] ava_eval_helper.py: 315: 	took 0 seconds.
{ 'PascalBoxes_PerformanceByCategory/AP@0.5IOU/carry/hold (an object)': 0.6585613354647191,
  'PascalBoxes_PerformanceByCategory/AP@0.5IOU/listen to (a person)': 0.5382175599817866,
  'PascalBoxes_PerformanceByCategory/AP@0.5IOU/sit': 0.793861537698521,
  'PascalBoxes_PerformanceByCategory/AP@0.5IOU/talk to (e.g., self, a person, a group)': 0.772554149616598,
  'PascalBoxes_PerformanceByCategory/AP@0.5IOU/watch (a person)': 0.3500789205400927,
  'PascalBoxes_Precision/mAP@0.5IOU': 0.6226547006603435}
[11/23 23:54:22][INFO] ava_eval_helper.py: 174: AVA eval done in 0.305884 seconds.
[11/23 23:54:22][INFO] logging.py:  97: json_stats: {
  "RAM": "12.94/251.90G",
  "_type": "val_epoch",
  "cur_epoch": "4",
  "gpu_mem": "1.28G",
  "map": 0.62265,
  "mode": "val"
}
[11/24 00:08:36][INFO] ava_eval_helper.py: 164: Evaluating with 239 unique GT frames.
[11/24 00:08:36][INFO] ava_eval_helper.py: 166: Evaluating with 239 unique detection frames
[11/24 00:08:36][INFO] ava_eval_helper.py: 314: AVA results wrote to detections_latest.csv
[11/24 00:08:36][INFO] ava_eval_helper.py: 315: 	took 0 seconds.
[11/24 00:08:37][INFO] ava_eval_helper.py: 314: AVA results wrote to groundtruth_latest.csv
[11/24 00:08:37][INFO] ava_eval_helper.py: 315: 	took 0 seconds.
{ 'PascalBoxes_PerformanceByCategory/AP@0.5IOU/carry/hold (an object)': 0.6515244675911991,
  'PascalBoxes_PerformanceByCategory/AP@0.5IOU/listen to (a person)': 0.5307284543400813,
  'PascalBoxes_PerformanceByCategory/AP@0.5IOU/sit': 0.7884805309766632,
  'PascalBoxes_PerformanceByCategory/AP@0.5IOU/talk to (e.g., self, a person, a group)': 0.8364631595332652,
  'PascalBoxes_PerformanceByCategory/AP@0.5IOU/watch (a person)': 0.33235831306220287,
  'PascalBoxes_Precision/mAP@0.5IOU': 0.6279109851006822}
[11/24 00:08:37][INFO] ava_eval_helper.py: 174: AVA eval done in 0.289233 seconds.
[11/24 00:08:37][INFO] logging.py:  97: json_stats: {
  "RAM": "13.33/251.90G",
  "_type": "val_epoch",
  "cur_epoch": "5",
  "gpu_mem": "1.28G",
  "map": 0.62791,
  "mode": "val"
}
[11/24 00:23:01][INFO] ava_eval_helper.py: 164: Evaluating with 239 unique GT frames.
[11/24 00:23:01][INFO] ava_eval_helper.py: 166: Evaluating with 239 unique detection frames
[11/24 00:23:01][INFO] ava_eval_helper.py: 314: AVA results wrote to detections_latest.csv
[11/24 00:23:01][INFO] ava_eval_helper.py: 315: 	took 0 seconds.
[11/24 00:23:01][INFO] ava_eval_helper.py: 314: AVA results wrote to groundtruth_latest.csv
[11/24 00:23:01][INFO] ava_eval_helper.py: 315: 	took 0 seconds.
{ 'PascalBoxes_PerformanceByCategory/AP@0.5IOU/carry/hold (an object)': 0.5854490239428973,
  'PascalBoxes_PerformanceByCategory/AP@0.5IOU/listen to (a person)': 0.4661527699813755,
  'PascalBoxes_PerformanceByCategory/AP@0.5IOU/sit': 0.681322545727355,
  'PascalBoxes_PerformanceByCategory/AP@0.5IOU/talk to (e.g., self, a person, a group)': 0.7861110701009015,
  'PascalBoxes_PerformanceByCategory/AP@0.5IOU/watch (a person)': 0.39439210779391015,
  'PascalBoxes_Precision/mAP@0.5IOU': 0.5826855035092878}
[11/24 00:23:01][INFO] ava_eval_helper.py: 174: AVA eval done in 0.300622 seconds.
[11/24 00:23:01][INFO] logging.py:  97: json_stats: {
  "RAM": "14.43/251.90G",
  "_type": "val_epoch",
  "cur_epoch": "6",
  "gpu_mem": "1.28G",
  "map": 0.58269,
  "mode": "val"
}
[11/24 00:36:35][INFO] ava_eval_helper.py: 164: Evaluating with 239 unique GT frames.
[11/24 00:36:35][INFO] ava_eval_helper.py: 166: Evaluating with 239 unique detection frames
[11/24 00:36:35][INFO] ava_eval_helper.py: 314: AVA results wrote to detections_latest.csv
[11/24 00:36:35][INFO] ava_eval_helper.py: 315: 	took 0 seconds.
[11/24 00:36:35][INFO] ava_eval_helper.py: 314: AVA results wrote to groundtruth_latest.csv
[11/24 00:36:35][INFO] ava_eval_helper.py: 315: 	took 0 seconds.
{ 'PascalBoxes_PerformanceByCategory/AP@0.5IOU/carry/hold (an object)': 0.6403067569137401,
  'PascalBoxes_PerformanceByCategory/AP@0.5IOU/listen to (a person)': 0.48714709085326197,
  'PascalBoxes_PerformanceByCategory/AP@0.5IOU/sit': 0.795064398347531,
  'PascalBoxes_PerformanceByCategory/AP@0.5IOU/talk to (e.g., self, a person, a group)': 0.8148778584267551,
  'PascalBoxes_PerformanceByCategory/AP@0.5IOU/watch (a person)': 0.30558732085862084,
  'PascalBoxes_Precision/mAP@0.5IOU': 0.6085966850799818}
[11/24 00:36:36][INFO] ava_eval_helper.py: 174: AVA eval done in 0.346993 seconds.
[11/24 00:36:36][INFO] logging.py:  97: json_stats: {
  "RAM": "15.43/251.90G",
  "_type": "val_epoch",
  "cur_epoch": "7",
  "gpu_mem": "1.28G",
  "map": 0.60860,
  "mode": "val"
}
[11/24 00:50:12][INFO] ava_eval_helper.py: 164: Evaluating with 239 unique GT frames.
[11/24 00:50:12][INFO] ava_eval_helper.py: 166: Evaluating with 239 unique detection frames
[11/24 00:50:12][INFO] ava_eval_helper.py: 314: AVA results wrote to detections_latest.csv
[11/24 00:50:12][INFO] ava_eval_helper.py: 315: 	took 0 seconds.
[11/24 00:50:12][INFO] ava_eval_helper.py: 314: AVA results wrote to groundtruth_latest.csv
[11/24 00:50:12][INFO] ava_eval_helper.py: 315: 	took 0 seconds.
{ 'PascalBoxes_PerformanceByCategory/AP@0.5IOU/carry/hold (an object)': 0.5104029019451365,
  'PascalBoxes_PerformanceByCategory/AP@0.5IOU/listen to (a person)': 0.5049062268154323,
  'PascalBoxes_PerformanceByCategory/AP@0.5IOU/sit': 0.8303136412747256,
  'PascalBoxes_PerformanceByCategory/AP@0.5IOU/talk to (e.g., self, a person, a group)': 0.8492537162141099,
  'PascalBoxes_PerformanceByCategory/AP@0.5IOU/watch (a person)': 0.3382879053232981,
  'PascalBoxes_Precision/mAP@0.5IOU': 0.6066328783145405}
[11/24 00:50:13][INFO] ava_eval_helper.py: 174: AVA eval done in 0.313982 seconds.
[11/24 00:50:13][INFO] logging.py:  97: json_stats: {
  "RAM": "13.25/251.90G",
  "_type": "val_epoch",
  "cur_epoch": "8",
  "gpu_mem": "1.28G",
  "map": 0.60663,
  "mode": "val"
}
[11/24 01:04:18][INFO] ava_eval_helper.py: 164: Evaluating with 239 unique GT frames.
[11/24 01:04:18][INFO] ava_eval_helper.py: 166: Evaluating with 239 unique detection frames
[11/24 01:04:18][INFO] ava_eval_helper.py: 314: AVA results wrote to detections_latest.csv
[11/24 01:04:18][INFO] ava_eval_helper.py: 315: 	took 0 seconds.
[11/24 01:04:18][INFO] ava_eval_helper.py: 314: AVA results wrote to groundtruth_latest.csv
[11/24 01:04:18][INFO] ava_eval_helper.py: 315: 	took 0 seconds.
{ 'PascalBoxes_PerformanceByCategory/AP@0.5IOU/carry/hold (an object)': 0.5813314453386063,
  'PascalBoxes_PerformanceByCategory/AP@0.5IOU/listen to (a person)': 0.485475878932939,
  'PascalBoxes_PerformanceByCategory/AP@0.5IOU/sit': 0.8035274947698795,
  'PascalBoxes_PerformanceByCategory/AP@0.5IOU/talk to (e.g., self, a person, a group)': 0.8289750786708849,
  'PascalBoxes_PerformanceByCategory/AP@0.5IOU/watch (a person)': 0.3783253263951671,
  'PascalBoxes_Precision/mAP@0.5IOU': 0.6155270448214953}
[11/24 01:04:19][INFO] ava_eval_helper.py: 174: AVA eval done in 0.296794 seconds.
[11/24 01:04:19][INFO] logging.py:  97: json_stats: {
  "RAM": "13.50/251.90G",
  "_type": "val_epoch",
  "cur_epoch": "9",
  "gpu_mem": "1.28G",
  "map": 0.61553,
  "mode": "val"
}
[11/24 01:18:47][INFO] ava_eval_helper.py: 164: Evaluating with 239 unique GT frames.
[11/24 01:18:47][INFO] ava_eval_helper.py: 166: Evaluating with 239 unique detection frames
[11/24 01:18:47][INFO] ava_eval_helper.py: 314: AVA results wrote to detections_latest.csv
[11/24 01:18:47][INFO] ava_eval_helper.py: 315: 	took 0 seconds.
[11/24 01:18:47][INFO] ava_eval_helper.py: 314: AVA results wrote to groundtruth_latest.csv
[11/24 01:18:47][INFO] ava_eval_helper.py: 315: 	took 0 seconds.
{ 'PascalBoxes_PerformanceByCategory/AP@0.5IOU/carry/hold (an object)': 0.6002252673339827,
  'PascalBoxes_PerformanceByCategory/AP@0.5IOU/listen to (a person)': 0.5068666200047891,
  'PascalBoxes_PerformanceByCategory/AP@0.5IOU/sit': 0.7524526627720433,
  'PascalBoxes_PerformanceByCategory/AP@0.5IOU/talk to (e.g., self, a person, a group)': 0.7880067444619934,
  'PascalBoxes_PerformanceByCategory/AP@0.5IOU/watch (a person)': 0.36576710749843766,
  'PascalBoxes_Precision/mAP@0.5IOU': 0.6026636804142493}
[11/24 01:18:48][INFO] ava_eval_helper.py: 174: AVA eval done in 0.303164 seconds.
[11/24 01:18:48][INFO] logging.py:  97: json_stats: {
  "RAM": "13.96/251.90G",
  "_type": "val_epoch",
  "cur_epoch": "10",
  "gpu_mem": "1.28G",
  "map": 0.60266,
  "mode": "val"
}
[11/24 01:34:36][INFO] ava_eval_helper.py: 164: Evaluating with 239 unique GT frames.
[11/24 01:34:36][INFO] ava_eval_helper.py: 166: Evaluating with 239 unique detection frames
[11/24 01:34:36][INFO] ava_eval_helper.py: 314: AVA results wrote to detections_latest.csv
[11/24 01:34:36][INFO] ava_eval_helper.py: 315: 	took 0 seconds.
[11/24 01:34:36][INFO] ava_eval_helper.py: 314: AVA results wrote to groundtruth_latest.csv
[11/24 01:34:36][INFO] ava_eval_helper.py: 315: 	took 0 seconds.
{ 'PascalBoxes_PerformanceByCategory/AP@0.5IOU/carry/hold (an object)': 0.5819654621599427,
  'PascalBoxes_PerformanceByCategory/AP@0.5IOU/listen to (a person)': 0.5525706568047778,
  'PascalBoxes_PerformanceByCategory/AP@0.5IOU/sit': 0.800218846604108,
  'PascalBoxes_PerformanceByCategory/AP@0.5IOU/talk to (e.g., self, a person, a group)': 0.8402108472076082,
  'PascalBoxes_PerformanceByCategory/AP@0.5IOU/watch (a person)': 0.331113267913009,
  'PascalBoxes_Precision/mAP@0.5IOU': 0.6212158161378891}
[11/24 01:34:36][INFO] ava_eval_helper.py: 174: AVA eval done in 0.353701 seconds.
[11/24 01:34:36][INFO] logging.py:  97: json_stats: {
  "RAM": "14.72/251.90G",
  "_type": "val_epoch",
  "cur_epoch": "11",
  "gpu_mem": "1.28G",
  "map": 0.62122,
  "mode": "val"
}
[11/24 01:51:02][INFO] ava_eval_helper.py: 164: Evaluating with 239 unique GT frames.
[11/24 01:51:02][INFO] ava_eval_helper.py: 166: Evaluating with 239 unique detection frames
[11/24 01:51:02][INFO] ava_eval_helper.py: 314: AVA results wrote to detections_latest.csv
[11/24 01:51:02][INFO] ava_eval_helper.py: 315: 	took 0 seconds.
[11/24 01:51:02][INFO] ava_eval_helper.py: 314: AVA results wrote to groundtruth_latest.csv
[11/24 01:51:02][INFO] ava_eval_helper.py: 315: 	took 0 seconds.
{ 'PascalBoxes_PerformanceByCategory/AP@0.5IOU/carry/hold (an object)': 0.5910969917850135,
  'PascalBoxes_PerformanceByCategory/AP@0.5IOU/listen to (a person)': 0.5471224229231249,
  'PascalBoxes_PerformanceByCategory/AP@0.5IOU/sit': 0.8219483424604217,
  'PascalBoxes_PerformanceByCategory/AP@0.5IOU/talk to (e.g., self, a person, a group)': 0.8727133241889302,
  'PascalBoxes_PerformanceByCategory/AP@0.5IOU/watch (a person)': 0.3126004119099033,
  'PascalBoxes_Precision/mAP@0.5IOU': 0.6290962986534787}
[11/24 01:51:03][INFO] ava_eval_helper.py: 174: AVA eval done in 0.298429 seconds.
[11/24 01:51:03][INFO] logging.py:  97: json_stats: {
  "RAM": "13.49/251.90G",
  "_type": "val_epoch",
  "cur_epoch": "12",
  "gpu_mem": "1.28G",
  "map": 0.62910,
  "mode": "val"
}
[11/24 02:06:41][INFO] ava_eval_helper.py: 164: Evaluating with 239 unique GT frames.
[11/24 02:06:41][INFO] ava_eval_helper.py: 166: Evaluating with 239 unique detection frames
[11/24 02:06:41][INFO] ava_eval_helper.py: 314: AVA results wrote to detections_latest.csv
[11/24 02:06:41][INFO] ava_eval_helper.py: 315: 	took 0 seconds.
[11/24 02:06:41][INFO] ava_eval_helper.py: 314: AVA results wrote to groundtruth_latest.csv
[11/24 02:06:41][INFO] ava_eval_helper.py: 315: 	took 0 seconds.
{ 'PascalBoxes_PerformanceByCategory/AP@0.5IOU/carry/hold (an object)': 0.5807728090843578,
  'PascalBoxes_PerformanceByCategory/AP@0.5IOU/listen to (a person)': 0.5370348359347953,
  'PascalBoxes_PerformanceByCategory/AP@0.5IOU/sit': 0.7920654594744782,
  'PascalBoxes_PerformanceByCategory/AP@0.5IOU/talk to (e.g., self, a person, a group)': 0.8344232105941325,
  'PascalBoxes_PerformanceByCategory/AP@0.5IOU/watch (a person)': 0.3354691437689541,
  'PascalBoxes_Precision/mAP@0.5IOU': 0.6159530917713435}
[11/24 02:06:42][INFO] ava_eval_helper.py: 174: AVA eval done in 0.376528 seconds.
[11/24 02:06:42][INFO] logging.py:  97: json_stats: {
  "RAM": "14.01/251.90G",
  "_type": "val_epoch",
  "cur_epoch": "13",
  "gpu_mem": "1.28G",
  "map": 0.61595,
  "mode": "val"
}
[11/24 02:24:16][INFO] ava_eval_helper.py: 164: Evaluating with 239 unique GT frames.
[11/24 02:24:16][INFO] ava_eval_helper.py: 166: Evaluating with 239 unique detection frames
[11/24 02:24:16][INFO] ava_eval_helper.py: 314: AVA results wrote to detections_latest.csv
[11/24 02:24:16][INFO] ava_eval_helper.py: 315: 	took 0 seconds.
[11/24 02:24:16][INFO] ava_eval_helper.py: 314: AVA results wrote to groundtruth_latest.csv
[11/24 02:24:16][INFO] ava_eval_helper.py: 315: 	took 0 seconds.
{ 'PascalBoxes_PerformanceByCategory/AP@0.5IOU/carry/hold (an object)': 0.5827256388369486,
  'PascalBoxes_PerformanceByCategory/AP@0.5IOU/listen to (a person)': 0.546700374966971,
  'PascalBoxes_PerformanceByCategory/AP@0.5IOU/sit': 0.8176345677416839,
  'PascalBoxes_PerformanceByCategory/AP@0.5IOU/talk to (e.g., self, a person, a group)': 0.8092128114530897,
  'PascalBoxes_PerformanceByCategory/AP@0.5IOU/watch (a person)': 0.36476200749106014,
  'PascalBoxes_Precision/mAP@0.5IOU': 0.6242070800979507}
[11/24 02:24:16][INFO] ava_eval_helper.py: 174: AVA eval done in 0.326969 seconds.
[11/24 02:24:16][INFO] logging.py:  97: json_stats: {
  "RAM": "15.10/251.90G",
  "_type": "val_epoch",
  "cur_epoch": "14",
  "gpu_mem": "1.28G",
  "map": 0.62421,
  "mode": "val"
}
[11/24 02:43:27][INFO] ava_eval_helper.py: 164: Evaluating with 239 unique GT frames.
[11/24 02:43:27][INFO] ava_eval_helper.py: 166: Evaluating with 239 unique detection frames
[11/24 02:43:27][INFO] ava_eval_helper.py: 314: AVA results wrote to detections_latest.csv
[11/24 02:43:27][INFO] ava_eval_helper.py: 315: 	took 0 seconds.
[11/24 02:43:27][INFO] ava_eval_helper.py: 314: AVA results wrote to groundtruth_latest.csv
[11/24 02:43:27][INFO] ava_eval_helper.py: 315: 	took 0 seconds.
{ 'PascalBoxes_PerformanceByCategory/AP@0.5IOU/carry/hold (an object)': 0.5765871930814378,
  'PascalBoxes_PerformanceByCategory/AP@0.5IOU/listen to (a person)': 0.5216203369442957,
  'PascalBoxes_PerformanceByCategory/AP@0.5IOU/sit': 0.7746844612432614,
  'PascalBoxes_PerformanceByCategory/AP@0.5IOU/talk to (e.g., self, a person, a group)': 0.783277422729639,
  'PascalBoxes_PerformanceByCategory/AP@0.5IOU/watch (a person)': 0.3782487225992382,
  'PascalBoxes_Precision/mAP@0.5IOU': 0.6068836273195745}
[11/24 02:43:27][INFO] ava_eval_helper.py: 174: AVA eval done in 0.437892 seconds.
[11/24 02:43:27][INFO] logging.py:  97: json_stats: {
  "RAM": "12.21/251.90G",
  "_type": "val_epoch",
  "cur_epoch": "15",
  "gpu_mem": "1.28G",
  "map": 0.60688,
  "mode": "val"
}
[11/24 03:01:11][INFO] ava_eval_helper.py: 164: Evaluating with 239 unique GT frames.
[11/24 03:01:11][INFO] ava_eval_helper.py: 166: Evaluating with 239 unique detection frames
[11/24 03:01:11][INFO] ava_eval_helper.py: 314: AVA results wrote to detections_latest.csv
[11/24 03:01:11][INFO] ava_eval_helper.py: 315: 	took 0 seconds.
[11/24 03:01:11][INFO] ava_eval_helper.py: 314: AVA results wrote to groundtruth_latest.csv
[11/24 03:01:11][INFO] ava_eval_helper.py: 315: 	took 0 seconds.
{ 'PascalBoxes_PerformanceByCategory/AP@0.5IOU/carry/hold (an object)': 0.5924198518120005,
  'PascalBoxes_PerformanceByCategory/AP@0.5IOU/listen to (a person)': 0.5561409017299123,
  'PascalBoxes_PerformanceByCategory/AP@0.5IOU/sit': 0.8242946280290249,
  'PascalBoxes_PerformanceByCategory/AP@0.5IOU/talk to (e.g., self, a person, a group)': 0.8075133520353283,
  'PascalBoxes_PerformanceByCategory/AP@0.5IOU/watch (a person)': 0.3768951494043945,
  'PascalBoxes_Precision/mAP@0.5IOU': 0.6314527766021321}
[11/24 03:01:11][INFO] ava_eval_helper.py: 174: AVA eval done in 0.294100 seconds.
[11/24 03:01:11][INFO] logging.py:  97: json_stats: {
  "RAM": "14.38/251.90G",
  "_type": "val_epoch",
  "cur_epoch": "16",
  "gpu_mem": "1.28G",
  "map": 0.63145,
  "mode": "val"
}
[11/24 03:19:02][INFO] ava_eval_helper.py: 164: Evaluating with 239 unique GT frames.
[11/24 03:19:02][INFO] ava_eval_helper.py: 166: Evaluating with 239 unique detection frames
[11/24 03:19:02][INFO] ava_eval_helper.py: 314: AVA results wrote to detections_latest.csv
[11/24 03:19:02][INFO] ava_eval_helper.py: 315: 	took 0 seconds.
[11/24 03:19:02][INFO] ava_eval_helper.py: 314: AVA results wrote to groundtruth_latest.csv
[11/24 03:19:02][INFO] ava_eval_helper.py: 315: 	took 0 seconds.
{ 'PascalBoxes_PerformanceByCategory/AP@0.5IOU/carry/hold (an object)': 0.5449911233950069,
  'PascalBoxes_PerformanceByCategory/AP@0.5IOU/listen to (a person)': 0.580103750724572,
  'PascalBoxes_PerformanceByCategory/AP@0.5IOU/sit': 0.8406572943081853,
  'PascalBoxes_PerformanceByCategory/AP@0.5IOU/talk to (e.g., self, a person, a group)': 0.7647278365115071,
  'PascalBoxes_PerformanceByCategory/AP@0.5IOU/watch (a person)': 0.27330775616804487,
  'PascalBoxes_Precision/mAP@0.5IOU': 0.6007575522214632}
[11/24 03:19:02][INFO] ava_eval_helper.py: 174: AVA eval done in 0.295668 seconds.
[11/24 03:19:02][INFO] logging.py:  97: json_stats: {
  "RAM": "14.37/251.90G",
  "_type": "val_epoch",
  "cur_epoch": "17",
  "gpu_mem": "1.28G",
  "map": 0.60076,
  "mode": "val"
}
[11/24 03:36:59][INFO] ava_eval_helper.py: 164: Evaluating with 239 unique GT frames.
[11/24 03:36:59][INFO] ava_eval_helper.py: 166: Evaluating with 239 unique detection frames
[11/24 03:36:59][INFO] ava_eval_helper.py: 314: AVA results wrote to detections_latest.csv
[11/24 03:36:59][INFO] ava_eval_helper.py: 315: 	took 0 seconds.
[11/24 03:36:59][INFO] ava_eval_helper.py: 314: AVA results wrote to groundtruth_latest.csv
[11/24 03:36:59][INFO] ava_eval_helper.py: 315: 	took 0 seconds.
{ 'PascalBoxes_PerformanceByCategory/AP@0.5IOU/carry/hold (an object)': 0.5826425966604565,
  'PascalBoxes_PerformanceByCategory/AP@0.5IOU/listen to (a person)': 0.5681551084294121,
  'PascalBoxes_PerformanceByCategory/AP@0.5IOU/sit': 0.8315843044438089,
  'PascalBoxes_PerformanceByCategory/AP@0.5IOU/talk to (e.g., self, a person, a group)': 0.7703852056151765,
  'PascalBoxes_PerformanceByCategory/AP@0.5IOU/watch (a person)': 0.3666569965684539,
  'PascalBoxes_Precision/mAP@0.5IOU': 0.6238848423434615}
[11/24 03:36:59][INFO] ava_eval_helper.py: 174: AVA eval done in 0.299438 seconds.
[11/24 03:36:59][INFO] logging.py:  97: json_stats: {
  "RAM": "14.71/251.90G",
  "_type": "val_epoch",
  "cur_epoch": "18",
  "gpu_mem": "1.28G",
  "map": 0.62388,
  "mode": "val"
}
[11/24 03:55:54][INFO] ava_eval_helper.py: 164: Evaluating with 239 unique GT frames.
[11/24 03:55:54][INFO] ava_eval_helper.py: 166: Evaluating with 239 unique detection frames
[11/24 03:55:54][INFO] ava_eval_helper.py: 314: AVA results wrote to detections_latest.csv
[11/24 03:55:54][INFO] ava_eval_helper.py: 315: 	took 0 seconds.
[11/24 03:55:54][INFO] ava_eval_helper.py: 314: AVA results wrote to groundtruth_latest.csv
[11/24 03:55:54][INFO] ava_eval_helper.py: 315: 	took 0 seconds.
{ 'PascalBoxes_PerformanceByCategory/AP@0.5IOU/carry/hold (an object)': 0.4951765738399347,
  'PascalBoxes_PerformanceByCategory/AP@0.5IOU/listen to (a person)': 0.5252763047308087,
  'PascalBoxes_PerformanceByCategory/AP@0.5IOU/sit': 0.822360438026221,
  'PascalBoxes_PerformanceByCategory/AP@0.5IOU/talk to (e.g., self, a person, a group)': 0.8567431044349025,
  'PascalBoxes_PerformanceByCategory/AP@0.5IOU/watch (a person)': 0.37343231423362755,
  'PascalBoxes_Precision/mAP@0.5IOU': 0.6145977470530989}
[11/24 03:55:54][INFO] ava_eval_helper.py: 174: AVA eval done in 0.296425 seconds.
[11/24 03:55:54][INFO] logging.py:  97: json_stats: {
  "RAM": "14.91/251.90G",
  "_type": "val_epoch",
  "cur_epoch": "19",
  "gpu_mem": "1.28G",
  "map": 0.61460,
  "mode": "val"
}
[11/24 04:14:28][INFO] ava_eval_helper.py: 164: Evaluating with 239 unique GT frames.
[11/24 04:14:28][INFO] ava_eval_helper.py: 166: Evaluating with 239 unique detection frames
[11/24 04:14:28][INFO] ava_eval_helper.py: 314: AVA results wrote to detections_latest.csv
[11/24 04:14:28][INFO] ava_eval_helper.py: 315: 	took 0 seconds.
[11/24 04:14:28][INFO] ava_eval_helper.py: 314: AVA results wrote to groundtruth_latest.csv
[11/24 04:14:28][INFO] ava_eval_helper.py: 315: 	took 0 seconds.
{ 'PascalBoxes_PerformanceByCategory/AP@0.5IOU/carry/hold (an object)': 0.600094850473003,
  'PascalBoxes_PerformanceByCategory/AP@0.5IOU/listen to (a person)': 0.5503398168281236,
  'PascalBoxes_PerformanceByCategory/AP@0.5IOU/sit': 0.825629755794057,
  'PascalBoxes_PerformanceByCategory/AP@0.5IOU/talk to (e.g., self, a person, a group)': 0.842088587928341,
  'PascalBoxes_PerformanceByCategory/AP@0.5IOU/watch (a person)': 0.30835993484402696,
  'PascalBoxes_Precision/mAP@0.5IOU': 0.6253025891735102}
[11/24 04:14:28][INFO] ava_eval_helper.py: 174: AVA eval done in 0.301371 seconds.
[11/24 04:14:28][INFO] logging.py:  97: json_stats: {
  "RAM": "13.78/251.90G",
  "_type": "val_epoch",
  "cur_epoch": "20",
  "gpu_mem": "1.28G",
  "map": 0.62530,
  "mode": "val"
}
[11/24 04:32:09][INFO] ava_eval_helper.py: 164: Evaluating with 239 unique GT frames.
[11/24 04:32:09][INFO] ava_eval_helper.py: 166: Evaluating with 239 unique detection frames
[11/24 04:32:09][INFO] ava_eval_helper.py: 314: AVA results wrote to detections_latest.csv
[11/24 04:32:09][INFO] ava_eval_helper.py: 315: 	took 0 seconds.
[11/24 04:32:09][INFO] ava_eval_helper.py: 314: AVA results wrote to groundtruth_latest.csv
[11/24 04:32:09][INFO] ava_eval_helper.py: 315: 	took 0 seconds.
{ 'PascalBoxes_PerformanceByCategory/AP@0.5IOU/carry/hold (an object)': 0.6562395168425449,
  'PascalBoxes_PerformanceByCategory/AP@0.5IOU/listen to (a person)': 0.5184242445202086,
  'PascalBoxes_PerformanceByCategory/AP@0.5IOU/sit': 0.7936242173191701,
  'PascalBoxes_PerformanceByCategory/AP@0.5IOU/talk to (e.g., self, a person, a group)': 0.8458722228469056,
  'PascalBoxes_PerformanceByCategory/AP@0.5IOU/watch (a person)': 0.3300403413098094,
  'PascalBoxes_Precision/mAP@0.5IOU': 0.6288401085677278}
[11/24 04:32:10][INFO] ava_eval_helper.py: 174: AVA eval done in 0.293671 seconds.
[11/24 04:32:10][INFO] logging.py:  97: json_stats: {
  "RAM": "13.50/251.90G",
  "_type": "val_epoch",
  "cur_epoch": "21",
  "gpu_mem": "1.28G",
  "map": 0.62884,
  "mode": "val"
}
[11/24 04:48:56][INFO] ava_eval_helper.py: 164: Evaluating with 239 unique GT frames.
[11/24 04:48:56][INFO] ava_eval_helper.py: 166: Evaluating with 239 unique detection frames
[11/24 04:48:56][INFO] ava_eval_helper.py: 314: AVA results wrote to detections_latest.csv
[11/24 04:48:56][INFO] ava_eval_helper.py: 315: 	took 0 seconds.
[11/24 04:48:56][INFO] ava_eval_helper.py: 314: AVA results wrote to groundtruth_latest.csv
[11/24 04:48:56][INFO] ava_eval_helper.py: 315: 	took 0 seconds.
{ 'PascalBoxes_PerformanceByCategory/AP@0.5IOU/carry/hold (an object)': 0.5866165606140404,
  'PascalBoxes_PerformanceByCategory/AP@0.5IOU/listen to (a person)': 0.5251760131481654,
  'PascalBoxes_PerformanceByCategory/AP@0.5IOU/sit': 0.8342363720307442,
  'PascalBoxes_PerformanceByCategory/AP@0.5IOU/talk to (e.g., self, a person, a group)': 0.8393522941256062,
  'PascalBoxes_PerformanceByCategory/AP@0.5IOU/watch (a person)': 0.28427927009791554,
  'PascalBoxes_Precision/mAP@0.5IOU': 0.6139321020032943}
[11/24 04:48:57][INFO] ava_eval_helper.py: 174: AVA eval done in 0.295194 seconds.
[11/24 04:48:57][INFO] logging.py:  97: json_stats: {
  "RAM": "13.80/251.90G",
  "_type": "val_epoch",
  "cur_epoch": "22",
  "gpu_mem": "1.28G",
  "map": 0.61393,
  "mode": "val"
}
[11/24 05:05:52][INFO] ava_eval_helper.py: 164: Evaluating with 239 unique GT frames.
[11/24 05:05:52][INFO] ava_eval_helper.py: 166: Evaluating with 239 unique detection frames
[11/24 05:05:52][INFO] ava_eval_helper.py: 314: AVA results wrote to detections_latest.csv
[11/24 05:05:52][INFO] ava_eval_helper.py: 315: 	took 0 seconds.
[11/24 05:05:52][INFO] ava_eval_helper.py: 314: AVA results wrote to groundtruth_latest.csv
[11/24 05:05:52][INFO] ava_eval_helper.py: 315: 	took 0 seconds.
{ 'PascalBoxes_PerformanceByCategory/AP@0.5IOU/carry/hold (an object)': 0.5967925950860322,
  'PascalBoxes_PerformanceByCategory/AP@0.5IOU/listen to (a person)': 0.5110593008987409,
  'PascalBoxes_PerformanceByCategory/AP@0.5IOU/sit': 0.8400964288859402,
  'PascalBoxes_PerformanceByCategory/AP@0.5IOU/talk to (e.g., self, a person, a group)': 0.7922391731207793,
  'PascalBoxes_PerformanceByCategory/AP@0.5IOU/watch (a person)': 0.3152548952136349,
  'PascalBoxes_Precision/mAP@0.5IOU': 0.6110884786410254}
[11/24 05:05:52][INFO] ava_eval_helper.py: 174: AVA eval done in 0.373083 seconds.
[11/24 05:05:52][INFO] logging.py:  97: json_stats: {
  "RAM": "13.28/251.90G",
  "_type": "val_epoch",
  "cur_epoch": "23",
  "gpu_mem": "1.28G",
  "map": 0.61109,
  "mode": "val"
}
[11/24 05:23:02][INFO] ava_eval_helper.py: 164: Evaluating with 239 unique GT frames.
[11/24 05:23:02][INFO] ava_eval_helper.py: 166: Evaluating with 239 unique detection frames
[11/24 05:23:02][INFO] ava_eval_helper.py: 314: AVA results wrote to detections_latest.csv
[11/24 05:23:02][INFO] ava_eval_helper.py: 315: 	took 0 seconds.
[11/24 05:23:02][INFO] ava_eval_helper.py: 314: AVA results wrote to groundtruth_latest.csv
[11/24 05:23:02][INFO] ava_eval_helper.py: 315: 	took 0 seconds.
{ 'PascalBoxes_PerformanceByCategory/AP@0.5IOU/carry/hold (an object)': 0.5930670514659278,
  'PascalBoxes_PerformanceByCategory/AP@0.5IOU/listen to (a person)': 0.5063463769975076,
  'PascalBoxes_PerformanceByCategory/AP@0.5IOU/sit': 0.7959446577291902,
  'PascalBoxes_PerformanceByCategory/AP@0.5IOU/talk to (e.g., self, a person, a group)': 0.7952229861641773,
  'PascalBoxes_PerformanceByCategory/AP@0.5IOU/watch (a person)': 0.31635148175260136,
  'PascalBoxes_Precision/mAP@0.5IOU': 0.6013865108218809}
[11/24 05:23:02][INFO] ava_eval_helper.py: 174: AVA eval done in 0.295156 seconds.
[11/24 05:23:02][INFO] logging.py:  97: json_stats: {
  "RAM": "13.98/251.90G",
  "_type": "val_epoch",
  "cur_epoch": "24",
  "gpu_mem": "1.28G",
  "map": 0.60139,
  "mode": "val"
}
[11/24 05:40:44][INFO] ava_eval_helper.py: 164: Evaluating with 239 unique GT frames.
[11/24 05:40:44][INFO] ava_eval_helper.py: 166: Evaluating with 239 unique detection frames
[11/24 05:40:44][INFO] ava_eval_helper.py: 314: AVA results wrote to detections_latest.csv
[11/24 05:40:44][INFO] ava_eval_helper.py: 315: 	took 0 seconds.
[11/24 05:40:44][INFO] ava_eval_helper.py: 314: AVA results wrote to groundtruth_latest.csv
[11/24 05:40:44][INFO] ava_eval_helper.py: 315: 	took 0 seconds.
{ 'PascalBoxes_PerformanceByCategory/AP@0.5IOU/carry/hold (an object)': 0.5860978222087706,
  'PascalBoxes_PerformanceByCategory/AP@0.5IOU/listen to (a person)': 0.5707942112083769,
  'PascalBoxes_PerformanceByCategory/AP@0.5IOU/sit': 0.8585936226614468,
  'PascalBoxes_PerformanceByCategory/AP@0.5IOU/talk to (e.g., self, a person, a group)': 0.8452552102751119,
  'PascalBoxes_PerformanceByCategory/AP@0.5IOU/watch (a person)': 0.3011420512372136,
  'PascalBoxes_Precision/mAP@0.5IOU': 0.6323765835181839}
[11/24 05:40:44][INFO] ava_eval_helper.py: 174: AVA eval done in 0.294487 seconds.
[11/24 05:40:44][INFO] logging.py:  97: json_stats: {
  "RAM": "14.05/251.90G",
  "_type": "val_epoch",
  "cur_epoch": "25",
  "gpu_mem": "1.28G",
  "map": 0.63238,
  "mode": "val"
}
[11/24 05:58:39][INFO] ava_eval_helper.py: 164: Evaluating with 239 unique GT frames.
[11/24 05:58:39][INFO] ava_eval_helper.py: 166: Evaluating with 239 unique detection frames
[11/24 05:58:39][INFO] ava_eval_helper.py: 314: AVA results wrote to detections_latest.csv
[11/24 05:58:39][INFO] ava_eval_helper.py: 315: 	took 0 seconds.
[11/24 05:58:39][INFO] ava_eval_helper.py: 314: AVA results wrote to groundtruth_latest.csv
[11/24 05:58:39][INFO] ava_eval_helper.py: 315: 	took 0 seconds.
{ 'PascalBoxes_PerformanceByCategory/AP@0.5IOU/carry/hold (an object)': 0.6451085172296189,
  'PascalBoxes_PerformanceByCategory/AP@0.5IOU/listen to (a person)': 0.5060124790680648,
  'PascalBoxes_PerformanceByCategory/AP@0.5IOU/sit': 0.8476761354731253,
  'PascalBoxes_PerformanceByCategory/AP@0.5IOU/talk to (e.g., self, a person, a group)': 0.857960592740374,
  'PascalBoxes_PerformanceByCategory/AP@0.5IOU/watch (a person)': 0.28289812567873196,
  'PascalBoxes_Precision/mAP@0.5IOU': 0.6279311700379828}
[11/24 05:58:39][INFO] ava_eval_helper.py: 174: AVA eval done in 0.298941 seconds.
[11/24 05:58:39][INFO] logging.py:  97: json_stats: {
  "RAM": "14.34/251.90G",
  "_type": "val_epoch",
  "cur_epoch": "26",
  "gpu_mem": "1.28G",
  "map": 0.62793,
  "mode": "val"
}
[11/24 06:17:11][INFO] ava_eval_helper.py: 164: Evaluating with 239 unique GT frames.
[11/24 06:17:11][INFO] ava_eval_helper.py: 166: Evaluating with 239 unique detection frames
[11/24 06:17:11][INFO] ava_eval_helper.py: 314: AVA results wrote to detections_latest.csv
[11/24 06:17:11][INFO] ava_eval_helper.py: 315: 	took 0 seconds.
[11/24 06:17:11][INFO] ava_eval_helper.py: 314: AVA results wrote to groundtruth_latest.csv
[11/24 06:17:11][INFO] ava_eval_helper.py: 315: 	took 0 seconds.
{ 'PascalBoxes_PerformanceByCategory/AP@0.5IOU/carry/hold (an object)': 0.6428694243516431,
  'PascalBoxes_PerformanceByCategory/AP@0.5IOU/listen to (a person)': 0.5500446383663312,
  'PascalBoxes_PerformanceByCategory/AP@0.5IOU/sit': 0.835875741005507,
  'PascalBoxes_PerformanceByCategory/AP@0.5IOU/talk to (e.g., self, a person, a group)': 0.821510892498621,
  'PascalBoxes_PerformanceByCategory/AP@0.5IOU/watch (a person)': 0.33348515316346594,
  'PascalBoxes_Precision/mAP@0.5IOU': 0.6367571698771137}
[11/24 06:17:11][INFO] ava_eval_helper.py: 174: AVA eval done in 0.296694 seconds.
[11/24 06:17:11][INFO] logging.py:  97: json_stats: {
  "RAM": "14.23/251.90G",
  "_type": "val_epoch",
  "cur_epoch": "27",
  "gpu_mem": "1.28G",
  "map": 0.63676,
  "mode": "val"
}
[11/24 06:35:27][INFO] ava_eval_helper.py: 164: Evaluating with 239 unique GT frames.
[11/24 06:35:27][INFO] ava_eval_helper.py: 166: Evaluating with 239 unique detection frames
[11/24 06:35:27][INFO] ava_eval_helper.py: 314: AVA results wrote to detections_latest.csv
[11/24 06:35:27][INFO] ava_eval_helper.py: 315: 	took 0 seconds.
[11/24 06:35:27][INFO] ava_eval_helper.py: 314: AVA results wrote to groundtruth_latest.csv
[11/24 06:35:27][INFO] ava_eval_helper.py: 315: 	took 0 seconds.
{ 'PascalBoxes_PerformanceByCategory/AP@0.5IOU/carry/hold (an object)': 0.6150399306496943,
  'PascalBoxes_PerformanceByCategory/AP@0.5IOU/listen to (a person)': 0.5145805073860559,
  'PascalBoxes_PerformanceByCategory/AP@0.5IOU/sit': 0.781770500937951,
  'PascalBoxes_PerformanceByCategory/AP@0.5IOU/talk to (e.g., self, a person, a group)': 0.839680991757438,
  'PascalBoxes_PerformanceByCategory/AP@0.5IOU/watch (a person)': 0.3448137888707516,
  'PascalBoxes_Precision/mAP@0.5IOU': 0.6191771439203781}
[11/24 06:35:27][INFO] ava_eval_helper.py: 174: AVA eval done in 0.293722 seconds.
[11/24 06:35:27][INFO] logging.py:  97: json_stats: {
  "RAM": "14.30/251.90G",
  "_type": "val_epoch",
  "cur_epoch": "28",
  "gpu_mem": "1.28G",
  "map": 0.61918,
  "mode": "val"
}
[11/24 06:53:22][INFO] ava_eval_helper.py: 164: Evaluating with 239 unique GT frames.
[11/24 06:53:22][INFO] ava_eval_helper.py: 166: Evaluating with 239 unique detection frames
[11/24 06:53:22][INFO] ava_eval_helper.py: 314: AVA results wrote to detections_latest.csv
[11/24 06:53:22][INFO] ava_eval_helper.py: 315: 	took 0 seconds.
[11/24 06:53:22][INFO] ava_eval_helper.py: 314: AVA results wrote to groundtruth_latest.csv
[11/24 06:53:22][INFO] ava_eval_helper.py: 315: 	took 0 seconds.
{ 'PascalBoxes_PerformanceByCategory/AP@0.5IOU/carry/hold (an object)': 0.592781596929034,
  'PascalBoxes_PerformanceByCategory/AP@0.5IOU/listen to (a person)': 0.5259139760423436,
  'PascalBoxes_PerformanceByCategory/AP@0.5IOU/sit': 0.7983428122268585,
  'PascalBoxes_PerformanceByCategory/AP@0.5IOU/talk to (e.g., self, a person, a group)': 0.7893756397929279,
  'PascalBoxes_PerformanceByCategory/AP@0.5IOU/watch (a person)': 0.35884200021018164,
  'PascalBoxes_Precision/mAP@0.5IOU': 0.6130512050402691}
[11/24 06:53:22][INFO] ava_eval_helper.py: 174: AVA eval done in 0.295393 seconds.
[11/24 06:53:22][INFO] logging.py:  97: json_stats: {
  "RAM": "14.29/251.90G",
  "_type": "val_epoch",
  "cur_epoch": "29",
  "gpu_mem": "1.28G",
  "map": 0.61305,
  "mode": "val"
}
[11/24 07:07:52][INFO] ava_eval_helper.py: 164: Evaluating with 239 unique GT frames.
[11/24 07:07:52][INFO] ava_eval_helper.py: 166: Evaluating with 239 unique detection frames
[11/24 07:07:52][INFO] ava_eval_helper.py: 314: AVA results wrote to detections_latest.csv
[11/24 07:07:52][INFO] ava_eval_helper.py: 315: 	took 0 seconds.
[11/24 07:07:52][INFO] ava_eval_helper.py: 314: AVA results wrote to groundtruth_latest.csv
[11/24 07:07:52][INFO] ava_eval_helper.py: 315: 	took 0 seconds.
{ 'PascalBoxes_PerformanceByCategory/AP@0.5IOU/carry/hold (an object)': 0.597331939188352,
  'PascalBoxes_PerformanceByCategory/AP@0.5IOU/listen to (a person)': 0.5688838963387428,
  'PascalBoxes_PerformanceByCategory/AP@0.5IOU/sit': 0.8160590083124459,
  'PascalBoxes_PerformanceByCategory/AP@0.5IOU/talk to (e.g., self, a person, a group)': 0.8519461084082095,
  'PascalBoxes_PerformanceByCategory/AP@0.5IOU/watch (a person)': 0.3630635847289708,
  'PascalBoxes_Precision/mAP@0.5IOU': 0.6394569073953442}
[11/24 07:07:52][INFO] ava_eval_helper.py: 174: AVA eval done in 0.366055 seconds.
[11/24 07:07:52][INFO] logging.py:  97: json_stats: {
  "RAM": "14.44/251.90G",
  "_type": "val_epoch",
  "cur_epoch": "30",
  "gpu_mem": "1.28G",
  "map": 0.63946,
  "mode": "val"
}
[11/24 07:23:47][INFO] ava_eval_helper.py: 164: Evaluating with 239 unique GT frames.
[11/24 07:23:48][INFO] ava_eval_helper.py: 166: Evaluating with 239 unique detection frames
[11/24 07:23:48][INFO] ava_eval_helper.py: 314: AVA results wrote to detections_latest.csv
[11/24 07:23:48][INFO] ava_eval_helper.py: 315: 	took 0 seconds.
[11/24 07:23:48][INFO] ava_eval_helper.py: 314: AVA results wrote to groundtruth_latest.csv
[11/24 07:23:48][INFO] ava_eval_helper.py: 315: 	took 0 seconds.
{ 'PascalBoxes_PerformanceByCategory/AP@0.5IOU/carry/hold (an object)': 0.5699998072125118,
  'PascalBoxes_PerformanceByCategory/AP@0.5IOU/listen to (a person)': 0.5750968440677906,
  'PascalBoxes_PerformanceByCategory/AP@0.5IOU/sit': 0.7974499629622626,
  'PascalBoxes_PerformanceByCategory/AP@0.5IOU/talk to (e.g., self, a person, a group)': 0.8570127294999264,
  'PascalBoxes_PerformanceByCategory/AP@0.5IOU/watch (a person)': 0.3404892086616005,
  'PascalBoxes_Precision/mAP@0.5IOU': 0.6280097104808183}
[11/24 07:23:48][INFO] ava_eval_helper.py: 174: AVA eval done in 0.294071 seconds.
[11/24 07:23:48][INFO] logging.py:  97: json_stats: {
  "RAM": "14.68/251.90G",
  "_type": "val_epoch",
  "cur_epoch": "31",
  "gpu_mem": "1.28G",
  "map": 0.62801,
  "mode": "val"
}
[11/24 07:40:34][INFO] ava_eval_helper.py: 164: Evaluating with 239 unique GT frames.
[11/24 07:40:34][INFO] ava_eval_helper.py: 166: Evaluating with 239 unique detection frames
[11/24 07:40:34][INFO] ava_eval_helper.py: 314: AVA results wrote to detections_latest.csv
[11/24 07:40:34][INFO] ava_eval_helper.py: 315: 	took 0 seconds.
[11/24 07:40:34][INFO] ava_eval_helper.py: 314: AVA results wrote to groundtruth_latest.csv
[11/24 07:40:34][INFO] ava_eval_helper.py: 315: 	took 0 seconds.
{ 'PascalBoxes_PerformanceByCategory/AP@0.5IOU/carry/hold (an object)': 0.5477839444296382,
  'PascalBoxes_PerformanceByCategory/AP@0.5IOU/listen to (a person)': 0.529922584414478,
  'PascalBoxes_PerformanceByCategory/AP@0.5IOU/sit': 0.8031697548820417,
  'PascalBoxes_PerformanceByCategory/AP@0.5IOU/talk to (e.g., self, a person, a group)': 0.8731583607280637,
  'PascalBoxes_PerformanceByCategory/AP@0.5IOU/watch (a person)': 0.3377233512112753,
  'PascalBoxes_Precision/mAP@0.5IOU': 0.6183515991330994}
[11/24 07:40:34][INFO] ava_eval_helper.py: 174: AVA eval done in 0.294881 seconds.
[11/24 07:40:34][INFO] logging.py:  97: json_stats: {
  "RAM": "14.82/251.90G",
  "_type": "val_epoch",
  "cur_epoch": "32",
  "gpu_mem": "1.28G",
  "map": 0.61835,
  "mode": "val"
}
[11/24 07:57:29][INFO] ava_eval_helper.py: 164: Evaluating with 239 unique GT frames.
[11/24 07:57:29][INFO] ava_eval_helper.py: 166: Evaluating with 239 unique detection frames
[11/24 07:57:29][INFO] ava_eval_helper.py: 314: AVA results wrote to detections_latest.csv
[11/24 07:57:29][INFO] ava_eval_helper.py: 315: 	took 0 seconds.
[11/24 07:57:29][INFO] ava_eval_helper.py: 314: AVA results wrote to groundtruth_latest.csv
[11/24 07:57:29][INFO] ava_eval_helper.py: 315: 	took 0 seconds.
{ 'PascalBoxes_PerformanceByCategory/AP@0.5IOU/carry/hold (an object)': 0.5344883961268074,
  'PascalBoxes_PerformanceByCategory/AP@0.5IOU/listen to (a person)': 0.5684797289165575,
  'PascalBoxes_PerformanceByCategory/AP@0.5IOU/sit': 0.7932732803166187,
  'PascalBoxes_PerformanceByCategory/AP@0.5IOU/talk to (e.g., self, a person, a group)': 0.8712591045809798,
  'PascalBoxes_PerformanceByCategory/AP@0.5IOU/watch (a person)': 0.33662789304623847,
  'PascalBoxes_Precision/mAP@0.5IOU': 0.6208256805974404}
[11/24 07:57:29][INFO] ava_eval_helper.py: 174: AVA eval done in 0.297134 seconds.
[11/24 07:57:29][INFO] logging.py:  97: json_stats: {
  "RAM": "14.84/251.90G",
  "_type": "val_epoch",
  "cur_epoch": "33",
  "gpu_mem": "1.28G",
  "map": 0.62083,
  "mode": "val"
}
[11/24 08:14:58][INFO] ava_eval_helper.py: 164: Evaluating with 239 unique GT frames.
[11/24 08:14:58][INFO] ava_eval_helper.py: 166: Evaluating with 239 unique detection frames
[11/24 08:14:58][INFO] ava_eval_helper.py: 314: AVA results wrote to detections_latest.csv
[11/24 08:14:58][INFO] ava_eval_helper.py: 315: 	took 0 seconds.
[11/24 08:14:58][INFO] ava_eval_helper.py: 314: AVA results wrote to groundtruth_latest.csv
[11/24 08:14:58][INFO] ava_eval_helper.py: 315: 	took 0 seconds.
{ 'PascalBoxes_PerformanceByCategory/AP@0.5IOU/carry/hold (an object)': 0.5046377780043072,
  'PascalBoxes_PerformanceByCategory/AP@0.5IOU/listen to (a person)': 0.5692369660418201,
  'PascalBoxes_PerformanceByCategory/AP@0.5IOU/sit': 0.7942215126755319,
  'PascalBoxes_PerformanceByCategory/AP@0.5IOU/talk to (e.g., self, a person, a group)': 0.8529109080600908,
  'PascalBoxes_PerformanceByCategory/AP@0.5IOU/watch (a person)': 0.3914351689394119,
  'PascalBoxes_Precision/mAP@0.5IOU': 0.6224884667442323}
[11/24 08:14:58][INFO] ava_eval_helper.py: 174: AVA eval done in 0.297682 seconds.
[11/24 08:14:58][INFO] logging.py:  97: json_stats: {
  "RAM": "14.88/251.90G",
  "_type": "val_epoch",
  "cur_epoch": "34",
  "gpu_mem": "1.28G",
  "map": 0.62249,
  "mode": "val"
}
[11/24 08:30:41][INFO] ava_eval_helper.py: 164: Evaluating with 239 unique GT frames.
[11/24 08:30:41][INFO] ava_eval_helper.py: 166: Evaluating with 239 unique detection frames
[11/24 08:30:41][INFO] ava_eval_helper.py: 314: AVA results wrote to detections_latest.csv
[11/24 08:30:41][INFO] ava_eval_helper.py: 315: 	took 0 seconds.
[11/24 08:30:41][INFO] ava_eval_helper.py: 314: AVA results wrote to groundtruth_latest.csv
[11/24 08:30:41][INFO] ava_eval_helper.py: 315: 	took 0 seconds.
{ 'PascalBoxes_PerformanceByCategory/AP@0.5IOU/carry/hold (an object)': 0.536294284743747,
  'PascalBoxes_PerformanceByCategory/AP@0.5IOU/listen to (a person)': 0.5637483011389167,
  'PascalBoxes_PerformanceByCategory/AP@0.5IOU/sit': 0.7929636985795347,
  'PascalBoxes_PerformanceByCategory/AP@0.5IOU/talk to (e.g., self, a person, a group)': 0.8334683183828534,
  'PascalBoxes_PerformanceByCategory/AP@0.5IOU/watch (a person)': 0.31645273242320465,
  'PascalBoxes_Precision/mAP@0.5IOU': 0.6085854670536514}
[11/24 08:30:41][INFO] ava_eval_helper.py: 174: AVA eval done in 0.296814 seconds.
[11/24 08:30:41][INFO] logging.py:  97: json_stats: {
  "RAM": "14.99/251.90G",
  "_type": "val_epoch",
  "cur_epoch": "35",
  "gpu_mem": "1.28G",
  "map": 0.60859,
  "mode": "val"
}
[11/24 08:42:17][INFO] ava_eval_helper.py: 164: Evaluating with 239 unique GT frames.
[11/24 08:42:17][INFO] ava_eval_helper.py: 166: Evaluating with 239 unique detection frames
[11/24 08:42:17][INFO] ava_eval_helper.py: 314: AVA results wrote to detections_latest.csv
[11/24 08:42:17][INFO] ava_eval_helper.py: 315: 	took 0 seconds.
[11/24 08:42:17][INFO] ava_eval_helper.py: 314: AVA results wrote to groundtruth_latest.csv
[11/24 08:42:17][INFO] ava_eval_helper.py: 315: 	took 0 seconds.
{ 'PascalBoxes_PerformanceByCategory/AP@0.5IOU/carry/hold (an object)': 0.5538836844875433,
  'PascalBoxes_PerformanceByCategory/AP@0.5IOU/listen to (a person)': 0.5421400127476524,
  'PascalBoxes_PerformanceByCategory/AP@0.5IOU/sit': 0.8144358288086256,
  'PascalBoxes_PerformanceByCategory/AP@0.5IOU/talk to (e.g., self, a person, a group)': 0.8497570164028747,
  'PascalBoxes_PerformanceByCategory/AP@0.5IOU/watch (a person)': 0.30896300195204196,
  'PascalBoxes_Precision/mAP@0.5IOU': 0.6138359088797476}
[11/24 08:42:17][INFO] ava_eval_helper.py: 174: AVA eval done in 0.294744 seconds.
[11/24 08:42:17][INFO] logging.py:  97: json_stats: {
  "RAM": "15.16/251.90G",
  "_type": "val_epoch",
  "cur_epoch": "36",
  "gpu_mem": "1.28G",
  "map": 0.61384,
  "mode": "val"
}
[11/24 08:54:22][INFO] ava_eval_helper.py: 164: Evaluating with 239 unique GT frames.
[11/24 08:54:22][INFO] ava_eval_helper.py: 166: Evaluating with 239 unique detection frames
[11/24 08:54:22][INFO] ava_eval_helper.py: 314: AVA results wrote to detections_latest.csv
[11/24 08:54:22][INFO] ava_eval_helper.py: 315: 	took 0 seconds.
[11/24 08:54:22][INFO] ava_eval_helper.py: 314: AVA results wrote to groundtruth_latest.csv
[11/24 08:54:22][INFO] ava_eval_helper.py: 315: 	took 0 seconds.
{ 'PascalBoxes_PerformanceByCategory/AP@0.5IOU/carry/hold (an object)': 0.5464763888162476,
  'PascalBoxes_PerformanceByCategory/AP@0.5IOU/listen to (a person)': 0.5288426599888388,
  'PascalBoxes_PerformanceByCategory/AP@0.5IOU/sit': 0.7841895872897442,
  'PascalBoxes_PerformanceByCategory/AP@0.5IOU/talk to (e.g., self, a person, a group)': 0.8559012330941469,
  'PascalBoxes_PerformanceByCategory/AP@0.5IOU/watch (a person)': 0.31189364459100016,
  'PascalBoxes_Precision/mAP@0.5IOU': 0.6054607027559955}
[11/24 08:54:23][INFO] ava_eval_helper.py: 174: AVA eval done in 0.344395 seconds.
[11/24 08:54:23][INFO] logging.py:  97: json_stats: {
  "RAM": "15.10/251.90G",
  "_type": "val_epoch",
  "cur_epoch": "37",
  "gpu_mem": "1.28G",
  "map": 0.60546,
  "mode": "val"
}
[11/24 09:09:02][INFO] ava_eval_helper.py: 164: Evaluating with 239 unique GT frames.
[11/24 09:09:02][INFO] ava_eval_helper.py: 166: Evaluating with 239 unique detection frames
[11/24 09:09:02][INFO] ava_eval_helper.py: 314: AVA results wrote to detections_latest.csv
[11/24 09:09:02][INFO] ava_eval_helper.py: 315: 	took 0 seconds.
[11/24 09:09:02][INFO] ava_eval_helper.py: 314: AVA results wrote to groundtruth_latest.csv
[11/24 09:09:02][INFO] ava_eval_helper.py: 315: 	took 0 seconds.
{ 'PascalBoxes_PerformanceByCategory/AP@0.5IOU/carry/hold (an object)': 0.5960458136399023,
  'PascalBoxes_PerformanceByCategory/AP@0.5IOU/listen to (a person)': 0.5458472404710354,
  'PascalBoxes_PerformanceByCategory/AP@0.5IOU/sit': 0.7667045972649869,
  'PascalBoxes_PerformanceByCategory/AP@0.5IOU/talk to (e.g., self, a person, a group)': 0.8543512099733162,
  'PascalBoxes_PerformanceByCategory/AP@0.5IOU/watch (a person)': 0.3068151658653103,
  'PascalBoxes_Precision/mAP@0.5IOU': 0.6139528054429102}
[11/24 09:09:03][INFO] ava_eval_helper.py: 174: AVA eval done in 0.294282 seconds.
[11/24 09:09:03][INFO] logging.py:  97: json_stats: {
  "RAM": "15.25/251.90G",
  "_type": "val_epoch",
  "cur_epoch": "38",
  "gpu_mem": "1.28G",
  "map": 0.61395,
  "mode": "val"
}
slurmstepd: error: *** JOB 172213 ON biwirender05 CANCELLED AT 2020-11-24T09:09:50 ***
