
CommandNotFoundError: Your shell has not been properly configured to use 'conda activate'.
To initialize your shell, run

    $ conda init <SHELL_NAME>

Currently supported shells are:
  - bash
  - fish
  - tcsh
  - xonsh
  - zsh
  - powershell

See 'conda init --help' for more information and options.

IMPORTANT: You may need to close and restart your shell after running 'conda init'.


[11/23 23:17:26][INFO] train_net.py: 405: Train with config:
[11/23 23:17:26][INFO] train_net.py: 406: {'AVA': {'ANNOTATION_DIR': '/srv/beegfs02/scratch/da_action/data/ava/annotations_5_400_80/',
         'BGR': False,
         'DETECTION_SCORE_THRESH': 0.8,
         'EXCLUSION_FILE': 'ava_val_excluded_timestamps_v2.2.csv',
         'FRAME_DIR': '/srv/beegfs02/scratch/da_action/data/ava/frames/',
         'FRAME_LIST_DIR': '/srv/beegfs02/scratch/da_action/data/ava/frame_lists_5_400_80/',
         'FULL_TEST_ON_VAL': True,
         'GROUNDTRUTH_FILE': 'ava_val_v2.2.csv',
         'IMG_PROC_BACKEND': 'cv2',
         'LABEL_MAP_FILE': 'ava_action_list_v2.2.pbtxt',
         'TEST_FORCE_FLIP': False,
         'TEST_LISTS': ['val.csv'],
         'TEST_PREDICT_BOX_LISTS': ['ava_val_predicted_boxes.csv'],
         'TRAIN_GT_BOX_LISTS': ['ava_train_v2.2.csv'],
         'TRAIN_LISTS': ['train.csv'],
         'TRAIN_PCA_EIGVAL': [0.225, 0.224, 0.229],
         'TRAIN_PCA_EIGVEC': [[-0.5675, 0.7192, 0.4009],
                              [-0.5808, -0.0045, -0.814],
                              [-0.5836, -0.6948, 0.4203]],
         'TRAIN_PCA_JITTER_ONLY': True,
         'TRAIN_PREDICT_BOX_LISTS': [],
         'TRAIN_USE_COLOR_AUGMENTATION': False},
 'BENCHMARK': CfgNode({'NUM_EPOCHS': 5, 'LOG_PERIOD': 100, 'SHUFFLE': True}),
 'BN': {'NORM_TYPE': 'batchnorm',
        'NUM_BATCHES_PRECISE': 200,
        'NUM_SPLITS': 1,
        'NUM_SYNC_DEVICES': 1,
        'USE_PRECISE_STATS': False,
        'WEIGHT_DECAY': 0.0},
 'DATA': {'DECODING_BACKEND': 'pyav',
          'ENSEMBLE_METHOD': 'sum',
          'INPUT_CHANNEL_NUM': [3, 3],
          'INV_UNIFORM_SAMPLE': False,
          'MEAN': [0.45, 0.45, 0.45],
          'MULTI_LABEL': False,
          'NUM_FRAMES': 32,
          'PATH_LABEL_SEPARATOR': ' ',
          'PATH_PREFIX': '',
          'PATH_TO_DATA_DIR': '',
          'RANDOM_FLIP': True,
          'REVERSE_INPUT_CHANNEL': False,
          'SAMPLING_RATE': 2,
          'STD': [0.225, 0.225, 0.225],
          'TARGET_FPS': 30,
          'TEST_CROP_SIZE': 256,
          'TRAIN_CROP_SIZE': 224,
          'TRAIN_JITTER_SCALES': [256, 320]},
 'DATA_LOADER': {'ENABLE_MULTI_THREAD_DECODE': False,
                 'NUM_WORKERS': 1,
                 'PIN_MEMORY': True},
 'DEMO': {'BUFFER_SIZE': 0,
          'CLIP_VIS_SIZE': 10,
          'COMMON_CLASS_NAMES': ['watch (a person)',
                                 'talk to (e.g., self, a person, a group)',
                                 'listen to (a person)',
                                 'touch (an object)',
                                 'carry/hold (an object)',
                                 'walk',
                                 'sit',
                                 'lie/sleep',
                                 'bend/bow (at the waist)'],
          'COMMON_CLASS_THRES': 0.7,
          'DETECTRON2_CFG': 'COCO-Detection/faster_rcnn_R_50_FPN_3x.yaml',
          'DETECTRON2_THRESH': 0.9,
          'DETECTRON2_WEIGHTS': 'detectron2://COCO-Detection/faster_rcnn_R_50_FPN_3x/137849458/model_final_280758.pkl',
          'DISPLAY_HEIGHT': 0,
          'DISPLAY_WIDTH': 0,
          'ENABLE': False,
          'FPS': 30,
          'GT_BOXES': '',
          'INPUT_FORMAT': 'BGR',
          'INPUT_VIDEO': '',
          'LABEL_FILE_PATH': '',
          'NUM_CLIPS_SKIP': 0,
          'NUM_VIS_INSTANCES': 2,
          'OUTPUT_FILE': '',
          'OUTPUT_FPS': -1,
          'PREDS_BOXES': '',
          'SLOWMO': 1,
          'STARTING_SECOND': 900,
          'THREAD_ENABLE': False,
          'UNCOMMON_CLASS_THRES': 0.3,
          'VIS_MODE': 'thres',
          'WEBCAM': -1},
 'DETECTION': {'ALIGNED': False,
               'ENABLE': True,
               'ROI_XFORM_RESOLUTION': 7,
               'SPATIAL_SCALE_FACTOR': 16},
 'DIST_BACKEND': 'nccl',
 'LOG_MODEL_INFO': False,
 'LOG_PERIOD': 10,
 'MODEL': {'ARCH': 'slowfast',
           'DROPCONNECT_RATE': 0.0,
           'DROPOUT_RATE': 0.5,
           'FC_INIT_STD': 0.01,
           'FREEZE_TO': 605,
           'HEAD_ACT': 'sigmoid',
           'LOSS_FUNC': 'bce',
           'MODEL_NAME': 'SlowFast',
           'MULTI_PATHWAY_ARCH': ['slowfast'],
           'NUM_CLASSES': 5,
           'SINGLE_PATHWAY_ARCH': ['c2d', 'i3d', 'slow', 'x3d']},
 'MULTIGRID': {'BN_BASE_SIZE': 8,
               'DEFAULT_B': 0,
               'DEFAULT_S': 0,
               'DEFAULT_T': 0,
               'EPOCH_FACTOR': 1.5,
               'EVAL_FREQ': 3,
               'LONG_CYCLE': False,
               'LONG_CYCLE_FACTORS': [(0.25, 0.7071067811865476),
                                      (0.5, 0.7071067811865476),
                                      (0.5, 1),
                                      (1, 1)],
               'LONG_CYCLE_SAMPLING_RATE': 0,
               'SHORT_CYCLE': False,
               'SHORT_CYCLE_FACTORS': [0.5, 0.7071067811865476]},
 'NONLOCAL': {'GROUP': [[1, 1], [1, 1], [1, 1], [1, 1]],
              'INSTANTIATION': 'dot_product',
              'LOCATION': [[[], []], [[], []], [[6, 13, 20], []], [[], []]],
              'POOL': [[[2, 2, 2], [2, 2, 2]],
                       [[2, 2, 2], [2, 2, 2]],
                       [[2, 2, 2], [2, 2, 2]],
                       [[2, 2, 2], [2, 2, 2]]]},
 'NUM_GPUS': 1,
 'NUM_SHARDS': 1,
 'OUTPUT_DIR': '/srv/beegfs02/scratch/da_action/data/output/ex_5_400_80_v4',
 'RESNET': {'DEPTH': 101,
            'INPLACE_RELU': True,
            'NUM_BLOCK_TEMP_KERNEL': [[3, 3], [4, 4], [6, 6], [3, 3]],
            'NUM_GROUPS': 1,
            'SPATIAL_DILATIONS': [[1, 1], [1, 1], [1, 1], [2, 2]],
            'SPATIAL_STRIDES': [[1, 1], [2, 2], [2, 2], [1, 1]],
            'STRIDE_1X1': False,
            'TRANS_FUNC': 'bottleneck_transform',
            'WIDTH_PER_GROUP': 64,
            'ZERO_INIT_FINAL_BN': True},
 'RNG_SEED': 0,
 'SHARD_ID': 0,
 'SLOWFAST': {'ALPHA': 4,
              'BETA_INV': 8,
              'FUSION_CONV_CHANNEL_RATIO': 2,
              'FUSION_KERNEL_SZ': 5},
 'SOLVER': {'BASE_LR': 0.001,
            'BASE_LR_SCALE_NUM_SHARDS': False,
            'COSINE_END_LR': 0.0,
            'DAMPENING': 0.0,
            'GAMMA': 0.1,
            'LRS': [],
            'LR_POLICY': 'cosine',
            'MAX_EPOCH': 300,
            'MOMENTUM': 0.9,
            'NESTEROV': True,
            'OPTIMIZING_METHOD': 'sgd',
            'STEPS': [],
            'STEP_SIZE': 1,
            'WARMUP_EPOCHS': 0.0,
            'WARMUP_FACTOR': 0.1,
            'WARMUP_START_LR': 0.01,
            'WEIGHT_DECAY': 1e-07},
 'TENSORBOARD': {'CATEGORIES_PATH': '',
                 'CLASS_NAMES_PATH': '',
                 'CONFUSION_MATRIX': {'ENABLE': False,
                                      'FIGSIZE': [8, 8],
                                      'SUBSET_PATH': ''},
                 'ENABLE': True,
                 'HISTOGRAM': {'ENABLE': False,
                               'FIGSIZE': [8, 8],
                               'SUBSET_PATH': '',
                               'TOPK': 10},
                 'LOG_DIR': 'tensorboard',
                 'MODEL_VIS': {'ACTIVATIONS': False,
                               'COLORMAP': 'Pastel2',
                               'ENABLE': False,
                               'GRAD_CAM': {'COLORMAP': 'viridis',
                                            'ENABLE': True,
                                            'LAYER_LIST': [],
                                            'USE_TRUE_LABEL': False},
                               'INPUT_VIDEO': False,
                               'LAYER_LIST': [],
                               'MODEL_WEIGHTS': False,
                               'TOPK_PREDS': 1},
                 'PREDICTIONS_PATH': '',
                 'WRONG_PRED_VIS': {'ENABLE': False,
                                    'SUBSET_PATH': '',
                                    'TAG': 'Incorrectly classified videos.'}},
 'TEST': {'BATCH_SIZE': 4,
          'CHECKPOINT_FILE_PATH': '',
          'CHECKPOINT_TYPE': 'pytorch',
          'DATASET': 'ava',
          'ENABLE': True,
          'NUM_ENSEMBLE_VIEWS': 10,
          'NUM_SPATIAL_CROPS': 3,
          'SAVE_RESULTS_PATH': ''},
 'TRAIN': {'AUTO_RESUME': False,
           'BATCH_SIZE': 4,
           'CHECKPOINT_CLEAR_NAME_PATTERN': (),
           'CHECKPOINT_EPOCH_RESET': False,
           'CHECKPOINT_FILE_PATH': '/srv/beegfs02/scratch/da_action/data/models_pretrained/SLOWFAST_32x2_R101_50_50.pkl',
           'CHECKPOINT_INFLATE': False,
           'CHECKPOINT_PERIOD': 1,
           'CHECKPOINT_TYPE': 'pytorch',
           'DATASET': 'ava',
           'ENABLE': True,
           'EVAL_PERIOD': 1},
 'X3D': {'BN_LIN5': False,
         'BOTTLENECK_FACTOR': 1.0,
         'CHANNELWISE_3x3x3': True,
         'DEPTH_FACTOR': 1.0,
         'DIM_C1': 12,
         'DIM_C5': 2048,
         'SCALE_RES2': False,
         'WIDTH_FACTOR': 1.0}}
0 frozen s1.pathway0_stem.conv.weight
1 frozen s1.pathway0_stem.bn.weight
2 frozen s1.pathway0_stem.bn.bias
3 frozen s1.pathway1_stem.conv.weight
4 frozen s1.pathway1_stem.bn.weight
5 frozen s1.pathway1_stem.bn.bias
6 frozen s1_fuse.conv_f2s.weight
7 frozen s1_fuse.bn.weight
8 frozen s1_fuse.bn.bias
9 frozen s2.pathway0_res0.branch1.weight
10 frozen s2.pathway0_res0.branch1_bn.weight
11 frozen s2.pathway0_res0.branch1_bn.bias
12 frozen s2.pathway0_res0.branch2.a.weight
13 frozen s2.pathway0_res0.branch2.a_bn.weight
14 frozen s2.pathway0_res0.branch2.a_bn.bias
15 frozen s2.pathway0_res0.branch2.b.weight
16 frozen s2.pathway0_res0.branch2.b_bn.weight
17 frozen s2.pathway0_res0.branch2.b_bn.bias
18 frozen s2.pathway0_res0.branch2.c.weight
19 frozen s2.pathway0_res0.branch2.c_bn.weight
20 frozen s2.pathway0_res0.branch2.c_bn.bias
21 frozen s2.pathway0_res1.branch2.a.weight
22 frozen s2.pathway0_res1.branch2.a_bn.weight
23 frozen s2.pathway0_res1.branch2.a_bn.bias
24 frozen s2.pathway0_res1.branch2.b.weight
25 frozen s2.pathway0_res1.branch2.b_bn.weight
26 frozen s2.pathway0_res1.branch2.b_bn.bias
27 frozen s2.pathway0_res1.branch2.c.weight
28 frozen s2.pathway0_res1.branch2.c_bn.weight
29 frozen s2.pathway0_res1.branch2.c_bn.bias
30 frozen s2.pathway0_res2.branch2.a.weight
31 frozen s2.pathway0_res2.branch2.a_bn.weight
32 frozen s2.pathway0_res2.branch2.a_bn.bias
33 frozen s2.pathway0_res2.branch2.b.weight
34 frozen s2.pathway0_res2.branch2.b_bn.weight
35 frozen s2.pathway0_res2.branch2.b_bn.bias
36 frozen s2.pathway0_res2.branch2.c.weight
37 frozen s2.pathway0_res2.branch2.c_bn.weight
38 frozen s2.pathway0_res2.branch2.c_bn.bias
39 frozen s2.pathway1_res0.branch1.weight
40 frozen s2.pathway1_res0.branch1_bn.weight
41 frozen s2.pathway1_res0.branch1_bn.bias
42 frozen s2.pathway1_res0.branch2.a.weight
43 frozen s2.pathway1_res0.branch2.a_bn.weight
44 frozen s2.pathway1_res0.branch2.a_bn.bias
45 frozen s2.pathway1_res0.branch2.b.weight
46 frozen s2.pathway1_res0.branch2.b_bn.weight
47 frozen s2.pathway1_res0.branch2.b_bn.bias
48 frozen s2.pathway1_res0.branch2.c.weight
49 frozen s2.pathway1_res0.branch2.c_bn.weight
50 frozen s2.pathway1_res0.branch2.c_bn.bias
51 frozen s2.pathway1_res1.branch2.a.weight
52 frozen s2.pathway1_res1.branch2.a_bn.weight
53 frozen s2.pathway1_res1.branch2.a_bn.bias
54 frozen s2.pathway1_res1.branch2.b.weight
55 frozen s2.pathway1_res1.branch2.b_bn.weight
56 frozen s2.pathway1_res1.branch2.b_bn.bias
57 frozen s2.pathway1_res1.branch2.c.weight
58 frozen s2.pathway1_res1.branch2.c_bn.weight
59 frozen s2.pathway1_res1.branch2.c_bn.bias
60 frozen s2.pathway1_res2.branch2.a.weight
61 frozen s2.pathway1_res2.branch2.a_bn.weight
62 frozen s2.pathway1_res2.branch2.a_bn.bias
63 frozen s2.pathway1_res2.branch2.b.weight
64 frozen s2.pathway1_res2.branch2.b_bn.weight
65 frozen s2.pathway1_res2.branch2.b_bn.bias
66 frozen s2.pathway1_res2.branch2.c.weight
67 frozen s2.pathway1_res2.branch2.c_bn.weight
68 frozen s2.pathway1_res2.branch2.c_bn.bias
69 frozen s2_fuse.conv_f2s.weight
70 frozen s2_fuse.bn.weight
71 frozen s2_fuse.bn.bias
72 frozen s3.pathway0_res0.branch1.weight
73 frozen s3.pathway0_res0.branch1_bn.weight
74 frozen s3.pathway0_res0.branch1_bn.bias
75 frozen s3.pathway0_res0.branch2.a.weight
76 frozen s3.pathway0_res0.branch2.a_bn.weight
77 frozen s3.pathway0_res0.branch2.a_bn.bias
78 frozen s3.pathway0_res0.branch2.b.weight
79 frozen s3.pathway0_res0.branch2.b_bn.weight
80 frozen s3.pathway0_res0.branch2.b_bn.bias
81 frozen s3.pathway0_res0.branch2.c.weight
82 frozen s3.pathway0_res0.branch2.c_bn.weight
83 frozen s3.pathway0_res0.branch2.c_bn.bias
84 frozen s3.pathway0_res1.branch2.a.weight
85 frozen s3.pathway0_res1.branch2.a_bn.weight
86 frozen s3.pathway0_res1.branch2.a_bn.bias
87 frozen s3.pathway0_res1.branch2.b.weight
88 frozen s3.pathway0_res1.branch2.b_bn.weight
89 frozen s3.pathway0_res1.branch2.b_bn.bias
90 frozen s3.pathway0_res1.branch2.c.weight
91 frozen s3.pathway0_res1.branch2.c_bn.weight
92 frozen s3.pathway0_res1.branch2.c_bn.bias
93 frozen s3.pathway0_res2.branch2.a.weight
94 frozen s3.pathway0_res2.branch2.a_bn.weight
95 frozen s3.pathway0_res2.branch2.a_bn.bias
96 frozen s3.pathway0_res2.branch2.b.weight
97 frozen s3.pathway0_res2.branch2.b_bn.weight
98 frozen s3.pathway0_res2.branch2.b_bn.bias
99 frozen s3.pathway0_res2.branch2.c.weight
100 frozen s3.pathway0_res2.branch2.c_bn.weight
101 frozen s3.pathway0_res2.branch2.c_bn.bias
102 frozen s3.pathway0_res3.branch2.a.weight
103 frozen s3.pathway0_res3.branch2.a_bn.weight
104 frozen s3.pathway0_res3.branch2.a_bn.bias
105 frozen s3.pathway0_res3.branch2.b.weight
106 frozen s3.pathway0_res3.branch2.b_bn.weight
107 frozen s3.pathway0_res3.branch2.b_bn.bias
108 frozen s3.pathway0_res3.branch2.c.weight
109 frozen s3.pathway0_res3.branch2.c_bn.weight
110 frozen s3.pathway0_res3.branch2.c_bn.bias
111 frozen s3.pathway1_res0.branch1.weight
112 frozen s3.pathway1_res0.branch1_bn.weight
113 frozen s3.pathway1_res0.branch1_bn.bias
114 frozen s3.pathway1_res0.branch2.a.weight
115 frozen s3.pathway1_res0.branch2.a_bn.weight
116 frozen s3.pathway1_res0.branch2.a_bn.bias
117 frozen s3.pathway1_res0.branch2.b.weight
118 frozen s3.pathway1_res0.branch2.b_bn.weight
119 frozen s3.pathway1_res0.branch2.b_bn.bias
120 frozen s3.pathway1_res0.branch2.c.weight
121 frozen s3.pathway1_res0.branch2.c_bn.weight
122 frozen s3.pathway1_res0.branch2.c_bn.bias
123 frozen s3.pathway1_res1.branch2.a.weight
124 frozen s3.pathway1_res1.branch2.a_bn.weight
125 frozen s3.pathway1_res1.branch2.a_bn.bias
126 frozen s3.pathway1_res1.branch2.b.weight
127 frozen s3.pathway1_res1.branch2.b_bn.weight
128 frozen s3.pathway1_res1.branch2.b_bn.bias
129 frozen s3.pathway1_res1.branch2.c.weight
130 frozen s3.pathway1_res1.branch2.c_bn.weight
131 frozen s3.pathway1_res1.branch2.c_bn.bias
132 frozen s3.pathway1_res2.branch2.a.weight
133 frozen s3.pathway1_res2.branch2.a_bn.weight
134 frozen s3.pathway1_res2.branch2.a_bn.bias
135 frozen s3.pathway1_res2.branch2.b.weight
136 frozen s3.pathway1_res2.branch2.b_bn.weight
137 frozen s3.pathway1_res2.branch2.b_bn.bias
138 frozen s3.pathway1_res2.branch2.c.weight
139 frozen s3.pathway1_res2.branch2.c_bn.weight
140 frozen s3.pathway1_res2.branch2.c_bn.bias
141 frozen s3.pathway1_res3.branch2.a.weight
142 frozen s3.pathway1_res3.branch2.a_bn.weight
143 frozen s3.pathway1_res3.branch2.a_bn.bias
144 frozen s3.pathway1_res3.branch2.b.weight
145 frozen s3.pathway1_res3.branch2.b_bn.weight
146 frozen s3.pathway1_res3.branch2.b_bn.bias
147 frozen s3.pathway1_res3.branch2.c.weight
148 frozen s3.pathway1_res3.branch2.c_bn.weight
149 frozen s3.pathway1_res3.branch2.c_bn.bias
150 frozen s3_fuse.conv_f2s.weight
151 frozen s3_fuse.bn.weight
152 frozen s3_fuse.bn.bias
153 frozen s4.pathway0_res0.branch1.weight
154 frozen s4.pathway0_res0.branch1_bn.weight
155 frozen s4.pathway0_res0.branch1_bn.bias
156 frozen s4.pathway0_res0.branch2.a.weight
157 frozen s4.pathway0_res0.branch2.a_bn.weight
158 frozen s4.pathway0_res0.branch2.a_bn.bias
159 frozen s4.pathway0_res0.branch2.b.weight
160 frozen s4.pathway0_res0.branch2.b_bn.weight
161 frozen s4.pathway0_res0.branch2.b_bn.bias
162 frozen s4.pathway0_res0.branch2.c.weight
163 frozen s4.pathway0_res0.branch2.c_bn.weight
164 frozen s4.pathway0_res0.branch2.c_bn.bias
165 frozen s4.pathway0_res1.branch2.a.weight
166 frozen s4.pathway0_res1.branch2.a_bn.weight
167 frozen s4.pathway0_res1.branch2.a_bn.bias
168 frozen s4.pathway0_res1.branch2.b.weight
169 frozen s4.pathway0_res1.branch2.b_bn.weight
170 frozen s4.pathway0_res1.branch2.b_bn.bias
171 frozen s4.pathway0_res1.branch2.c.weight
172 frozen s4.pathway0_res1.branch2.c_bn.weight
173 frozen s4.pathway0_res1.branch2.c_bn.bias
174 frozen s4.pathway0_res2.branch2.a.weight
175 frozen s4.pathway0_res2.branch2.a_bn.weight
176 frozen s4.pathway0_res2.branch2.a_bn.bias
177 frozen s4.pathway0_res2.branch2.b.weight
178 frozen s4.pathway0_res2.branch2.b_bn.weight
179 frozen s4.pathway0_res2.branch2.b_bn.bias
180 frozen s4.pathway0_res2.branch2.c.weight
181 frozen s4.pathway0_res2.branch2.c_bn.weight
182 frozen s4.pathway0_res2.branch2.c_bn.bias
183 frozen s4.pathway0_res3.branch2.a.weight
184 frozen s4.pathway0_res3.branch2.a_bn.weight
185 frozen s4.pathway0_res3.branch2.a_bn.bias
186 frozen s4.pathway0_res3.branch2.b.weight
187 frozen s4.pathway0_res3.branch2.b_bn.weight
188 frozen s4.pathway0_res3.branch2.b_bn.bias
189 frozen s4.pathway0_res3.branch2.c.weight
190 frozen s4.pathway0_res3.branch2.c_bn.weight
191 frozen s4.pathway0_res3.branch2.c_bn.bias
192 frozen s4.pathway0_res4.branch2.a.weight
193 frozen s4.pathway0_res4.branch2.a_bn.weight
194 frozen s4.pathway0_res4.branch2.a_bn.bias
195 frozen s4.pathway0_res4.branch2.b.weight
196 frozen s4.pathway0_res4.branch2.b_bn.weight
197 frozen s4.pathway0_res4.branch2.b_bn.bias
198 frozen s4.pathway0_res4.branch2.c.weight
199 frozen s4.pathway0_res4.branch2.c_bn.weight
200 frozen s4.pathway0_res4.branch2.c_bn.bias
201 frozen s4.pathway0_res5.branch2.a.weight
202 frozen s4.pathway0_res5.branch2.a_bn.weight
203 frozen s4.pathway0_res5.branch2.a_bn.bias
204 frozen s4.pathway0_res5.branch2.b.weight
205 frozen s4.pathway0_res5.branch2.b_bn.weight
206 frozen s4.pathway0_res5.branch2.b_bn.bias
207 frozen s4.pathway0_res5.branch2.c.weight
208 frozen s4.pathway0_res5.branch2.c_bn.weight
209 frozen s4.pathway0_res5.branch2.c_bn.bias
210 frozen s4.pathway0_res6.branch2.a.weight
211 frozen s4.pathway0_res6.branch2.a_bn.weight
212 frozen s4.pathway0_res6.branch2.a_bn.bias
213 frozen s4.pathway0_res6.branch2.b.weight
214 frozen s4.pathway0_res6.branch2.b_bn.weight
215 frozen s4.pathway0_res6.branch2.b_bn.bias
216 frozen s4.pathway0_res6.branch2.c.weight
217 frozen s4.pathway0_res6.branch2.c_bn.weight
218 frozen s4.pathway0_res6.branch2.c_bn.bias
219 frozen s4.pathway0_nonlocal6.conv_theta.weight
220 frozen s4.pathway0_nonlocal6.conv_theta.bias
221 frozen s4.pathway0_nonlocal6.conv_phi.weight
222 frozen s4.pathway0_nonlocal6.conv_phi.bias
223 frozen s4.pathway0_nonlocal6.conv_g.weight
224 frozen s4.pathway0_nonlocal6.conv_g.bias
225 frozen s4.pathway0_nonlocal6.conv_out.weight
226 frozen s4.pathway0_nonlocal6.conv_out.bias
227 frozen s4.pathway0_nonlocal6.bn.weight
228 frozen s4.pathway0_nonlocal6.bn.bias
229 frozen s4.pathway0_res7.branch2.a.weight
230 frozen s4.pathway0_res7.branch2.a_bn.weight
231 frozen s4.pathway0_res7.branch2.a_bn.bias
232 frozen s4.pathway0_res7.branch2.b.weight
233 frozen s4.pathway0_res7.branch2.b_bn.weight
234 frozen s4.pathway0_res7.branch2.b_bn.bias
235 frozen s4.pathway0_res7.branch2.c.weight
236 frozen s4.pathway0_res7.branch2.c_bn.weight
237 frozen s4.pathway0_res7.branch2.c_bn.bias
238 frozen s4.pathway0_res8.branch2.a.weight
239 frozen s4.pathway0_res8.branch2.a_bn.weight
240 frozen s4.pathway0_res8.branch2.a_bn.bias
241 frozen s4.pathway0_res8.branch2.b.weight
242 frozen s4.pathway0_res8.branch2.b_bn.weight
243 frozen s4.pathway0_res8.branch2.b_bn.bias
244 frozen s4.pathway0_res8.branch2.c.weight
245 frozen s4.pathway0_res8.branch2.c_bn.weight
246 frozen s4.pathway0_res8.branch2.c_bn.bias
247 frozen s4.pathway0_res9.branch2.a.weight
248 frozen s4.pathway0_res9.branch2.a_bn.weight
249 frozen s4.pathway0_res9.branch2.a_bn.bias
250 frozen s4.pathway0_res9.branch2.b.weight
251 frozen s4.pathway0_res9.branch2.b_bn.weight
252 frozen s4.pathway0_res9.branch2.b_bn.bias
253 frozen s4.pathway0_res9.branch2.c.weight
254 frozen s4.pathway0_res9.branch2.c_bn.weight
255 frozen s4.pathway0_res9.branch2.c_bn.bias
256 frozen s4.pathway0_res10.branch2.a.weight
257 frozen s4.pathway0_res10.branch2.a_bn.weight
258 frozen s4.pathway0_res10.branch2.a_bn.bias
259 frozen s4.pathway0_res10.branch2.b.weight
260 frozen s4.pathway0_res10.branch2.b_bn.weight
261 frozen s4.pathway0_res10.branch2.b_bn.bias
262 frozen s4.pathway0_res10.branch2.c.weight
263 frozen s4.pathway0_res10.branch2.c_bn.weight
264 frozen s4.pathway0_res10.branch2.c_bn.bias
265 frozen s4.pathway0_res11.branch2.a.weight
266 frozen s4.pathway0_res11.branch2.a_bn.weight
267 frozen s4.pathway0_res11.branch2.a_bn.bias
268 frozen s4.pathway0_res11.branch2.b.weight
269 frozen s4.pathway0_res11.branch2.b_bn.weight
270 frozen s4.pathway0_res11.branch2.b_bn.bias
271 frozen s4.pathway0_res11.branch2.c.weight
272 frozen s4.pathway0_res11.branch2.c_bn.weight
273 frozen s4.pathway0_res11.branch2.c_bn.bias
274 frozen s4.pathway0_res12.branch2.a.weight
275 frozen s4.pathway0_res12.branch2.a_bn.weight
276 frozen s4.pathway0_res12.branch2.a_bn.bias
277 frozen s4.pathway0_res12.branch2.b.weight
278 frozen s4.pathway0_res12.branch2.b_bn.weight
279 frozen s4.pathway0_res12.branch2.b_bn.bias
280 frozen s4.pathway0_res12.branch2.c.weight
281 frozen s4.pathway0_res12.branch2.c_bn.weight
282 frozen s4.pathway0_res12.branch2.c_bn.bias
283 frozen s4.pathway0_res13.branch2.a.weight
284 frozen s4.pathway0_res13.branch2.a_bn.weight
285 frozen s4.pathway0_res13.branch2.a_bn.bias
286 frozen s4.pathway0_res13.branch2.b.weight
287 frozen s4.pathway0_res13.branch2.b_bn.weight
288 frozen s4.pathway0_res13.branch2.b_bn.bias
289 frozen s4.pathway0_res13.branch2.c.weight
290 frozen s4.pathway0_res13.branch2.c_bn.weight
291 frozen s4.pathway0_res13.branch2.c_bn.bias
292 frozen s4.pathway0_nonlocal13.conv_theta.weight
293 frozen s4.pathway0_nonlocal13.conv_theta.bias
294 frozen s4.pathway0_nonlocal13.conv_phi.weight
295 frozen s4.pathway0_nonlocal13.conv_phi.bias
296 frozen s4.pathway0_nonlocal13.conv_g.weight
297 frozen s4.pathway0_nonlocal13.conv_g.bias
298 frozen s4.pathway0_nonlocal13.conv_out.weight
299 frozen s4.pathway0_nonlocal13.conv_out.bias
300 frozen s4.pathway0_nonlocal13.bn.weight
301 frozen s4.pathway0_nonlocal13.bn.bias
302 frozen s4.pathway0_res14.branch2.a.weight
303 frozen s4.pathway0_res14.branch2.a_bn.weight
304 frozen s4.pathway0_res14.branch2.a_bn.bias
305 frozen s4.pathway0_res14.branch2.b.weight
306 frozen s4.pathway0_res14.branch2.b_bn.weight
307 frozen s4.pathway0_res14.branch2.b_bn.bias
308 frozen s4.pathway0_res14.branch2.c.weight
309 frozen s4.pathway0_res14.branch2.c_bn.weight
310 frozen s4.pathway0_res14.branch2.c_bn.bias
311 frozen s4.pathway0_res15.branch2.a.weight
312 frozen s4.pathway0_res15.branch2.a_bn.weight
313 frozen s4.pathway0_res15.branch2.a_bn.bias
314 frozen s4.pathway0_res15.branch2.b.weight
315 frozen s4.pathway0_res15.branch2.b_bn.weight
316 frozen s4.pathway0_res15.branch2.b_bn.bias
317 frozen s4.pathway0_res15.branch2.c.weight
318 frozen s4.pathway0_res15.branch2.c_bn.weight
319 frozen s4.pathway0_res15.branch2.c_bn.bias
320 frozen s4.pathway0_res16.branch2.a.weight
321 frozen s4.pathway0_res16.branch2.a_bn.weight
322 frozen s4.pathway0_res16.branch2.a_bn.bias
323 frozen s4.pathway0_res16.branch2.b.weight
324 frozen s4.pathway0_res16.branch2.b_bn.weight
325 frozen s4.pathway0_res16.branch2.b_bn.bias
326 frozen s4.pathway0_res16.branch2.c.weight
327 frozen s4.pathway0_res16.branch2.c_bn.weight
328 frozen s4.pathway0_res16.branch2.c_bn.bias
329 frozen s4.pathway0_res17.branch2.a.weight
330 frozen s4.pathway0_res17.branch2.a_bn.weight
331 frozen s4.pathway0_res17.branch2.a_bn.bias
332 frozen s4.pathway0_res17.branch2.b.weight
333 frozen s4.pathway0_res17.branch2.b_bn.weight
334 frozen s4.pathway0_res17.branch2.b_bn.bias
335 frozen s4.pathway0_res17.branch2.c.weight
336 frozen s4.pathway0_res17.branch2.c_bn.weight
337 frozen s4.pathway0_res17.branch2.c_bn.bias
338 frozen s4.pathway0_res18.branch2.a.weight
339 frozen s4.pathway0_res18.branch2.a_bn.weight
340 frozen s4.pathway0_res18.branch2.a_bn.bias
341 frozen s4.pathway0_res18.branch2.b.weight
342 frozen s4.pathway0_res18.branch2.b_bn.weight
343 frozen s4.pathway0_res18.branch2.b_bn.bias
344 frozen s4.pathway0_res18.branch2.c.weight
345 frozen s4.pathway0_res18.branch2.c_bn.weight
346 frozen s4.pathway0_res18.branch2.c_bn.bias
347 frozen s4.pathway0_res19.branch2.a.weight
348 frozen s4.pathway0_res19.branch2.a_bn.weight
349 frozen s4.pathway0_res19.branch2.a_bn.bias
350 frozen s4.pathway0_res19.branch2.b.weight
351 frozen s4.pathway0_res19.branch2.b_bn.weight
352 frozen s4.pathway0_res19.branch2.b_bn.bias
353 frozen s4.pathway0_res19.branch2.c.weight
354 frozen s4.pathway0_res19.branch2.c_bn.weight
355 frozen s4.pathway0_res19.branch2.c_bn.bias
356 frozen s4.pathway0_res20.branch2.a.weight
357 frozen s4.pathway0_res20.branch2.a_bn.weight
358 frozen s4.pathway0_res20.branch2.a_bn.bias
359 frozen s4.pathway0_res20.branch2.b.weight
360 frozen s4.pathway0_res20.branch2.b_bn.weight
361 frozen s4.pathway0_res20.branch2.b_bn.bias
362 frozen s4.pathway0_res20.branch2.c.weight
363 frozen s4.pathway0_res20.branch2.c_bn.weight
364 frozen s4.pathway0_res20.branch2.c_bn.bias
365 frozen s4.pathway0_nonlocal20.conv_theta.weight
366 frozen s4.pathway0_nonlocal20.conv_theta.bias
367 frozen s4.pathway0_nonlocal20.conv_phi.weight
368 frozen s4.pathway0_nonlocal20.conv_phi.bias
369 frozen s4.pathway0_nonlocal20.conv_g.weight
370 frozen s4.pathway0_nonlocal20.conv_g.bias
371 frozen s4.pathway0_nonlocal20.conv_out.weight
372 frozen s4.pathway0_nonlocal20.conv_out.bias
373 frozen s4.pathway0_nonlocal20.bn.weight
374 frozen s4.pathway0_nonlocal20.bn.bias
375 frozen s4.pathway0_res21.branch2.a.weight
376 frozen s4.pathway0_res21.branch2.a_bn.weight
377 frozen s4.pathway0_res21.branch2.a_bn.bias
378 frozen s4.pathway0_res21.branch2.b.weight
379 frozen s4.pathway0_res21.branch2.b_bn.weight
380 frozen s4.pathway0_res21.branch2.b_bn.bias
381 frozen s4.pathway0_res21.branch2.c.weight
382 frozen s4.pathway0_res21.branch2.c_bn.weight
383 frozen s4.pathway0_res21.branch2.c_bn.bias
384 frozen s4.pathway0_res22.branch2.a.weight
385 frozen s4.pathway0_res22.branch2.a_bn.weight
386 frozen s4.pathway0_res22.branch2.a_bn.bias
387 frozen s4.pathway0_res22.branch2.b.weight
388 frozen s4.pathway0_res22.branch2.b_bn.weight
389 frozen s4.pathway0_res22.branch2.b_bn.bias
390 frozen s4.pathway0_res22.branch2.c.weight
391 frozen s4.pathway0_res22.branch2.c_bn.weight
392 frozen s4.pathway0_res22.branch2.c_bn.bias
393 frozen s4.pathway1_res0.branch1.weight
394 frozen s4.pathway1_res0.branch1_bn.weight
395 frozen s4.pathway1_res0.branch1_bn.bias
396 frozen s4.pathway1_res0.branch2.a.weight
397 frozen s4.pathway1_res0.branch2.a_bn.weight
398 frozen s4.pathway1_res0.branch2.a_bn.bias
399 frozen s4.pathway1_res0.branch2.b.weight
400 frozen s4.pathway1_res0.branch2.b_bn.weight
401 frozen s4.pathway1_res0.branch2.b_bn.bias
402 frozen s4.pathway1_res0.branch2.c.weight
403 frozen s4.pathway1_res0.branch2.c_bn.weight
404 frozen s4.pathway1_res0.branch2.c_bn.bias
405 frozen s4.pathway1_res1.branch2.a.weight
406 frozen s4.pathway1_res1.branch2.a_bn.weight
407 frozen s4.pathway1_res1.branch2.a_bn.bias
408 frozen s4.pathway1_res1.branch2.b.weight
409 frozen s4.pathway1_res1.branch2.b_bn.weight
410 frozen s4.pathway1_res1.branch2.b_bn.bias
411 frozen s4.pathway1_res1.branch2.c.weight
412 frozen s4.pathway1_res1.branch2.c_bn.weight
413 frozen s4.pathway1_res1.branch2.c_bn.bias
414 frozen s4.pathway1_res2.branch2.a.weight
415 frozen s4.pathway1_res2.branch2.a_bn.weight
416 frozen s4.pathway1_res2.branch2.a_bn.bias
417 frozen s4.pathway1_res2.branch2.b.weight
418 frozen s4.pathway1_res2.branch2.b_bn.weight
419 frozen s4.pathway1_res2.branch2.b_bn.bias
420 frozen s4.pathway1_res2.branch2.c.weight
421 frozen s4.pathway1_res2.branch2.c_bn.weight
422 frozen s4.pathway1_res2.branch2.c_bn.bias
423 frozen s4.pathway1_res3.branch2.a.weight
424 frozen s4.pathway1_res3.branch2.a_bn.weight
425 frozen s4.pathway1_res3.branch2.a_bn.bias
426 frozen s4.pathway1_res3.branch2.b.weight
427 frozen s4.pathway1_res3.branch2.b_bn.weight
428 frozen s4.pathway1_res3.branch2.b_bn.bias
429 frozen s4.pathway1_res3.branch2.c.weight
430 frozen s4.pathway1_res3.branch2.c_bn.weight
431 frozen s4.pathway1_res3.branch2.c_bn.bias
432 frozen s4.pathway1_res4.branch2.a.weight
433 frozen s4.pathway1_res4.branch2.a_bn.weight
434 frozen s4.pathway1_res4.branch2.a_bn.bias
435 frozen s4.pathway1_res4.branch2.b.weight
436 frozen s4.pathway1_res4.branch2.b_bn.weight
437 frozen s4.pathway1_res4.branch2.b_bn.bias
438 frozen s4.pathway1_res4.branch2.c.weight
439 frozen s4.pathway1_res4.branch2.c_bn.weight
440 frozen s4.pathway1_res4.branch2.c_bn.bias
441 frozen s4.pathway1_res5.branch2.a.weight
442 frozen s4.pathway1_res5.branch2.a_bn.weight
443 frozen s4.pathway1_res5.branch2.a_bn.bias
444 frozen s4.pathway1_res5.branch2.b.weight
445 frozen s4.pathway1_res5.branch2.b_bn.weight
446 frozen s4.pathway1_res5.branch2.b_bn.bias
447 frozen s4.pathway1_res5.branch2.c.weight
448 frozen s4.pathway1_res5.branch2.c_bn.weight
449 frozen s4.pathway1_res5.branch2.c_bn.bias
450 frozen s4.pathway1_res6.branch2.a.weight
451 frozen s4.pathway1_res6.branch2.a_bn.weight
452 frozen s4.pathway1_res6.branch2.a_bn.bias
453 frozen s4.pathway1_res6.branch2.b.weight
454 frozen s4.pathway1_res6.branch2.b_bn.weight
455 frozen s4.pathway1_res6.branch2.b_bn.bias
456 frozen s4.pathway1_res6.branch2.c.weight
457 frozen s4.pathway1_res6.branch2.c_bn.weight
458 frozen s4.pathway1_res6.branch2.c_bn.bias
459 frozen s4.pathway1_res7.branch2.a.weight
460 frozen s4.pathway1_res7.branch2.a_bn.weight
461 frozen s4.pathway1_res7.branch2.a_bn.bias
462 frozen s4.pathway1_res7.branch2.b.weight
463 frozen s4.pathway1_res7.branch2.b_bn.weight
464 frozen s4.pathway1_res7.branch2.b_bn.bias
465 frozen s4.pathway1_res7.branch2.c.weight
466 frozen s4.pathway1_res7.branch2.c_bn.weight
467 frozen s4.pathway1_res7.branch2.c_bn.bias
468 frozen s4.pathway1_res8.branch2.a.weight
469 frozen s4.pathway1_res8.branch2.a_bn.weight
470 frozen s4.pathway1_res8.branch2.a_bn.bias
471 frozen s4.pathway1_res8.branch2.b.weight
472 frozen s4.pathway1_res8.branch2.b_bn.weight
473 frozen s4.pathway1_res8.branch2.b_bn.bias
474 frozen s4.pathway1_res8.branch2.c.weight
475 frozen s4.pathway1_res8.branch2.c_bn.weight
476 frozen s4.pathway1_res8.branch2.c_bn.bias
477 frozen s4.pathway1_res9.branch2.a.weight
478 frozen s4.pathway1_res9.branch2.a_bn.weight
479 frozen s4.pathway1_res9.branch2.a_bn.bias
480 frozen s4.pathway1_res9.branch2.b.weight
481 frozen s4.pathway1_res9.branch2.b_bn.weight
482 frozen s4.pathway1_res9.branch2.b_bn.bias
483 frozen s4.pathway1_res9.branch2.c.weight
484 frozen s4.pathway1_res9.branch2.c_bn.weight
485 frozen s4.pathway1_res9.branch2.c_bn.bias
486 frozen s4.pathway1_res10.branch2.a.weight
487 frozen s4.pathway1_res10.branch2.a_bn.weight
488 frozen s4.pathway1_res10.branch2.a_bn.bias
489 frozen s4.pathway1_res10.branch2.b.weight
490 frozen s4.pathway1_res10.branch2.b_bn.weight
491 frozen s4.pathway1_res10.branch2.b_bn.bias
492 frozen s4.pathway1_res10.branch2.c.weight
493 frozen s4.pathway1_res10.branch2.c_bn.weight
494 frozen s4.pathway1_res10.branch2.c_bn.bias
495 frozen s4.pathway1_res11.branch2.a.weight
496 frozen s4.pathway1_res11.branch2.a_bn.weight
497 frozen s4.pathway1_res11.branch2.a_bn.bias
498 frozen s4.pathway1_res11.branch2.b.weight
499 frozen s4.pathway1_res11.branch2.b_bn.weight
500 frozen s4.pathway1_res11.branch2.b_bn.bias
501 frozen s4.pathway1_res11.branch2.c.weight
502 frozen s4.pathway1_res11.branch2.c_bn.weight
503 frozen s4.pathway1_res11.branch2.c_bn.bias
504 frozen s4.pathway1_res12.branch2.a.weight
505 frozen s4.pathway1_res12.branch2.a_bn.weight
506 frozen s4.pathway1_res12.branch2.a_bn.bias
507 frozen s4.pathway1_res12.branch2.b.weight
508 frozen s4.pathway1_res12.branch2.b_bn.weight
509 frozen s4.pathway1_res12.branch2.b_bn.bias
510 frozen s4.pathway1_res12.branch2.c.weight
511 frozen s4.pathway1_res12.branch2.c_bn.weight
512 frozen s4.pathway1_res12.branch2.c_bn.bias
513 frozen s4.pathway1_res13.branch2.a.weight
514 frozen s4.pathway1_res13.branch2.a_bn.weight
515 frozen s4.pathway1_res13.branch2.a_bn.bias
516 frozen s4.pathway1_res13.branch2.b.weight
517 frozen s4.pathway1_res13.branch2.b_bn.weight
518 frozen s4.pathway1_res13.branch2.b_bn.bias
519 frozen s4.pathway1_res13.branch2.c.weight
520 frozen s4.pathway1_res13.branch2.c_bn.weight
521 frozen s4.pathway1_res13.branch2.c_bn.bias
522 frozen s4.pathway1_res14.branch2.a.weight
523 frozen s4.pathway1_res14.branch2.a_bn.weight
524 frozen s4.pathway1_res14.branch2.a_bn.bias
525 frozen s4.pathway1_res14.branch2.b.weight
526 frozen s4.pathway1_res14.branch2.b_bn.weight
527 frozen s4.pathway1_res14.branch2.b_bn.bias
528 frozen s4.pathway1_res14.branch2.c.weight
529 frozen s4.pathway1_res14.branch2.c_bn.weight
530 frozen s4.pathway1_res14.branch2.c_bn.bias
531 frozen s4.pathway1_res15.branch2.a.weight
532 frozen s4.pathway1_res15.branch2.a_bn.weight
533 frozen s4.pathway1_res15.branch2.a_bn.bias
534 frozen s4.pathway1_res15.branch2.b.weight
535 frozen s4.pathway1_res15.branch2.b_bn.weight
536 frozen s4.pathway1_res15.branch2.b_bn.bias
537 frozen s4.pathway1_res15.branch2.c.weight
538 frozen s4.pathway1_res15.branch2.c_bn.weight
539 frozen s4.pathway1_res15.branch2.c_bn.bias
540 frozen s4.pathway1_res16.branch2.a.weight
541 frozen s4.pathway1_res16.branch2.a_bn.weight
542 frozen s4.pathway1_res16.branch2.a_bn.bias
543 frozen s4.pathway1_res16.branch2.b.weight
544 frozen s4.pathway1_res16.branch2.b_bn.weight
545 frozen s4.pathway1_res16.branch2.b_bn.bias
546 frozen s4.pathway1_res16.branch2.c.weight
547 frozen s4.pathway1_res16.branch2.c_bn.weight
548 frozen s4.pathway1_res16.branch2.c_bn.bias
549 frozen s4.pathway1_res17.branch2.a.weight
550 frozen s4.pathway1_res17.branch2.a_bn.weight
551 frozen s4.pathway1_res17.branch2.a_bn.bias
552 frozen s4.pathway1_res17.branch2.b.weight
553 frozen s4.pathway1_res17.branch2.b_bn.weight
554 frozen s4.pathway1_res17.branch2.b_bn.bias
555 frozen s4.pathway1_res17.branch2.c.weight
556 frozen s4.pathway1_res17.branch2.c_bn.weight
557 frozen s4.pathway1_res17.branch2.c_bn.bias
558 frozen s4.pathway1_res18.branch2.a.weight
559 frozen s4.pathway1_res18.branch2.a_bn.weight
560 frozen s4.pathway1_res18.branch2.a_bn.bias
561 frozen s4.pathway1_res18.branch2.b.weight
562 frozen s4.pathway1_res18.branch2.b_bn.weight
563 frozen s4.pathway1_res18.branch2.b_bn.bias
564 frozen s4.pathway1_res18.branch2.c.weight
565 frozen s4.pathway1_res18.branch2.c_bn.weight
566 frozen s4.pathway1_res18.branch2.c_bn.bias
567 frozen s4.pathway1_res19.branch2.a.weight
568 frozen s4.pathway1_res19.branch2.a_bn.weight
569 frozen s4.pathway1_res19.branch2.a_bn.bias
570 frozen s4.pathway1_res19.branch2.b.weight
571 frozen s4.pathway1_res19.branch2.b_bn.weight
572 frozen s4.pathway1_res19.branch2.b_bn.bias
573 frozen s4.pathway1_res19.branch2.c.weight
574 frozen s4.pathway1_res19.branch2.c_bn.weight
575 frozen s4.pathway1_res19.branch2.c_bn.bias
576 frozen s4.pathway1_res20.branch2.a.weight
577 frozen s4.pathway1_res20.branch2.a_bn.weight
578 frozen s4.pathway1_res20.branch2.a_bn.bias
579 frozen s4.pathway1_res20.branch2.b.weight
580 frozen s4.pathway1_res20.branch2.b_bn.weight
581 frozen s4.pathway1_res20.branch2.b_bn.bias
582 frozen s4.pathway1_res20.branch2.c.weight
583 frozen s4.pathway1_res20.branch2.c_bn.weight
584 frozen s4.pathway1_res20.branch2.c_bn.bias
585 frozen s4.pathway1_res21.branch2.a.weight
586 frozen s4.pathway1_res21.branch2.a_bn.weight
587 frozen s4.pathway1_res21.branch2.a_bn.bias
588 frozen s4.pathway1_res21.branch2.b.weight
589 frozen s4.pathway1_res21.branch2.b_bn.weight
590 frozen s4.pathway1_res21.branch2.b_bn.bias
591 frozen s4.pathway1_res21.branch2.c.weight
592 frozen s4.pathway1_res21.branch2.c_bn.weight
593 frozen s4.pathway1_res21.branch2.c_bn.bias
594 frozen s4.pathway1_res22.branch2.a.weight
595 frozen s4.pathway1_res22.branch2.a_bn.weight
596 frozen s4.pathway1_res22.branch2.a_bn.bias
597 frozen s4.pathway1_res22.branch2.b.weight
598 frozen s4.pathway1_res22.branch2.b_bn.weight
599 frozen s4.pathway1_res22.branch2.b_bn.bias
600 frozen s4.pathway1_res22.branch2.c.weight
601 frozen s4.pathway1_res22.branch2.c_bn.weight
602 frozen s4.pathway1_res22.branch2.c_bn.bias
603 frozen s4_fuse.conv_f2s.weight
604 frozen s4_fuse.bn.weight
605 frozen s4_fuse.bn.bias
606 unfrozen s5.pathway0_res0.branch1.weight
607 unfrozen s5.pathway0_res0.branch1_bn.weight
608 unfrozen s5.pathway0_res0.branch1_bn.bias
609 unfrozen s5.pathway0_res0.branch2.a.weight
610 unfrozen s5.pathway0_res0.branch2.a_bn.weight
611 unfrozen s5.pathway0_res0.branch2.a_bn.bias
612 unfrozen s5.pathway0_res0.branch2.b.weight
613 unfrozen s5.pathway0_res0.branch2.b_bn.weight
614 unfrozen s5.pathway0_res0.branch2.b_bn.bias
615 unfrozen s5.pathway0_res0.branch2.c.weight
616 unfrozen s5.pathway0_res0.branch2.c_bn.weight
617 unfrozen s5.pathway0_res0.branch2.c_bn.bias
618 unfrozen s5.pathway0_res1.branch2.a.weight
619 unfrozen s5.pathway0_res1.branch2.a_bn.weight
620 unfrozen s5.pathway0_res1.branch2.a_bn.bias
621 unfrozen s5.pathway0_res1.branch2.b.weight
622 unfrozen s5.pathway0_res1.branch2.b_bn.weight
623 unfrozen s5.pathway0_res1.branch2.b_bn.bias
624 unfrozen s5.pathway0_res1.branch2.c.weight
625 unfrozen s5.pathway0_res1.branch2.c_bn.weight
626 unfrozen s5.pathway0_res1.branch2.c_bn.bias
627 unfrozen s5.pathway0_res2.branch2.a.weight
628 unfrozen s5.pathway0_res2.branch2.a_bn.weight
629 unfrozen s5.pathway0_res2.branch2.a_bn.bias
630 unfrozen s5.pathway0_res2.branch2.b.weight
631 unfrozen s5.pathway0_res2.branch2.b_bn.weight
632 unfrozen s5.pathway0_res2.branch2.b_bn.bias
633 unfrozen s5.pathway0_res2.branch2.c.weight
634 unfrozen s5.pathway0_res2.branch2.c_bn.weight
635 unfrozen s5.pathway0_res2.branch2.c_bn.bias
636 unfrozen s5.pathway1_res0.branch1.weight
637 unfrozen s5.pathway1_res0.branch1_bn.weight
638 unfrozen s5.pathway1_res0.branch1_bn.bias
639 unfrozen s5.pathway1_res0.branch2.a.weight
640 unfrozen s5.pathway1_res0.branch2.a_bn.weight
641 unfrozen s5.pathway1_res0.branch2.a_bn.bias
642 unfrozen s5.pathway1_res0.branch2.b.weight
643 unfrozen s5.pathway1_res0.branch2.b_bn.weight
644 unfrozen s5.pathway1_res0.branch2.b_bn.bias
645 unfrozen s5.pathway1_res0.branch2.c.weight
646 unfrozen s5.pathway1_res0.branch2.c_bn.weight
647 unfrozen s5.pathway1_res0.branch2.c_bn.bias
648 unfrozen s5.pathway1_res1.branch2.a.weight
649 unfrozen s5.pathway1_res1.branch2.a_bn.weight
650 unfrozen s5.pathway1_res1.branch2.a_bn.bias
651 unfrozen s5.pathway1_res1.branch2.b.weight
652 unfrozen s5.pathway1_res1.branch2.b_bn.weight
653 unfrozen s5.pathway1_res1.branch2.b_bn.bias
654 unfrozen s5.pathway1_res1.branch2.c.weight
655 unfrozen s5.pathway1_res1.branch2.c_bn.weight
656 unfrozen s5.pathway1_res1.branch2.c_bn.bias
657 unfrozen s5.pathway1_res2.branch2.a.weight
658 unfrozen s5.pathway1_res2.branch2.a_bn.weight
659 unfrozen s5.pathway1_res2.branch2.a_bn.bias
660 unfrozen s5.pathway1_res2.branch2.b.weight
661 unfrozen s5.pathway1_res2.branch2.b_bn.weight
662 unfrozen s5.pathway1_res2.branch2.b_bn.bias
663 unfrozen s5.pathway1_res2.branch2.c.weight
664 unfrozen s5.pathway1_res2.branch2.c_bn.weight
665 unfrozen s5.pathway1_res2.branch2.c_bn.bias
666 unfrozen head.projection.weight
667 unfrozen head.projection.bias
[11/23 23:17:35][INFO] checkpoint.py: 507: Load from given checkpoint file.
[11/23 23:17:35][INFO] checkpoint.py: 214: Loading network weights from /srv/beegfs02/scratch/da_action/data/models_pretrained/SLOWFAST_32x2_R101_50_50.pkl.
[11/23 23:17:39][INFO] checkpoint.py: 340: Network weights head.projection.weight not loaded.
[11/23 23:17:39][INFO] checkpoint.py: 340: Network weights head.projection.bias not loaded.
[11/23 23:17:40][INFO] ava_helper.py:  65: Finished loading image paths from: /srv/beegfs02/scratch/da_action/data/ava/frame_lists_5_400_80/train.csv
[11/23 23:17:40][INFO] ava_helper.py: 111: Finished loading annotations from: /srv/beegfs02/scratch/da_action/data/ava/annotations_5_400_80/ava_train_v2.2.csv
[11/23 23:17:40][INFO] ava_helper.py: 113: Detection threshold: 0.8
[11/23 23:17:40][INFO] ava_helper.py: 114: Number of unique boxes: 1326
[11/23 23:17:40][INFO] ava_helper.py: 115: Number of annotations: 2000
[11/23 23:17:40][INFO] ava_helper.py: 162: 989 keyframes used.
[11/23 23:17:40][INFO] ava_dataset.py:  90: === AVA dataset summary ===
[11/23 23:17:40][INFO] ava_dataset.py:  91: Split: train
[11/23 23:17:40][INFO] ava_dataset.py:  92: Number of videos: 3
[11/23 23:17:40][INFO] ava_dataset.py:  96: Number of frames: 81091
[11/23 23:17:40][INFO] ava_dataset.py:  97: Number of key frames: 989
[11/23 23:17:40][INFO] ava_dataset.py:  98: Number of boxes: 1326.
[11/23 23:17:41][INFO] ava_helper.py:  65: Finished loading image paths from: /srv/beegfs02/scratch/da_action/data/ava/frame_lists_5_400_80/val.csv
[11/23 23:17:41][INFO] ava_helper.py: 111: Finished loading annotations from: /srv/beegfs02/scratch/da_action/data/ava/annotations_5_400_80/ava_val_predicted_boxes.csv
[11/23 23:17:41][INFO] ava_helper.py: 113: Detection threshold: 0.8
[11/23 23:17:41][INFO] ava_helper.py: 114: Number of unique boxes: 340
[11/23 23:17:41][INFO] ava_helper.py: 115: Number of annotations: 0
[11/23 23:17:41][INFO] ava_helper.py: 162: 239 keyframes used.
[11/23 23:17:41][INFO] ava_dataset.py:  90: === AVA dataset summary ===
[11/23 23:17:41][INFO] ava_dataset.py:  91: Split: val
[11/23 23:17:41][INFO] ava_dataset.py:  92: Number of videos: 1
[11/23 23:17:41][INFO] ava_dataset.py:  96: Number of frames: 27031
[11/23 23:17:41][INFO] ava_dataset.py:  97: Number of key frames: 239
[11/23 23:17:41][INFO] ava_dataset.py:  98: Number of boxes: 340.
[11/23 23:17:41][INFO] ava_helper.py:  65: Finished loading image paths from: /srv/beegfs02/scratch/da_action/data/ava/frame_lists_5_400_80/train.csv
[11/23 23:17:41][INFO] ava_helper.py:  65: Finished loading image paths from: /srv/beegfs02/scratch/da_action/data/ava/frame_lists_5_400_80/val.csv
[11/23 23:17:41][INFO] tensorboard_vis.py:  57: To see logged results in Tensorboard, please launch using the command             `tensorboard  --port=<port-number> --logdir /srv/beegfs02/scratch/da_action/data/output/ex_5_400_80_v4/tensorboard`
[11/23 23:17:41][INFO] train_net.py: 464: Start epoch: 2
[11/23 23:33:09][INFO] ava_eval_helper.py: 164: Evaluating with 239 unique GT frames.
[11/23 23:33:09][INFO] ava_eval_helper.py: 166: Evaluating with 239 unique detection frames
[11/23 23:33:09][INFO] ava_eval_helper.py: 314: AVA results wrote to detections_latest.csv
[11/23 23:33:09][INFO] ava_eval_helper.py: 315: 	took 0 seconds.
[11/23 23:33:09][INFO] ava_eval_helper.py: 314: AVA results wrote to groundtruth_latest.csv
[11/23 23:33:09][INFO] ava_eval_helper.py: 315: 	took 0 seconds.
{ 'PascalBoxes_PerformanceByCategory/AP@0.5IOU/carry/hold (an object)': 0.6381907563575394,
  'PascalBoxes_PerformanceByCategory/AP@0.5IOU/listen to (a person)': 0.5706557961304343,
  'PascalBoxes_PerformanceByCategory/AP@0.5IOU/sit': 0.8632350785970455,
  'PascalBoxes_PerformanceByCategory/AP@0.5IOU/talk to (e.g., self, a person, a group)': 0.6780986943830094,
  'PascalBoxes_PerformanceByCategory/AP@0.5IOU/watch (a person)': 0.363983563727073,
  'PascalBoxes_Precision/mAP@0.5IOU': 0.6228327778390204}
[11/23 23:33:09][INFO] ava_eval_helper.py: 174: AVA eval done in 0.323544 seconds.
[11/23 23:33:09][INFO] logging.py:  97: json_stats: {
  "RAM": "9.72/251.81G",
  "_type": "val_epoch",
  "cur_epoch": "2",
  "gpu_mem": "1.28G",
  "map": 0.62283,
  "mode": "val"
}
[11/23 23:48:39][INFO] ava_eval_helper.py: 164: Evaluating with 239 unique GT frames.
[11/23 23:48:39][INFO] ava_eval_helper.py: 166: Evaluating with 239 unique detection frames
[11/23 23:48:39][INFO] ava_eval_helper.py: 314: AVA results wrote to detections_latest.csv
[11/23 23:48:39][INFO] ava_eval_helper.py: 315: 	took 0 seconds.
[11/23 23:48:39][INFO] ava_eval_helper.py: 314: AVA results wrote to groundtruth_latest.csv
[11/23 23:48:39][INFO] ava_eval_helper.py: 315: 	took 0 seconds.
{ 'PascalBoxes_PerformanceByCategory/AP@0.5IOU/carry/hold (an object)': 0.5780201005163839,
  'PascalBoxes_PerformanceByCategory/AP@0.5IOU/listen to (a person)': 0.5839689754453925,
  'PascalBoxes_PerformanceByCategory/AP@0.5IOU/sit': 0.84774962044532,
  'PascalBoxes_PerformanceByCategory/AP@0.5IOU/talk to (e.g., self, a person, a group)': 0.7177647442770281,
  'PascalBoxes_PerformanceByCategory/AP@0.5IOU/watch (a person)': 0.3700448045783337,
  'PascalBoxes_Precision/mAP@0.5IOU': 0.6195096490524916}
[11/23 23:48:39][INFO] ava_eval_helper.py: 174: AVA eval done in 0.284928 seconds.
[11/23 23:48:39][INFO] logging.py:  97: json_stats: {
  "RAM": "12.07/251.81G",
  "_type": "val_epoch",
  "cur_epoch": "3",
  "gpu_mem": "1.28G",
  "map": 0.61951,
  "mode": "val"
}
[11/24 00:04:46][INFO] ava_eval_helper.py: 164: Evaluating with 239 unique GT frames.
[11/24 00:04:46][INFO] ava_eval_helper.py: 166: Evaluating with 239 unique detection frames
[11/24 00:04:46][INFO] ava_eval_helper.py: 314: AVA results wrote to detections_latest.csv
[11/24 00:04:46][INFO] ava_eval_helper.py: 315: 	took 0 seconds.
[11/24 00:04:46][INFO] ava_eval_helper.py: 314: AVA results wrote to groundtruth_latest.csv
[11/24 00:04:46][INFO] ava_eval_helper.py: 315: 	took 0 seconds.
{ 'PascalBoxes_PerformanceByCategory/AP@0.5IOU/carry/hold (an object)': 0.6359862530198973,
  'PascalBoxes_PerformanceByCategory/AP@0.5IOU/listen to (a person)': 0.5773103185018269,
  'PascalBoxes_PerformanceByCategory/AP@0.5IOU/sit': 0.8335895209048476,
  'PascalBoxes_PerformanceByCategory/AP@0.5IOU/talk to (e.g., self, a person, a group)': 0.7551590919244369,
  'PascalBoxes_PerformanceByCategory/AP@0.5IOU/watch (a person)': 0.36957826189816334,
  'PascalBoxes_Precision/mAP@0.5IOU': 0.6343246892498344}
[11/24 00:04:46][INFO] ava_eval_helper.py: 174: AVA eval done in 0.342707 seconds.
[11/24 00:04:46][INFO] logging.py:  97: json_stats: {
  "RAM": "9.57/251.81G",
  "_type": "val_epoch",
  "cur_epoch": "4",
  "gpu_mem": "1.28G",
  "map": 0.63432,
  "mode": "val"
}
[11/24 00:22:06][INFO] ava_eval_helper.py: 164: Evaluating with 239 unique GT frames.
[11/24 00:22:06][INFO] ava_eval_helper.py: 166: Evaluating with 239 unique detection frames
[11/24 00:22:06][INFO] ava_eval_helper.py: 314: AVA results wrote to detections_latest.csv
[11/24 00:22:06][INFO] ava_eval_helper.py: 315: 	took 0 seconds.
[11/24 00:22:06][INFO] ava_eval_helper.py: 314: AVA results wrote to groundtruth_latest.csv
[11/24 00:22:06][INFO] ava_eval_helper.py: 315: 	took 0 seconds.
{ 'PascalBoxes_PerformanceByCategory/AP@0.5IOU/carry/hold (an object)': 0.6408905110402374,
  'PascalBoxes_PerformanceByCategory/AP@0.5IOU/listen to (a person)': 0.5618789434272722,
  'PascalBoxes_PerformanceByCategory/AP@0.5IOU/sit': 0.8160527474919994,
  'PascalBoxes_PerformanceByCategory/AP@0.5IOU/talk to (e.g., self, a person, a group)': 0.7815259955773752,
  'PascalBoxes_PerformanceByCategory/AP@0.5IOU/watch (a person)': 0.34426825253758603,
  'PascalBoxes_Precision/mAP@0.5IOU': 0.628923290014894}
[11/24 00:22:07][INFO] ava_eval_helper.py: 174: AVA eval done in 0.298758 seconds.
[11/24 00:22:07][INFO] logging.py:  97: json_stats: {
  "RAM": "9.51/251.81G",
  "_type": "val_epoch",
  "cur_epoch": "5",
  "gpu_mem": "1.28G",
  "map": 0.62892,
  "mode": "val"
}
[11/24 00:39:26][INFO] ava_eval_helper.py: 164: Evaluating with 239 unique GT frames.
[11/24 00:39:26][INFO] ava_eval_helper.py: 166: Evaluating with 239 unique detection frames
[11/24 00:39:26][INFO] ava_eval_helper.py: 314: AVA results wrote to detections_latest.csv
[11/24 00:39:26][INFO] ava_eval_helper.py: 315: 	took 0 seconds.
[11/24 00:39:26][INFO] ava_eval_helper.py: 314: AVA results wrote to groundtruth_latest.csv
[11/24 00:39:26][INFO] ava_eval_helper.py: 315: 	took 0 seconds.
{ 'PascalBoxes_PerformanceByCategory/AP@0.5IOU/carry/hold (an object)': 0.632719069069505,
  'PascalBoxes_PerformanceByCategory/AP@0.5IOU/listen to (a person)': 0.5572778178236021,
  'PascalBoxes_PerformanceByCategory/AP@0.5IOU/sit': 0.8138741702168399,
  'PascalBoxes_PerformanceByCategory/AP@0.5IOU/talk to (e.g., self, a person, a group)': 0.7886808740740299,
  'PascalBoxes_PerformanceByCategory/AP@0.5IOU/watch (a person)': 0.36038881053173494,
  'PascalBoxes_Precision/mAP@0.5IOU': 0.6305881483431424}
[11/24 00:39:27][INFO] ava_eval_helper.py: 174: AVA eval done in 0.319722 seconds.
[11/24 00:39:27][INFO] logging.py:  97: json_stats: {
  "RAM": "9.51/251.81G",
  "_type": "val_epoch",
  "cur_epoch": "6",
  "gpu_mem": "1.28G",
  "map": 0.63059,
  "mode": "val"
}
[11/24 00:56:04][INFO] ava_eval_helper.py: 164: Evaluating with 239 unique GT frames.
[11/24 00:56:04][INFO] ava_eval_helper.py: 166: Evaluating with 239 unique detection frames
[11/24 00:56:04][INFO] ava_eval_helper.py: 314: AVA results wrote to detections_latest.csv
[11/24 00:56:04][INFO] ava_eval_helper.py: 315: 	took 0 seconds.
[11/24 00:56:04][INFO] ava_eval_helper.py: 314: AVA results wrote to groundtruth_latest.csv
[11/24 00:56:04][INFO] ava_eval_helper.py: 315: 	took 0 seconds.
{ 'PascalBoxes_PerformanceByCategory/AP@0.5IOU/carry/hold (an object)': 0.5873627995256276,
  'PascalBoxes_PerformanceByCategory/AP@0.5IOU/listen to (a person)': 0.5669801583780107,
  'PascalBoxes_PerformanceByCategory/AP@0.5IOU/sit': 0.7968519866627167,
  'PascalBoxes_PerformanceByCategory/AP@0.5IOU/talk to (e.g., self, a person, a group)': 0.7862228509161713,
  'PascalBoxes_PerformanceByCategory/AP@0.5IOU/watch (a person)': 0.35272332582875165,
  'PascalBoxes_Precision/mAP@0.5IOU': 0.6180282242622556}
[11/24 00:56:05][INFO] ava_eval_helper.py: 174: AVA eval done in 0.340559 seconds.
[11/24 00:56:05][INFO] logging.py:  97: json_stats: {
  "RAM": "9.51/251.81G",
  "_type": "val_epoch",
  "cur_epoch": "7",
  "gpu_mem": "1.28G",
  "map": 0.61803,
  "mode": "val"
}
[11/24 01:12:31][INFO] ava_eval_helper.py: 164: Evaluating with 239 unique GT frames.
[11/24 01:12:31][INFO] ava_eval_helper.py: 166: Evaluating with 239 unique detection frames
[11/24 01:12:31][INFO] ava_eval_helper.py: 314: AVA results wrote to detections_latest.csv
[11/24 01:12:31][INFO] ava_eval_helper.py: 315: 	took 0 seconds.
[11/24 01:12:31][INFO] ava_eval_helper.py: 314: AVA results wrote to groundtruth_latest.csv
[11/24 01:12:31][INFO] ava_eval_helper.py: 315: 	took 0 seconds.
{ 'PascalBoxes_PerformanceByCategory/AP@0.5IOU/carry/hold (an object)': 0.5854308018817103,
  'PascalBoxes_PerformanceByCategory/AP@0.5IOU/listen to (a person)': 0.5494386964190362,
  'PascalBoxes_PerformanceByCategory/AP@0.5IOU/sit': 0.7994949418629798,
  'PascalBoxes_PerformanceByCategory/AP@0.5IOU/talk to (e.g., self, a person, a group)': 0.8057879079114592,
  'PascalBoxes_PerformanceByCategory/AP@0.5IOU/watch (a person)': 0.3182850404338223,
  'PascalBoxes_Precision/mAP@0.5IOU': 0.6116874777018015}
[11/24 01:12:32][INFO] ava_eval_helper.py: 174: AVA eval done in 0.289456 seconds.
[11/24 01:12:32][INFO] logging.py:  97: json_stats: {
  "RAM": "12.93/251.81G",
  "_type": "val_epoch",
  "cur_epoch": "8",
  "gpu_mem": "1.28G",
  "map": 0.61169,
  "mode": "val"
}
[11/24 01:29:53][INFO] ava_eval_helper.py: 164: Evaluating with 239 unique GT frames.
[11/24 01:29:53][INFO] ava_eval_helper.py: 166: Evaluating with 239 unique detection frames
[11/24 01:29:53][INFO] ava_eval_helper.py: 314: AVA results wrote to detections_latest.csv
[11/24 01:29:53][INFO] ava_eval_helper.py: 315: 	took 0 seconds.
[11/24 01:29:53][INFO] ava_eval_helper.py: 314: AVA results wrote to groundtruth_latest.csv
[11/24 01:29:53][INFO] ava_eval_helper.py: 315: 	took 0 seconds.
{ 'PascalBoxes_PerformanceByCategory/AP@0.5IOU/carry/hold (an object)': 0.6072955607119892,
  'PascalBoxes_PerformanceByCategory/AP@0.5IOU/listen to (a person)': 0.5488192251412067,
  'PascalBoxes_PerformanceByCategory/AP@0.5IOU/sit': 0.7947192277909096,
  'PascalBoxes_PerformanceByCategory/AP@0.5IOU/talk to (e.g., self, a person, a group)': 0.7904425242332476,
  'PascalBoxes_PerformanceByCategory/AP@0.5IOU/watch (a person)': 0.355271135582144,
  'PascalBoxes_Precision/mAP@0.5IOU': 0.6193095346918994}
[11/24 01:29:53][INFO] ava_eval_helper.py: 174: AVA eval done in 0.302971 seconds.
[11/24 01:29:53][INFO] logging.py:  97: json_stats: {
  "RAM": "13.11/251.81G",
  "_type": "val_epoch",
  "cur_epoch": "9",
  "gpu_mem": "1.28G",
  "map": 0.61931,
  "mode": "val"
}
[11/24 01:48:03][INFO] ava_eval_helper.py: 164: Evaluating with 239 unique GT frames.
[11/24 01:48:03][INFO] ava_eval_helper.py: 166: Evaluating with 239 unique detection frames
[11/24 01:48:03][INFO] ava_eval_helper.py: 314: AVA results wrote to detections_latest.csv
[11/24 01:48:03][INFO] ava_eval_helper.py: 315: 	took 0 seconds.
[11/24 01:48:03][INFO] ava_eval_helper.py: 314: AVA results wrote to groundtruth_latest.csv
[11/24 01:48:03][INFO] ava_eval_helper.py: 315: 	took 0 seconds.
{ 'PascalBoxes_PerformanceByCategory/AP@0.5IOU/carry/hold (an object)': 0.6069735577267981,
  'PascalBoxes_PerformanceByCategory/AP@0.5IOU/listen to (a person)': 0.5632149837856983,
  'PascalBoxes_PerformanceByCategory/AP@0.5IOU/sit': 0.7759353696778128,
  'PascalBoxes_PerformanceByCategory/AP@0.5IOU/talk to (e.g., self, a person, a group)': 0.7789530200080013,
  'PascalBoxes_PerformanceByCategory/AP@0.5IOU/watch (a person)': 0.3382531963375167,
  'PascalBoxes_Precision/mAP@0.5IOU': 0.6126660255071654}
[11/24 01:48:03][INFO] ava_eval_helper.py: 174: AVA eval done in 0.300719 seconds.
[11/24 01:48:03][INFO] logging.py:  97: json_stats: {
  "RAM": "11.34/251.81G",
  "_type": "val_epoch",
  "cur_epoch": "10",
  "gpu_mem": "1.28G",
  "map": 0.61267,
  "mode": "val"
}
[11/24 02:06:41][INFO] ava_eval_helper.py: 164: Evaluating with 239 unique GT frames.
[11/24 02:06:41][INFO] ava_eval_helper.py: 166: Evaluating with 239 unique detection frames
[11/24 02:06:41][INFO] ava_eval_helper.py: 314: AVA results wrote to detections_latest.csv
[11/24 02:06:41][INFO] ava_eval_helper.py: 315: 	took 0 seconds.
[11/24 02:06:41][INFO] ava_eval_helper.py: 314: AVA results wrote to groundtruth_latest.csv
[11/24 02:06:41][INFO] ava_eval_helper.py: 315: 	took 0 seconds.
{ 'PascalBoxes_PerformanceByCategory/AP@0.5IOU/carry/hold (an object)': 0.6110567472104455,
  'PascalBoxes_PerformanceByCategory/AP@0.5IOU/listen to (a person)': 0.5542147668109552,
  'PascalBoxes_PerformanceByCategory/AP@0.5IOU/sit': 0.7903563094049145,
  'PascalBoxes_PerformanceByCategory/AP@0.5IOU/talk to (e.g., self, a person, a group)': 0.7696623895896648,
  'PascalBoxes_PerformanceByCategory/AP@0.5IOU/watch (a person)': 0.33842218710946764,
  'PascalBoxes_Precision/mAP@0.5IOU': 0.6127424800250896}
[11/24 02:06:42][INFO] ava_eval_helper.py: 174: AVA eval done in 0.370497 seconds.
[11/24 02:06:42][INFO] logging.py:  97: json_stats: {
  "RAM": "15.10/251.81G",
  "_type": "val_epoch",
  "cur_epoch": "11",
  "gpu_mem": "1.28G",
  "map": 0.61274,
  "mode": "val"
}
[11/24 02:24:31][INFO] ava_eval_helper.py: 164: Evaluating with 239 unique GT frames.
[11/24 02:24:31][INFO] ava_eval_helper.py: 166: Evaluating with 239 unique detection frames
[11/24 02:24:31][INFO] ava_eval_helper.py: 314: AVA results wrote to detections_latest.csv
[11/24 02:24:31][INFO] ava_eval_helper.py: 315: 	took 0 seconds.
[11/24 02:24:31][INFO] ava_eval_helper.py: 314: AVA results wrote to groundtruth_latest.csv
[11/24 02:24:31][INFO] ava_eval_helper.py: 315: 	took 0 seconds.
{ 'PascalBoxes_PerformanceByCategory/AP@0.5IOU/carry/hold (an object)': 0.6543926728123812,
  'PascalBoxes_PerformanceByCategory/AP@0.5IOU/listen to (a person)': 0.5729469675570358,
  'PascalBoxes_PerformanceByCategory/AP@0.5IOU/sit': 0.7628406374022141,
  'PascalBoxes_PerformanceByCategory/AP@0.5IOU/talk to (e.g., self, a person, a group)': 0.7891120150464533,
  'PascalBoxes_PerformanceByCategory/AP@0.5IOU/watch (a person)': 0.34317614234586535,
  'PascalBoxes_Precision/mAP@0.5IOU': 0.62449368703279}
[11/24 02:24:32][INFO] ava_eval_helper.py: 174: AVA eval done in 0.325942 seconds.
[11/24 02:24:32][INFO] logging.py:  97: json_stats: {
  "RAM": "14.47/251.81G",
  "_type": "val_epoch",
  "cur_epoch": "12",
  "gpu_mem": "1.28G",
  "map": 0.62449,
  "mode": "val"
}
[11/24 02:43:27][INFO] ava_eval_helper.py: 164: Evaluating with 239 unique GT frames.
[11/24 02:43:27][INFO] ava_eval_helper.py: 166: Evaluating with 239 unique detection frames
[11/24 02:43:27][INFO] ava_eval_helper.py: 314: AVA results wrote to detections_latest.csv
[11/24 02:43:27][INFO] ava_eval_helper.py: 315: 	took 0 seconds.
[11/24 02:43:27][INFO] ava_eval_helper.py: 314: AVA results wrote to groundtruth_latest.csv
[11/24 02:43:27][INFO] ava_eval_helper.py: 315: 	took 0 seconds.
{ 'PascalBoxes_PerformanceByCategory/AP@0.5IOU/carry/hold (an object)': 0.6118208764787477,
  'PascalBoxes_PerformanceByCategory/AP@0.5IOU/listen to (a person)': 0.5831529686026901,
  'PascalBoxes_PerformanceByCategory/AP@0.5IOU/sit': 0.7626780480501208,
  'PascalBoxes_PerformanceByCategory/AP@0.5IOU/talk to (e.g., self, a person, a group)': 0.7802720270652583,
  'PascalBoxes_PerformanceByCategory/AP@0.5IOU/watch (a person)': 0.3849153777879138,
  'PascalBoxes_Precision/mAP@0.5IOU': 0.6245678595969462}
[11/24 02:43:27][INFO] ava_eval_helper.py: 174: AVA eval done in 0.428462 seconds.
[11/24 02:43:27][INFO] logging.py:  97: json_stats: {
  "RAM": "14.45/251.81G",
  "_type": "val_epoch",
  "cur_epoch": "13",
  "gpu_mem": "1.28G",
  "map": 0.62457,
  "mode": "val"
}
[11/24 03:03:31][INFO] ava_eval_helper.py: 164: Evaluating with 239 unique GT frames.
[11/24 03:03:31][INFO] ava_eval_helper.py: 166: Evaluating with 239 unique detection frames
[11/24 03:03:31][INFO] ava_eval_helper.py: 314: AVA results wrote to detections_latest.csv
[11/24 03:03:31][INFO] ava_eval_helper.py: 315: 	took 0 seconds.
[11/24 03:03:31][INFO] ava_eval_helper.py: 314: AVA results wrote to groundtruth_latest.csv
[11/24 03:03:31][INFO] ava_eval_helper.py: 315: 	took 0 seconds.
{ 'PascalBoxes_PerformanceByCategory/AP@0.5IOU/carry/hold (an object)': 0.6003014884276181,
  'PascalBoxes_PerformanceByCategory/AP@0.5IOU/listen to (a person)': 0.5662639742674883,
  'PascalBoxes_PerformanceByCategory/AP@0.5IOU/sit': 0.7719390725417616,
  'PascalBoxes_PerformanceByCategory/AP@0.5IOU/talk to (e.g., self, a person, a group)': 0.7593995337609567,
  'PascalBoxes_PerformanceByCategory/AP@0.5IOU/watch (a person)': 0.3988472660538517,
  'PascalBoxes_Precision/mAP@0.5IOU': 0.6193502670103352}
[11/24 03:03:31][INFO] ava_eval_helper.py: 174: AVA eval done in 0.301045 seconds.
[11/24 03:03:31][INFO] logging.py:  97: json_stats: {
  "RAM": "14.63/251.81G",
  "_type": "val_epoch",
  "cur_epoch": "14",
  "gpu_mem": "1.28G",
  "map": 0.61935,
  "mode": "val"
}
[11/24 03:23:46][INFO] ava_eval_helper.py: 164: Evaluating with 239 unique GT frames.
[11/24 03:23:46][INFO] ava_eval_helper.py: 166: Evaluating with 239 unique detection frames
[11/24 03:23:46][INFO] ava_eval_helper.py: 314: AVA results wrote to detections_latest.csv
[11/24 03:23:46][INFO] ava_eval_helper.py: 315: 	took 0 seconds.
[11/24 03:23:46][INFO] ava_eval_helper.py: 314: AVA results wrote to groundtruth_latest.csv
[11/24 03:23:46][INFO] ava_eval_helper.py: 315: 	took 0 seconds.
{ 'PascalBoxes_PerformanceByCategory/AP@0.5IOU/carry/hold (an object)': 0.590955421081474,
  'PascalBoxes_PerformanceByCategory/AP@0.5IOU/listen to (a person)': 0.5655882008074029,
  'PascalBoxes_PerformanceByCategory/AP@0.5IOU/sit': 0.7623637337737023,
  'PascalBoxes_PerformanceByCategory/AP@0.5IOU/talk to (e.g., self, a person, a group)': 0.783529205228984,
  'PascalBoxes_PerformanceByCategory/AP@0.5IOU/watch (a person)': 0.36841172950376033,
  'PascalBoxes_Precision/mAP@0.5IOU': 0.6141696580790648}
[11/24 03:23:46][INFO] ava_eval_helper.py: 174: AVA eval done in 0.322576 seconds.
[11/24 03:23:46][INFO] logging.py:  97: json_stats: {
  "RAM": "14.45/251.81G",
  "_type": "val_epoch",
  "cur_epoch": "15",
  "gpu_mem": "1.28G",
  "map": 0.61417,
  "mode": "val"
}
[11/24 03:44:19][INFO] ava_eval_helper.py: 164: Evaluating with 239 unique GT frames.
[11/24 03:44:19][INFO] ava_eval_helper.py: 166: Evaluating with 239 unique detection frames
[11/24 03:44:19][INFO] ava_eval_helper.py: 314: AVA results wrote to detections_latest.csv
[11/24 03:44:19][INFO] ava_eval_helper.py: 315: 	took 0 seconds.
[11/24 03:44:19][INFO] ava_eval_helper.py: 314: AVA results wrote to groundtruth_latest.csv
[11/24 03:44:19][INFO] ava_eval_helper.py: 315: 	took 0 seconds.
{ 'PascalBoxes_PerformanceByCategory/AP@0.5IOU/carry/hold (an object)': 0.6048383528615943,
  'PascalBoxes_PerformanceByCategory/AP@0.5IOU/listen to (a person)': 0.5692543150161973,
  'PascalBoxes_PerformanceByCategory/AP@0.5IOU/sit': 0.7573095526490216,
  'PascalBoxes_PerformanceByCategory/AP@0.5IOU/talk to (e.g., self, a person, a group)': 0.7745603802898808,
  'PascalBoxes_PerformanceByCategory/AP@0.5IOU/watch (a person)': 0.34436541787210395,
  'PascalBoxes_Precision/mAP@0.5IOU': 0.6100656037377596}
[11/24 03:44:19][INFO] ava_eval_helper.py: 174: AVA eval done in 0.291898 seconds.
[11/24 03:44:19][INFO] logging.py:  97: json_stats: {
  "RAM": "14.80/251.81G",
  "_type": "val_epoch",
  "cur_epoch": "16",
  "gpu_mem": "1.28G",
  "map": 0.61007,
  "mode": "val"
}
[11/24 04:05:20][INFO] ava_eval_helper.py: 164: Evaluating with 239 unique GT frames.
[11/24 04:05:20][INFO] ava_eval_helper.py: 166: Evaluating with 239 unique detection frames
[11/24 04:05:20][INFO] ava_eval_helper.py: 314: AVA results wrote to detections_latest.csv
[11/24 04:05:20][INFO] ava_eval_helper.py: 315: 	took 0 seconds.
[11/24 04:05:20][INFO] ava_eval_helper.py: 314: AVA results wrote to groundtruth_latest.csv
[11/24 04:05:20][INFO] ava_eval_helper.py: 315: 	took 0 seconds.
{ 'PascalBoxes_PerformanceByCategory/AP@0.5IOU/carry/hold (an object)': 0.5759329934306172,
  'PascalBoxes_PerformanceByCategory/AP@0.5IOU/listen to (a person)': 0.5679203000838817,
  'PascalBoxes_PerformanceByCategory/AP@0.5IOU/sit': 0.7760760568596201,
  'PascalBoxes_PerformanceByCategory/AP@0.5IOU/talk to (e.g., self, a person, a group)': 0.753812595347703,
  'PascalBoxes_PerformanceByCategory/AP@0.5IOU/watch (a person)': 0.3557495136860411,
  'PascalBoxes_Precision/mAP@0.5IOU': 0.6058982918815726}
[11/24 04:05:20][INFO] ava_eval_helper.py: 174: AVA eval done in 0.289338 seconds.
[11/24 04:05:20][INFO] logging.py:  97: json_stats: {
  "RAM": "15.36/251.81G",
  "_type": "val_epoch",
  "cur_epoch": "17",
  "gpu_mem": "1.28G",
  "map": 0.60590,
  "mode": "val"
}
[11/24 04:26:13][INFO] ava_eval_helper.py: 164: Evaluating with 239 unique GT frames.
[11/24 04:26:13][INFO] ava_eval_helper.py: 166: Evaluating with 239 unique detection frames
[11/24 04:26:13][INFO] ava_eval_helper.py: 314: AVA results wrote to detections_latest.csv
[11/24 04:26:13][INFO] ava_eval_helper.py: 315: 	took 0 seconds.
[11/24 04:26:13][INFO] ava_eval_helper.py: 314: AVA results wrote to groundtruth_latest.csv
[11/24 04:26:13][INFO] ava_eval_helper.py: 315: 	took 0 seconds.
{ 'PascalBoxes_PerformanceByCategory/AP@0.5IOU/carry/hold (an object)': 0.6149994869470402,
  'PascalBoxes_PerformanceByCategory/AP@0.5IOU/listen to (a person)': 0.5741025857687101,
  'PascalBoxes_PerformanceByCategory/AP@0.5IOU/sit': 0.7595783868904242,
  'PascalBoxes_PerformanceByCategory/AP@0.5IOU/talk to (e.g., self, a person, a group)': 0.7447027206039163,
  'PascalBoxes_PerformanceByCategory/AP@0.5IOU/watch (a person)': 0.37210903270504664,
  'PascalBoxes_Precision/mAP@0.5IOU': 0.6130984425830275}
[11/24 04:26:13][INFO] ava_eval_helper.py: 174: AVA eval done in 0.322121 seconds.
[11/24 04:26:13][INFO] logging.py:  97: json_stats: {
  "RAM": "14.73/251.81G",
  "_type": "val_epoch",
  "cur_epoch": "18",
  "gpu_mem": "1.28G",
  "map": 0.61310,
  "mode": "val"
}
[11/24 04:46:04][INFO] ava_eval_helper.py: 164: Evaluating with 239 unique GT frames.
[11/24 04:46:04][INFO] ava_eval_helper.py: 166: Evaluating with 239 unique detection frames
[11/24 04:46:04][INFO] ava_eval_helper.py: 314: AVA results wrote to detections_latest.csv
[11/24 04:46:04][INFO] ava_eval_helper.py: 315: 	took 0 seconds.
[11/24 04:46:04][INFO] ava_eval_helper.py: 314: AVA results wrote to groundtruth_latest.csv
[11/24 04:46:04][INFO] ava_eval_helper.py: 315: 	took 0 seconds.
{ 'PascalBoxes_PerformanceByCategory/AP@0.5IOU/carry/hold (an object)': 0.5837716900399095,
  'PascalBoxes_PerformanceByCategory/AP@0.5IOU/listen to (a person)': 0.5789488658008044,
  'PascalBoxes_PerformanceByCategory/AP@0.5IOU/sit': 0.7545288489855013,
  'PascalBoxes_PerformanceByCategory/AP@0.5IOU/talk to (e.g., self, a person, a group)': 0.7799327594250531,
  'PascalBoxes_PerformanceByCategory/AP@0.5IOU/watch (a person)': 0.3769667920097944,
  'PascalBoxes_Precision/mAP@0.5IOU': 0.6148297912522125}
[11/24 04:46:04][INFO] ava_eval_helper.py: 174: AVA eval done in 0.303855 seconds.
[11/24 04:46:04][INFO] logging.py:  97: json_stats: {
  "RAM": "14.52/251.81G",
  "_type": "val_epoch",
  "cur_epoch": "19",
  "gpu_mem": "1.28G",
  "map": 0.61483,
  "mode": "val"
}
[11/24 05:05:52][INFO] ava_eval_helper.py: 164: Evaluating with 239 unique GT frames.
[11/24 05:05:52][INFO] ava_eval_helper.py: 166: Evaluating with 239 unique detection frames
[11/24 05:05:52][INFO] ava_eval_helper.py: 314: AVA results wrote to detections_latest.csv
[11/24 05:05:52][INFO] ava_eval_helper.py: 315: 	took 0 seconds.
[11/24 05:05:52][INFO] ava_eval_helper.py: 314: AVA results wrote to groundtruth_latest.csv
[11/24 05:05:52][INFO] ava_eval_helper.py: 315: 	took 0 seconds.
{ 'PascalBoxes_PerformanceByCategory/AP@0.5IOU/carry/hold (an object)': 0.6161085248605012,
  'PascalBoxes_PerformanceByCategory/AP@0.5IOU/listen to (a person)': 0.5766624236681861,
  'PascalBoxes_PerformanceByCategory/AP@0.5IOU/sit': 0.7593685271309965,
  'PascalBoxes_PerformanceByCategory/AP@0.5IOU/talk to (e.g., self, a person, a group)': 0.7334192580504275,
  'PascalBoxes_PerformanceByCategory/AP@0.5IOU/watch (a person)': 0.3435228008722327,
  'PascalBoxes_Precision/mAP@0.5IOU': 0.6058163069164688}
[11/24 05:05:52][INFO] ava_eval_helper.py: 174: AVA eval done in 0.326685 seconds.
[11/24 05:05:52][INFO] logging.py:  97: json_stats: {
  "RAM": "14.63/251.81G",
  "_type": "val_epoch",
  "cur_epoch": "20",
  "gpu_mem": "1.28G",
  "map": 0.60582,
  "mode": "val"
}
[11/24 05:26:33][INFO] ava_eval_helper.py: 164: Evaluating with 239 unique GT frames.
[11/24 05:26:33][INFO] ava_eval_helper.py: 166: Evaluating with 239 unique detection frames
[11/24 05:26:33][INFO] ava_eval_helper.py: 314: AVA results wrote to detections_latest.csv
[11/24 05:26:33][INFO] ava_eval_helper.py: 315: 	took 0 seconds.
[11/24 05:26:33][INFO] ava_eval_helper.py: 314: AVA results wrote to groundtruth_latest.csv
[11/24 05:26:33][INFO] ava_eval_helper.py: 315: 	took 0 seconds.
{ 'PascalBoxes_PerformanceByCategory/AP@0.5IOU/carry/hold (an object)': 0.6412171942668079,
  'PascalBoxes_PerformanceByCategory/AP@0.5IOU/listen to (a person)': 0.577046513071478,
  'PascalBoxes_PerformanceByCategory/AP@0.5IOU/sit': 0.7429790619121024,
  'PascalBoxes_PerformanceByCategory/AP@0.5IOU/talk to (e.g., self, a person, a group)': 0.6807537846552391,
  'PascalBoxes_PerformanceByCategory/AP@0.5IOU/watch (a person)': 0.39440440964877893,
  'PascalBoxes_Precision/mAP@0.5IOU': 0.6072801927108813}
[11/24 05:26:34][INFO] ava_eval_helper.py: 174: AVA eval done in 0.330121 seconds.
[11/24 05:26:34][INFO] logging.py:  97: json_stats: {
  "RAM": "14.67/251.81G",
  "_type": "val_epoch",
  "cur_epoch": "21",
  "gpu_mem": "1.28G",
  "map": 0.60728,
  "mode": "val"
}
[11/24 05:47:15][INFO] ava_eval_helper.py: 164: Evaluating with 239 unique GT frames.
[11/24 05:47:15][INFO] ava_eval_helper.py: 166: Evaluating with 239 unique detection frames
[11/24 05:47:15][INFO] ava_eval_helper.py: 314: AVA results wrote to detections_latest.csv
[11/24 05:47:15][INFO] ava_eval_helper.py: 315: 	took 0 seconds.
[11/24 05:47:15][INFO] ava_eval_helper.py: 314: AVA results wrote to groundtruth_latest.csv
[11/24 05:47:15][INFO] ava_eval_helper.py: 315: 	took 0 seconds.
{ 'PascalBoxes_PerformanceByCategory/AP@0.5IOU/carry/hold (an object)': 0.601298097725233,
  'PascalBoxes_PerformanceByCategory/AP@0.5IOU/listen to (a person)': 0.5833257771485592,
  'PascalBoxes_PerformanceByCategory/AP@0.5IOU/sit': 0.7401638693406969,
  'PascalBoxes_PerformanceByCategory/AP@0.5IOU/talk to (e.g., self, a person, a group)': 0.6994131189355864,
  'PascalBoxes_PerformanceByCategory/AP@0.5IOU/watch (a person)': 0.3475509625059151,
  'PascalBoxes_Precision/mAP@0.5IOU': 0.5943503651311982}
[11/24 05:47:15][INFO] ava_eval_helper.py: 174: AVA eval done in 0.299625 seconds.
[11/24 05:47:15][INFO] logging.py:  97: json_stats: {
  "RAM": "15.25/251.81G",
  "_type": "val_epoch",
  "cur_epoch": "22",
  "gpu_mem": "1.28G",
  "map": 0.59435,
  "mode": "val"
}
[11/24 06:07:44][INFO] ava_eval_helper.py: 164: Evaluating with 239 unique GT frames.
[11/24 06:07:44][INFO] ava_eval_helper.py: 166: Evaluating with 239 unique detection frames
[11/24 06:07:44][INFO] ava_eval_helper.py: 314: AVA results wrote to detections_latest.csv
[11/24 06:07:44][INFO] ava_eval_helper.py: 315: 	took 0 seconds.
[11/24 06:07:44][INFO] ava_eval_helper.py: 314: AVA results wrote to groundtruth_latest.csv
[11/24 06:07:44][INFO] ava_eval_helper.py: 315: 	took 0 seconds.
{ 'PascalBoxes_PerformanceByCategory/AP@0.5IOU/carry/hold (an object)': 0.5944919059642384,
  'PascalBoxes_PerformanceByCategory/AP@0.5IOU/listen to (a person)': 0.5742223741196989,
  'PascalBoxes_PerformanceByCategory/AP@0.5IOU/sit': 0.7504182456603654,
  'PascalBoxes_PerformanceByCategory/AP@0.5IOU/talk to (e.g., self, a person, a group)': 0.6983050902033789,
  'PascalBoxes_PerformanceByCategory/AP@0.5IOU/watch (a person)': 0.40276648598952924,
  'PascalBoxes_Precision/mAP@0.5IOU': 0.6040408203874422}
[11/24 06:07:45][INFO] ava_eval_helper.py: 174: AVA eval done in 0.330069 seconds.
[11/24 06:07:45][INFO] logging.py:  97: json_stats: {
  "RAM": "14.72/251.81G",
  "_type": "val_epoch",
  "cur_epoch": "23",
  "gpu_mem": "1.28G",
  "map": 0.60404,
  "mode": "val"
}
[11/24 06:28:00][INFO] ava_eval_helper.py: 164: Evaluating with 239 unique GT frames.
[11/24 06:28:00][INFO] ava_eval_helper.py: 166: Evaluating with 239 unique detection frames
[11/24 06:28:00][INFO] ava_eval_helper.py: 314: AVA results wrote to detections_latest.csv
[11/24 06:28:00][INFO] ava_eval_helper.py: 315: 	took 0 seconds.
[11/24 06:28:00][INFO] ava_eval_helper.py: 314: AVA results wrote to groundtruth_latest.csv
[11/24 06:28:00][INFO] ava_eval_helper.py: 315: 	took 0 seconds.
{ 'PascalBoxes_PerformanceByCategory/AP@0.5IOU/carry/hold (an object)': 0.6107936912805579,
  'PascalBoxes_PerformanceByCategory/AP@0.5IOU/listen to (a person)': 0.5709406003773577,
  'PascalBoxes_PerformanceByCategory/AP@0.5IOU/sit': 0.747478455256922,
  'PascalBoxes_PerformanceByCategory/AP@0.5IOU/talk to (e.g., self, a person, a group)': 0.6920888793105862,
  'PascalBoxes_PerformanceByCategory/AP@0.5IOU/watch (a person)': 0.3525539524567323,
  'PascalBoxes_Precision/mAP@0.5IOU': 0.5947711157364312}
[11/24 06:28:00][INFO] ava_eval_helper.py: 174: AVA eval done in 0.295824 seconds.
[11/24 06:28:00][INFO] logging.py:  97: json_stats: {
  "RAM": "14.69/251.81G",
  "_type": "val_epoch",
  "cur_epoch": "24",
  "gpu_mem": "1.28G",
  "map": 0.59477,
  "mode": "val"
}
[11/24 06:48:52][INFO] ava_eval_helper.py: 164: Evaluating with 239 unique GT frames.
[11/24 06:48:52][INFO] ava_eval_helper.py: 166: Evaluating with 239 unique detection frames
[11/24 06:48:52][INFO] ava_eval_helper.py: 314: AVA results wrote to detections_latest.csv
[11/24 06:48:52][INFO] ava_eval_helper.py: 315: 	took 0 seconds.
[11/24 06:48:52][INFO] ava_eval_helper.py: 314: AVA results wrote to groundtruth_latest.csv
[11/24 06:48:52][INFO] ava_eval_helper.py: 315: 	took 0 seconds.
{ 'PascalBoxes_PerformanceByCategory/AP@0.5IOU/carry/hold (an object)': 0.6168411383178087,
  'PascalBoxes_PerformanceByCategory/AP@0.5IOU/listen to (a person)': 0.5777027658441696,
  'PascalBoxes_PerformanceByCategory/AP@0.5IOU/sit': 0.7493861562670585,
  'PascalBoxes_PerformanceByCategory/AP@0.5IOU/talk to (e.g., self, a person, a group)': 0.6806770735800075,
  'PascalBoxes_PerformanceByCategory/AP@0.5IOU/watch (a person)': 0.4002334660259409,
  'PascalBoxes_Precision/mAP@0.5IOU': 0.6049681200069971}
[11/24 06:48:52][INFO] ava_eval_helper.py: 174: AVA eval done in 0.299965 seconds.
[11/24 06:48:52][INFO] logging.py:  97: json_stats: {
  "RAM": "11.30/251.81G",
  "_type": "val_epoch",
  "cur_epoch": "25",
  "gpu_mem": "1.28G",
  "map": 0.60497,
  "mode": "val"
}
[11/24 07:07:52][INFO] ava_eval_helper.py: 164: Evaluating with 239 unique GT frames.
[11/24 07:07:52][INFO] ava_eval_helper.py: 166: Evaluating with 239 unique detection frames
[11/24 07:07:52][INFO] ava_eval_helper.py: 314: AVA results wrote to detections_latest.csv
[11/24 07:07:52][INFO] ava_eval_helper.py: 315: 	took 0 seconds.
[11/24 07:07:52][INFO] ava_eval_helper.py: 314: AVA results wrote to groundtruth_latest.csv
[11/24 07:07:52][INFO] ava_eval_helper.py: 315: 	took 0 seconds.
{ 'PascalBoxes_PerformanceByCategory/AP@0.5IOU/carry/hold (an object)': 0.624714970263343,
  'PascalBoxes_PerformanceByCategory/AP@0.5IOU/listen to (a person)': 0.5601046160749517,
  'PascalBoxes_PerformanceByCategory/AP@0.5IOU/sit': 0.7770676245197229,
  'PascalBoxes_PerformanceByCategory/AP@0.5IOU/talk to (e.g., self, a person, a group)': 0.7327225248670532,
  'PascalBoxes_PerformanceByCategory/AP@0.5IOU/watch (a person)': 0.3319362093053301,
  'PascalBoxes_Precision/mAP@0.5IOU': 0.6053091890060802}
[11/24 07:07:52][INFO] ava_eval_helper.py: 174: AVA eval done in 0.322488 seconds.
[11/24 07:07:52][INFO] logging.py:  97: json_stats: {
  "RAM": "11.38/251.81G",
  "_type": "val_epoch",
  "cur_epoch": "26",
  "gpu_mem": "1.28G",
  "map": 0.60531,
  "mode": "val"
}
[11/24 07:26:53][INFO] ava_eval_helper.py: 164: Evaluating with 239 unique GT frames.
[11/24 07:26:53][INFO] ava_eval_helper.py: 166: Evaluating with 239 unique detection frames
[11/24 07:26:53][INFO] ava_eval_helper.py: 314: AVA results wrote to detections_latest.csv
[11/24 07:26:53][INFO] ava_eval_helper.py: 315: 	took 0 seconds.
[11/24 07:26:53][INFO] ava_eval_helper.py: 314: AVA results wrote to groundtruth_latest.csv
[11/24 07:26:53][INFO] ava_eval_helper.py: 315: 	took 0 seconds.
{ 'PascalBoxes_PerformanceByCategory/AP@0.5IOU/carry/hold (an object)': 0.6413743502086068,
  'PascalBoxes_PerformanceByCategory/AP@0.5IOU/listen to (a person)': 0.5778757816401097,
  'PascalBoxes_PerformanceByCategory/AP@0.5IOU/sit': 0.7465782194359725,
  'PascalBoxes_PerformanceByCategory/AP@0.5IOU/talk to (e.g., self, a person, a group)': 0.6723769662491568,
  'PascalBoxes_PerformanceByCategory/AP@0.5IOU/watch (a person)': 0.3493290111567921,
  'PascalBoxes_Precision/mAP@0.5IOU': 0.5975068657381276}
[11/24 07:26:53][INFO] ava_eval_helper.py: 174: AVA eval done in 0.296380 seconds.
[11/24 07:26:53][INFO] logging.py:  97: json_stats: {
  "RAM": "11.18/251.81G",
  "_type": "val_epoch",
  "cur_epoch": "27",
  "gpu_mem": "1.28G",
  "map": 0.59751,
  "mode": "val"
}
[11/24 07:46:14][INFO] ava_eval_helper.py: 164: Evaluating with 239 unique GT frames.
[11/24 07:46:14][INFO] ava_eval_helper.py: 166: Evaluating with 239 unique detection frames
[11/24 07:46:14][INFO] ava_eval_helper.py: 314: AVA results wrote to detections_latest.csv
[11/24 07:46:14][INFO] ava_eval_helper.py: 315: 	took 0 seconds.
[11/24 07:46:14][INFO] ava_eval_helper.py: 314: AVA results wrote to groundtruth_latest.csv
[11/24 07:46:14][INFO] ava_eval_helper.py: 315: 	took 0 seconds.
{ 'PascalBoxes_PerformanceByCategory/AP@0.5IOU/carry/hold (an object)': 0.6212330208595589,
  'PascalBoxes_PerformanceByCategory/AP@0.5IOU/listen to (a person)': 0.5871936530173295,
  'PascalBoxes_PerformanceByCategory/AP@0.5IOU/sit': 0.7320910291342604,
  'PascalBoxes_PerformanceByCategory/AP@0.5IOU/talk to (e.g., self, a person, a group)': 0.7196242454568054,
  'PascalBoxes_PerformanceByCategory/AP@0.5IOU/watch (a person)': 0.3647732620940669,
  'PascalBoxes_Precision/mAP@0.5IOU': 0.6049830421124043}
[11/24 07:46:14][INFO] ava_eval_helper.py: 174: AVA eval done in 0.320003 seconds.
[11/24 07:46:14][INFO] logging.py:  97: json_stats: {
  "RAM": "11.16/251.81G",
  "_type": "val_epoch",
  "cur_epoch": "28",
  "gpu_mem": "1.28G",
  "map": 0.60498,
  "mode": "val"
}
[11/24 08:05:48][INFO] ava_eval_helper.py: 164: Evaluating with 239 unique GT frames.
[11/24 08:05:48][INFO] ava_eval_helper.py: 166: Evaluating with 239 unique detection frames
[11/24 08:05:48][INFO] ava_eval_helper.py: 314: AVA results wrote to detections_latest.csv
[11/24 08:05:48][INFO] ava_eval_helper.py: 315: 	took 0 seconds.
[11/24 08:05:48][INFO] ava_eval_helper.py: 314: AVA results wrote to groundtruth_latest.csv
[11/24 08:05:48][INFO] ava_eval_helper.py: 315: 	took 0 seconds.
{ 'PascalBoxes_PerformanceByCategory/AP@0.5IOU/carry/hold (an object)': 0.6036902428813137,
  'PascalBoxes_PerformanceByCategory/AP@0.5IOU/listen to (a person)': 0.5698490311829337,
  'PascalBoxes_PerformanceByCategory/AP@0.5IOU/sit': 0.7023775278307808,
  'PascalBoxes_PerformanceByCategory/AP@0.5IOU/talk to (e.g., self, a person, a group)': 0.6642524553428881,
  'PascalBoxes_PerformanceByCategory/AP@0.5IOU/watch (a person)': 0.3747923711604366,
  'PascalBoxes_Precision/mAP@0.5IOU': 0.5829923256796705}
[11/24 08:05:49][INFO] ava_eval_helper.py: 174: AVA eval done in 0.323231 seconds.
[11/24 08:05:49][INFO] logging.py:  97: json_stats: {
  "RAM": "11.37/251.81G",
  "_type": "val_epoch",
  "cur_epoch": "29",
  "gpu_mem": "1.28G",
  "map": 0.58299,
  "mode": "val"
}
[11/24 08:23:56][INFO] ava_eval_helper.py: 164: Evaluating with 239 unique GT frames.
[11/24 08:23:56][INFO] ava_eval_helper.py: 166: Evaluating with 239 unique detection frames
[11/24 08:23:56][INFO] ava_eval_helper.py: 314: AVA results wrote to detections_latest.csv
[11/24 08:23:56][INFO] ava_eval_helper.py: 315: 	took 0 seconds.
[11/24 08:23:56][INFO] ava_eval_helper.py: 314: AVA results wrote to groundtruth_latest.csv
[11/24 08:23:56][INFO] ava_eval_helper.py: 315: 	took 0 seconds.
{ 'PascalBoxes_PerformanceByCategory/AP@0.5IOU/carry/hold (an object)': 0.5767792277994332,
  'PascalBoxes_PerformanceByCategory/AP@0.5IOU/listen to (a person)': 0.5724717990599888,
  'PascalBoxes_PerformanceByCategory/AP@0.5IOU/sit': 0.7420248532616531,
  'PascalBoxes_PerformanceByCategory/AP@0.5IOU/talk to (e.g., self, a person, a group)': 0.6878847278643176,
  'PascalBoxes_PerformanceByCategory/AP@0.5IOU/watch (a person)': 0.3590558619651705,
  'PascalBoxes_Precision/mAP@0.5IOU': 0.5876432939901126}
[11/24 08:23:56][INFO] ava_eval_helper.py: 174: AVA eval done in 0.320242 seconds.
[11/24 08:23:56][INFO] logging.py:  97: json_stats: {
  "RAM": "11.32/251.81G",
  "_type": "val_epoch",
  "cur_epoch": "30",
  "gpu_mem": "1.28G",
  "map": 0.58764,
  "mode": "val"
}
[11/24 08:39:37][INFO] ava_eval_helper.py: 164: Evaluating with 239 unique GT frames.
[11/24 08:39:37][INFO] ava_eval_helper.py: 166: Evaluating with 239 unique detection frames
[11/24 08:39:37][INFO] ava_eval_helper.py: 314: AVA results wrote to detections_latest.csv
[11/24 08:39:37][INFO] ava_eval_helper.py: 315: 	took 0 seconds.
[11/24 08:39:37][INFO] ava_eval_helper.py: 314: AVA results wrote to groundtruth_latest.csv
[11/24 08:39:37][INFO] ava_eval_helper.py: 315: 	took 0 seconds.
{ 'PascalBoxes_PerformanceByCategory/AP@0.5IOU/carry/hold (an object)': 0.6392603883234651,
  'PascalBoxes_PerformanceByCategory/AP@0.5IOU/listen to (a person)': 0.5824107645059529,
  'PascalBoxes_PerformanceByCategory/AP@0.5IOU/sit': 0.7539564571289208,
  'PascalBoxes_PerformanceByCategory/AP@0.5IOU/talk to (e.g., self, a person, a group)': 0.6823176822911361,
  'PascalBoxes_PerformanceByCategory/AP@0.5IOU/watch (a person)': 0.40790802887583605,
  'PascalBoxes_Precision/mAP@0.5IOU': 0.6131706642250622}
[11/24 08:39:37][INFO] ava_eval_helper.py: 174: AVA eval done in 0.289443 seconds.
[11/24 08:39:37][INFO] logging.py:  97: json_stats: {
  "RAM": "11.30/251.81G",
  "_type": "val_epoch",
  "cur_epoch": "31",
  "gpu_mem": "1.28G",
  "map": 0.61317,
  "mode": "val"
}
[11/24 08:54:22][INFO] ava_eval_helper.py: 164: Evaluating with 239 unique GT frames.
[11/24 08:54:22][INFO] ava_eval_helper.py: 166: Evaluating with 239 unique detection frames
[11/24 08:54:22][INFO] ava_eval_helper.py: 314: AVA results wrote to detections_latest.csv
[11/24 08:54:22][INFO] ava_eval_helper.py: 315: 	took 0 seconds.
[11/24 08:54:22][INFO] ava_eval_helper.py: 314: AVA results wrote to groundtruth_latest.csv
[11/24 08:54:22][INFO] ava_eval_helper.py: 315: 	took 0 seconds.
{ 'PascalBoxes_PerformanceByCategory/AP@0.5IOU/carry/hold (an object)': 0.5831794639778131,
  'PascalBoxes_PerformanceByCategory/AP@0.5IOU/listen to (a person)': 0.5852820825044678,
  'PascalBoxes_PerformanceByCategory/AP@0.5IOU/sit': 0.7380321329753247,
  'PascalBoxes_PerformanceByCategory/AP@0.5IOU/talk to (e.g., self, a person, a group)': 0.7041663209769751,
  'PascalBoxes_PerformanceByCategory/AP@0.5IOU/watch (a person)': 0.3889848540619146,
  'PascalBoxes_Precision/mAP@0.5IOU': 0.599928970899299}
[11/24 08:54:23][INFO] ava_eval_helper.py: 174: AVA eval done in 0.320307 seconds.
[11/24 08:54:23][INFO] logging.py:  97: json_stats: {
  "RAM": "11.14/251.81G",
  "_type": "val_epoch",
  "cur_epoch": "32",
  "gpu_mem": "1.28G",
  "map": 0.59993,
  "mode": "val"
}
slurmstepd: error: *** JOB 172214 ON biwirender11 CANCELLED AT 2020-11-24T09:09:38 ***
