
CommandNotFoundError: Your shell has not been properly configured to use 'conda activate'.
To initialize your shell, run

    $ conda init <SHELL_NAME>

Currently supported shells are:
  - bash
  - fish
  - tcsh
  - xonsh
  - zsh
  - powershell

See 'conda init --help' for more information and options.

IMPORTANT: You may need to close and restart your shell after running 'conda init'.


[11/24 23:42:06][INFO] train_net.py: 405: Train with config:
[11/24 23:42:06][INFO] train_net.py: 406: {'AVA': {'ANNOTATION_DIR': '/srv/beegfs02/scratch/da_action/data/ava/annotations_10_500_100/',
         'BGR': False,
         'DETECTION_SCORE_THRESH': 0.8,
         'EXCLUSION_FILE': 'ava_val_excluded_timestamps_v2.2.csv',
         'FRAME_DIR': '/srv/beegfs02/scratch/da_action/data/ava/frames/',
         'FRAME_LIST_DIR': '/srv/beegfs02/scratch/da_action/data/ava/frame_lists_10_500_100/',
         'FULL_TEST_ON_VAL': True,
         'GROUNDTRUTH_FILE': 'ava_val_v2.2.csv',
         'IMG_PROC_BACKEND': 'cv2',
         'LABEL_MAP_FILE': 'ava_action_list_v2.2.pbtxt',
         'TEST_FORCE_FLIP': False,
         'TEST_LISTS': ['val.csv'],
         'TEST_PREDICT_BOX_LISTS': ['ava_val_predicted_boxes.csv'],
         'TRAIN_GT_BOX_LISTS': ['ava_train_v2.2.csv'],
         'TRAIN_LISTS': ['train.csv'],
         'TRAIN_PCA_EIGVAL': [0.225, 0.224, 0.229],
         'TRAIN_PCA_EIGVEC': [[-0.5675, 0.7192, 0.4009],
                              [-0.5808, -0.0045, -0.814],
                              [-0.5836, -0.6948, 0.4203]],
         'TRAIN_PCA_JITTER_ONLY': True,
         'TRAIN_PREDICT_BOX_LISTS': [],
         'TRAIN_USE_COLOR_AUGMENTATION': False},
 'BENCHMARK': CfgNode({'NUM_EPOCHS': 5, 'LOG_PERIOD': 100, 'SHUFFLE': True}),
 'BN': {'NORM_TYPE': 'batchnorm',
        'NUM_BATCHES_PRECISE': 200,
        'NUM_SPLITS': 1,
        'NUM_SYNC_DEVICES': 1,
        'USE_PRECISE_STATS': False,
        'WEIGHT_DECAY': 0.0},
 'DATA': {'DECODING_BACKEND': 'pyav',
          'ENSEMBLE_METHOD': 'sum',
          'INPUT_CHANNEL_NUM': [3, 3],
          'INV_UNIFORM_SAMPLE': False,
          'MEAN': [0.45, 0.45, 0.45],
          'MULTI_LABEL': False,
          'NUM_FRAMES': 32,
          'PATH_LABEL_SEPARATOR': ' ',
          'PATH_PREFIX': '',
          'PATH_TO_DATA_DIR': '',
          'RANDOM_FLIP': True,
          'REVERSE_INPUT_CHANNEL': False,
          'SAMPLING_RATE': 2,
          'STD': [0.225, 0.225, 0.225],
          'TARGET_FPS': 30,
          'TEST_CROP_SIZE': 256,
          'TRAIN_CROP_SIZE': 224,
          'TRAIN_JITTER_SCALES': [256, 320]},
 'DATA_LOADER': {'ENABLE_MULTI_THREAD_DECODE': False,
                 'NUM_WORKERS': 1,
                 'PIN_MEMORY': True},
 'DEMO': {'BUFFER_SIZE': 0,
          'CLIP_VIS_SIZE': 10,
          'COMMON_CLASS_NAMES': ['watch (a person)',
                                 'talk to (e.g., self, a person, a group)',
                                 'listen to (a person)',
                                 'touch (an object)',
                                 'carry/hold (an object)',
                                 'walk',
                                 'sit',
                                 'lie/sleep',
                                 'bend/bow (at the waist)'],
          'COMMON_CLASS_THRES': 0.7,
          'DETECTRON2_CFG': 'COCO-Detection/faster_rcnn_R_50_FPN_3x.yaml',
          'DETECTRON2_THRESH': 0.9,
          'DETECTRON2_WEIGHTS': 'detectron2://COCO-Detection/faster_rcnn_R_50_FPN_3x/137849458/model_final_280758.pkl',
          'DISPLAY_HEIGHT': 0,
          'DISPLAY_WIDTH': 0,
          'ENABLE': False,
          'FPS': 30,
          'GT_BOXES': '',
          'INPUT_FORMAT': 'BGR',
          'INPUT_VIDEO': '',
          'LABEL_FILE_PATH': '',
          'NUM_CLIPS_SKIP': 0,
          'NUM_VIS_INSTANCES': 2,
          'OUTPUT_FILE': '',
          'OUTPUT_FPS': -1,
          'PREDS_BOXES': '',
          'SLOWMO': 1,
          'STARTING_SECOND': 900,
          'THREAD_ENABLE': False,
          'UNCOMMON_CLASS_THRES': 0.3,
          'VIS_MODE': 'thres',
          'WEBCAM': -1},
 'DETECTION': {'ALIGNED': False,
               'ENABLE': True,
               'ROI_XFORM_RESOLUTION': 7,
               'SPATIAL_SCALE_FACTOR': 16},
 'DIST_BACKEND': 'nccl',
 'LOG_MODEL_INFO': False,
 'LOG_PERIOD': 10,
 'MODEL': {'ARCH': 'slowfast',
           'DROPCONNECT_RATE': 0.0,
           'DROPOUT_RATE': 0.5,
           'FC_INIT_STD': 0.01,
           'FREEZE_TO': 605,
           'HEAD_ACT': 'sigmoid',
           'LOSS_FUNC': 'bce',
           'MODEL_NAME': 'SlowFast',
           'MULTI_PATHWAY_ARCH': ['slowfast'],
           'NUM_CLASSES': 10,
           'SINGLE_PATHWAY_ARCH': ['c2d', 'i3d', 'slow', 'x3d']},
 'MULTIGRID': {'BN_BASE_SIZE': 8,
               'DEFAULT_B': 0,
               'DEFAULT_S': 0,
               'DEFAULT_T': 0,
               'EPOCH_FACTOR': 1.5,
               'EVAL_FREQ': 3,
               'LONG_CYCLE': False,
               'LONG_CYCLE_FACTORS': [(0.25, 0.7071067811865476),
                                      (0.5, 0.7071067811865476),
                                      (0.5, 1),
                                      (1, 1)],
               'LONG_CYCLE_SAMPLING_RATE': 0,
               'SHORT_CYCLE': False,
               'SHORT_CYCLE_FACTORS': [0.5, 0.7071067811865476]},
 'NONLOCAL': {'GROUP': [[1, 1], [1, 1], [1, 1], [1, 1]],
              'INSTANTIATION': 'dot_product',
              'LOCATION': [[[], []], [[], []], [[6, 13, 20], []], [[], []]],
              'POOL': [[[2, 2, 2], [2, 2, 2]],
                       [[2, 2, 2], [2, 2, 2]],
                       [[2, 2, 2], [2, 2, 2]],
                       [[2, 2, 2], [2, 2, 2]]]},
 'NUM_GPUS': 1,
 'NUM_SHARDS': 1,
 'OUTPUT_DIR': '/srv/beegfs02/scratch/da_action/data/output/ex_10_500_100_v1',
 'RESNET': {'DEPTH': 101,
            'INPLACE_RELU': True,
            'NUM_BLOCK_TEMP_KERNEL': [[3, 3], [4, 4], [6, 6], [3, 3]],
            'NUM_GROUPS': 1,
            'SPATIAL_DILATIONS': [[1, 1], [1, 1], [1, 1], [2, 2]],
            'SPATIAL_STRIDES': [[1, 1], [2, 2], [2, 2], [1, 1]],
            'STRIDE_1X1': False,
            'TRANS_FUNC': 'bottleneck_transform',
            'WIDTH_PER_GROUP': 64,
            'ZERO_INIT_FINAL_BN': True},
 'RNG_SEED': 0,
 'SHARD_ID': 0,
 'SLOWFAST': {'ALPHA': 4,
              'BETA_INV': 8,
              'FUSION_CONV_CHANNEL_RATIO': 2,
              'FUSION_KERNEL_SZ': 5},
 'SOLVER': {'BASE_LR': 0.1,
            'BASE_LR_SCALE_NUM_SHARDS': False,
            'COSINE_END_LR': 0.0,
            'DAMPENING': 0.0,
            'GAMMA': 0.1,
            'LRS': [],
            'LR_POLICY': 'cosine',
            'MAX_EPOCH': 300,
            'MOMENTUM': 0.9,
            'NESTEROV': True,
            'OPTIMIZING_METHOD': 'sgd',
            'STEPS': [],
            'STEP_SIZE': 1,
            'WARMUP_EPOCHS': 0.0,
            'WARMUP_FACTOR': 0.1,
            'WARMUP_START_LR': 0.01,
            'WEIGHT_DECAY': 1e-07},
 'TENSORBOARD': {'CATEGORIES_PATH': '',
                 'CLASS_NAMES_PATH': '',
                 'CONFUSION_MATRIX': {'ENABLE': False,
                                      'FIGSIZE': [8, 8],
                                      'SUBSET_PATH': ''},
                 'ENABLE': True,
                 'HISTOGRAM': {'ENABLE': False,
                               'FIGSIZE': [8, 8],
                               'SUBSET_PATH': '',
                               'TOPK': 10},
                 'LOG_DIR': 'tensorboard',
                 'MODEL_VIS': {'ACTIVATIONS': False,
                               'COLORMAP': 'Pastel2',
                               'ENABLE': False,
                               'GRAD_CAM': {'COLORMAP': 'viridis',
                                            'ENABLE': True,
                                            'LAYER_LIST': [],
                                            'USE_TRUE_LABEL': False},
                               'INPUT_VIDEO': False,
                               'LAYER_LIST': [],
                               'MODEL_WEIGHTS': False,
                               'TOPK_PREDS': 1},
                 'PREDICTIONS_PATH': '',
                 'WRONG_PRED_VIS': {'ENABLE': False,
                                    'SUBSET_PATH': '',
                                    'TAG': 'Incorrectly classified videos.'}},
 'TEST': {'BATCH_SIZE': 4,
          'CHECKPOINT_FILE_PATH': '',
          'CHECKPOINT_TYPE': 'pytorch',
          'DATASET': 'ava',
          'ENABLE': True,
          'NUM_ENSEMBLE_VIEWS': 10,
          'NUM_SPATIAL_CROPS': 3,
          'SAVE_RESULTS_PATH': ''},
 'TRAIN': {'AUTO_RESUME': False,
           'BATCH_SIZE': 4,
           'CHECKPOINT_CLEAR_NAME_PATTERN': (),
           'CHECKPOINT_EPOCH_RESET': False,
           'CHECKPOINT_FILE_PATH': '/srv/beegfs02/scratch/da_action/data/models_pretrained/SLOWFAST_32x2_R101_50_50.pkl',
           'CHECKPOINT_INFLATE': False,
           'CHECKPOINT_PERIOD': 1,
           'CHECKPOINT_TYPE': 'pytorch',
           'DATASET': 'ava',
           'ENABLE': True,
           'EVAL_PERIOD': 1},
 'X3D': {'BN_LIN5': False,
         'BOTTLENECK_FACTOR': 1.0,
         'CHANNELWISE_3x3x3': True,
         'DEPTH_FACTOR': 1.0,
         'DIM_C1': 12,
         'DIM_C5': 2048,
         'SCALE_RES2': False,
         'WIDTH_FACTOR': 1.0}}
0 frozen s1.pathway0_stem.conv.weight
1 frozen s1.pathway0_stem.bn.weight
2 frozen s1.pathway0_stem.bn.bias
3 frozen s1.pathway1_stem.conv.weight
4 frozen s1.pathway1_stem.bn.weight
5 frozen s1.pathway1_stem.bn.bias
6 frozen s1_fuse.conv_f2s.weight
7 frozen s1_fuse.bn.weight
8 frozen s1_fuse.bn.bias
9 frozen s2.pathway0_res0.branch1.weight
10 frozen s2.pathway0_res0.branch1_bn.weight
11 frozen s2.pathway0_res0.branch1_bn.bias
12 frozen s2.pathway0_res0.branch2.a.weight
13 frozen s2.pathway0_res0.branch2.a_bn.weight
14 frozen s2.pathway0_res0.branch2.a_bn.bias
15 frozen s2.pathway0_res0.branch2.b.weight
16 frozen s2.pathway0_res0.branch2.b_bn.weight
17 frozen s2.pathway0_res0.branch2.b_bn.bias
18 frozen s2.pathway0_res0.branch2.c.weight
19 frozen s2.pathway0_res0.branch2.c_bn.weight
20 frozen s2.pathway0_res0.branch2.c_bn.bias
21 frozen s2.pathway0_res1.branch2.a.weight
22 frozen s2.pathway0_res1.branch2.a_bn.weight
23 frozen s2.pathway0_res1.branch2.a_bn.bias
24 frozen s2.pathway0_res1.branch2.b.weight
25 frozen s2.pathway0_res1.branch2.b_bn.weight
26 frozen s2.pathway0_res1.branch2.b_bn.bias
27 frozen s2.pathway0_res1.branch2.c.weight
28 frozen s2.pathway0_res1.branch2.c_bn.weight
29 frozen s2.pathway0_res1.branch2.c_bn.bias
30 frozen s2.pathway0_res2.branch2.a.weight
31 frozen s2.pathway0_res2.branch2.a_bn.weight
32 frozen s2.pathway0_res2.branch2.a_bn.bias
33 frozen s2.pathway0_res2.branch2.b.weight
34 frozen s2.pathway0_res2.branch2.b_bn.weight
35 frozen s2.pathway0_res2.branch2.b_bn.bias
36 frozen s2.pathway0_res2.branch2.c.weight
37 frozen s2.pathway0_res2.branch2.c_bn.weight
38 frozen s2.pathway0_res2.branch2.c_bn.bias
39 frozen s2.pathway1_res0.branch1.weight
40 frozen s2.pathway1_res0.branch1_bn.weight
41 frozen s2.pathway1_res0.branch1_bn.bias
42 frozen s2.pathway1_res0.branch2.a.weight
43 frozen s2.pathway1_res0.branch2.a_bn.weight
44 frozen s2.pathway1_res0.branch2.a_bn.bias
45 frozen s2.pathway1_res0.branch2.b.weight
46 frozen s2.pathway1_res0.branch2.b_bn.weight
47 frozen s2.pathway1_res0.branch2.b_bn.bias
48 frozen s2.pathway1_res0.branch2.c.weight
49 frozen s2.pathway1_res0.branch2.c_bn.weight
50 frozen s2.pathway1_res0.branch2.c_bn.bias
51 frozen s2.pathway1_res1.branch2.a.weight
52 frozen s2.pathway1_res1.branch2.a_bn.weight
53 frozen s2.pathway1_res1.branch2.a_bn.bias
54 frozen s2.pathway1_res1.branch2.b.weight
55 frozen s2.pathway1_res1.branch2.b_bn.weight
56 frozen s2.pathway1_res1.branch2.b_bn.bias
57 frozen s2.pathway1_res1.branch2.c.weight
58 frozen s2.pathway1_res1.branch2.c_bn.weight
59 frozen s2.pathway1_res1.branch2.c_bn.bias
60 frozen s2.pathway1_res2.branch2.a.weight
61 frozen s2.pathway1_res2.branch2.a_bn.weight
62 frozen s2.pathway1_res2.branch2.a_bn.bias
63 frozen s2.pathway1_res2.branch2.b.weight
64 frozen s2.pathway1_res2.branch2.b_bn.weight
65 frozen s2.pathway1_res2.branch2.b_bn.bias
66 frozen s2.pathway1_res2.branch2.c.weight
67 frozen s2.pathway1_res2.branch2.c_bn.weight
68 frozen s2.pathway1_res2.branch2.c_bn.bias
69 frozen s2_fuse.conv_f2s.weight
70 frozen s2_fuse.bn.weight
71 frozen s2_fuse.bn.bias
72 frozen s3.pathway0_res0.branch1.weight
73 frozen s3.pathway0_res0.branch1_bn.weight
74 frozen s3.pathway0_res0.branch1_bn.bias
75 frozen s3.pathway0_res0.branch2.a.weight
76 frozen s3.pathway0_res0.branch2.a_bn.weight
77 frozen s3.pathway0_res0.branch2.a_bn.bias
78 frozen s3.pathway0_res0.branch2.b.weight
79 frozen s3.pathway0_res0.branch2.b_bn.weight
80 frozen s3.pathway0_res0.branch2.b_bn.bias
81 frozen s3.pathway0_res0.branch2.c.weight
82 frozen s3.pathway0_res0.branch2.c_bn.weight
83 frozen s3.pathway0_res0.branch2.c_bn.bias
84 frozen s3.pathway0_res1.branch2.a.weight
85 frozen s3.pathway0_res1.branch2.a_bn.weight
86 frozen s3.pathway0_res1.branch2.a_bn.bias
87 frozen s3.pathway0_res1.branch2.b.weight
88 frozen s3.pathway0_res1.branch2.b_bn.weight
89 frozen s3.pathway0_res1.branch2.b_bn.bias
90 frozen s3.pathway0_res1.branch2.c.weight
91 frozen s3.pathway0_res1.branch2.c_bn.weight
92 frozen s3.pathway0_res1.branch2.c_bn.bias
93 frozen s3.pathway0_res2.branch2.a.weight
94 frozen s3.pathway0_res2.branch2.a_bn.weight
95 frozen s3.pathway0_res2.branch2.a_bn.bias
96 frozen s3.pathway0_res2.branch2.b.weight
97 frozen s3.pathway0_res2.branch2.b_bn.weight
98 frozen s3.pathway0_res2.branch2.b_bn.bias
99 frozen s3.pathway0_res2.branch2.c.weight
100 frozen s3.pathway0_res2.branch2.c_bn.weight
101 frozen s3.pathway0_res2.branch2.c_bn.bias
102 frozen s3.pathway0_res3.branch2.a.weight
103 frozen s3.pathway0_res3.branch2.a_bn.weight
104 frozen s3.pathway0_res3.branch2.a_bn.bias
105 frozen s3.pathway0_res3.branch2.b.weight
106 frozen s3.pathway0_res3.branch2.b_bn.weight
107 frozen s3.pathway0_res3.branch2.b_bn.bias
108 frozen s3.pathway0_res3.branch2.c.weight
109 frozen s3.pathway0_res3.branch2.c_bn.weight
110 frozen s3.pathway0_res3.branch2.c_bn.bias
111 frozen s3.pathway1_res0.branch1.weight
112 frozen s3.pathway1_res0.branch1_bn.weight
113 frozen s3.pathway1_res0.branch1_bn.bias
114 frozen s3.pathway1_res0.branch2.a.weight
115 frozen s3.pathway1_res0.branch2.a_bn.weight
116 frozen s3.pathway1_res0.branch2.a_bn.bias
117 frozen s3.pathway1_res0.branch2.b.weight
118 frozen s3.pathway1_res0.branch2.b_bn.weight
119 frozen s3.pathway1_res0.branch2.b_bn.bias
120 frozen s3.pathway1_res0.branch2.c.weight
121 frozen s3.pathway1_res0.branch2.c_bn.weight
122 frozen s3.pathway1_res0.branch2.c_bn.bias
123 frozen s3.pathway1_res1.branch2.a.weight
124 frozen s3.pathway1_res1.branch2.a_bn.weight
125 frozen s3.pathway1_res1.branch2.a_bn.bias
126 frozen s3.pathway1_res1.branch2.b.weight
127 frozen s3.pathway1_res1.branch2.b_bn.weight
128 frozen s3.pathway1_res1.branch2.b_bn.bias
129 frozen s3.pathway1_res1.branch2.c.weight
130 frozen s3.pathway1_res1.branch2.c_bn.weight
131 frozen s3.pathway1_res1.branch2.c_bn.bias
132 frozen s3.pathway1_res2.branch2.a.weight
133 frozen s3.pathway1_res2.branch2.a_bn.weight
134 frozen s3.pathway1_res2.branch2.a_bn.bias
135 frozen s3.pathway1_res2.branch2.b.weight
136 frozen s3.pathway1_res2.branch2.b_bn.weight
137 frozen s3.pathway1_res2.branch2.b_bn.bias
138 frozen s3.pathway1_res2.branch2.c.weight
139 frozen s3.pathway1_res2.branch2.c_bn.weight
140 frozen s3.pathway1_res2.branch2.c_bn.bias
141 frozen s3.pathway1_res3.branch2.a.weight
142 frozen s3.pathway1_res3.branch2.a_bn.weight
143 frozen s3.pathway1_res3.branch2.a_bn.bias
144 frozen s3.pathway1_res3.branch2.b.weight
145 frozen s3.pathway1_res3.branch2.b_bn.weight
146 frozen s3.pathway1_res3.branch2.b_bn.bias
147 frozen s3.pathway1_res3.branch2.c.weight
148 frozen s3.pathway1_res3.branch2.c_bn.weight
149 frozen s3.pathway1_res3.branch2.c_bn.bias
150 frozen s3_fuse.conv_f2s.weight
151 frozen s3_fuse.bn.weight
152 frozen s3_fuse.bn.bias
153 frozen s4.pathway0_res0.branch1.weight
154 frozen s4.pathway0_res0.branch1_bn.weight
155 frozen s4.pathway0_res0.branch1_bn.bias
156 frozen s4.pathway0_res0.branch2.a.weight
157 frozen s4.pathway0_res0.branch2.a_bn.weight
158 frozen s4.pathway0_res0.branch2.a_bn.bias
159 frozen s4.pathway0_res0.branch2.b.weight
160 frozen s4.pathway0_res0.branch2.b_bn.weight
161 frozen s4.pathway0_res0.branch2.b_bn.bias
162 frozen s4.pathway0_res0.branch2.c.weight
163 frozen s4.pathway0_res0.branch2.c_bn.weight
164 frozen s4.pathway0_res0.branch2.c_bn.bias
165 frozen s4.pathway0_res1.branch2.a.weight
166 frozen s4.pathway0_res1.branch2.a_bn.weight
167 frozen s4.pathway0_res1.branch2.a_bn.bias
168 frozen s4.pathway0_res1.branch2.b.weight
169 frozen s4.pathway0_res1.branch2.b_bn.weight
170 frozen s4.pathway0_res1.branch2.b_bn.bias
171 frozen s4.pathway0_res1.branch2.c.weight
172 frozen s4.pathway0_res1.branch2.c_bn.weight
173 frozen s4.pathway0_res1.branch2.c_bn.bias
174 frozen s4.pathway0_res2.branch2.a.weight
175 frozen s4.pathway0_res2.branch2.a_bn.weight
176 frozen s4.pathway0_res2.branch2.a_bn.bias
177 frozen s4.pathway0_res2.branch2.b.weight
178 frozen s4.pathway0_res2.branch2.b_bn.weight
179 frozen s4.pathway0_res2.branch2.b_bn.bias
180 frozen s4.pathway0_res2.branch2.c.weight
181 frozen s4.pathway0_res2.branch2.c_bn.weight
182 frozen s4.pathway0_res2.branch2.c_bn.bias
183 frozen s4.pathway0_res3.branch2.a.weight
184 frozen s4.pathway0_res3.branch2.a_bn.weight
185 frozen s4.pathway0_res3.branch2.a_bn.bias
186 frozen s4.pathway0_res3.branch2.b.weight
187 frozen s4.pathway0_res3.branch2.b_bn.weight
188 frozen s4.pathway0_res3.branch2.b_bn.bias
189 frozen s4.pathway0_res3.branch2.c.weight
190 frozen s4.pathway0_res3.branch2.c_bn.weight
191 frozen s4.pathway0_res3.branch2.c_bn.bias
192 frozen s4.pathway0_res4.branch2.a.weight
193 frozen s4.pathway0_res4.branch2.a_bn.weight
194 frozen s4.pathway0_res4.branch2.a_bn.bias
195 frozen s4.pathway0_res4.branch2.b.weight
196 frozen s4.pathway0_res4.branch2.b_bn.weight
197 frozen s4.pathway0_res4.branch2.b_bn.bias
198 frozen s4.pathway0_res4.branch2.c.weight
199 frozen s4.pathway0_res4.branch2.c_bn.weight
200 frozen s4.pathway0_res4.branch2.c_bn.bias
201 frozen s4.pathway0_res5.branch2.a.weight
202 frozen s4.pathway0_res5.branch2.a_bn.weight
203 frozen s4.pathway0_res5.branch2.a_bn.bias
204 frozen s4.pathway0_res5.branch2.b.weight
205 frozen s4.pathway0_res5.branch2.b_bn.weight
206 frozen s4.pathway0_res5.branch2.b_bn.bias
207 frozen s4.pathway0_res5.branch2.c.weight
208 frozen s4.pathway0_res5.branch2.c_bn.weight
209 frozen s4.pathway0_res5.branch2.c_bn.bias
210 frozen s4.pathway0_res6.branch2.a.weight
211 frozen s4.pathway0_res6.branch2.a_bn.weight
212 frozen s4.pathway0_res6.branch2.a_bn.bias
213 frozen s4.pathway0_res6.branch2.b.weight
214 frozen s4.pathway0_res6.branch2.b_bn.weight
215 frozen s4.pathway0_res6.branch2.b_bn.bias
216 frozen s4.pathway0_res6.branch2.c.weight
217 frozen s4.pathway0_res6.branch2.c_bn.weight
218 frozen s4.pathway0_res6.branch2.c_bn.bias
219 frozen s4.pathway0_nonlocal6.conv_theta.weight
220 frozen s4.pathway0_nonlocal6.conv_theta.bias
221 frozen s4.pathway0_nonlocal6.conv_phi.weight
222 frozen s4.pathway0_nonlocal6.conv_phi.bias
223 frozen s4.pathway0_nonlocal6.conv_g.weight
224 frozen s4.pathway0_nonlocal6.conv_g.bias
225 frozen s4.pathway0_nonlocal6.conv_out.weight
226 frozen s4.pathway0_nonlocal6.conv_out.bias
227 frozen s4.pathway0_nonlocal6.bn.weight
228 frozen s4.pathway0_nonlocal6.bn.bias
229 frozen s4.pathway0_res7.branch2.a.weight
230 frozen s4.pathway0_res7.branch2.a_bn.weight
231 frozen s4.pathway0_res7.branch2.a_bn.bias
232 frozen s4.pathway0_res7.branch2.b.weight
233 frozen s4.pathway0_res7.branch2.b_bn.weight
234 frozen s4.pathway0_res7.branch2.b_bn.bias
235 frozen s4.pathway0_res7.branch2.c.weight
236 frozen s4.pathway0_res7.branch2.c_bn.weight
237 frozen s4.pathway0_res7.branch2.c_bn.bias
238 frozen s4.pathway0_res8.branch2.a.weight
239 frozen s4.pathway0_res8.branch2.a_bn.weight
240 frozen s4.pathway0_res8.branch2.a_bn.bias
241 frozen s4.pathway0_res8.branch2.b.weight
242 frozen s4.pathway0_res8.branch2.b_bn.weight
243 frozen s4.pathway0_res8.branch2.b_bn.bias
244 frozen s4.pathway0_res8.branch2.c.weight
245 frozen s4.pathway0_res8.branch2.c_bn.weight
246 frozen s4.pathway0_res8.branch2.c_bn.bias
247 frozen s4.pathway0_res9.branch2.a.weight
248 frozen s4.pathway0_res9.branch2.a_bn.weight
249 frozen s4.pathway0_res9.branch2.a_bn.bias
250 frozen s4.pathway0_res9.branch2.b.weight
251 frozen s4.pathway0_res9.branch2.b_bn.weight
252 frozen s4.pathway0_res9.branch2.b_bn.bias
253 frozen s4.pathway0_res9.branch2.c.weight
254 frozen s4.pathway0_res9.branch2.c_bn.weight
255 frozen s4.pathway0_res9.branch2.c_bn.bias
256 frozen s4.pathway0_res10.branch2.a.weight
257 frozen s4.pathway0_res10.branch2.a_bn.weight
258 frozen s4.pathway0_res10.branch2.a_bn.bias
259 frozen s4.pathway0_res10.branch2.b.weight
260 frozen s4.pathway0_res10.branch2.b_bn.weight
261 frozen s4.pathway0_res10.branch2.b_bn.bias
262 frozen s4.pathway0_res10.branch2.c.weight
263 frozen s4.pathway0_res10.branch2.c_bn.weight
264 frozen s4.pathway0_res10.branch2.c_bn.bias
265 frozen s4.pathway0_res11.branch2.a.weight
266 frozen s4.pathway0_res11.branch2.a_bn.weight
267 frozen s4.pathway0_res11.branch2.a_bn.bias
268 frozen s4.pathway0_res11.branch2.b.weight
269 frozen s4.pathway0_res11.branch2.b_bn.weight
270 frozen s4.pathway0_res11.branch2.b_bn.bias
271 frozen s4.pathway0_res11.branch2.c.weight
272 frozen s4.pathway0_res11.branch2.c_bn.weight
273 frozen s4.pathway0_res11.branch2.c_bn.bias
274 frozen s4.pathway0_res12.branch2.a.weight
275 frozen s4.pathway0_res12.branch2.a_bn.weight
276 frozen s4.pathway0_res12.branch2.a_bn.bias
277 frozen s4.pathway0_res12.branch2.b.weight
278 frozen s4.pathway0_res12.branch2.b_bn.weight
279 frozen s4.pathway0_res12.branch2.b_bn.bias
280 frozen s4.pathway0_res12.branch2.c.weight
281 frozen s4.pathway0_res12.branch2.c_bn.weight
282 frozen s4.pathway0_res12.branch2.c_bn.bias
283 frozen s4.pathway0_res13.branch2.a.weight
284 frozen s4.pathway0_res13.branch2.a_bn.weight
285 frozen s4.pathway0_res13.branch2.a_bn.bias
286 frozen s4.pathway0_res13.branch2.b.weight
287 frozen s4.pathway0_res13.branch2.b_bn.weight
288 frozen s4.pathway0_res13.branch2.b_bn.bias
289 frozen s4.pathway0_res13.branch2.c.weight
290 frozen s4.pathway0_res13.branch2.c_bn.weight
291 frozen s4.pathway0_res13.branch2.c_bn.bias
292 frozen s4.pathway0_nonlocal13.conv_theta.weight
293 frozen s4.pathway0_nonlocal13.conv_theta.bias
294 frozen s4.pathway0_nonlocal13.conv_phi.weight
295 frozen s4.pathway0_nonlocal13.conv_phi.bias
296 frozen s4.pathway0_nonlocal13.conv_g.weight
297 frozen s4.pathway0_nonlocal13.conv_g.bias
298 frozen s4.pathway0_nonlocal13.conv_out.weight
299 frozen s4.pathway0_nonlocal13.conv_out.bias
300 frozen s4.pathway0_nonlocal13.bn.weight
301 frozen s4.pathway0_nonlocal13.bn.bias
302 frozen s4.pathway0_res14.branch2.a.weight
303 frozen s4.pathway0_res14.branch2.a_bn.weight
304 frozen s4.pathway0_res14.branch2.a_bn.bias
305 frozen s4.pathway0_res14.branch2.b.weight
306 frozen s4.pathway0_res14.branch2.b_bn.weight
307 frozen s4.pathway0_res14.branch2.b_bn.bias
308 frozen s4.pathway0_res14.branch2.c.weight
309 frozen s4.pathway0_res14.branch2.c_bn.weight
310 frozen s4.pathway0_res14.branch2.c_bn.bias
311 frozen s4.pathway0_res15.branch2.a.weight
312 frozen s4.pathway0_res15.branch2.a_bn.weight
313 frozen s4.pathway0_res15.branch2.a_bn.bias
314 frozen s4.pathway0_res15.branch2.b.weight
315 frozen s4.pathway0_res15.branch2.b_bn.weight
316 frozen s4.pathway0_res15.branch2.b_bn.bias
317 frozen s4.pathway0_res15.branch2.c.weight
318 frozen s4.pathway0_res15.branch2.c_bn.weight
319 frozen s4.pathway0_res15.branch2.c_bn.bias
320 frozen s4.pathway0_res16.branch2.a.weight
321 frozen s4.pathway0_res16.branch2.a_bn.weight
322 frozen s4.pathway0_res16.branch2.a_bn.bias
323 frozen s4.pathway0_res16.branch2.b.weight
324 frozen s4.pathway0_res16.branch2.b_bn.weight
325 frozen s4.pathway0_res16.branch2.b_bn.bias
326 frozen s4.pathway0_res16.branch2.c.weight
327 frozen s4.pathway0_res16.branch2.c_bn.weight
328 frozen s4.pathway0_res16.branch2.c_bn.bias
329 frozen s4.pathway0_res17.branch2.a.weight
330 frozen s4.pathway0_res17.branch2.a_bn.weight
331 frozen s4.pathway0_res17.branch2.a_bn.bias
332 frozen s4.pathway0_res17.branch2.b.weight
333 frozen s4.pathway0_res17.branch2.b_bn.weight
334 frozen s4.pathway0_res17.branch2.b_bn.bias
335 frozen s4.pathway0_res17.branch2.c.weight
336 frozen s4.pathway0_res17.branch2.c_bn.weight
337 frozen s4.pathway0_res17.branch2.c_bn.bias
338 frozen s4.pathway0_res18.branch2.a.weight
339 frozen s4.pathway0_res18.branch2.a_bn.weight
340 frozen s4.pathway0_res18.branch2.a_bn.bias
341 frozen s4.pathway0_res18.branch2.b.weight
342 frozen s4.pathway0_res18.branch2.b_bn.weight
343 frozen s4.pathway0_res18.branch2.b_bn.bias
344 frozen s4.pathway0_res18.branch2.c.weight
345 frozen s4.pathway0_res18.branch2.c_bn.weight
346 frozen s4.pathway0_res18.branch2.c_bn.bias
347 frozen s4.pathway0_res19.branch2.a.weight
348 frozen s4.pathway0_res19.branch2.a_bn.weight
349 frozen s4.pathway0_res19.branch2.a_bn.bias
350 frozen s4.pathway0_res19.branch2.b.weight
351 frozen s4.pathway0_res19.branch2.b_bn.weight
352 frozen s4.pathway0_res19.branch2.b_bn.bias
353 frozen s4.pathway0_res19.branch2.c.weight
354 frozen s4.pathway0_res19.branch2.c_bn.weight
355 frozen s4.pathway0_res19.branch2.c_bn.bias
356 frozen s4.pathway0_res20.branch2.a.weight
357 frozen s4.pathway0_res20.branch2.a_bn.weight
358 frozen s4.pathway0_res20.branch2.a_bn.bias
359 frozen s4.pathway0_res20.branch2.b.weight
360 frozen s4.pathway0_res20.branch2.b_bn.weight
361 frozen s4.pathway0_res20.branch2.b_bn.bias
362 frozen s4.pathway0_res20.branch2.c.weight
363 frozen s4.pathway0_res20.branch2.c_bn.weight
364 frozen s4.pathway0_res20.branch2.c_bn.bias
365 frozen s4.pathway0_nonlocal20.conv_theta.weight
366 frozen s4.pathway0_nonlocal20.conv_theta.bias
367 frozen s4.pathway0_nonlocal20.conv_phi.weight
368 frozen s4.pathway0_nonlocal20.conv_phi.bias
369 frozen s4.pathway0_nonlocal20.conv_g.weight
370 frozen s4.pathway0_nonlocal20.conv_g.bias
371 frozen s4.pathway0_nonlocal20.conv_out.weight
372 frozen s4.pathway0_nonlocal20.conv_out.bias
373 frozen s4.pathway0_nonlocal20.bn.weight
374 frozen s4.pathway0_nonlocal20.bn.bias
375 frozen s4.pathway0_res21.branch2.a.weight
376 frozen s4.pathway0_res21.branch2.a_bn.weight
377 frozen s4.pathway0_res21.branch2.a_bn.bias
378 frozen s4.pathway0_res21.branch2.b.weight
379 frozen s4.pathway0_res21.branch2.b_bn.weight
380 frozen s4.pathway0_res21.branch2.b_bn.bias
381 frozen s4.pathway0_res21.branch2.c.weight
382 frozen s4.pathway0_res21.branch2.c_bn.weight
383 frozen s4.pathway0_res21.branch2.c_bn.bias
384 frozen s4.pathway0_res22.branch2.a.weight
385 frozen s4.pathway0_res22.branch2.a_bn.weight
386 frozen s4.pathway0_res22.branch2.a_bn.bias
387 frozen s4.pathway0_res22.branch2.b.weight
388 frozen s4.pathway0_res22.branch2.b_bn.weight
389 frozen s4.pathway0_res22.branch2.b_bn.bias
390 frozen s4.pathway0_res22.branch2.c.weight
391 frozen s4.pathway0_res22.branch2.c_bn.weight
392 frozen s4.pathway0_res22.branch2.c_bn.bias
393 frozen s4.pathway1_res0.branch1.weight
394 frozen s4.pathway1_res0.branch1_bn.weight
395 frozen s4.pathway1_res0.branch1_bn.bias
396 frozen s4.pathway1_res0.branch2.a.weight
397 frozen s4.pathway1_res0.branch2.a_bn.weight
398 frozen s4.pathway1_res0.branch2.a_bn.bias
399 frozen s4.pathway1_res0.branch2.b.weight
400 frozen s4.pathway1_res0.branch2.b_bn.weight
401 frozen s4.pathway1_res0.branch2.b_bn.bias
402 frozen s4.pathway1_res0.branch2.c.weight
403 frozen s4.pathway1_res0.branch2.c_bn.weight
404 frozen s4.pathway1_res0.branch2.c_bn.bias
405 frozen s4.pathway1_res1.branch2.a.weight
406 frozen s4.pathway1_res1.branch2.a_bn.weight
407 frozen s4.pathway1_res1.branch2.a_bn.bias
408 frozen s4.pathway1_res1.branch2.b.weight
409 frozen s4.pathway1_res1.branch2.b_bn.weight
410 frozen s4.pathway1_res1.branch2.b_bn.bias
411 frozen s4.pathway1_res1.branch2.c.weight
412 frozen s4.pathway1_res1.branch2.c_bn.weight
413 frozen s4.pathway1_res1.branch2.c_bn.bias
414 frozen s4.pathway1_res2.branch2.a.weight
415 frozen s4.pathway1_res2.branch2.a_bn.weight
416 frozen s4.pathway1_res2.branch2.a_bn.bias
417 frozen s4.pathway1_res2.branch2.b.weight
418 frozen s4.pathway1_res2.branch2.b_bn.weight
419 frozen s4.pathway1_res2.branch2.b_bn.bias
420 frozen s4.pathway1_res2.branch2.c.weight
421 frozen s4.pathway1_res2.branch2.c_bn.weight
422 frozen s4.pathway1_res2.branch2.c_bn.bias
423 frozen s4.pathway1_res3.branch2.a.weight
424 frozen s4.pathway1_res3.branch2.a_bn.weight
425 frozen s4.pathway1_res3.branch2.a_bn.bias
426 frozen s4.pathway1_res3.branch2.b.weight
427 frozen s4.pathway1_res3.branch2.b_bn.weight
428 frozen s4.pathway1_res3.branch2.b_bn.bias
429 frozen s4.pathway1_res3.branch2.c.weight
430 frozen s4.pathway1_res3.branch2.c_bn.weight
431 frozen s4.pathway1_res3.branch2.c_bn.bias
432 frozen s4.pathway1_res4.branch2.a.weight
433 frozen s4.pathway1_res4.branch2.a_bn.weight
434 frozen s4.pathway1_res4.branch2.a_bn.bias
435 frozen s4.pathway1_res4.branch2.b.weight
436 frozen s4.pathway1_res4.branch2.b_bn.weight
437 frozen s4.pathway1_res4.branch2.b_bn.bias
438 frozen s4.pathway1_res4.branch2.c.weight
439 frozen s4.pathway1_res4.branch2.c_bn.weight
440 frozen s4.pathway1_res4.branch2.c_bn.bias
441 frozen s4.pathway1_res5.branch2.a.weight
442 frozen s4.pathway1_res5.branch2.a_bn.weight
443 frozen s4.pathway1_res5.branch2.a_bn.bias
444 frozen s4.pathway1_res5.branch2.b.weight
445 frozen s4.pathway1_res5.branch2.b_bn.weight
446 frozen s4.pathway1_res5.branch2.b_bn.bias
447 frozen s4.pathway1_res5.branch2.c.weight
448 frozen s4.pathway1_res5.branch2.c_bn.weight
449 frozen s4.pathway1_res5.branch2.c_bn.bias
450 frozen s4.pathway1_res6.branch2.a.weight
451 frozen s4.pathway1_res6.branch2.a_bn.weight
452 frozen s4.pathway1_res6.branch2.a_bn.bias
453 frozen s4.pathway1_res6.branch2.b.weight
454 frozen s4.pathway1_res6.branch2.b_bn.weight
455 frozen s4.pathway1_res6.branch2.b_bn.bias
456 frozen s4.pathway1_res6.branch2.c.weight
457 frozen s4.pathway1_res6.branch2.c_bn.weight
458 frozen s4.pathway1_res6.branch2.c_bn.bias
459 frozen s4.pathway1_res7.branch2.a.weight
460 frozen s4.pathway1_res7.branch2.a_bn.weight
461 frozen s4.pathway1_res7.branch2.a_bn.bias
462 frozen s4.pathway1_res7.branch2.b.weight
463 frozen s4.pathway1_res7.branch2.b_bn.weight
464 frozen s4.pathway1_res7.branch2.b_bn.bias
465 frozen s4.pathway1_res7.branch2.c.weight
466 frozen s4.pathway1_res7.branch2.c_bn.weight
467 frozen s4.pathway1_res7.branch2.c_bn.bias
468 frozen s4.pathway1_res8.branch2.a.weight
469 frozen s4.pathway1_res8.branch2.a_bn.weight
470 frozen s4.pathway1_res8.branch2.a_bn.bias
471 frozen s4.pathway1_res8.branch2.b.weight
472 frozen s4.pathway1_res8.branch2.b_bn.weight
473 frozen s4.pathway1_res8.branch2.b_bn.bias
474 frozen s4.pathway1_res8.branch2.c.weight
475 frozen s4.pathway1_res8.branch2.c_bn.weight
476 frozen s4.pathway1_res8.branch2.c_bn.bias
477 frozen s4.pathway1_res9.branch2.a.weight
478 frozen s4.pathway1_res9.branch2.a_bn.weight
479 frozen s4.pathway1_res9.branch2.a_bn.bias
480 frozen s4.pathway1_res9.branch2.b.weight
481 frozen s4.pathway1_res9.branch2.b_bn.weight
482 frozen s4.pathway1_res9.branch2.b_bn.bias
483 frozen s4.pathway1_res9.branch2.c.weight
484 frozen s4.pathway1_res9.branch2.c_bn.weight
485 frozen s4.pathway1_res9.branch2.c_bn.bias
486 frozen s4.pathway1_res10.branch2.a.weight
487 frozen s4.pathway1_res10.branch2.a_bn.weight
488 frozen s4.pathway1_res10.branch2.a_bn.bias
489 frozen s4.pathway1_res10.branch2.b.weight
490 frozen s4.pathway1_res10.branch2.b_bn.weight
491 frozen s4.pathway1_res10.branch2.b_bn.bias
492 frozen s4.pathway1_res10.branch2.c.weight
493 frozen s4.pathway1_res10.branch2.c_bn.weight
494 frozen s4.pathway1_res10.branch2.c_bn.bias
495 frozen s4.pathway1_res11.branch2.a.weight
496 frozen s4.pathway1_res11.branch2.a_bn.weight
497 frozen s4.pathway1_res11.branch2.a_bn.bias
498 frozen s4.pathway1_res11.branch2.b.weight
499 frozen s4.pathway1_res11.branch2.b_bn.weight
500 frozen s4.pathway1_res11.branch2.b_bn.bias
501 frozen s4.pathway1_res11.branch2.c.weight
502 frozen s4.pathway1_res11.branch2.c_bn.weight
503 frozen s4.pathway1_res11.branch2.c_bn.bias
504 frozen s4.pathway1_res12.branch2.a.weight
505 frozen s4.pathway1_res12.branch2.a_bn.weight
506 frozen s4.pathway1_res12.branch2.a_bn.bias
507 frozen s4.pathway1_res12.branch2.b.weight
508 frozen s4.pathway1_res12.branch2.b_bn.weight
509 frozen s4.pathway1_res12.branch2.b_bn.bias
510 frozen s4.pathway1_res12.branch2.c.weight
511 frozen s4.pathway1_res12.branch2.c_bn.weight
512 frozen s4.pathway1_res12.branch2.c_bn.bias
513 frozen s4.pathway1_res13.branch2.a.weight
514 frozen s4.pathway1_res13.branch2.a_bn.weight
515 frozen s4.pathway1_res13.branch2.a_bn.bias
516 frozen s4.pathway1_res13.branch2.b.weight
517 frozen s4.pathway1_res13.branch2.b_bn.weight
518 frozen s4.pathway1_res13.branch2.b_bn.bias
519 frozen s4.pathway1_res13.branch2.c.weight
520 frozen s4.pathway1_res13.branch2.c_bn.weight
521 frozen s4.pathway1_res13.branch2.c_bn.bias
522 frozen s4.pathway1_res14.branch2.a.weight
523 frozen s4.pathway1_res14.branch2.a_bn.weight
524 frozen s4.pathway1_res14.branch2.a_bn.bias
525 frozen s4.pathway1_res14.branch2.b.weight
526 frozen s4.pathway1_res14.branch2.b_bn.weight
527 frozen s4.pathway1_res14.branch2.b_bn.bias
528 frozen s4.pathway1_res14.branch2.c.weight
529 frozen s4.pathway1_res14.branch2.c_bn.weight
530 frozen s4.pathway1_res14.branch2.c_bn.bias
531 frozen s4.pathway1_res15.branch2.a.weight
532 frozen s4.pathway1_res15.branch2.a_bn.weight
533 frozen s4.pathway1_res15.branch2.a_bn.bias
534 frozen s4.pathway1_res15.branch2.b.weight
535 frozen s4.pathway1_res15.branch2.b_bn.weight
536 frozen s4.pathway1_res15.branch2.b_bn.bias
537 frozen s4.pathway1_res15.branch2.c.weight
538 frozen s4.pathway1_res15.branch2.c_bn.weight
539 frozen s4.pathway1_res15.branch2.c_bn.bias
540 frozen s4.pathway1_res16.branch2.a.weight
541 frozen s4.pathway1_res16.branch2.a_bn.weight
542 frozen s4.pathway1_res16.branch2.a_bn.bias
543 frozen s4.pathway1_res16.branch2.b.weight
544 frozen s4.pathway1_res16.branch2.b_bn.weight
545 frozen s4.pathway1_res16.branch2.b_bn.bias
546 frozen s4.pathway1_res16.branch2.c.weight
547 frozen s4.pathway1_res16.branch2.c_bn.weight
548 frozen s4.pathway1_res16.branch2.c_bn.bias
549 frozen s4.pathway1_res17.branch2.a.weight
550 frozen s4.pathway1_res17.branch2.a_bn.weight
551 frozen s4.pathway1_res17.branch2.a_bn.bias
552 frozen s4.pathway1_res17.branch2.b.weight
553 frozen s4.pathway1_res17.branch2.b_bn.weight
554 frozen s4.pathway1_res17.branch2.b_bn.bias
555 frozen s4.pathway1_res17.branch2.c.weight
556 frozen s4.pathway1_res17.branch2.c_bn.weight
557 frozen s4.pathway1_res17.branch2.c_bn.bias
558 frozen s4.pathway1_res18.branch2.a.weight
559 frozen s4.pathway1_res18.branch2.a_bn.weight
560 frozen s4.pathway1_res18.branch2.a_bn.bias
561 frozen s4.pathway1_res18.branch2.b.weight
562 frozen s4.pathway1_res18.branch2.b_bn.weight
563 frozen s4.pathway1_res18.branch2.b_bn.bias
564 frozen s4.pathway1_res18.branch2.c.weight
565 frozen s4.pathway1_res18.branch2.c_bn.weight
566 frozen s4.pathway1_res18.branch2.c_bn.bias
567 frozen s4.pathway1_res19.branch2.a.weight
568 frozen s4.pathway1_res19.branch2.a_bn.weight
569 frozen s4.pathway1_res19.branch2.a_bn.bias
570 frozen s4.pathway1_res19.branch2.b.weight
571 frozen s4.pathway1_res19.branch2.b_bn.weight
572 frozen s4.pathway1_res19.branch2.b_bn.bias
573 frozen s4.pathway1_res19.branch2.c.weight
574 frozen s4.pathway1_res19.branch2.c_bn.weight
575 frozen s4.pathway1_res19.branch2.c_bn.bias
576 frozen s4.pathway1_res20.branch2.a.weight
577 frozen s4.pathway1_res20.branch2.a_bn.weight
578 frozen s4.pathway1_res20.branch2.a_bn.bias
579 frozen s4.pathway1_res20.branch2.b.weight
580 frozen s4.pathway1_res20.branch2.b_bn.weight
581 frozen s4.pathway1_res20.branch2.b_bn.bias
582 frozen s4.pathway1_res20.branch2.c.weight
583 frozen s4.pathway1_res20.branch2.c_bn.weight
584 frozen s4.pathway1_res20.branch2.c_bn.bias
585 frozen s4.pathway1_res21.branch2.a.weight
586 frozen s4.pathway1_res21.branch2.a_bn.weight
587 frozen s4.pathway1_res21.branch2.a_bn.bias
588 frozen s4.pathway1_res21.branch2.b.weight
589 frozen s4.pathway1_res21.branch2.b_bn.weight
590 frozen s4.pathway1_res21.branch2.b_bn.bias
591 frozen s4.pathway1_res21.branch2.c.weight
592 frozen s4.pathway1_res21.branch2.c_bn.weight
593 frozen s4.pathway1_res21.branch2.c_bn.bias
594 frozen s4.pathway1_res22.branch2.a.weight
595 frozen s4.pathway1_res22.branch2.a_bn.weight
596 frozen s4.pathway1_res22.branch2.a_bn.bias
597 frozen s4.pathway1_res22.branch2.b.weight
598 frozen s4.pathway1_res22.branch2.b_bn.weight
599 frozen s4.pathway1_res22.branch2.b_bn.bias
600 frozen s4.pathway1_res22.branch2.c.weight
601 frozen s4.pathway1_res22.branch2.c_bn.weight
602 frozen s4.pathway1_res22.branch2.c_bn.bias
603 frozen s4_fuse.conv_f2s.weight
604 frozen s4_fuse.bn.weight
605 frozen s4_fuse.bn.bias
606 unfrozen s5.pathway0_res0.branch1.weight
607 unfrozen s5.pathway0_res0.branch1_bn.weight
608 unfrozen s5.pathway0_res0.branch1_bn.bias
609 unfrozen s5.pathway0_res0.branch2.a.weight
610 unfrozen s5.pathway0_res0.branch2.a_bn.weight
611 unfrozen s5.pathway0_res0.branch2.a_bn.bias
612 unfrozen s5.pathway0_res0.branch2.b.weight
613 unfrozen s5.pathway0_res0.branch2.b_bn.weight
614 unfrozen s5.pathway0_res0.branch2.b_bn.bias
615 unfrozen s5.pathway0_res0.branch2.c.weight
616 unfrozen s5.pathway0_res0.branch2.c_bn.weight
617 unfrozen s5.pathway0_res0.branch2.c_bn.bias
618 unfrozen s5.pathway0_res1.branch2.a.weight
619 unfrozen s5.pathway0_res1.branch2.a_bn.weight
620 unfrozen s5.pathway0_res1.branch2.a_bn.bias
621 unfrozen s5.pathway0_res1.branch2.b.weight
622 unfrozen s5.pathway0_res1.branch2.b_bn.weight
623 unfrozen s5.pathway0_res1.branch2.b_bn.bias
624 unfrozen s5.pathway0_res1.branch2.c.weight
625 unfrozen s5.pathway0_res1.branch2.c_bn.weight
626 unfrozen s5.pathway0_res1.branch2.c_bn.bias
627 unfrozen s5.pathway0_res2.branch2.a.weight
628 unfrozen s5.pathway0_res2.branch2.a_bn.weight
629 unfrozen s5.pathway0_res2.branch2.a_bn.bias
630 unfrozen s5.pathway0_res2.branch2.b.weight
631 unfrozen s5.pathway0_res2.branch2.b_bn.weight
632 unfrozen s5.pathway0_res2.branch2.b_bn.bias
633 unfrozen s5.pathway0_res2.branch2.c.weight
634 unfrozen s5.pathway0_res2.branch2.c_bn.weight
635 unfrozen s5.pathway0_res2.branch2.c_bn.bias
636 unfrozen s5.pathway1_res0.branch1.weight
637 unfrozen s5.pathway1_res0.branch1_bn.weight
638 unfrozen s5.pathway1_res0.branch1_bn.bias
639 unfrozen s5.pathway1_res0.branch2.a.weight
640 unfrozen s5.pathway1_res0.branch2.a_bn.weight
641 unfrozen s5.pathway1_res0.branch2.a_bn.bias
642 unfrozen s5.pathway1_res0.branch2.b.weight
643 unfrozen s5.pathway1_res0.branch2.b_bn.weight
644 unfrozen s5.pathway1_res0.branch2.b_bn.bias
645 unfrozen s5.pathway1_res0.branch2.c.weight
646 unfrozen s5.pathway1_res0.branch2.c_bn.weight
647 unfrozen s5.pathway1_res0.branch2.c_bn.bias
648 unfrozen s5.pathway1_res1.branch2.a.weight
649 unfrozen s5.pathway1_res1.branch2.a_bn.weight
650 unfrozen s5.pathway1_res1.branch2.a_bn.bias
651 unfrozen s5.pathway1_res1.branch2.b.weight
652 unfrozen s5.pathway1_res1.branch2.b_bn.weight
653 unfrozen s5.pathway1_res1.branch2.b_bn.bias
654 unfrozen s5.pathway1_res1.branch2.c.weight
655 unfrozen s5.pathway1_res1.branch2.c_bn.weight
656 unfrozen s5.pathway1_res1.branch2.c_bn.bias
657 unfrozen s5.pathway1_res2.branch2.a.weight
658 unfrozen s5.pathway1_res2.branch2.a_bn.weight
659 unfrozen s5.pathway1_res2.branch2.a_bn.bias
660 unfrozen s5.pathway1_res2.branch2.b.weight
661 unfrozen s5.pathway1_res2.branch2.b_bn.weight
662 unfrozen s5.pathway1_res2.branch2.b_bn.bias
663 unfrozen s5.pathway1_res2.branch2.c.weight
664 unfrozen s5.pathway1_res2.branch2.c_bn.weight
665 unfrozen s5.pathway1_res2.branch2.c_bn.bias
666 unfrozen head.projection.weight
667 unfrozen head.projection.bias
[11/24 23:42:10][INFO] checkpoint.py: 507: Load from given checkpoint file.
[11/24 23:42:10][INFO] checkpoint.py: 214: Loading network weights from /srv/beegfs02/scratch/da_action/data/models_pretrained/SLOWFAST_32x2_R101_50_50.pkl.
[11/24 23:42:14][INFO] checkpoint.py: 340: Network weights head.projection.weight not loaded.
[11/24 23:42:14][INFO] checkpoint.py: 340: Network weights head.projection.bias not loaded.
[11/24 23:42:18][INFO] ava_helper.py:  65: Finished loading image paths from: /srv/beegfs02/scratch/da_action/data/ava/frame_lists_10_500_100/train.csv
[11/24 23:42:18][INFO] ava_helper.py: 111: Finished loading annotations from: /srv/beegfs02/scratch/da_action/data/ava/annotations_10_500_100/ava_train_v2.2.csv
[11/24 23:42:18][INFO] ava_helper.py: 113: Detection threshold: 0.8
[11/24 23:42:18][INFO] ava_helper.py: 114: Number of unique boxes: 3847
[11/24 23:42:18][INFO] ava_helper.py: 115: Number of annotations: 5000
[11/24 23:42:18][INFO] ava_helper.py: 162: 2972 keyframes used.
[11/24 23:42:18][INFO] ava_dataset.py:  90: === AVA dataset summary ===
[11/24 23:42:18][INFO] ava_dataset.py:  91: Split: train
[11/24 23:42:18][INFO] ava_dataset.py:  92: Number of videos: 27
[11/24 23:42:18][INFO] ava_dataset.py:  96: Number of frames: 729814
[11/24 23:42:18][INFO] ava_dataset.py:  97: Number of key frames: 2972
[11/24 23:42:18][INFO] ava_dataset.py:  98: Number of boxes: 3847.
[11/24 23:42:19][INFO] ava_helper.py:  65: Finished loading image paths from: /srv/beegfs02/scratch/da_action/data/ava/frame_lists_10_500_100/val.csv
[11/24 23:42:19][INFO] ava_helper.py: 111: Finished loading annotations from: /srv/beegfs02/scratch/da_action/data/ava/annotations_10_500_100/ava_val_predicted_boxes.csv
[11/24 23:42:19][INFO] ava_helper.py: 113: Detection threshold: 0.8
[11/24 23:42:19][INFO] ava_helper.py: 114: Number of unique boxes: 1218
[11/24 23:42:19][INFO] ava_helper.py: 115: Number of annotations: 0
[11/24 23:42:19][INFO] ava_helper.py: 162: 694 keyframes used.
[11/24 23:42:19][INFO] ava_dataset.py:  90: === AVA dataset summary ===
[11/24 23:42:19][INFO] ava_dataset.py:  91: Split: val
[11/24 23:42:19][INFO] ava_dataset.py:  92: Number of videos: 6
[11/24 23:42:19][INFO] ava_dataset.py:  96: Number of frames: 162182
[11/24 23:42:19][INFO] ava_dataset.py:  97: Number of key frames: 694
[11/24 23:42:19][INFO] ava_dataset.py:  98: Number of boxes: 1218.
[11/24 23:42:22][INFO] ava_helper.py:  65: Finished loading image paths from: /srv/beegfs02/scratch/da_action/data/ava/frame_lists_10_500_100/train.csv
[11/24 23:42:22][INFO] ava_helper.py:  65: Finished loading image paths from: /srv/beegfs02/scratch/da_action/data/ava/frame_lists_10_500_100/val.csv
[11/24 23:42:22][INFO] tensorboard_vis.py:  57: To see logged results in Tensorboard, please launch using the command             `tensorboard  --port=<port-number> --logdir /srv/beegfs02/scratch/da_action/data/output/ex_10_500_100_v1/tensorboard`
[11/24 23:42:22][INFO] train_net.py: 464: Start epoch: 2
[11/25 00:25:52][INFO] ava_eval_helper.py: 164: Evaluating with 700 unique GT frames.
[11/25 00:25:52][INFO] ava_eval_helper.py: 166: Evaluating with 694 unique detection frames
[11/25 00:25:52][INFO] ava_eval_helper.py: 314: AVA results wrote to detections_latest.csv
[11/25 00:25:52][INFO] ava_eval_helper.py: 315: 	took 0 seconds.
[11/25 00:25:52][INFO] ava_eval_helper.py: 314: AVA results wrote to groundtruth_latest.csv
[11/25 00:25:52][INFO] ava_eval_helper.py: 315: 	took 0 seconds.
{ 'PascalBoxes_PerformanceByCategory/AP@0.5IOU/bend/bow (at the waist)': 0.261382042908095,
  'PascalBoxes_PerformanceByCategory/AP@0.5IOU/carry/hold (an object)': 0.09474206820487367,
  'PascalBoxes_PerformanceByCategory/AP@0.5IOU/lie/sleep': 0.5205345574667297,
  'PascalBoxes_PerformanceByCategory/AP@0.5IOU/listen to (a person)': 0.23077110455954492,
  'PascalBoxes_PerformanceByCategory/AP@0.5IOU/ride (e.g., a bike, a car, a horse)': 0.4825389909777279,
  'PascalBoxes_PerformanceByCategory/AP@0.5IOU/sit': 0.29872707787442926,
  'PascalBoxes_PerformanceByCategory/AP@0.5IOU/talk to (e.g., self, a person, a group)': 0.6950207611329022,
  'PascalBoxes_PerformanceByCategory/AP@0.5IOU/touch (an object)': 0.2502414785720546,
  'PascalBoxes_PerformanceByCategory/AP@0.5IOU/walk': 0.4776336495562183,
  'PascalBoxes_PerformanceByCategory/AP@0.5IOU/watch (a person)': 0.14388810432157387,
  'PascalBoxes_Precision/mAP@0.5IOU': 0.34554798355741495}
[11/25 00:25:53][INFO] ava_eval_helper.py: 174: AVA eval done in 1.348614 seconds.
[11/25 00:25:53][INFO] logging.py:  97: json_stats: {
  "RAM": "17.03/251.80G",
  "_type": "val_epoch",
  "cur_epoch": "2",
  "gpu_mem": "1.28G",
  "map": 0.34555,
  "mode": "val"
}
[11/25 01:07:07][INFO] ava_eval_helper.py: 164: Evaluating with 700 unique GT frames.
[11/25 01:07:07][INFO] ava_eval_helper.py: 166: Evaluating with 694 unique detection frames
[11/25 01:07:07][INFO] ava_eval_helper.py: 314: AVA results wrote to detections_latest.csv
[11/25 01:07:07][INFO] ava_eval_helper.py: 315: 	took 0 seconds.
[11/25 01:07:07][INFO] ava_eval_helper.py: 314: AVA results wrote to groundtruth_latest.csv
[11/25 01:07:07][INFO] ava_eval_helper.py: 315: 	took 0 seconds.
{ 'PascalBoxes_PerformanceByCategory/AP@0.5IOU/bend/bow (at the waist)': 0.2704417091962348,
  'PascalBoxes_PerformanceByCategory/AP@0.5IOU/carry/hold (an object)': 0.12269447730474495,
  'PascalBoxes_PerformanceByCategory/AP@0.5IOU/lie/sleep': 0.5554821076232604,
  'PascalBoxes_PerformanceByCategory/AP@0.5IOU/listen to (a person)': 0.34524437975615635,
  'PascalBoxes_PerformanceByCategory/AP@0.5IOU/ride (e.g., a bike, a car, a horse)': 0.5341397352963878,
  'PascalBoxes_PerformanceByCategory/AP@0.5IOU/sit': 0.4256353595906583,
  'PascalBoxes_PerformanceByCategory/AP@0.5IOU/talk to (e.g., self, a person, a group)': 0.6379855228800884,
  'PascalBoxes_PerformanceByCategory/AP@0.5IOU/touch (an object)': 0.3048128878929501,
  'PascalBoxes_PerformanceByCategory/AP@0.5IOU/walk': 0.6498733865202874,
  'PascalBoxes_PerformanceByCategory/AP@0.5IOU/watch (a person)': 0.17546436710249413,
  'PascalBoxes_Precision/mAP@0.5IOU': 0.4021773933163263}
[11/25 01:07:08][INFO] ava_eval_helper.py: 174: AVA eval done in 1.437217 seconds.
[11/25 01:07:08][INFO] logging.py:  97: json_stats: {
  "RAM": "17.32/251.80G",
  "_type": "val_epoch",
  "cur_epoch": "3",
  "gpu_mem": "1.28G",
  "map": 0.40218,
  "mode": "val"
}
[11/25 01:47:15][INFO] ava_eval_helper.py: 164: Evaluating with 700 unique GT frames.
[11/25 01:47:15][INFO] ava_eval_helper.py: 166: Evaluating with 694 unique detection frames
[11/25 01:47:15][INFO] ava_eval_helper.py: 314: AVA results wrote to detections_latest.csv
[11/25 01:47:15][INFO] ava_eval_helper.py: 315: 	took 0 seconds.
[11/25 01:47:15][INFO] ava_eval_helper.py: 314: AVA results wrote to groundtruth_latest.csv
[11/25 01:47:15][INFO] ava_eval_helper.py: 315: 	took 0 seconds.
{ 'PascalBoxes_PerformanceByCategory/AP@0.5IOU/bend/bow (at the waist)': 0.2746313535813601,
  'PascalBoxes_PerformanceByCategory/AP@0.5IOU/carry/hold (an object)': 0.18400500922389237,
  'PascalBoxes_PerformanceByCategory/AP@0.5IOU/lie/sleep': 0.5671671820969268,
  'PascalBoxes_PerformanceByCategory/AP@0.5IOU/listen to (a person)': 0.4737484666231233,
  'PascalBoxes_PerformanceByCategory/AP@0.5IOU/ride (e.g., a bike, a car, a horse)': 0.5520997592169812,
  'PascalBoxes_PerformanceByCategory/AP@0.5IOU/sit': 0.5286988115686466,
  'PascalBoxes_PerformanceByCategory/AP@0.5IOU/talk to (e.g., self, a person, a group)': 0.6950701595251763,
  'PascalBoxes_PerformanceByCategory/AP@0.5IOU/touch (an object)': 0.36519226470212124,
  'PascalBoxes_PerformanceByCategory/AP@0.5IOU/walk': 0.4635513784009239,
  'PascalBoxes_PerformanceByCategory/AP@0.5IOU/watch (a person)': 0.2115473918391704,
  'PascalBoxes_Precision/mAP@0.5IOU': 0.4315711776778322}
[11/25 01:47:16][INFO] ava_eval_helper.py: 174: AVA eval done in 1.471572 seconds.
[11/25 01:47:16][INFO] logging.py:  97: json_stats: {
  "RAM": "12.21/251.80G",
  "_type": "val_epoch",
  "cur_epoch": "4",
  "gpu_mem": "1.28G",
  "map": 0.43157,
  "mode": "val"
}
[11/25 02:27:31][INFO] ava_eval_helper.py: 164: Evaluating with 700 unique GT frames.
[11/25 02:27:31][INFO] ava_eval_helper.py: 166: Evaluating with 694 unique detection frames
[11/25 02:27:31][INFO] ava_eval_helper.py: 314: AVA results wrote to detections_latest.csv
[11/25 02:27:31][INFO] ava_eval_helper.py: 315: 	took 0 seconds.
[11/25 02:27:31][INFO] ava_eval_helper.py: 314: AVA results wrote to groundtruth_latest.csv
[11/25 02:27:31][INFO] ava_eval_helper.py: 315: 	took 0 seconds.
{ 'PascalBoxes_PerformanceByCategory/AP@0.5IOU/bend/bow (at the waist)': 0.26842347726597215,
  'PascalBoxes_PerformanceByCategory/AP@0.5IOU/carry/hold (an object)': 0.191916250954988,
  'PascalBoxes_PerformanceByCategory/AP@0.5IOU/lie/sleep': 0.5061971714385127,
  'PascalBoxes_PerformanceByCategory/AP@0.5IOU/listen to (a person)': 0.4967767752174126,
  'PascalBoxes_PerformanceByCategory/AP@0.5IOU/ride (e.g., a bike, a car, a horse)': 0.5208433053020513,
  'PascalBoxes_PerformanceByCategory/AP@0.5IOU/sit': 0.42450018459865857,
  'PascalBoxes_PerformanceByCategory/AP@0.5IOU/talk to (e.g., self, a person, a group)': 0.8401384906455409,
  'PascalBoxes_PerformanceByCategory/AP@0.5IOU/touch (an object)': 0.24338419335490585,
  'PascalBoxes_PerformanceByCategory/AP@0.5IOU/walk': 0.5295879922298596,
  'PascalBoxes_PerformanceByCategory/AP@0.5IOU/watch (a person)': 0.19543316643698916,
  'PascalBoxes_Precision/mAP@0.5IOU': 0.4217201007444891}
[11/25 02:27:32][INFO] ava_eval_helper.py: 174: AVA eval done in 1.474257 seconds.
[11/25 02:27:32][INFO] logging.py:  97: json_stats: {
  "RAM": "12.00/251.80G",
  "_type": "val_epoch",
  "cur_epoch": "5",
  "gpu_mem": "1.28G",
  "map": 0.42172,
  "mode": "val"
}
[11/25 03:08:19][INFO] ava_eval_helper.py: 164: Evaluating with 700 unique GT frames.
[11/25 03:08:19][INFO] ava_eval_helper.py: 166: Evaluating with 694 unique detection frames
[11/25 03:08:19][INFO] ava_eval_helper.py: 314: AVA results wrote to detections_latest.csv
[11/25 03:08:19][INFO] ava_eval_helper.py: 315: 	took 0 seconds.
[11/25 03:08:19][INFO] ava_eval_helper.py: 314: AVA results wrote to groundtruth_latest.csv
[11/25 03:08:19][INFO] ava_eval_helper.py: 315: 	took 0 seconds.
{ 'PascalBoxes_PerformanceByCategory/AP@0.5IOU/bend/bow (at the waist)': 0.2376576362784033,
  'PascalBoxes_PerformanceByCategory/AP@0.5IOU/carry/hold (an object)': 0.1670736649482809,
  'PascalBoxes_PerformanceByCategory/AP@0.5IOU/lie/sleep': 0.5198234429782953,
  'PascalBoxes_PerformanceByCategory/AP@0.5IOU/listen to (a person)': 0.4352895514184358,
  'PascalBoxes_PerformanceByCategory/AP@0.5IOU/ride (e.g., a bike, a car, a horse)': 0.5307424777149758,
  'PascalBoxes_PerformanceByCategory/AP@0.5IOU/sit': 0.43187621666383824,
  'PascalBoxes_PerformanceByCategory/AP@0.5IOU/talk to (e.g., self, a person, a group)': 0.7861016639894469,
  'PascalBoxes_PerformanceByCategory/AP@0.5IOU/touch (an object)': 0.2590802736692808,
  'PascalBoxes_PerformanceByCategory/AP@0.5IOU/walk': 0.4452792891116029,
  'PascalBoxes_PerformanceByCategory/AP@0.5IOU/watch (a person)': 0.27413646822908183,
  'PascalBoxes_Precision/mAP@0.5IOU': 0.4087060685001642}
[11/25 03:08:20][INFO] ava_eval_helper.py: 174: AVA eval done in 1.383403 seconds.
[11/25 03:08:20][INFO] logging.py:  97: json_stats: {
  "RAM": "12.00/251.80G",
  "_type": "val_epoch",
  "cur_epoch": "6",
  "gpu_mem": "1.28G",
  "map": 0.40871,
  "mode": "val"
}
[11/25 03:49:25][INFO] ava_eval_helper.py: 164: Evaluating with 700 unique GT frames.
[11/25 03:49:25][INFO] ava_eval_helper.py: 166: Evaluating with 694 unique detection frames
[11/25 03:49:25][INFO] ava_eval_helper.py: 314: AVA results wrote to detections_latest.csv
[11/25 03:49:25][INFO] ava_eval_helper.py: 315: 	took 0 seconds.
[11/25 03:49:25][INFO] ava_eval_helper.py: 314: AVA results wrote to groundtruth_latest.csv
[11/25 03:49:25][INFO] ava_eval_helper.py: 315: 	took 0 seconds.
{ 'PascalBoxes_PerformanceByCategory/AP@0.5IOU/bend/bow (at the waist)': 0.22821027844582628,
  'PascalBoxes_PerformanceByCategory/AP@0.5IOU/carry/hold (an object)': 0.12193860157678377,
  'PascalBoxes_PerformanceByCategory/AP@0.5IOU/lie/sleep': 0.5482175510216283,
  'PascalBoxes_PerformanceByCategory/AP@0.5IOU/listen to (a person)': 0.47399638703157765,
  'PascalBoxes_PerformanceByCategory/AP@0.5IOU/ride (e.g., a bike, a car, a horse)': 0.6091639526117549,
  'PascalBoxes_PerformanceByCategory/AP@0.5IOU/sit': 0.4876472081379991,
  'PascalBoxes_PerformanceByCategory/AP@0.5IOU/talk to (e.g., self, a person, a group)': 0.6421062668087467,
  'PascalBoxes_PerformanceByCategory/AP@0.5IOU/touch (an object)': 0.2783345438317151,
  'PascalBoxes_PerformanceByCategory/AP@0.5IOU/walk': 0.4621287056937444,
  'PascalBoxes_PerformanceByCategory/AP@0.5IOU/watch (a person)': 0.24613996563794832,
  'PascalBoxes_Precision/mAP@0.5IOU': 0.4097883460797725}
[11/25 03:49:26][INFO] ava_eval_helper.py: 174: AVA eval done in 1.469036 seconds.
[11/25 03:49:26][INFO] logging.py:  97: json_stats: {
  "RAM": "12.59/251.80G",
  "_type": "val_epoch",
  "cur_epoch": "7",
  "gpu_mem": "1.28G",
  "map": 0.40979,
  "mode": "val"
}
[11/25 04:31:33][INFO] ava_eval_helper.py: 164: Evaluating with 700 unique GT frames.
[11/25 04:31:33][INFO] ava_eval_helper.py: 166: Evaluating with 694 unique detection frames
[11/25 04:31:33][INFO] ava_eval_helper.py: 314: AVA results wrote to detections_latest.csv
[11/25 04:31:33][INFO] ava_eval_helper.py: 315: 	took 0 seconds.
[11/25 04:31:33][INFO] ava_eval_helper.py: 314: AVA results wrote to groundtruth_latest.csv
[11/25 04:31:33][INFO] ava_eval_helper.py: 315: 	took 0 seconds.
{ 'PascalBoxes_PerformanceByCategory/AP@0.5IOU/bend/bow (at the waist)': 0.27885598145192125,
  'PascalBoxes_PerformanceByCategory/AP@0.5IOU/carry/hold (an object)': 0.10589383801591674,
  'PascalBoxes_PerformanceByCategory/AP@0.5IOU/lie/sleep': 0.4982562438962741,
  'PascalBoxes_PerformanceByCategory/AP@0.5IOU/listen to (a person)': 0.42419198570560057,
  'PascalBoxes_PerformanceByCategory/AP@0.5IOU/ride (e.g., a bike, a car, a horse)': 0.5542089617338156,
  'PascalBoxes_PerformanceByCategory/AP@0.5IOU/sit': 0.4108990456394282,
  'PascalBoxes_PerformanceByCategory/AP@0.5IOU/talk to (e.g., self, a person, a group)': 0.741047403854902,
  'PascalBoxes_PerformanceByCategory/AP@0.5IOU/touch (an object)': 0.2820123832376353,
  'PascalBoxes_PerformanceByCategory/AP@0.5IOU/walk': 0.4507500901637548,
  'PascalBoxes_PerformanceByCategory/AP@0.5IOU/watch (a person)': 0.18032877909399767,
  'PascalBoxes_Precision/mAP@0.5IOU': 0.3926444712793246}
[11/25 04:31:34][INFO] ava_eval_helper.py: 174: AVA eval done in 1.384030 seconds.
[11/25 04:31:34][INFO] logging.py:  97: json_stats: {
  "RAM": "12.28/251.80G",
  "_type": "val_epoch",
  "cur_epoch": "8",
  "gpu_mem": "1.28G",
  "map": 0.39264,
  "mode": "val"
}
[11/25 05:12:33][INFO] ava_eval_helper.py: 164: Evaluating with 700 unique GT frames.
[11/25 05:12:33][INFO] ava_eval_helper.py: 166: Evaluating with 694 unique detection frames
[11/25 05:12:33][INFO] ava_eval_helper.py: 314: AVA results wrote to detections_latest.csv
[11/25 05:12:33][INFO] ava_eval_helper.py: 315: 	took 0 seconds.
[11/25 05:12:33][INFO] ava_eval_helper.py: 314: AVA results wrote to groundtruth_latest.csv
[11/25 05:12:33][INFO] ava_eval_helper.py: 315: 	took 0 seconds.
{ 'PascalBoxes_PerformanceByCategory/AP@0.5IOU/bend/bow (at the waist)': 0.2604474201179428,
  'PascalBoxes_PerformanceByCategory/AP@0.5IOU/carry/hold (an object)': 0.17001577288670736,
  'PascalBoxes_PerformanceByCategory/AP@0.5IOU/lie/sleep': 0.5209944447427587,
  'PascalBoxes_PerformanceByCategory/AP@0.5IOU/listen to (a person)': 0.47572161742260055,
  'PascalBoxes_PerformanceByCategory/AP@0.5IOU/ride (e.g., a bike, a car, a horse)': 0.5155764750004569,
  'PascalBoxes_PerformanceByCategory/AP@0.5IOU/sit': 0.5108666583185177,
  'PascalBoxes_PerformanceByCategory/AP@0.5IOU/talk to (e.g., self, a person, a group)': 0.7096592282930495,
  'PascalBoxes_PerformanceByCategory/AP@0.5IOU/touch (an object)': 0.2555755134990718,
  'PascalBoxes_PerformanceByCategory/AP@0.5IOU/walk': 0.3669503884641808,
  'PascalBoxes_PerformanceByCategory/AP@0.5IOU/watch (a person)': 0.12940589130944016,
  'PascalBoxes_Precision/mAP@0.5IOU': 0.39152134100547265}
[11/25 05:12:34][INFO] ava_eval_helper.py: 174: AVA eval done in 1.447852 seconds.
[11/25 05:12:34][INFO] logging.py:  97: json_stats: {
  "RAM": "12.13/251.80G",
  "_type": "val_epoch",
  "cur_epoch": "9",
  "gpu_mem": "1.28G",
  "map": 0.39152,
  "mode": "val"
}
[11/25 05:54:10][INFO] ava_eval_helper.py: 164: Evaluating with 700 unique GT frames.
[11/25 05:54:10][INFO] ava_eval_helper.py: 166: Evaluating with 694 unique detection frames
[11/25 05:54:10][INFO] ava_eval_helper.py: 314: AVA results wrote to detections_latest.csv
[11/25 05:54:10][INFO] ava_eval_helper.py: 315: 	took 0 seconds.
[11/25 05:54:10][INFO] ava_eval_helper.py: 314: AVA results wrote to groundtruth_latest.csv
[11/25 05:54:10][INFO] ava_eval_helper.py: 315: 	took 0 seconds.
{ 'PascalBoxes_PerformanceByCategory/AP@0.5IOU/bend/bow (at the waist)': 0.2735696820410729,
  'PascalBoxes_PerformanceByCategory/AP@0.5IOU/carry/hold (an object)': 0.1436277260916587,
  'PascalBoxes_PerformanceByCategory/AP@0.5IOU/lie/sleep': 0.5422030515228201,
  'PascalBoxes_PerformanceByCategory/AP@0.5IOU/listen to (a person)': 0.49482321973078097,
  'PascalBoxes_PerformanceByCategory/AP@0.5IOU/ride (e.g., a bike, a car, a horse)': 0.5833856354430995,
  'PascalBoxes_PerformanceByCategory/AP@0.5IOU/sit': 0.4424590296857839,
  'PascalBoxes_PerformanceByCategory/AP@0.5IOU/talk to (e.g., self, a person, a group)': 0.6400048834512088,
  'PascalBoxes_PerformanceByCategory/AP@0.5IOU/touch (an object)': 0.22625606157755254,
  'PascalBoxes_PerformanceByCategory/AP@0.5IOU/walk': 0.3997777896100538,
  'PascalBoxes_PerformanceByCategory/AP@0.5IOU/watch (a person)': 0.17535434570704464,
  'PascalBoxes_Precision/mAP@0.5IOU': 0.3921461424861076}
[11/25 05:54:11][INFO] ava_eval_helper.py: 174: AVA eval done in 1.365031 seconds.
[11/25 05:54:11][INFO] logging.py:  97: json_stats: {
  "RAM": "12.20/251.80G",
  "_type": "val_epoch",
  "cur_epoch": "10",
  "gpu_mem": "1.28G",
  "map": 0.39215,
  "mode": "val"
}
[11/25 06:37:59][INFO] ava_eval_helper.py: 164: Evaluating with 700 unique GT frames.
[11/25 06:37:59][INFO] ava_eval_helper.py: 166: Evaluating with 694 unique detection frames
[11/25 06:37:59][INFO] ava_eval_helper.py: 314: AVA results wrote to detections_latest.csv
[11/25 06:37:59][INFO] ava_eval_helper.py: 315: 	took 0 seconds.
[11/25 06:37:59][INFO] ava_eval_helper.py: 314: AVA results wrote to groundtruth_latest.csv
[11/25 06:37:59][INFO] ava_eval_helper.py: 315: 	took 0 seconds.
{ 'PascalBoxes_PerformanceByCategory/AP@0.5IOU/bend/bow (at the waist)': 0.23417181702209303,
  'PascalBoxes_PerformanceByCategory/AP@0.5IOU/carry/hold (an object)': 0.13275012492812718,
  'PascalBoxes_PerformanceByCategory/AP@0.5IOU/lie/sleep': 0.501530254794093,
  'PascalBoxes_PerformanceByCategory/AP@0.5IOU/listen to (a person)': 0.4634674733762016,
  'PascalBoxes_PerformanceByCategory/AP@0.5IOU/ride (e.g., a bike, a car, a horse)': 0.5259276947930277,
  'PascalBoxes_PerformanceByCategory/AP@0.5IOU/sit': 0.41229781832310713,
  'PascalBoxes_PerformanceByCategory/AP@0.5IOU/talk to (e.g., self, a person, a group)': 0.7048474685756719,
  'PascalBoxes_PerformanceByCategory/AP@0.5IOU/touch (an object)': 0.2277033972594894,
  'PascalBoxes_PerformanceByCategory/AP@0.5IOU/walk': 0.4336254898738405,
  'PascalBoxes_PerformanceByCategory/AP@0.5IOU/watch (a person)': 0.1507567201976618,
  'PascalBoxes_Precision/mAP@0.5IOU': 0.37870782591433133}
[11/25 06:38:01][INFO] ava_eval_helper.py: 174: AVA eval done in 1.345943 seconds.
[11/25 06:38:01][INFO] logging.py:  97: json_stats: {
  "RAM": "12.14/251.80G",
  "_type": "val_epoch",
  "cur_epoch": "11",
  "gpu_mem": "1.28G",
  "map": 0.37871,
  "mode": "val"
}
[11/25 07:22:27][INFO] ava_eval_helper.py: 164: Evaluating with 700 unique GT frames.
[11/25 07:22:27][INFO] ava_eval_helper.py: 166: Evaluating with 694 unique detection frames
[11/25 07:22:27][INFO] ava_eval_helper.py: 314: AVA results wrote to detections_latest.csv
[11/25 07:22:27][INFO] ava_eval_helper.py: 315: 	took 0 seconds.
[11/25 07:22:27][INFO] ava_eval_helper.py: 314: AVA results wrote to groundtruth_latest.csv
[11/25 07:22:27][INFO] ava_eval_helper.py: 315: 	took 0 seconds.
{ 'PascalBoxes_PerformanceByCategory/AP@0.5IOU/bend/bow (at the waist)': 0.25844355059481483,
  'PascalBoxes_PerformanceByCategory/AP@0.5IOU/carry/hold (an object)': 0.1489489814304379,
  'PascalBoxes_PerformanceByCategory/AP@0.5IOU/lie/sleep': 0.44820267113643286,
  'PascalBoxes_PerformanceByCategory/AP@0.5IOU/listen to (a person)': 0.4463640461623808,
  'PascalBoxes_PerformanceByCategory/AP@0.5IOU/ride (e.g., a bike, a car, a horse)': 0.5660951535070997,
  'PascalBoxes_PerformanceByCategory/AP@0.5IOU/sit': 0.47776926094826777,
  'PascalBoxes_PerformanceByCategory/AP@0.5IOU/talk to (e.g., self, a person, a group)': 0.7129255663684133,
  'PascalBoxes_PerformanceByCategory/AP@0.5IOU/touch (an object)': 0.2678973845631492,
  'PascalBoxes_PerformanceByCategory/AP@0.5IOU/walk': 0.34840987767986226,
  'PascalBoxes_PerformanceByCategory/AP@0.5IOU/watch (a person)': 0.1668989470791519,
  'PascalBoxes_Precision/mAP@0.5IOU': 0.38419554394700106}
[11/25 07:22:28][INFO] ava_eval_helper.py: 174: AVA eval done in 1.376057 seconds.
[11/25 07:22:28][INFO] logging.py:  97: json_stats: {
  "RAM": "12.16/251.80G",
  "_type": "val_epoch",
  "cur_epoch": "12",
  "gpu_mem": "1.28G",
  "map": 0.38420,
  "mode": "val"
}
[11/25 08:07:08][INFO] ava_eval_helper.py: 164: Evaluating with 700 unique GT frames.
[11/25 08:07:08][INFO] ava_eval_helper.py: 166: Evaluating with 694 unique detection frames
[11/25 08:07:08][INFO] ava_eval_helper.py: 314: AVA results wrote to detections_latest.csv
[11/25 08:07:08][INFO] ava_eval_helper.py: 315: 	took 0 seconds.
[11/25 08:07:08][INFO] ava_eval_helper.py: 314: AVA results wrote to groundtruth_latest.csv
[11/25 08:07:08][INFO] ava_eval_helper.py: 315: 	took 0 seconds.
{ 'PascalBoxes_PerformanceByCategory/AP@0.5IOU/bend/bow (at the waist)': 0.23550842890771595,
  'PascalBoxes_PerformanceByCategory/AP@0.5IOU/carry/hold (an object)': 0.1511377757935993,
  'PascalBoxes_PerformanceByCategory/AP@0.5IOU/lie/sleep': 0.5010265814109609,
  'PascalBoxes_PerformanceByCategory/AP@0.5IOU/listen to (a person)': 0.4352889954042427,
  'PascalBoxes_PerformanceByCategory/AP@0.5IOU/ride (e.g., a bike, a car, a horse)': 0.5479740028095119,
  'PascalBoxes_PerformanceByCategory/AP@0.5IOU/sit': 0.39501064386131485,
  'PascalBoxes_PerformanceByCategory/AP@0.5IOU/talk to (e.g., self, a person, a group)': 0.7593680362068648,
  'PascalBoxes_PerformanceByCategory/AP@0.5IOU/touch (an object)': 0.20311496037834806,
  'PascalBoxes_PerformanceByCategory/AP@0.5IOU/walk': 0.40913452385112414,
  'PascalBoxes_PerformanceByCategory/AP@0.5IOU/watch (a person)': 0.18112502861938723,
  'PascalBoxes_Precision/mAP@0.5IOU': 0.38186889772430693}
[11/25 08:07:09][INFO] ava_eval_helper.py: 174: AVA eval done in 1.373645 seconds.
[11/25 08:07:09][INFO] logging.py:  97: json_stats: {
  "RAM": "12.29/251.80G",
  "_type": "val_epoch",
  "cur_epoch": "13",
  "gpu_mem": "1.28G",
  "map": 0.38187,
  "mode": "val"
}
[11/25 08:52:09][INFO] ava_eval_helper.py: 164: Evaluating with 700 unique GT frames.
[11/25 08:52:09][INFO] ava_eval_helper.py: 166: Evaluating with 694 unique detection frames
[11/25 08:52:09][INFO] ava_eval_helper.py: 314: AVA results wrote to detections_latest.csv
[11/25 08:52:09][INFO] ava_eval_helper.py: 315: 	took 0 seconds.
[11/25 08:52:09][INFO] ava_eval_helper.py: 314: AVA results wrote to groundtruth_latest.csv
[11/25 08:52:09][INFO] ava_eval_helper.py: 315: 	took 0 seconds.
{ 'PascalBoxes_PerformanceByCategory/AP@0.5IOU/bend/bow (at the waist)': 0.2776369800547085,
  'PascalBoxes_PerformanceByCategory/AP@0.5IOU/carry/hold (an object)': 0.21438937873480637,
  'PascalBoxes_PerformanceByCategory/AP@0.5IOU/lie/sleep': 0.5539137015451929,
  'PascalBoxes_PerformanceByCategory/AP@0.5IOU/listen to (a person)': 0.43167261329709505,
  'PascalBoxes_PerformanceByCategory/AP@0.5IOU/ride (e.g., a bike, a car, a horse)': 0.605215951878078,
  'PascalBoxes_PerformanceByCategory/AP@0.5IOU/sit': 0.43796757763624433,
  'PascalBoxes_PerformanceByCategory/AP@0.5IOU/talk to (e.g., self, a person, a group)': 0.7659360178730749,
  'PascalBoxes_PerformanceByCategory/AP@0.5IOU/touch (an object)': 0.24758425036675882,
  'PascalBoxes_PerformanceByCategory/AP@0.5IOU/walk': 0.46836102842579214,
  'PascalBoxes_PerformanceByCategory/AP@0.5IOU/watch (a person)': 0.2045328712916306,
  'PascalBoxes_Precision/mAP@0.5IOU': 0.42072103711033815}
[11/25 08:52:11][INFO] ava_eval_helper.py: 174: AVA eval done in 1.535340 seconds.
[11/25 08:52:11][INFO] logging.py:  97: json_stats: {
  "RAM": "12.01/251.80G",
  "_type": "val_epoch",
  "cur_epoch": "14",
  "gpu_mem": "1.28G",
  "map": 0.42072,
  "mode": "val"
}
[11/25 09:36:00][INFO] ava_eval_helper.py: 164: Evaluating with 700 unique GT frames.
[11/25 09:36:00][INFO] ava_eval_helper.py: 166: Evaluating with 694 unique detection frames
[11/25 09:36:00][INFO] ava_eval_helper.py: 314: AVA results wrote to detections_latest.csv
[11/25 09:36:00][INFO] ava_eval_helper.py: 315: 	took 0 seconds.
[11/25 09:36:00][INFO] ava_eval_helper.py: 314: AVA results wrote to groundtruth_latest.csv
[11/25 09:36:00][INFO] ava_eval_helper.py: 315: 	took 0 seconds.
{ 'PascalBoxes_PerformanceByCategory/AP@0.5IOU/bend/bow (at the waist)': 0.2703033947677538,
  'PascalBoxes_PerformanceByCategory/AP@0.5IOU/carry/hold (an object)': 0.1420621389610862,
  'PascalBoxes_PerformanceByCategory/AP@0.5IOU/lie/sleep': 0.5953162740582744,
  'PascalBoxes_PerformanceByCategory/AP@0.5IOU/listen to (a person)': 0.40443895816304,
  'PascalBoxes_PerformanceByCategory/AP@0.5IOU/ride (e.g., a bike, a car, a horse)': 0.5174468008753751,
  'PascalBoxes_PerformanceByCategory/AP@0.5IOU/sit': 0.47050783391053863,
  'PascalBoxes_PerformanceByCategory/AP@0.5IOU/talk to (e.g., self, a person, a group)': 0.742471274000334,
  'PascalBoxes_PerformanceByCategory/AP@0.5IOU/touch (an object)': 0.24256988841863403,
  'PascalBoxes_PerformanceByCategory/AP@0.5IOU/walk': 0.38513135390425657,
  'PascalBoxes_PerformanceByCategory/AP@0.5IOU/watch (a person)': 0.14784855336839975,
  'PascalBoxes_Precision/mAP@0.5IOU': 0.3918096470427692}
[11/25 09:36:01][INFO] ava_eval_helper.py: 174: AVA eval done in 1.391160 seconds.
[11/25 09:36:01][INFO] logging.py:  97: json_stats: {
  "RAM": "14.36/251.80G",
  "_type": "val_epoch",
  "cur_epoch": "15",
  "gpu_mem": "1.28G",
  "map": 0.39181,
  "mode": "val"
}
[11/25 10:21:54][INFO] ava_eval_helper.py: 164: Evaluating with 700 unique GT frames.
[11/25 10:21:54][INFO] ava_eval_helper.py: 166: Evaluating with 694 unique detection frames
[11/25 10:21:54][INFO] ava_eval_helper.py: 314: AVA results wrote to detections_latest.csv
[11/25 10:21:54][INFO] ava_eval_helper.py: 315: 	took 0 seconds.
[11/25 10:21:54][INFO] ava_eval_helper.py: 314: AVA results wrote to groundtruth_latest.csv
[11/25 10:21:54][INFO] ava_eval_helper.py: 315: 	took 0 seconds.
{ 'PascalBoxes_PerformanceByCategory/AP@0.5IOU/bend/bow (at the waist)': 0.2994716122649172,
  'PascalBoxes_PerformanceByCategory/AP@0.5IOU/carry/hold (an object)': 0.13432996597842636,
  'PascalBoxes_PerformanceByCategory/AP@0.5IOU/lie/sleep': 0.5716255596750437,
  'PascalBoxes_PerformanceByCategory/AP@0.5IOU/listen to (a person)': 0.44470348723720576,
  'PascalBoxes_PerformanceByCategory/AP@0.5IOU/ride (e.g., a bike, a car, a horse)': 0.5470106336204745,
  'PascalBoxes_PerformanceByCategory/AP@0.5IOU/sit': 0.40252883358125063,
  'PascalBoxes_PerformanceByCategory/AP@0.5IOU/talk to (e.g., self, a person, a group)': 0.6731028997171776,
  'PascalBoxes_PerformanceByCategory/AP@0.5IOU/touch (an object)': 0.22751983510271212,
  'PascalBoxes_PerformanceByCategory/AP@0.5IOU/walk': 0.5005064355865845,
  'PascalBoxes_PerformanceByCategory/AP@0.5IOU/watch (a person)': 0.1709377249284823,
  'PascalBoxes_Precision/mAP@0.5IOU': 0.3971736987692275}
[11/25 10:21:55][INFO] ava_eval_helper.py: 174: AVA eval done in 1.377208 seconds.
[11/25 10:21:55][INFO] logging.py:  97: json_stats: {
  "RAM": "14.38/251.80G",
  "_type": "val_epoch",
  "cur_epoch": "16",
  "gpu_mem": "1.28G",
  "map": 0.39717,
  "mode": "val"
}
[11/25 11:11:39][INFO] ava_eval_helper.py: 164: Evaluating with 700 unique GT frames.
[11/25 11:11:39][INFO] ava_eval_helper.py: 166: Evaluating with 694 unique detection frames
[11/25 11:11:39][INFO] ava_eval_helper.py: 314: AVA results wrote to detections_latest.csv
[11/25 11:11:39][INFO] ava_eval_helper.py: 315: 	took 0 seconds.
[11/25 11:11:39][INFO] ava_eval_helper.py: 314: AVA results wrote to groundtruth_latest.csv
[11/25 11:11:39][INFO] ava_eval_helper.py: 315: 	took 0 seconds.
{ 'PascalBoxes_PerformanceByCategory/AP@0.5IOU/bend/bow (at the waist)': 0.2255560129717398,
  'PascalBoxes_PerformanceByCategory/AP@0.5IOU/carry/hold (an object)': 0.1521247901879358,
  'PascalBoxes_PerformanceByCategory/AP@0.5IOU/lie/sleep': 0.5263006239137709,
  'PascalBoxes_PerformanceByCategory/AP@0.5IOU/listen to (a person)': 0.5117268147969719,
  'PascalBoxes_PerformanceByCategory/AP@0.5IOU/ride (e.g., a bike, a car, a horse)': 0.5040889594614109,
  'PascalBoxes_PerformanceByCategory/AP@0.5IOU/sit': 0.408451874118878,
  'PascalBoxes_PerformanceByCategory/AP@0.5IOU/talk to (e.g., self, a person, a group)': 0.7069504893320048,
  'PascalBoxes_PerformanceByCategory/AP@0.5IOU/touch (an object)': 0.22145202627379557,
  'PascalBoxes_PerformanceByCategory/AP@0.5IOU/walk': 0.39162482008272176,
  'PascalBoxes_PerformanceByCategory/AP@0.5IOU/watch (a person)': 0.2072463022557248,
  'PascalBoxes_Precision/mAP@0.5IOU': 0.38555227133949543}
[11/25 11:11:40][INFO] ava_eval_helper.py: 174: AVA eval done in 1.397605 seconds.
[11/25 11:11:40][INFO] logging.py:  97: json_stats: {
  "RAM": "14.69/251.80G",
  "_type": "val_epoch",
  "cur_epoch": "17",
  "gpu_mem": "1.28G",
  "map": 0.38555,
  "mode": "val"
}
[11/25 12:07:18][INFO] ava_eval_helper.py: 164: Evaluating with 700 unique GT frames.
[11/25 12:07:18][INFO] ava_eval_helper.py: 166: Evaluating with 694 unique detection frames
[11/25 12:07:18][INFO] ava_eval_helper.py: 314: AVA results wrote to detections_latest.csv
[11/25 12:07:18][INFO] ava_eval_helper.py: 315: 	took 0 seconds.
[11/25 12:07:18][INFO] ava_eval_helper.py: 314: AVA results wrote to groundtruth_latest.csv
[11/25 12:07:18][INFO] ava_eval_helper.py: 315: 	took 0 seconds.
{ 'PascalBoxes_PerformanceByCategory/AP@0.5IOU/bend/bow (at the waist)': 0.21232135549885223,
  'PascalBoxes_PerformanceByCategory/AP@0.5IOU/carry/hold (an object)': 0.19929651718683383,
  'PascalBoxes_PerformanceByCategory/AP@0.5IOU/lie/sleep': 0.5747523756706405,
  'PascalBoxes_PerformanceByCategory/AP@0.5IOU/listen to (a person)': 0.430532916533087,
  'PascalBoxes_PerformanceByCategory/AP@0.5IOU/ride (e.g., a bike, a car, a horse)': 0.5710197660314424,
  'PascalBoxes_PerformanceByCategory/AP@0.5IOU/sit': 0.43296094525800216,
  'PascalBoxes_PerformanceByCategory/AP@0.5IOU/talk to (e.g., self, a person, a group)': 0.7671045163530487,
  'PascalBoxes_PerformanceByCategory/AP@0.5IOU/touch (an object)': 0.20675907859846793,
  'PascalBoxes_PerformanceByCategory/AP@0.5IOU/walk': 0.3393762244495673,
  'PascalBoxes_PerformanceByCategory/AP@0.5IOU/watch (a person)': 0.1392259242052133,
  'PascalBoxes_Precision/mAP@0.5IOU': 0.3873349619785155}
[11/25 12:07:20][INFO] ava_eval_helper.py: 174: AVA eval done in 1.390600 seconds.
[11/25 12:07:20][INFO] logging.py:  97: json_stats: {
  "RAM": "14.39/251.80G",
  "_type": "val_epoch",
  "cur_epoch": "18",
  "gpu_mem": "1.28G",
  "map": 0.38733,
  "mode": "val"
}
[11/25 13:03:50][INFO] ava_eval_helper.py: 164: Evaluating with 700 unique GT frames.
[11/25 13:03:50][INFO] ava_eval_helper.py: 166: Evaluating with 694 unique detection frames
[11/25 13:03:50][INFO] ava_eval_helper.py: 314: AVA results wrote to detections_latest.csv
[11/25 13:03:50][INFO] ava_eval_helper.py: 315: 	took 0 seconds.
[11/25 13:03:50][INFO] ava_eval_helper.py: 314: AVA results wrote to groundtruth_latest.csv
[11/25 13:03:50][INFO] ava_eval_helper.py: 315: 	took 0 seconds.
{ 'PascalBoxes_PerformanceByCategory/AP@0.5IOU/bend/bow (at the waist)': 0.2786368137135896,
  'PascalBoxes_PerformanceByCategory/AP@0.5IOU/carry/hold (an object)': 0.18115520305809546,
  'PascalBoxes_PerformanceByCategory/AP@0.5IOU/lie/sleep': 0.4925667096964116,
  'PascalBoxes_PerformanceByCategory/AP@0.5IOU/listen to (a person)': 0.43829833597892176,
  'PascalBoxes_PerformanceByCategory/AP@0.5IOU/ride (e.g., a bike, a car, a horse)': 0.5591704064339496,
  'PascalBoxes_PerformanceByCategory/AP@0.5IOU/sit': 0.42129413404603755,
  'PascalBoxes_PerformanceByCategory/AP@0.5IOU/talk to (e.g., self, a person, a group)': 0.7331082734357484,
  'PascalBoxes_PerformanceByCategory/AP@0.5IOU/touch (an object)': 0.1519359903424852,
  'PascalBoxes_PerformanceByCategory/AP@0.5IOU/walk': 0.3286647292317358,
  'PascalBoxes_PerformanceByCategory/AP@0.5IOU/watch (a person)': 0.16388338383115808,
  'PascalBoxes_Precision/mAP@0.5IOU': 0.3748713979768133}
[11/25 13:03:51][INFO] ava_eval_helper.py: 174: AVA eval done in 1.374312 seconds.
[11/25 13:03:51][INFO] logging.py:  97: json_stats: {
  "RAM": "13.84/251.80G",
  "_type": "val_epoch",
  "cur_epoch": "19",
  "gpu_mem": "1.28G",
  "map": 0.37487,
  "mode": "val"
}
[11/25 13:58:24][INFO] ava_eval_helper.py: 164: Evaluating with 700 unique GT frames.
[11/25 13:58:24][INFO] ava_eval_helper.py: 166: Evaluating with 694 unique detection frames
[11/25 13:58:24][INFO] ava_eval_helper.py: 314: AVA results wrote to detections_latest.csv
[11/25 13:58:24][INFO] ava_eval_helper.py: 315: 	took 0 seconds.
[11/25 13:58:24][INFO] ava_eval_helper.py: 314: AVA results wrote to groundtruth_latest.csv
[11/25 13:58:24][INFO] ava_eval_helper.py: 315: 	took 0 seconds.
{ 'PascalBoxes_PerformanceByCategory/AP@0.5IOU/bend/bow (at the waist)': 0.23516123564805108,
  'PascalBoxes_PerformanceByCategory/AP@0.5IOU/carry/hold (an object)': 0.17314178416317316,
  'PascalBoxes_PerformanceByCategory/AP@0.5IOU/lie/sleep': 0.5274075868241005,
  'PascalBoxes_PerformanceByCategory/AP@0.5IOU/listen to (a person)': 0.48651780239426423,
  'PascalBoxes_PerformanceByCategory/AP@0.5IOU/ride (e.g., a bike, a car, a horse)': 0.5350425305722237,
  'PascalBoxes_PerformanceByCategory/AP@0.5IOU/sit': 0.4243303573180585,
  'PascalBoxes_PerformanceByCategory/AP@0.5IOU/talk to (e.g., self, a person, a group)': 0.758887799493209,
  'PascalBoxes_PerformanceByCategory/AP@0.5IOU/touch (an object)': 0.2061666123718829,
  'PascalBoxes_PerformanceByCategory/AP@0.5IOU/walk': 0.3554539967517914,
  'PascalBoxes_PerformanceByCategory/AP@0.5IOU/watch (a person)': 0.17490450783447486,
  'PascalBoxes_Precision/mAP@0.5IOU': 0.38770142133712293}
[11/25 13:58:25][INFO] ava_eval_helper.py: 174: AVA eval done in 1.374790 seconds.
[11/25 13:58:25][INFO] logging.py:  97: json_stats: {
  "RAM": "14.29/251.80G",
  "_type": "val_epoch",
  "cur_epoch": "20",
  "gpu_mem": "1.28G",
  "map": 0.38770,
  "mode": "val"
}
[11/25 14:50:21][INFO] ava_eval_helper.py: 164: Evaluating with 700 unique GT frames.
[11/25 14:50:21][INFO] ava_eval_helper.py: 166: Evaluating with 694 unique detection frames
[11/25 14:50:21][INFO] ava_eval_helper.py: 314: AVA results wrote to detections_latest.csv
[11/25 14:50:21][INFO] ava_eval_helper.py: 315: 	took 0 seconds.
[11/25 14:50:21][INFO] ava_eval_helper.py: 314: AVA results wrote to groundtruth_latest.csv
[11/25 14:50:21][INFO] ava_eval_helper.py: 315: 	took 0 seconds.
{ 'PascalBoxes_PerformanceByCategory/AP@0.5IOU/bend/bow (at the waist)': 0.25697753686227004,
  'PascalBoxes_PerformanceByCategory/AP@0.5IOU/carry/hold (an object)': 0.14791878160653815,
  'PascalBoxes_PerformanceByCategory/AP@0.5IOU/lie/sleep': 0.5298188208138014,
  'PascalBoxes_PerformanceByCategory/AP@0.5IOU/listen to (a person)': 0.45267972082582186,
  'PascalBoxes_PerformanceByCategory/AP@0.5IOU/ride (e.g., a bike, a car, a horse)': 0.5147967347632345,
  'PascalBoxes_PerformanceByCategory/AP@0.5IOU/sit': 0.3980891240021821,
  'PascalBoxes_PerformanceByCategory/AP@0.5IOU/talk to (e.g., self, a person, a group)': 0.7379680815267867,
  'PascalBoxes_PerformanceByCategory/AP@0.5IOU/touch (an object)': 0.22059039447532708,
  'PascalBoxes_PerformanceByCategory/AP@0.5IOU/walk': 0.36299093355535095,
  'PascalBoxes_PerformanceByCategory/AP@0.5IOU/watch (a person)': 0.14103576808559593,
  'PascalBoxes_Precision/mAP@0.5IOU': 0.37628658965169093}
[11/25 14:50:22][INFO] ava_eval_helper.py: 174: AVA eval done in 1.473590 seconds.
[11/25 14:50:22][INFO] logging.py:  97: json_stats: {
  "RAM": "14.56/251.80G",
  "_type": "val_epoch",
  "cur_epoch": "21",
  "gpu_mem": "1.28G",
  "map": 0.37629,
  "mode": "val"
}
[11/25 15:43:40][INFO] ava_eval_helper.py: 164: Evaluating with 700 unique GT frames.
[11/25 15:43:40][INFO] ava_eval_helper.py: 166: Evaluating with 694 unique detection frames
[11/25 15:43:40][INFO] ava_eval_helper.py: 314: AVA results wrote to detections_latest.csv
[11/25 15:43:40][INFO] ava_eval_helper.py: 315: 	took 0 seconds.
[11/25 15:43:40][INFO] ava_eval_helper.py: 314: AVA results wrote to groundtruth_latest.csv
[11/25 15:43:40][INFO] ava_eval_helper.py: 315: 	took 0 seconds.
{ 'PascalBoxes_PerformanceByCategory/AP@0.5IOU/bend/bow (at the waist)': 0.22417884168446595,
  'PascalBoxes_PerformanceByCategory/AP@0.5IOU/carry/hold (an object)': 0.15049359349837574,
  'PascalBoxes_PerformanceByCategory/AP@0.5IOU/lie/sleep': 0.5426283845843091,
  'PascalBoxes_PerformanceByCategory/AP@0.5IOU/listen to (a person)': 0.532897459725068,
  'PascalBoxes_PerformanceByCategory/AP@0.5IOU/ride (e.g., a bike, a car, a horse)': 0.5916278356074465,
  'PascalBoxes_PerformanceByCategory/AP@0.5IOU/sit': 0.42456021140514966,
  'PascalBoxes_PerformanceByCategory/AP@0.5IOU/talk to (e.g., self, a person, a group)': 0.7372622864552393,
  'PascalBoxes_PerformanceByCategory/AP@0.5IOU/touch (an object)': 0.19142574615589736,
  'PascalBoxes_PerformanceByCategory/AP@0.5IOU/walk': 0.30343638025814673,
  'PascalBoxes_PerformanceByCategory/AP@0.5IOU/watch (a person)': 0.14883354656320258,
  'PascalBoxes_Precision/mAP@0.5IOU': 0.38473442859373}
[11/25 15:43:41][INFO] ava_eval_helper.py: 174: AVA eval done in 1.409072 seconds.
[11/25 15:43:41][INFO] logging.py:  97: json_stats: {
  "RAM": "14.64/251.80G",
  "_type": "val_epoch",
  "cur_epoch": "22",
  "gpu_mem": "1.28G",
  "map": 0.38473,
  "mode": "val"
}
[11/25 16:42:27][INFO] ava_eval_helper.py: 164: Evaluating with 700 unique GT frames.
[11/25 16:42:27][INFO] ava_eval_helper.py: 166: Evaluating with 694 unique detection frames
[11/25 16:42:27][INFO] ava_eval_helper.py: 314: AVA results wrote to detections_latest.csv
[11/25 16:42:27][INFO] ava_eval_helper.py: 315: 	took 0 seconds.
[11/25 16:42:27][INFO] ava_eval_helper.py: 314: AVA results wrote to groundtruth_latest.csv
[11/25 16:42:27][INFO] ava_eval_helper.py: 315: 	took 0 seconds.
{ 'PascalBoxes_PerformanceByCategory/AP@0.5IOU/bend/bow (at the waist)': 0.23796759992076533,
  'PascalBoxes_PerformanceByCategory/AP@0.5IOU/carry/hold (an object)': 0.12962572110208365,
  'PascalBoxes_PerformanceByCategory/AP@0.5IOU/lie/sleep': 0.5498460160150357,
  'PascalBoxes_PerformanceByCategory/AP@0.5IOU/listen to (a person)': 0.4321658186428091,
  'PascalBoxes_PerformanceByCategory/AP@0.5IOU/ride (e.g., a bike, a car, a horse)': 0.5752179146874006,
  'PascalBoxes_PerformanceByCategory/AP@0.5IOU/sit': 0.42649151673589647,
  'PascalBoxes_PerformanceByCategory/AP@0.5IOU/talk to (e.g., self, a person, a group)': 0.7750836873655875,
  'PascalBoxes_PerformanceByCategory/AP@0.5IOU/touch (an object)': 0.213312949548122,
  'PascalBoxes_PerformanceByCategory/AP@0.5IOU/walk': 0.3514527092882849,
  'PascalBoxes_PerformanceByCategory/AP@0.5IOU/watch (a person)': 0.13344362634601212,
  'PascalBoxes_Precision/mAP@0.5IOU': 0.3824607559651997}
[11/25 16:42:28][INFO] ava_eval_helper.py: 174: AVA eval done in 1.404524 seconds.
[11/25 16:42:28][INFO] logging.py:  97: json_stats: {
  "RAM": "12.88/251.80G",
  "_type": "val_epoch",
  "cur_epoch": "23",
  "gpu_mem": "1.28G",
  "map": 0.38246,
  "mode": "val"
}
[11/25 17:38:56][INFO] ava_eval_helper.py: 164: Evaluating with 700 unique GT frames.
[11/25 17:38:56][INFO] ava_eval_helper.py: 166: Evaluating with 694 unique detection frames
[11/25 17:38:56][INFO] ava_eval_helper.py: 314: AVA results wrote to detections_latest.csv
[11/25 17:38:56][INFO] ava_eval_helper.py: 315: 	took 0 seconds.
[11/25 17:38:56][INFO] ava_eval_helper.py: 314: AVA results wrote to groundtruth_latest.csv
[11/25 17:38:56][INFO] ava_eval_helper.py: 315: 	took 0 seconds.
{ 'PascalBoxes_PerformanceByCategory/AP@0.5IOU/bend/bow (at the waist)': 0.23418336319357572,
  'PascalBoxes_PerformanceByCategory/AP@0.5IOU/carry/hold (an object)': 0.1658458458856845,
  'PascalBoxes_PerformanceByCategory/AP@0.5IOU/lie/sleep': 0.5405337573401546,
  'PascalBoxes_PerformanceByCategory/AP@0.5IOU/listen to (a person)': 0.4648744102357766,
  'PascalBoxes_PerformanceByCategory/AP@0.5IOU/ride (e.g., a bike, a car, a horse)': 0.6291541330722569,
  'PascalBoxes_PerformanceByCategory/AP@0.5IOU/sit': 0.41083396815964107,
  'PascalBoxes_PerformanceByCategory/AP@0.5IOU/talk to (e.g., self, a person, a group)': 0.7009064261703196,
  'PascalBoxes_PerformanceByCategory/AP@0.5IOU/touch (an object)': 0.24699314550802645,
  'PascalBoxes_PerformanceByCategory/AP@0.5IOU/walk': 0.32914420266838335,
  'PascalBoxes_PerformanceByCategory/AP@0.5IOU/watch (a person)': 0.14629263554311722,
  'PascalBoxes_Precision/mAP@0.5IOU': 0.3868761887776936}
[11/25 17:38:58][INFO] ava_eval_helper.py: 174: AVA eval done in 1.500184 seconds.
[11/25 17:38:58][INFO] logging.py:  97: json_stats: {
  "RAM": "15.01/251.80G",
  "_type": "val_epoch",
  "cur_epoch": "24",
  "gpu_mem": "1.28G",
  "map": 0.38688,
  "mode": "val"
}
[11/25 18:34:53][INFO] ava_eval_helper.py: 164: Evaluating with 700 unique GT frames.
[11/25 18:34:53][INFO] ava_eval_helper.py: 166: Evaluating with 694 unique detection frames
[11/25 18:34:53][INFO] ava_eval_helper.py: 314: AVA results wrote to detections_latest.csv
[11/25 18:34:53][INFO] ava_eval_helper.py: 315: 	took 0 seconds.
[11/25 18:34:53][INFO] ava_eval_helper.py: 314: AVA results wrote to groundtruth_latest.csv
[11/25 18:34:53][INFO] ava_eval_helper.py: 315: 	took 0 seconds.
{ 'PascalBoxes_PerformanceByCategory/AP@0.5IOU/bend/bow (at the waist)': 0.23732137849418242,
  'PascalBoxes_PerformanceByCategory/AP@0.5IOU/carry/hold (an object)': 0.16606653919961423,
  'PascalBoxes_PerformanceByCategory/AP@0.5IOU/lie/sleep': 0.5624807209492539,
  'PascalBoxes_PerformanceByCategory/AP@0.5IOU/listen to (a person)': 0.5218241381294657,
  'PascalBoxes_PerformanceByCategory/AP@0.5IOU/ride (e.g., a bike, a car, a horse)': 0.6477468968214322,
  'PascalBoxes_PerformanceByCategory/AP@0.5IOU/sit': 0.4406856951982871,
  'PascalBoxes_PerformanceByCategory/AP@0.5IOU/talk to (e.g., self, a person, a group)': 0.7206857148467877,
  'PascalBoxes_PerformanceByCategory/AP@0.5IOU/touch (an object)': 0.24991832348306534,
  'PascalBoxes_PerformanceByCategory/AP@0.5IOU/walk': 0.3782968558375886,
  'PascalBoxes_PerformanceByCategory/AP@0.5IOU/watch (a person)': 0.12328868764544561,
  'PascalBoxes_Precision/mAP@0.5IOU': 0.4048314950605123}
[11/25 18:34:54][INFO] ava_eval_helper.py: 174: AVA eval done in 1.427980 seconds.
[11/25 18:34:54][INFO] logging.py:  97: json_stats: {
  "RAM": "15.01/251.80G",
  "_type": "val_epoch",
  "cur_epoch": "25",
  "gpu_mem": "1.28G",
  "map": 0.40483,
  "mode": "val"
}
[11/25 19:31:32][INFO] ava_eval_helper.py: 164: Evaluating with 700 unique GT frames.
[11/25 19:31:32][INFO] ava_eval_helper.py: 166: Evaluating with 694 unique detection frames
[11/25 19:31:32][INFO] ava_eval_helper.py: 314: AVA results wrote to detections_latest.csv
[11/25 19:31:32][INFO] ava_eval_helper.py: 315: 	took 0 seconds.
[11/25 19:31:32][INFO] ava_eval_helper.py: 314: AVA results wrote to groundtruth_latest.csv
[11/25 19:31:32][INFO] ava_eval_helper.py: 315: 	took 0 seconds.
{ 'PascalBoxes_PerformanceByCategory/AP@0.5IOU/bend/bow (at the waist)': 0.25497310444138466,
  'PascalBoxes_PerformanceByCategory/AP@0.5IOU/carry/hold (an object)': 0.16324904949496408,
  'PascalBoxes_PerformanceByCategory/AP@0.5IOU/lie/sleep': 0.5359590944884001,
  'PascalBoxes_PerformanceByCategory/AP@0.5IOU/listen to (a person)': 0.5404582326786718,
  'PascalBoxes_PerformanceByCategory/AP@0.5IOU/ride (e.g., a bike, a car, a horse)': 0.59909745072894,
  'PascalBoxes_PerformanceByCategory/AP@0.5IOU/sit': 0.42797869149982787,
  'PascalBoxes_PerformanceByCategory/AP@0.5IOU/talk to (e.g., self, a person, a group)': 0.6960062777208859,
  'PascalBoxes_PerformanceByCategory/AP@0.5IOU/touch (an object)': 0.22125583436388374,
  'PascalBoxes_PerformanceByCategory/AP@0.5IOU/walk': 0.40620883188231716,
  'PascalBoxes_PerformanceByCategory/AP@0.5IOU/watch (a person)': 0.12786025009005447,
  'PascalBoxes_Precision/mAP@0.5IOU': 0.39730468173893296}
[11/25 19:31:34][INFO] ava_eval_helper.py: 174: AVA eval done in 1.436198 seconds.
[11/25 19:31:34][INFO] logging.py:  97: json_stats: {
  "RAM": "15.04/251.80G",
  "_type": "val_epoch",
  "cur_epoch": "26",
  "gpu_mem": "1.28G",
  "map": 0.39730,
  "mode": "val"
}
[11/25 20:27:49][INFO] ava_eval_helper.py: 164: Evaluating with 700 unique GT frames.
[11/25 20:27:49][INFO] ava_eval_helper.py: 166: Evaluating with 694 unique detection frames
[11/25 20:27:49][INFO] ava_eval_helper.py: 314: AVA results wrote to detections_latest.csv
[11/25 20:27:49][INFO] ava_eval_helper.py: 315: 	took 0 seconds.
[11/25 20:27:49][INFO] ava_eval_helper.py: 314: AVA results wrote to groundtruth_latest.csv
[11/25 20:27:49][INFO] ava_eval_helper.py: 315: 	took 0 seconds.
{ 'PascalBoxes_PerformanceByCategory/AP@0.5IOU/bend/bow (at the waist)': 0.25243207693634306,
  'PascalBoxes_PerformanceByCategory/AP@0.5IOU/carry/hold (an object)': 0.1540689673254822,
  'PascalBoxes_PerformanceByCategory/AP@0.5IOU/lie/sleep': 0.46254045241929026,
  'PascalBoxes_PerformanceByCategory/AP@0.5IOU/listen to (a person)': 0.4691044492299192,
  'PascalBoxes_PerformanceByCategory/AP@0.5IOU/ride (e.g., a bike, a car, a horse)': 0.6037727390875419,
  'PascalBoxes_PerformanceByCategory/AP@0.5IOU/sit': 0.4563886496336669,
  'PascalBoxes_PerformanceByCategory/AP@0.5IOU/talk to (e.g., self, a person, a group)': 0.7896663663679113,
  'PascalBoxes_PerformanceByCategory/AP@0.5IOU/touch (an object)': 0.19607984501517975,
  'PascalBoxes_PerformanceByCategory/AP@0.5IOU/walk': 0.3869306047012106,
  'PascalBoxes_PerformanceByCategory/AP@0.5IOU/watch (a person)': 0.13254127008316713,
  'PascalBoxes_Precision/mAP@0.5IOU': 0.3903525420799713}
[11/25 20:27:50][INFO] ava_eval_helper.py: 174: AVA eval done in 1.444959 seconds.
[11/25 20:27:50][INFO] logging.py:  97: json_stats: {
  "RAM": "15.13/251.80G",
  "_type": "val_epoch",
  "cur_epoch": "27",
  "gpu_mem": "1.28G",
  "map": 0.39035,
  "mode": "val"
}
[11/25 21:19:40][INFO] ava_eval_helper.py: 164: Evaluating with 700 unique GT frames.
[11/25 21:19:40][INFO] ava_eval_helper.py: 166: Evaluating with 694 unique detection frames
[11/25 21:19:40][INFO] ava_eval_helper.py: 314: AVA results wrote to detections_latest.csv
[11/25 21:19:40][INFO] ava_eval_helper.py: 315: 	took 0 seconds.
[11/25 21:19:40][INFO] ava_eval_helper.py: 314: AVA results wrote to groundtruth_latest.csv
[11/25 21:19:40][INFO] ava_eval_helper.py: 315: 	took 0 seconds.
{ 'PascalBoxes_PerformanceByCategory/AP@0.5IOU/bend/bow (at the waist)': 0.24362962665483365,
  'PascalBoxes_PerformanceByCategory/AP@0.5IOU/carry/hold (an object)': 0.13692309406391018,
  'PascalBoxes_PerformanceByCategory/AP@0.5IOU/lie/sleep': 0.5218499618212105,
  'PascalBoxes_PerformanceByCategory/AP@0.5IOU/listen to (a person)': 0.519782621602368,
  'PascalBoxes_PerformanceByCategory/AP@0.5IOU/ride (e.g., a bike, a car, a horse)': 0.48803407184715286,
  'PascalBoxes_PerformanceByCategory/AP@0.5IOU/sit': 0.5193670798017407,
  'PascalBoxes_PerformanceByCategory/AP@0.5IOU/talk to (e.g., self, a person, a group)': 0.7460335588975406,
  'PascalBoxes_PerformanceByCategory/AP@0.5IOU/touch (an object)': 0.18054316694025516,
  'PascalBoxes_PerformanceByCategory/AP@0.5IOU/walk': 0.3796770756698337,
  'PascalBoxes_PerformanceByCategory/AP@0.5IOU/watch (a person)': 0.188968174069771,
  'PascalBoxes_Precision/mAP@0.5IOU': 0.3924808431368617}
[11/25 21:19:41][INFO] ava_eval_helper.py: 174: AVA eval done in 1.430956 seconds.
[11/25 21:19:41][INFO] logging.py:  97: json_stats: {
  "RAM": "15.20/251.80G",
  "_type": "val_epoch",
  "cur_epoch": "28",
  "gpu_mem": "1.28G",
  "map": 0.39248,
  "mode": "val"
}
[11/25 22:04:56][INFO] ava_eval_helper.py: 164: Evaluating with 700 unique GT frames.
[11/25 22:04:56][INFO] ava_eval_helper.py: 166: Evaluating with 694 unique detection frames
[11/25 22:04:56][INFO] ava_eval_helper.py: 314: AVA results wrote to detections_latest.csv
[11/25 22:04:56][INFO] ava_eval_helper.py: 315: 	took 0 seconds.
[11/25 22:04:56][INFO] ava_eval_helper.py: 314: AVA results wrote to groundtruth_latest.csv
[11/25 22:04:56][INFO] ava_eval_helper.py: 315: 	took 0 seconds.
{ 'PascalBoxes_PerformanceByCategory/AP@0.5IOU/bend/bow (at the waist)': 0.22395688161802219,
  'PascalBoxes_PerformanceByCategory/AP@0.5IOU/carry/hold (an object)': 0.13154454708486604,
  'PascalBoxes_PerformanceByCategory/AP@0.5IOU/lie/sleep': 0.4734409649102692,
  'PascalBoxes_PerformanceByCategory/AP@0.5IOU/listen to (a person)': 0.4046989125461843,
  'PascalBoxes_PerformanceByCategory/AP@0.5IOU/ride (e.g., a bike, a car, a horse)': 0.57704018822399,
  'PascalBoxes_PerformanceByCategory/AP@0.5IOU/sit': 0.4224633493914224,
  'PascalBoxes_PerformanceByCategory/AP@0.5IOU/talk to (e.g., self, a person, a group)': 0.7995740595328352,
  'PascalBoxes_PerformanceByCategory/AP@0.5IOU/touch (an object)': 0.18541781711535066,
  'PascalBoxes_PerformanceByCategory/AP@0.5IOU/walk': 0.38436298821791814,
  'PascalBoxes_PerformanceByCategory/AP@0.5IOU/watch (a person)': 0.1228373234883772,
  'PascalBoxes_Precision/mAP@0.5IOU': 0.37253370321292356}
[11/25 22:04:57][INFO] ava_eval_helper.py: 174: AVA eval done in 1.348732 seconds.
[11/25 22:04:57][INFO] logging.py:  97: json_stats: {
  "RAM": "12.43/251.80G",
  "_type": "val_epoch",
  "cur_epoch": "29",
  "gpu_mem": "1.28G",
  "map": 0.37253,
  "mode": "val"
}
slurmstepd: error: *** JOB 172900 ON biwirender10 CANCELLED AT 2020-11-25T22:46:50 ***
