
CommandNotFoundError: Your shell has not been properly configured to use 'conda activate'.
To initialize your shell, run

    $ conda init <SHELL_NAME>

Currently supported shells are:
  - bash
  - fish
  - tcsh
  - xonsh
  - zsh
  - powershell

See 'conda init --help' for more information and options.

IMPORTANT: You may need to close and restart your shell after running 'conda init'.


[11/27 21:43:44][INFO] train_net.py: 405: Train with config:
[11/27 21:43:44][INFO] train_net.py: 406: {'AVA': {'ANNOTATION_DIR': '/srv/beegfs02/scratch/da_action/data/ava/annotations_10_500_100/',
         'BGR': False,
         'DETECTION_SCORE_THRESH': 0.8,
         'EXCLUSION_FILE': 'ava_val_excluded_timestamps_v2.2.csv',
         'FRAME_DIR': '/srv/beegfs02/scratch/da_action/data/ava/frames/',
         'FRAME_LIST_DIR': '/srv/beegfs02/scratch/da_action/data/ava/frame_lists_10_500_100/',
         'FULL_TEST_ON_VAL': True,
         'GROUNDTRUTH_FILE': 'ava_val_v2.2.csv',
         'IMG_PROC_BACKEND': 'cv2',
         'LABEL_MAP_FILE': 'ava_action_list_v2.2.pbtxt',
         'TEST_FORCE_FLIP': False,
         'TEST_LISTS': ['val.csv'],
         'TEST_PREDICT_BOX_LISTS': ['ava_val_predicted_boxes.csv'],
         'TRAIN_GT_BOX_LISTS': ['ava_train_v2.2.csv'],
         'TRAIN_LISTS': ['train.csv'],
         'TRAIN_PCA_EIGVAL': [0.225, 0.224, 0.229],
         'TRAIN_PCA_EIGVEC': [[-0.5675, 0.7192, 0.4009],
                              [-0.5808, -0.0045, -0.814],
                              [-0.5836, -0.6948, 0.4203]],
         'TRAIN_PCA_JITTER_ONLY': True,
         'TRAIN_PREDICT_BOX_LISTS': [],
         'TRAIN_USE_COLOR_AUGMENTATION': False},
 'BENCHMARK': CfgNode({'NUM_EPOCHS': 5, 'LOG_PERIOD': 100, 'SHUFFLE': True}),
 'BN': {'NORM_TYPE': 'batchnorm',
        'NUM_BATCHES_PRECISE': 200,
        'NUM_SPLITS': 1,
        'NUM_SYNC_DEVICES': 1,
        'USE_PRECISE_STATS': False,
        'WEIGHT_DECAY': 0.0},
 'DATA': {'DECODING_BACKEND': 'pyav',
          'ENSEMBLE_METHOD': 'sum',
          'INPUT_CHANNEL_NUM': [3, 3],
          'INV_UNIFORM_SAMPLE': False,
          'MEAN': [0.45, 0.45, 0.45],
          'MULTI_LABEL': False,
          'NUM_FRAMES': 32,
          'PATH_LABEL_SEPARATOR': ' ',
          'PATH_PREFIX': '',
          'PATH_TO_DATA_DIR': '',
          'RANDOM_FLIP': True,
          'REVERSE_INPUT_CHANNEL': False,
          'SAMPLING_RATE': 2,
          'STD': [0.225, 0.225, 0.225],
          'TARGET_FPS': 30,
          'TEST_CROP_SIZE': 256,
          'TRAIN_CROP_SIZE': 224,
          'TRAIN_JITTER_SCALES': [256, 320]},
 'DATA_LOADER': {'ENABLE_MULTI_THREAD_DECODE': False,
                 'NUM_WORKERS': 1,
                 'PIN_MEMORY': True},
 'DEMO': {'BUFFER_SIZE': 0,
          'CLIP_VIS_SIZE': 10,
          'COMMON_CLASS_NAMES': ['watch (a person)',
                                 'talk to (e.g., self, a person, a group)',
                                 'listen to (a person)',
                                 'touch (an object)',
                                 'carry/hold (an object)',
                                 'walk',
                                 'sit',
                                 'lie/sleep',
                                 'bend/bow (at the waist)'],
          'COMMON_CLASS_THRES': 0.7,
          'DETECTRON2_CFG': 'COCO-Detection/faster_rcnn_R_50_FPN_3x.yaml',
          'DETECTRON2_THRESH': 0.9,
          'DETECTRON2_WEIGHTS': 'detectron2://COCO-Detection/faster_rcnn_R_50_FPN_3x/137849458/model_final_280758.pkl',
          'DISPLAY_HEIGHT': 0,
          'DISPLAY_WIDTH': 0,
          'ENABLE': False,
          'FPS': 30,
          'GT_BOXES': '',
          'INPUT_FORMAT': 'BGR',
          'INPUT_VIDEO': '',
          'LABEL_FILE_PATH': '',
          'NUM_CLIPS_SKIP': 0,
          'NUM_VIS_INSTANCES': 2,
          'OUTPUT_FILE': '',
          'OUTPUT_FPS': -1,
          'PREDS_BOXES': '',
          'SLOWMO': 1,
          'STARTING_SECOND': 900,
          'THREAD_ENABLE': False,
          'UNCOMMON_CLASS_THRES': 0.3,
          'VIS_MODE': 'thres',
          'WEBCAM': -1},
 'DETECTION': {'ALIGNED': False,
               'ENABLE': True,
               'ROI_XFORM_RESOLUTION': 7,
               'SPATIAL_SCALE_FACTOR': 16},
 'DIST_BACKEND': 'nccl',
 'LOG_MODEL_INFO': False,
 'LOG_PERIOD': 10,
 'MODEL': {'ARCH': 'slowfast',
           'DROPCONNECT_RATE': 0.0,
           'DROPOUT_RATE': 0.5,
           'FC_INIT_STD': 0.01,
           'FREEZE_TO': 605,
           'HEAD_ACT': 'sigmoid',
           'LOSS_FUNC': 'bce',
           'MODEL_NAME': 'SlowFast',
           'MULTI_PATHWAY_ARCH': ['slowfast'],
           'NUM_CLASSES': 10,
           'SINGLE_PATHWAY_ARCH': ['c2d', 'i3d', 'slow', 'x3d']},
 'MULTIGRID': {'BN_BASE_SIZE': 8,
               'DEFAULT_B': 0,
               'DEFAULT_S': 0,
               'DEFAULT_T': 0,
               'EPOCH_FACTOR': 1.5,
               'EVAL_FREQ': 3,
               'LONG_CYCLE': False,
               'LONG_CYCLE_FACTORS': [(0.25, 0.7071067811865476),
                                      (0.5, 0.7071067811865476),
                                      (0.5, 1),
                                      (1, 1)],
               'LONG_CYCLE_SAMPLING_RATE': 0,
               'SHORT_CYCLE': False,
               'SHORT_CYCLE_FACTORS': [0.5, 0.7071067811865476]},
 'NONLOCAL': {'GROUP': [[1, 1], [1, 1], [1, 1], [1, 1]],
              'INSTANTIATION': 'dot_product',
              'LOCATION': [[[], []], [[], []], [[6, 13, 20], []], [[], []]],
              'POOL': [[[2, 2, 2], [2, 2, 2]],
                       [[2, 2, 2], [2, 2, 2]],
                       [[2, 2, 2], [2, 2, 2]],
                       [[2, 2, 2], [2, 2, 2]]]},
 'NUM_GPUS': 1,
 'NUM_SHARDS': 1,
 'OUTPUT_DIR': '/srv/beegfs02/scratch/da_action/data/output/ex_10_500_100_v6',
 'RESNET': {'DEPTH': 101,
            'INPLACE_RELU': True,
            'NUM_BLOCK_TEMP_KERNEL': [[3, 3], [4, 4], [6, 6], [3, 3]],
            'NUM_GROUPS': 1,
            'SPATIAL_DILATIONS': [[1, 1], [1, 1], [1, 1], [2, 2]],
            'SPATIAL_STRIDES': [[1, 1], [2, 2], [2, 2], [1, 1]],
            'STRIDE_1X1': False,
            'TRANS_FUNC': 'bottleneck_transform',
            'WIDTH_PER_GROUP': 64,
            'ZERO_INIT_FINAL_BN': True},
 'RNG_SEED': 0,
 'SHARD_ID': 0,
 'SLOWFAST': {'ALPHA': 4,
              'BETA_INV': 8,
              'FUSION_CONV_CHANNEL_RATIO': 2,
              'FUSION_KERNEL_SZ': 5},
 'SOLVER': {'BASE_LR': 0.1,
            'BASE_LR_SCALE_NUM_SHARDS': False,
            'COSINE_END_LR': 0.0,
            'DAMPENING': 0.0,
            'GAMMA': 0.1,
            'LRS': [],
            'LR_POLICY': 'cosine',
            'MAX_EPOCH': 25,
            'MOMENTUM': 0.9,
            'NESTEROV': True,
            'OPTIMIZING_METHOD': 'sgd',
            'STEPS': [],
            'STEP_SIZE': 1,
            'WARMUP_EPOCHS': 0.0,
            'WARMUP_FACTOR': 0.1,
            'WARMUP_START_LR': 0.01,
            'WEIGHT_DECAY': 1e-07},
 'TENSORBOARD': {'CATEGORIES_PATH': '',
                 'CLASS_NAMES_PATH': '',
                 'CONFUSION_MATRIX': {'ENABLE': False,
                                      'FIGSIZE': [8, 8],
                                      'SUBSET_PATH': ''},
                 'ENABLE': True,
                 'HISTOGRAM': {'ENABLE': False,
                               'FIGSIZE': [8, 8],
                               'SUBSET_PATH': '',
                               'TOPK': 10},
                 'LOG_DIR': 'tensorboard',
                 'MODEL_VIS': {'ACTIVATIONS': False,
                               'COLORMAP': 'Pastel2',
                               'ENABLE': False,
                               'GRAD_CAM': {'COLORMAP': 'viridis',
                                            'ENABLE': True,
                                            'LAYER_LIST': [],
                                            'USE_TRUE_LABEL': False},
                               'INPUT_VIDEO': False,
                               'LAYER_LIST': [],
                               'MODEL_WEIGHTS': False,
                               'TOPK_PREDS': 1},
                 'PREDICTIONS_PATH': '',
                 'WRONG_PRED_VIS': {'ENABLE': False,
                                    'SUBSET_PATH': '',
                                    'TAG': 'Incorrectly classified videos.'}},
 'TEST': {'BATCH_SIZE': 4,
          'CHECKPOINT_FILE_PATH': '',
          'CHECKPOINT_TYPE': 'pytorch',
          'DATASET': 'ava',
          'DETECTIONS_PATH': '',
          'ENABLE': True,
          'GT_PATH': '',
          'NUM_ENSEMBLE_VIEWS': 10,
          'NUM_SPATIAL_CROPS': 3,
          'SAVE_RESULTS_PATH': ''},
 'TRAIN': {'AUTO_RESUME': False,
           'BATCH_SIZE': 4,
           'CHECKPOINT_CLEAR_NAME_PATTERN': (),
           'CHECKPOINT_EPOCH_RESET': False,
           'CHECKPOINT_FILE_PATH': '/srv/beegfs02/scratch/da_action/data/models_pretrained/SLOWFAST_32x2_R101_50_50.pkl',
           'CHECKPOINT_INFLATE': False,
           'CHECKPOINT_PERIOD': 1,
           'CHECKPOINT_TYPE': 'pytorch',
           'DATASET': 'ava',
           'ENABLE': True,
           'EVAL_PERIOD': 1},
 'X3D': {'BN_LIN5': False,
         'BOTTLENECK_FACTOR': 1.0,
         'CHANNELWISE_3x3x3': True,
         'DEPTH_FACTOR': 1.0,
         'DIM_C1': 12,
         'DIM_C5': 2048,
         'SCALE_RES2': False,
         'WIDTH_FACTOR': 1.0}}
0 frozen s1.pathway0_stem.conv.weight
1 frozen s1.pathway0_stem.bn.weight
2 frozen s1.pathway0_stem.bn.bias
3 frozen s1.pathway1_stem.conv.weight
4 frozen s1.pathway1_stem.bn.weight
5 frozen s1.pathway1_stem.bn.bias
6 frozen s1_fuse.conv_f2s.weight
7 frozen s1_fuse.bn.weight
8 frozen s1_fuse.bn.bias
9 frozen s2.pathway0_res0.branch1.weight
10 frozen s2.pathway0_res0.branch1_bn.weight
11 frozen s2.pathway0_res0.branch1_bn.bias
12 frozen s2.pathway0_res0.branch2.a.weight
13 frozen s2.pathway0_res0.branch2.a_bn.weight
14 frozen s2.pathway0_res0.branch2.a_bn.bias
15 frozen s2.pathway0_res0.branch2.b.weight
16 frozen s2.pathway0_res0.branch2.b_bn.weight
17 frozen s2.pathway0_res0.branch2.b_bn.bias
18 frozen s2.pathway0_res0.branch2.c.weight
19 frozen s2.pathway0_res0.branch2.c_bn.weight
20 frozen s2.pathway0_res0.branch2.c_bn.bias
21 frozen s2.pathway0_res1.branch2.a.weight
22 frozen s2.pathway0_res1.branch2.a_bn.weight
23 frozen s2.pathway0_res1.branch2.a_bn.bias
24 frozen s2.pathway0_res1.branch2.b.weight
25 frozen s2.pathway0_res1.branch2.b_bn.weight
26 frozen s2.pathway0_res1.branch2.b_bn.bias
27 frozen s2.pathway0_res1.branch2.c.weight
28 frozen s2.pathway0_res1.branch2.c_bn.weight
29 frozen s2.pathway0_res1.branch2.c_bn.bias
30 frozen s2.pathway0_res2.branch2.a.weight
31 frozen s2.pathway0_res2.branch2.a_bn.weight
32 frozen s2.pathway0_res2.branch2.a_bn.bias
33 frozen s2.pathway0_res2.branch2.b.weight
34 frozen s2.pathway0_res2.branch2.b_bn.weight
35 frozen s2.pathway0_res2.branch2.b_bn.bias
36 frozen s2.pathway0_res2.branch2.c.weight
37 frozen s2.pathway0_res2.branch2.c_bn.weight
38 frozen s2.pathway0_res2.branch2.c_bn.bias
39 frozen s2.pathway1_res0.branch1.weight
40 frozen s2.pathway1_res0.branch1_bn.weight
41 frozen s2.pathway1_res0.branch1_bn.bias
42 frozen s2.pathway1_res0.branch2.a.weight
43 frozen s2.pathway1_res0.branch2.a_bn.weight
44 frozen s2.pathway1_res0.branch2.a_bn.bias
45 frozen s2.pathway1_res0.branch2.b.weight
46 frozen s2.pathway1_res0.branch2.b_bn.weight
47 frozen s2.pathway1_res0.branch2.b_bn.bias
48 frozen s2.pathway1_res0.branch2.c.weight
49 frozen s2.pathway1_res0.branch2.c_bn.weight
50 frozen s2.pathway1_res0.branch2.c_bn.bias
51 frozen s2.pathway1_res1.branch2.a.weight
52 frozen s2.pathway1_res1.branch2.a_bn.weight
53 frozen s2.pathway1_res1.branch2.a_bn.bias
54 frozen s2.pathway1_res1.branch2.b.weight
55 frozen s2.pathway1_res1.branch2.b_bn.weight
56 frozen s2.pathway1_res1.branch2.b_bn.bias
57 frozen s2.pathway1_res1.branch2.c.weight
58 frozen s2.pathway1_res1.branch2.c_bn.weight
59 frozen s2.pathway1_res1.branch2.c_bn.bias
60 frozen s2.pathway1_res2.branch2.a.weight
61 frozen s2.pathway1_res2.branch2.a_bn.weight
62 frozen s2.pathway1_res2.branch2.a_bn.bias
63 frozen s2.pathway1_res2.branch2.b.weight
64 frozen s2.pathway1_res2.branch2.b_bn.weight
65 frozen s2.pathway1_res2.branch2.b_bn.bias
66 frozen s2.pathway1_res2.branch2.c.weight
67 frozen s2.pathway1_res2.branch2.c_bn.weight
68 frozen s2.pathway1_res2.branch2.c_bn.bias
69 frozen s2_fuse.conv_f2s.weight
70 frozen s2_fuse.bn.weight
71 frozen s2_fuse.bn.bias
72 frozen s3.pathway0_res0.branch1.weight
73 frozen s3.pathway0_res0.branch1_bn.weight
74 frozen s3.pathway0_res0.branch1_bn.bias
75 frozen s3.pathway0_res0.branch2.a.weight
76 frozen s3.pathway0_res0.branch2.a_bn.weight
77 frozen s3.pathway0_res0.branch2.a_bn.bias
78 frozen s3.pathway0_res0.branch2.b.weight
79 frozen s3.pathway0_res0.branch2.b_bn.weight
80 frozen s3.pathway0_res0.branch2.b_bn.bias
81 frozen s3.pathway0_res0.branch2.c.weight
82 frozen s3.pathway0_res0.branch2.c_bn.weight
83 frozen s3.pathway0_res0.branch2.c_bn.bias
84 frozen s3.pathway0_res1.branch2.a.weight
85 frozen s3.pathway0_res1.branch2.a_bn.weight
86 frozen s3.pathway0_res1.branch2.a_bn.bias
87 frozen s3.pathway0_res1.branch2.b.weight
88 frozen s3.pathway0_res1.branch2.b_bn.weight
89 frozen s3.pathway0_res1.branch2.b_bn.bias
90 frozen s3.pathway0_res1.branch2.c.weight
91 frozen s3.pathway0_res1.branch2.c_bn.weight
92 frozen s3.pathway0_res1.branch2.c_bn.bias
93 frozen s3.pathway0_res2.branch2.a.weight
94 frozen s3.pathway0_res2.branch2.a_bn.weight
95 frozen s3.pathway0_res2.branch2.a_bn.bias
96 frozen s3.pathway0_res2.branch2.b.weight
97 frozen s3.pathway0_res2.branch2.b_bn.weight
98 frozen s3.pathway0_res2.branch2.b_bn.bias
99 frozen s3.pathway0_res2.branch2.c.weight
100 frozen s3.pathway0_res2.branch2.c_bn.weight
101 frozen s3.pathway0_res2.branch2.c_bn.bias
102 frozen s3.pathway0_res3.branch2.a.weight
103 frozen s3.pathway0_res3.branch2.a_bn.weight
104 frozen s3.pathway0_res3.branch2.a_bn.bias
105 frozen s3.pathway0_res3.branch2.b.weight
106 frozen s3.pathway0_res3.branch2.b_bn.weight
107 frozen s3.pathway0_res3.branch2.b_bn.bias
108 frozen s3.pathway0_res3.branch2.c.weight
109 frozen s3.pathway0_res3.branch2.c_bn.weight
110 frozen s3.pathway0_res3.branch2.c_bn.bias
111 frozen s3.pathway1_res0.branch1.weight
112 frozen s3.pathway1_res0.branch1_bn.weight
113 frozen s3.pathway1_res0.branch1_bn.bias
114 frozen s3.pathway1_res0.branch2.a.weight
115 frozen s3.pathway1_res0.branch2.a_bn.weight
116 frozen s3.pathway1_res0.branch2.a_bn.bias
117 frozen s3.pathway1_res0.branch2.b.weight
118 frozen s3.pathway1_res0.branch2.b_bn.weight
119 frozen s3.pathway1_res0.branch2.b_bn.bias
120 frozen s3.pathway1_res0.branch2.c.weight
121 frozen s3.pathway1_res0.branch2.c_bn.weight
122 frozen s3.pathway1_res0.branch2.c_bn.bias
123 frozen s3.pathway1_res1.branch2.a.weight
124 frozen s3.pathway1_res1.branch2.a_bn.weight
125 frozen s3.pathway1_res1.branch2.a_bn.bias
126 frozen s3.pathway1_res1.branch2.b.weight
127 frozen s3.pathway1_res1.branch2.b_bn.weight
128 frozen s3.pathway1_res1.branch2.b_bn.bias
129 frozen s3.pathway1_res1.branch2.c.weight
130 frozen s3.pathway1_res1.branch2.c_bn.weight
131 frozen s3.pathway1_res1.branch2.c_bn.bias
132 frozen s3.pathway1_res2.branch2.a.weight
133 frozen s3.pathway1_res2.branch2.a_bn.weight
134 frozen s3.pathway1_res2.branch2.a_bn.bias
135 frozen s3.pathway1_res2.branch2.b.weight
136 frozen s3.pathway1_res2.branch2.b_bn.weight
137 frozen s3.pathway1_res2.branch2.b_bn.bias
138 frozen s3.pathway1_res2.branch2.c.weight
139 frozen s3.pathway1_res2.branch2.c_bn.weight
140 frozen s3.pathway1_res2.branch2.c_bn.bias
141 frozen s3.pathway1_res3.branch2.a.weight
142 frozen s3.pathway1_res3.branch2.a_bn.weight
143 frozen s3.pathway1_res3.branch2.a_bn.bias
144 frozen s3.pathway1_res3.branch2.b.weight
145 frozen s3.pathway1_res3.branch2.b_bn.weight
146 frozen s3.pathway1_res3.branch2.b_bn.bias
147 frozen s3.pathway1_res3.branch2.c.weight
148 frozen s3.pathway1_res3.branch2.c_bn.weight
149 frozen s3.pathway1_res3.branch2.c_bn.bias
150 frozen s3_fuse.conv_f2s.weight
151 frozen s3_fuse.bn.weight
152 frozen s3_fuse.bn.bias
153 frozen s4.pathway0_res0.branch1.weight
154 frozen s4.pathway0_res0.branch1_bn.weight
155 frozen s4.pathway0_res0.branch1_bn.bias
156 frozen s4.pathway0_res0.branch2.a.weight
157 frozen s4.pathway0_res0.branch2.a_bn.weight
158 frozen s4.pathway0_res0.branch2.a_bn.bias
159 frozen s4.pathway0_res0.branch2.b.weight
160 frozen s4.pathway0_res0.branch2.b_bn.weight
161 frozen s4.pathway0_res0.branch2.b_bn.bias
162 frozen s4.pathway0_res0.branch2.c.weight
163 frozen s4.pathway0_res0.branch2.c_bn.weight
164 frozen s4.pathway0_res0.branch2.c_bn.bias
165 frozen s4.pathway0_res1.branch2.a.weight
166 frozen s4.pathway0_res1.branch2.a_bn.weight
167 frozen s4.pathway0_res1.branch2.a_bn.bias
168 frozen s4.pathway0_res1.branch2.b.weight
169 frozen s4.pathway0_res1.branch2.b_bn.weight
170 frozen s4.pathway0_res1.branch2.b_bn.bias
171 frozen s4.pathway0_res1.branch2.c.weight
172 frozen s4.pathway0_res1.branch2.c_bn.weight
173 frozen s4.pathway0_res1.branch2.c_bn.bias
174 frozen s4.pathway0_res2.branch2.a.weight
175 frozen s4.pathway0_res2.branch2.a_bn.weight
176 frozen s4.pathway0_res2.branch2.a_bn.bias
177 frozen s4.pathway0_res2.branch2.b.weight
178 frozen s4.pathway0_res2.branch2.b_bn.weight
179 frozen s4.pathway0_res2.branch2.b_bn.bias
180 frozen s4.pathway0_res2.branch2.c.weight
181 frozen s4.pathway0_res2.branch2.c_bn.weight
182 frozen s4.pathway0_res2.branch2.c_bn.bias
183 frozen s4.pathway0_res3.branch2.a.weight
184 frozen s4.pathway0_res3.branch2.a_bn.weight
185 frozen s4.pathway0_res3.branch2.a_bn.bias
186 frozen s4.pathway0_res3.branch2.b.weight
187 frozen s4.pathway0_res3.branch2.b_bn.weight
188 frozen s4.pathway0_res3.branch2.b_bn.bias
189 frozen s4.pathway0_res3.branch2.c.weight
190 frozen s4.pathway0_res3.branch2.c_bn.weight
191 frozen s4.pathway0_res3.branch2.c_bn.bias
192 frozen s4.pathway0_res4.branch2.a.weight
193 frozen s4.pathway0_res4.branch2.a_bn.weight
194 frozen s4.pathway0_res4.branch2.a_bn.bias
195 frozen s4.pathway0_res4.branch2.b.weight
196 frozen s4.pathway0_res4.branch2.b_bn.weight
197 frozen s4.pathway0_res4.branch2.b_bn.bias
198 frozen s4.pathway0_res4.branch2.c.weight
199 frozen s4.pathway0_res4.branch2.c_bn.weight
200 frozen s4.pathway0_res4.branch2.c_bn.bias
201 frozen s4.pathway0_res5.branch2.a.weight
202 frozen s4.pathway0_res5.branch2.a_bn.weight
203 frozen s4.pathway0_res5.branch2.a_bn.bias
204 frozen s4.pathway0_res5.branch2.b.weight
205 frozen s4.pathway0_res5.branch2.b_bn.weight
206 frozen s4.pathway0_res5.branch2.b_bn.bias
207 frozen s4.pathway0_res5.branch2.c.weight
208 frozen s4.pathway0_res5.branch2.c_bn.weight
209 frozen s4.pathway0_res5.branch2.c_bn.bias
210 frozen s4.pathway0_res6.branch2.a.weight
211 frozen s4.pathway0_res6.branch2.a_bn.weight
212 frozen s4.pathway0_res6.branch2.a_bn.bias
213 frozen s4.pathway0_res6.branch2.b.weight
214 frozen s4.pathway0_res6.branch2.b_bn.weight
215 frozen s4.pathway0_res6.branch2.b_bn.bias
216 frozen s4.pathway0_res6.branch2.c.weight
217 frozen s4.pathway0_res6.branch2.c_bn.weight
218 frozen s4.pathway0_res6.branch2.c_bn.bias
219 frozen s4.pathway0_nonlocal6.conv_theta.weight
220 frozen s4.pathway0_nonlocal6.conv_theta.bias
221 frozen s4.pathway0_nonlocal6.conv_phi.weight
222 frozen s4.pathway0_nonlocal6.conv_phi.bias
223 frozen s4.pathway0_nonlocal6.conv_g.weight
224 frozen s4.pathway0_nonlocal6.conv_g.bias
225 frozen s4.pathway0_nonlocal6.conv_out.weight
226 frozen s4.pathway0_nonlocal6.conv_out.bias
227 frozen s4.pathway0_nonlocal6.bn.weight
228 frozen s4.pathway0_nonlocal6.bn.bias
229 frozen s4.pathway0_res7.branch2.a.weight
230 frozen s4.pathway0_res7.branch2.a_bn.weight
231 frozen s4.pathway0_res7.branch2.a_bn.bias
232 frozen s4.pathway0_res7.branch2.b.weight
233 frozen s4.pathway0_res7.branch2.b_bn.weight
234 frozen s4.pathway0_res7.branch2.b_bn.bias
235 frozen s4.pathway0_res7.branch2.c.weight
236 frozen s4.pathway0_res7.branch2.c_bn.weight
237 frozen s4.pathway0_res7.branch2.c_bn.bias
238 frozen s4.pathway0_res8.branch2.a.weight
239 frozen s4.pathway0_res8.branch2.a_bn.weight
240 frozen s4.pathway0_res8.branch2.a_bn.bias
241 frozen s4.pathway0_res8.branch2.b.weight
242 frozen s4.pathway0_res8.branch2.b_bn.weight
243 frozen s4.pathway0_res8.branch2.b_bn.bias
244 frozen s4.pathway0_res8.branch2.c.weight
245 frozen s4.pathway0_res8.branch2.c_bn.weight
246 frozen s4.pathway0_res8.branch2.c_bn.bias
247 frozen s4.pathway0_res9.branch2.a.weight
248 frozen s4.pathway0_res9.branch2.a_bn.weight
249 frozen s4.pathway0_res9.branch2.a_bn.bias
250 frozen s4.pathway0_res9.branch2.b.weight
251 frozen s4.pathway0_res9.branch2.b_bn.weight
252 frozen s4.pathway0_res9.branch2.b_bn.bias
253 frozen s4.pathway0_res9.branch2.c.weight
254 frozen s4.pathway0_res9.branch2.c_bn.weight
255 frozen s4.pathway0_res9.branch2.c_bn.bias
256 frozen s4.pathway0_res10.branch2.a.weight
257 frozen s4.pathway0_res10.branch2.a_bn.weight
258 frozen s4.pathway0_res10.branch2.a_bn.bias
259 frozen s4.pathway0_res10.branch2.b.weight
260 frozen s4.pathway0_res10.branch2.b_bn.weight
261 frozen s4.pathway0_res10.branch2.b_bn.bias
262 frozen s4.pathway0_res10.branch2.c.weight
263 frozen s4.pathway0_res10.branch2.c_bn.weight
264 frozen s4.pathway0_res10.branch2.c_bn.bias
265 frozen s4.pathway0_res11.branch2.a.weight
266 frozen s4.pathway0_res11.branch2.a_bn.weight
267 frozen s4.pathway0_res11.branch2.a_bn.bias
268 frozen s4.pathway0_res11.branch2.b.weight
269 frozen s4.pathway0_res11.branch2.b_bn.weight
270 frozen s4.pathway0_res11.branch2.b_bn.bias
271 frozen s4.pathway0_res11.branch2.c.weight
272 frozen s4.pathway0_res11.branch2.c_bn.weight
273 frozen s4.pathway0_res11.branch2.c_bn.bias
274 frozen s4.pathway0_res12.branch2.a.weight
275 frozen s4.pathway0_res12.branch2.a_bn.weight
276 frozen s4.pathway0_res12.branch2.a_bn.bias
277 frozen s4.pathway0_res12.branch2.b.weight
278 frozen s4.pathway0_res12.branch2.b_bn.weight
279 frozen s4.pathway0_res12.branch2.b_bn.bias
280 frozen s4.pathway0_res12.branch2.c.weight
281 frozen s4.pathway0_res12.branch2.c_bn.weight
282 frozen s4.pathway0_res12.branch2.c_bn.bias
283 frozen s4.pathway0_res13.branch2.a.weight
284 frozen s4.pathway0_res13.branch2.a_bn.weight
285 frozen s4.pathway0_res13.branch2.a_bn.bias
286 frozen s4.pathway0_res13.branch2.b.weight
287 frozen s4.pathway0_res13.branch2.b_bn.weight
288 frozen s4.pathway0_res13.branch2.b_bn.bias
289 frozen s4.pathway0_res13.branch2.c.weight
290 frozen s4.pathway0_res13.branch2.c_bn.weight
291 frozen s4.pathway0_res13.branch2.c_bn.bias
292 frozen s4.pathway0_nonlocal13.conv_theta.weight
293 frozen s4.pathway0_nonlocal13.conv_theta.bias
294 frozen s4.pathway0_nonlocal13.conv_phi.weight
295 frozen s4.pathway0_nonlocal13.conv_phi.bias
296 frozen s4.pathway0_nonlocal13.conv_g.weight
297 frozen s4.pathway0_nonlocal13.conv_g.bias
298 frozen s4.pathway0_nonlocal13.conv_out.weight
299 frozen s4.pathway0_nonlocal13.conv_out.bias
300 frozen s4.pathway0_nonlocal13.bn.weight
301 frozen s4.pathway0_nonlocal13.bn.bias
302 frozen s4.pathway0_res14.branch2.a.weight
303 frozen s4.pathway0_res14.branch2.a_bn.weight
304 frozen s4.pathway0_res14.branch2.a_bn.bias
305 frozen s4.pathway0_res14.branch2.b.weight
306 frozen s4.pathway0_res14.branch2.b_bn.weight
307 frozen s4.pathway0_res14.branch2.b_bn.bias
308 frozen s4.pathway0_res14.branch2.c.weight
309 frozen s4.pathway0_res14.branch2.c_bn.weight
310 frozen s4.pathway0_res14.branch2.c_bn.bias
311 frozen s4.pathway0_res15.branch2.a.weight
312 frozen s4.pathway0_res15.branch2.a_bn.weight
313 frozen s4.pathway0_res15.branch2.a_bn.bias
314 frozen s4.pathway0_res15.branch2.b.weight
315 frozen s4.pathway0_res15.branch2.b_bn.weight
316 frozen s4.pathway0_res15.branch2.b_bn.bias
317 frozen s4.pathway0_res15.branch2.c.weight
318 frozen s4.pathway0_res15.branch2.c_bn.weight
319 frozen s4.pathway0_res15.branch2.c_bn.bias
320 frozen s4.pathway0_res16.branch2.a.weight
321 frozen s4.pathway0_res16.branch2.a_bn.weight
322 frozen s4.pathway0_res16.branch2.a_bn.bias
323 frozen s4.pathway0_res16.branch2.b.weight
324 frozen s4.pathway0_res16.branch2.b_bn.weight
325 frozen s4.pathway0_res16.branch2.b_bn.bias
326 frozen s4.pathway0_res16.branch2.c.weight
327 frozen s4.pathway0_res16.branch2.c_bn.weight
328 frozen s4.pathway0_res16.branch2.c_bn.bias
329 frozen s4.pathway0_res17.branch2.a.weight
330 frozen s4.pathway0_res17.branch2.a_bn.weight
331 frozen s4.pathway0_res17.branch2.a_bn.bias
332 frozen s4.pathway0_res17.branch2.b.weight
333 frozen s4.pathway0_res17.branch2.b_bn.weight
334 frozen s4.pathway0_res17.branch2.b_bn.bias
335 frozen s4.pathway0_res17.branch2.c.weight
336 frozen s4.pathway0_res17.branch2.c_bn.weight
337 frozen s4.pathway0_res17.branch2.c_bn.bias
338 frozen s4.pathway0_res18.branch2.a.weight
339 frozen s4.pathway0_res18.branch2.a_bn.weight
340 frozen s4.pathway0_res18.branch2.a_bn.bias
341 frozen s4.pathway0_res18.branch2.b.weight
342 frozen s4.pathway0_res18.branch2.b_bn.weight
343 frozen s4.pathway0_res18.branch2.b_bn.bias
344 frozen s4.pathway0_res18.branch2.c.weight
345 frozen s4.pathway0_res18.branch2.c_bn.weight
346 frozen s4.pathway0_res18.branch2.c_bn.bias
347 frozen s4.pathway0_res19.branch2.a.weight
348 frozen s4.pathway0_res19.branch2.a_bn.weight
349 frozen s4.pathway0_res19.branch2.a_bn.bias
350 frozen s4.pathway0_res19.branch2.b.weight
351 frozen s4.pathway0_res19.branch2.b_bn.weight
352 frozen s4.pathway0_res19.branch2.b_bn.bias
353 frozen s4.pathway0_res19.branch2.c.weight
354 frozen s4.pathway0_res19.branch2.c_bn.weight
355 frozen s4.pathway0_res19.branch2.c_bn.bias
356 frozen s4.pathway0_res20.branch2.a.weight
357 frozen s4.pathway0_res20.branch2.a_bn.weight
358 frozen s4.pathway0_res20.branch2.a_bn.bias
359 frozen s4.pathway0_res20.branch2.b.weight
360 frozen s4.pathway0_res20.branch2.b_bn.weight
361 frozen s4.pathway0_res20.branch2.b_bn.bias
362 frozen s4.pathway0_res20.branch2.c.weight
363 frozen s4.pathway0_res20.branch2.c_bn.weight
364 frozen s4.pathway0_res20.branch2.c_bn.bias
365 frozen s4.pathway0_nonlocal20.conv_theta.weight
366 frozen s4.pathway0_nonlocal20.conv_theta.bias
367 frozen s4.pathway0_nonlocal20.conv_phi.weight
368 frozen s4.pathway0_nonlocal20.conv_phi.bias
369 frozen s4.pathway0_nonlocal20.conv_g.weight
370 frozen s4.pathway0_nonlocal20.conv_g.bias
371 frozen s4.pathway0_nonlocal20.conv_out.weight
372 frozen s4.pathway0_nonlocal20.conv_out.bias
373 frozen s4.pathway0_nonlocal20.bn.weight
374 frozen s4.pathway0_nonlocal20.bn.bias
375 frozen s4.pathway0_res21.branch2.a.weight
376 frozen s4.pathway0_res21.branch2.a_bn.weight
377 frozen s4.pathway0_res21.branch2.a_bn.bias
378 frozen s4.pathway0_res21.branch2.b.weight
379 frozen s4.pathway0_res21.branch2.b_bn.weight
380 frozen s4.pathway0_res21.branch2.b_bn.bias
381 frozen s4.pathway0_res21.branch2.c.weight
382 frozen s4.pathway0_res21.branch2.c_bn.weight
383 frozen s4.pathway0_res21.branch2.c_bn.bias
384 frozen s4.pathway0_res22.branch2.a.weight
385 frozen s4.pathway0_res22.branch2.a_bn.weight
386 frozen s4.pathway0_res22.branch2.a_bn.bias
387 frozen s4.pathway0_res22.branch2.b.weight
388 frozen s4.pathway0_res22.branch2.b_bn.weight
389 frozen s4.pathway0_res22.branch2.b_bn.bias
390 frozen s4.pathway0_res22.branch2.c.weight
391 frozen s4.pathway0_res22.branch2.c_bn.weight
392 frozen s4.pathway0_res22.branch2.c_bn.bias
393 frozen s4.pathway1_res0.branch1.weight
394 frozen s4.pathway1_res0.branch1_bn.weight
395 frozen s4.pathway1_res0.branch1_bn.bias
396 frozen s4.pathway1_res0.branch2.a.weight
397 frozen s4.pathway1_res0.branch2.a_bn.weight
398 frozen s4.pathway1_res0.branch2.a_bn.bias
399 frozen s4.pathway1_res0.branch2.b.weight
400 frozen s4.pathway1_res0.branch2.b_bn.weight
401 frozen s4.pathway1_res0.branch2.b_bn.bias
402 frozen s4.pathway1_res0.branch2.c.weight
403 frozen s4.pathway1_res0.branch2.c_bn.weight
404 frozen s4.pathway1_res0.branch2.c_bn.bias
405 frozen s4.pathway1_res1.branch2.a.weight
406 frozen s4.pathway1_res1.branch2.a_bn.weight
407 frozen s4.pathway1_res1.branch2.a_bn.bias
408 frozen s4.pathway1_res1.branch2.b.weight
409 frozen s4.pathway1_res1.branch2.b_bn.weight
410 frozen s4.pathway1_res1.branch2.b_bn.bias
411 frozen s4.pathway1_res1.branch2.c.weight
412 frozen s4.pathway1_res1.branch2.c_bn.weight
413 frozen s4.pathway1_res1.branch2.c_bn.bias
414 frozen s4.pathway1_res2.branch2.a.weight
415 frozen s4.pathway1_res2.branch2.a_bn.weight
416 frozen s4.pathway1_res2.branch2.a_bn.bias
417 frozen s4.pathway1_res2.branch2.b.weight
418 frozen s4.pathway1_res2.branch2.b_bn.weight
419 frozen s4.pathway1_res2.branch2.b_bn.bias
420 frozen s4.pathway1_res2.branch2.c.weight
421 frozen s4.pathway1_res2.branch2.c_bn.weight
422 frozen s4.pathway1_res2.branch2.c_bn.bias
423 frozen s4.pathway1_res3.branch2.a.weight
424 frozen s4.pathway1_res3.branch2.a_bn.weight
425 frozen s4.pathway1_res3.branch2.a_bn.bias
426 frozen s4.pathway1_res3.branch2.b.weight
427 frozen s4.pathway1_res3.branch2.b_bn.weight
428 frozen s4.pathway1_res3.branch2.b_bn.bias
429 frozen s4.pathway1_res3.branch2.c.weight
430 frozen s4.pathway1_res3.branch2.c_bn.weight
431 frozen s4.pathway1_res3.branch2.c_bn.bias
432 frozen s4.pathway1_res4.branch2.a.weight
433 frozen s4.pathway1_res4.branch2.a_bn.weight
434 frozen s4.pathway1_res4.branch2.a_bn.bias
435 frozen s4.pathway1_res4.branch2.b.weight
436 frozen s4.pathway1_res4.branch2.b_bn.weight
437 frozen s4.pathway1_res4.branch2.b_bn.bias
438 frozen s4.pathway1_res4.branch2.c.weight
439 frozen s4.pathway1_res4.branch2.c_bn.weight
440 frozen s4.pathway1_res4.branch2.c_bn.bias
441 frozen s4.pathway1_res5.branch2.a.weight
442 frozen s4.pathway1_res5.branch2.a_bn.weight
443 frozen s4.pathway1_res5.branch2.a_bn.bias
444 frozen s4.pathway1_res5.branch2.b.weight
445 frozen s4.pathway1_res5.branch2.b_bn.weight
446 frozen s4.pathway1_res5.branch2.b_bn.bias
447 frozen s4.pathway1_res5.branch2.c.weight
448 frozen s4.pathway1_res5.branch2.c_bn.weight
449 frozen s4.pathway1_res5.branch2.c_bn.bias
450 frozen s4.pathway1_res6.branch2.a.weight
451 frozen s4.pathway1_res6.branch2.a_bn.weight
452 frozen s4.pathway1_res6.branch2.a_bn.bias
453 frozen s4.pathway1_res6.branch2.b.weight
454 frozen s4.pathway1_res6.branch2.b_bn.weight
455 frozen s4.pathway1_res6.branch2.b_bn.bias
456 frozen s4.pathway1_res6.branch2.c.weight
457 frozen s4.pathway1_res6.branch2.c_bn.weight
458 frozen s4.pathway1_res6.branch2.c_bn.bias
459 frozen s4.pathway1_res7.branch2.a.weight
460 frozen s4.pathway1_res7.branch2.a_bn.weight
461 frozen s4.pathway1_res7.branch2.a_bn.bias
462 frozen s4.pathway1_res7.branch2.b.weight
463 frozen s4.pathway1_res7.branch2.b_bn.weight
464 frozen s4.pathway1_res7.branch2.b_bn.bias
465 frozen s4.pathway1_res7.branch2.c.weight
466 frozen s4.pathway1_res7.branch2.c_bn.weight
467 frozen s4.pathway1_res7.branch2.c_bn.bias
468 frozen s4.pathway1_res8.branch2.a.weight
469 frozen s4.pathway1_res8.branch2.a_bn.weight
470 frozen s4.pathway1_res8.branch2.a_bn.bias
471 frozen s4.pathway1_res8.branch2.b.weight
472 frozen s4.pathway1_res8.branch2.b_bn.weight
473 frozen s4.pathway1_res8.branch2.b_bn.bias
474 frozen s4.pathway1_res8.branch2.c.weight
475 frozen s4.pathway1_res8.branch2.c_bn.weight
476 frozen s4.pathway1_res8.branch2.c_bn.bias
477 frozen s4.pathway1_res9.branch2.a.weight
478 frozen s4.pathway1_res9.branch2.a_bn.weight
479 frozen s4.pathway1_res9.branch2.a_bn.bias
480 frozen s4.pathway1_res9.branch2.b.weight
481 frozen s4.pathway1_res9.branch2.b_bn.weight
482 frozen s4.pathway1_res9.branch2.b_bn.bias
483 frozen s4.pathway1_res9.branch2.c.weight
484 frozen s4.pathway1_res9.branch2.c_bn.weight
485 frozen s4.pathway1_res9.branch2.c_bn.bias
486 frozen s4.pathway1_res10.branch2.a.weight
487 frozen s4.pathway1_res10.branch2.a_bn.weight
488 frozen s4.pathway1_res10.branch2.a_bn.bias
489 frozen s4.pathway1_res10.branch2.b.weight
490 frozen s4.pathway1_res10.branch2.b_bn.weight
491 frozen s4.pathway1_res10.branch2.b_bn.bias
492 frozen s4.pathway1_res10.branch2.c.weight
493 frozen s4.pathway1_res10.branch2.c_bn.weight
494 frozen s4.pathway1_res10.branch2.c_bn.bias
495 frozen s4.pathway1_res11.branch2.a.weight
496 frozen s4.pathway1_res11.branch2.a_bn.weight
497 frozen s4.pathway1_res11.branch2.a_bn.bias
498 frozen s4.pathway1_res11.branch2.b.weight
499 frozen s4.pathway1_res11.branch2.b_bn.weight
500 frozen s4.pathway1_res11.branch2.b_bn.bias
501 frozen s4.pathway1_res11.branch2.c.weight
502 frozen s4.pathway1_res11.branch2.c_bn.weight
503 frozen s4.pathway1_res11.branch2.c_bn.bias
504 frozen s4.pathway1_res12.branch2.a.weight
505 frozen s4.pathway1_res12.branch2.a_bn.weight
506 frozen s4.pathway1_res12.branch2.a_bn.bias
507 frozen s4.pathway1_res12.branch2.b.weight
508 frozen s4.pathway1_res12.branch2.b_bn.weight
509 frozen s4.pathway1_res12.branch2.b_bn.bias
510 frozen s4.pathway1_res12.branch2.c.weight
511 frozen s4.pathway1_res12.branch2.c_bn.weight
512 frozen s4.pathway1_res12.branch2.c_bn.bias
513 frozen s4.pathway1_res13.branch2.a.weight
514 frozen s4.pathway1_res13.branch2.a_bn.weight
515 frozen s4.pathway1_res13.branch2.a_bn.bias
516 frozen s4.pathway1_res13.branch2.b.weight
517 frozen s4.pathway1_res13.branch2.b_bn.weight
518 frozen s4.pathway1_res13.branch2.b_bn.bias
519 frozen s4.pathway1_res13.branch2.c.weight
520 frozen s4.pathway1_res13.branch2.c_bn.weight
521 frozen s4.pathway1_res13.branch2.c_bn.bias
522 frozen s4.pathway1_res14.branch2.a.weight
523 frozen s4.pathway1_res14.branch2.a_bn.weight
524 frozen s4.pathway1_res14.branch2.a_bn.bias
525 frozen s4.pathway1_res14.branch2.b.weight
526 frozen s4.pathway1_res14.branch2.b_bn.weight
527 frozen s4.pathway1_res14.branch2.b_bn.bias
528 frozen s4.pathway1_res14.branch2.c.weight
529 frozen s4.pathway1_res14.branch2.c_bn.weight
530 frozen s4.pathway1_res14.branch2.c_bn.bias
531 frozen s4.pathway1_res15.branch2.a.weight
532 frozen s4.pathway1_res15.branch2.a_bn.weight
533 frozen s4.pathway1_res15.branch2.a_bn.bias
534 frozen s4.pathway1_res15.branch2.b.weight
535 frozen s4.pathway1_res15.branch2.b_bn.weight
536 frozen s4.pathway1_res15.branch2.b_bn.bias
537 frozen s4.pathway1_res15.branch2.c.weight
538 frozen s4.pathway1_res15.branch2.c_bn.weight
539 frozen s4.pathway1_res15.branch2.c_bn.bias
540 frozen s4.pathway1_res16.branch2.a.weight
541 frozen s4.pathway1_res16.branch2.a_bn.weight
542 frozen s4.pathway1_res16.branch2.a_bn.bias
543 frozen s4.pathway1_res16.branch2.b.weight
544 frozen s4.pathway1_res16.branch2.b_bn.weight
545 frozen s4.pathway1_res16.branch2.b_bn.bias
546 frozen s4.pathway1_res16.branch2.c.weight
547 frozen s4.pathway1_res16.branch2.c_bn.weight
548 frozen s4.pathway1_res16.branch2.c_bn.bias
549 frozen s4.pathway1_res17.branch2.a.weight
550 frozen s4.pathway1_res17.branch2.a_bn.weight
551 frozen s4.pathway1_res17.branch2.a_bn.bias
552 frozen s4.pathway1_res17.branch2.b.weight
553 frozen s4.pathway1_res17.branch2.b_bn.weight
554 frozen s4.pathway1_res17.branch2.b_bn.bias
555 frozen s4.pathway1_res17.branch2.c.weight
556 frozen s4.pathway1_res17.branch2.c_bn.weight
557 frozen s4.pathway1_res17.branch2.c_bn.bias
558 frozen s4.pathway1_res18.branch2.a.weight
559 frozen s4.pathway1_res18.branch2.a_bn.weight
560 frozen s4.pathway1_res18.branch2.a_bn.bias
561 frozen s4.pathway1_res18.branch2.b.weight
562 frozen s4.pathway1_res18.branch2.b_bn.weight
563 frozen s4.pathway1_res18.branch2.b_bn.bias
564 frozen s4.pathway1_res18.branch2.c.weight
565 frozen s4.pathway1_res18.branch2.c_bn.weight
566 frozen s4.pathway1_res18.branch2.c_bn.bias
567 frozen s4.pathway1_res19.branch2.a.weight
568 frozen s4.pathway1_res19.branch2.a_bn.weight
569 frozen s4.pathway1_res19.branch2.a_bn.bias
570 frozen s4.pathway1_res19.branch2.b.weight
571 frozen s4.pathway1_res19.branch2.b_bn.weight
572 frozen s4.pathway1_res19.branch2.b_bn.bias
573 frozen s4.pathway1_res19.branch2.c.weight
574 frozen s4.pathway1_res19.branch2.c_bn.weight
575 frozen s4.pathway1_res19.branch2.c_bn.bias
576 frozen s4.pathway1_res20.branch2.a.weight
577 frozen s4.pathway1_res20.branch2.a_bn.weight
578 frozen s4.pathway1_res20.branch2.a_bn.bias
579 frozen s4.pathway1_res20.branch2.b.weight
580 frozen s4.pathway1_res20.branch2.b_bn.weight
581 frozen s4.pathway1_res20.branch2.b_bn.bias
582 frozen s4.pathway1_res20.branch2.c.weight
583 frozen s4.pathway1_res20.branch2.c_bn.weight
584 frozen s4.pathway1_res20.branch2.c_bn.bias
585 frozen s4.pathway1_res21.branch2.a.weight
586 frozen s4.pathway1_res21.branch2.a_bn.weight
587 frozen s4.pathway1_res21.branch2.a_bn.bias
588 frozen s4.pathway1_res21.branch2.b.weight
589 frozen s4.pathway1_res21.branch2.b_bn.weight
590 frozen s4.pathway1_res21.branch2.b_bn.bias
591 frozen s4.pathway1_res21.branch2.c.weight
592 frozen s4.pathway1_res21.branch2.c_bn.weight
593 frozen s4.pathway1_res21.branch2.c_bn.bias
594 frozen s4.pathway1_res22.branch2.a.weight
595 frozen s4.pathway1_res22.branch2.a_bn.weight
596 frozen s4.pathway1_res22.branch2.a_bn.bias
597 frozen s4.pathway1_res22.branch2.b.weight
598 frozen s4.pathway1_res22.branch2.b_bn.weight
599 frozen s4.pathway1_res22.branch2.b_bn.bias
600 frozen s4.pathway1_res22.branch2.c.weight
601 frozen s4.pathway1_res22.branch2.c_bn.weight
602 frozen s4.pathway1_res22.branch2.c_bn.bias
603 frozen s4_fuse.conv_f2s.weight
604 frozen s4_fuse.bn.weight
605 frozen s4_fuse.bn.bias
606 unfrozen s5.pathway0_res0.branch1.weight
607 unfrozen s5.pathway0_res0.branch1_bn.weight
608 unfrozen s5.pathway0_res0.branch1_bn.bias
609 unfrozen s5.pathway0_res0.branch2.a.weight
610 unfrozen s5.pathway0_res0.branch2.a_bn.weight
611 unfrozen s5.pathway0_res0.branch2.a_bn.bias
612 unfrozen s5.pathway0_res0.branch2.b.weight
613 unfrozen s5.pathway0_res0.branch2.b_bn.weight
614 unfrozen s5.pathway0_res0.branch2.b_bn.bias
615 unfrozen s5.pathway0_res0.branch2.c.weight
616 unfrozen s5.pathway0_res0.branch2.c_bn.weight
617 unfrozen s5.pathway0_res0.branch2.c_bn.bias
618 unfrozen s5.pathway0_res1.branch2.a.weight
619 unfrozen s5.pathway0_res1.branch2.a_bn.weight
620 unfrozen s5.pathway0_res1.branch2.a_bn.bias
621 unfrozen s5.pathway0_res1.branch2.b.weight
622 unfrozen s5.pathway0_res1.branch2.b_bn.weight
623 unfrozen s5.pathway0_res1.branch2.b_bn.bias
624 unfrozen s5.pathway0_res1.branch2.c.weight
625 unfrozen s5.pathway0_res1.branch2.c_bn.weight
626 unfrozen s5.pathway0_res1.branch2.c_bn.bias
627 unfrozen s5.pathway0_res2.branch2.a.weight
628 unfrozen s5.pathway0_res2.branch2.a_bn.weight
629 unfrozen s5.pathway0_res2.branch2.a_bn.bias
630 unfrozen s5.pathway0_res2.branch2.b.weight
631 unfrozen s5.pathway0_res2.branch2.b_bn.weight
632 unfrozen s5.pathway0_res2.branch2.b_bn.bias
633 unfrozen s5.pathway0_res2.branch2.c.weight
634 unfrozen s5.pathway0_res2.branch2.c_bn.weight
635 unfrozen s5.pathway0_res2.branch2.c_bn.bias
636 unfrozen s5.pathway1_res0.branch1.weight
637 unfrozen s5.pathway1_res0.branch1_bn.weight
638 unfrozen s5.pathway1_res0.branch1_bn.bias
639 unfrozen s5.pathway1_res0.branch2.a.weight
640 unfrozen s5.pathway1_res0.branch2.a_bn.weight
641 unfrozen s5.pathway1_res0.branch2.a_bn.bias
642 unfrozen s5.pathway1_res0.branch2.b.weight
643 unfrozen s5.pathway1_res0.branch2.b_bn.weight
644 unfrozen s5.pathway1_res0.branch2.b_bn.bias
645 unfrozen s5.pathway1_res0.branch2.c.weight
646 unfrozen s5.pathway1_res0.branch2.c_bn.weight
647 unfrozen s5.pathway1_res0.branch2.c_bn.bias
648 unfrozen s5.pathway1_res1.branch2.a.weight
649 unfrozen s5.pathway1_res1.branch2.a_bn.weight
650 unfrozen s5.pathway1_res1.branch2.a_bn.bias
651 unfrozen s5.pathway1_res1.branch2.b.weight
652 unfrozen s5.pathway1_res1.branch2.b_bn.weight
653 unfrozen s5.pathway1_res1.branch2.b_bn.bias
654 unfrozen s5.pathway1_res1.branch2.c.weight
655 unfrozen s5.pathway1_res1.branch2.c_bn.weight
656 unfrozen s5.pathway1_res1.branch2.c_bn.bias
657 unfrozen s5.pathway1_res2.branch2.a.weight
658 unfrozen s5.pathway1_res2.branch2.a_bn.weight
659 unfrozen s5.pathway1_res2.branch2.a_bn.bias
660 unfrozen s5.pathway1_res2.branch2.b.weight
661 unfrozen s5.pathway1_res2.branch2.b_bn.weight
662 unfrozen s5.pathway1_res2.branch2.b_bn.bias
663 unfrozen s5.pathway1_res2.branch2.c.weight
664 unfrozen s5.pathway1_res2.branch2.c_bn.weight
665 unfrozen s5.pathway1_res2.branch2.c_bn.bias
666 unfrozen head.projection.weight
667 unfrozen head.projection.bias
[11/27 21:43:50][INFO] checkpoint.py: 507: Load from given checkpoint file.
[11/27 21:43:50][INFO] checkpoint.py: 214: Loading network weights from /srv/beegfs02/scratch/da_action/data/models_pretrained/SLOWFAST_32x2_R101_50_50.pkl.
[11/27 21:43:52][INFO] checkpoint.py: 340: Network weights head.projection.weight not loaded.
[11/27 21:43:52][INFO] checkpoint.py: 340: Network weights head.projection.bias not loaded.
[11/27 21:43:56][INFO] ava_helper.py:  65: Finished loading image paths from: /srv/beegfs02/scratch/da_action/data/ava/frame_lists_10_500_100/train.csv
[11/27 21:43:57][INFO] ava_helper.py: 111: Finished loading annotations from: /srv/beegfs02/scratch/da_action/data/ava/annotations_10_500_100/ava_train_v2.2.csv
[11/27 21:43:57][INFO] ava_helper.py: 113: Detection threshold: 0.8
[11/27 21:43:57][INFO] ava_helper.py: 114: Number of unique boxes: 3847
[11/27 21:43:57][INFO] ava_helper.py: 115: Number of annotations: 5000
[11/27 21:43:57][INFO] ava_helper.py: 162: 2972 keyframes used.
[11/27 21:43:57][INFO] ava_dataset.py:  90: === AVA dataset summary ===
[11/27 21:43:57][INFO] ava_dataset.py:  91: Split: train
[11/27 21:43:57][INFO] ava_dataset.py:  92: Number of videos: 27
[11/27 21:43:57][INFO] ava_dataset.py:  96: Number of frames: 729814
[11/27 21:43:57][INFO] ava_dataset.py:  97: Number of key frames: 2972
[11/27 21:43:57][INFO] ava_dataset.py:  98: Number of boxes: 3847.
[11/27 21:43:58][INFO] ava_helper.py:  65: Finished loading image paths from: /srv/beegfs02/scratch/da_action/data/ava/frame_lists_10_500_100/val.csv
[11/27 21:43:58][INFO] ava_helper.py: 111: Finished loading annotations from: /srv/beegfs02/scratch/da_action/data/ava/annotations_10_500_100/ava_val_predicted_boxes.csv
[11/27 21:43:58][INFO] ava_helper.py: 113: Detection threshold: 0.8
[11/27 21:43:58][INFO] ava_helper.py: 114: Number of unique boxes: 1218
[11/27 21:43:58][INFO] ava_helper.py: 115: Number of annotations: 0
[11/27 21:43:58][INFO] ava_helper.py: 162: 694 keyframes used.
[11/27 21:43:58][INFO] ava_dataset.py:  90: === AVA dataset summary ===
[11/27 21:43:58][INFO] ava_dataset.py:  91: Split: val
[11/27 21:43:58][INFO] ava_dataset.py:  92: Number of videos: 6
[11/27 21:43:58][INFO] ava_dataset.py:  96: Number of frames: 162182
[11/27 21:43:58][INFO] ava_dataset.py:  97: Number of key frames: 694
[11/27 21:43:58][INFO] ava_dataset.py:  98: Number of boxes: 1218.
[11/27 21:44:01][INFO] ava_helper.py:  65: Finished loading image paths from: /srv/beegfs02/scratch/da_action/data/ava/frame_lists_10_500_100/train.csv
[11/27 21:44:02][INFO] ava_helper.py:  65: Finished loading image paths from: /srv/beegfs02/scratch/da_action/data/ava/frame_lists_10_500_100/val.csv
[11/27 21:44:02][INFO] tensorboard_vis.py:  57: To see logged results in Tensorboard, please launch using the command             `tensorboard  --port=<port-number> --logdir /srv/beegfs02/scratch/da_action/data/output/ex_10_500_100_v6/tensorboard`
[11/27 21:44:02][INFO] train_net.py: 464: Start epoch: 2
[11/27 22:25:18][INFO] ava_eval_helper.py: 165: Evaluating with 700 unique GT frames.
[11/27 22:25:18][INFO] ava_eval_helper.py: 167: Evaluating with 694 unique detection frames
[11/27 22:25:18][INFO] ava_eval_helper.py: 322: AVA results wrote to detections_latest.csv
[11/27 22:25:18][INFO] ava_eval_helper.py: 323: 	took 0 seconds.
[11/27 22:25:18][INFO] ava_eval_helper.py: 322: AVA results wrote to groundtruth_latest.csv
[11/27 22:25:18][INFO] ava_eval_helper.py: 323: 	took 0 seconds.
{ 'PascalBoxes_PerformanceByCategory/AP@0.5IOU/bend/bow (at the waist)': 0.29114068833224466,
  'PascalBoxes_PerformanceByCategory/AP@0.5IOU/carry/hold (an object)': 0.08934691215990612,
  'PascalBoxes_PerformanceByCategory/AP@0.5IOU/lie/sleep': 0.5484925620151427,
  'PascalBoxes_PerformanceByCategory/AP@0.5IOU/listen to (a person)': 0.22822260557882196,
  'PascalBoxes_PerformanceByCategory/AP@0.5IOU/ride (e.g., a bike, a car, a horse)': 0.5344939169578783,
  'PascalBoxes_PerformanceByCategory/AP@0.5IOU/sit': 0.2513381996640868,
  'PascalBoxes_PerformanceByCategory/AP@0.5IOU/talk to (e.g., self, a person, a group)': 0.587154644316677,
  'PascalBoxes_PerformanceByCategory/AP@0.5IOU/touch (an object)': 0.31463014030307784,
  'PascalBoxes_PerformanceByCategory/AP@0.5IOU/walk': 0.621342085585926,
  'PascalBoxes_PerformanceByCategory/AP@0.5IOU/watch (a person)': 0.132802907485127,
  'PascalBoxes_Precision/mAP@0.5IOU': 0.35989646623988886}
[11/27 22:25:20][INFO] ava_eval_helper.py: 182: AVA eval done in 1.513121 seconds.
[11/27 22:25:20][INFO] logging.py:  97: json_stats: {
  "RAM": "15.53/251.90G",
  "_type": "val_epoch",
  "cur_epoch": "2",
  "gpu_mem": "1.28G",
  "map": 0.35990,
  "mode": "val"
}
[11/27 23:02:53][INFO] ava_eval_helper.py: 165: Evaluating with 700 unique GT frames.
[11/27 23:02:53][INFO] ava_eval_helper.py: 167: Evaluating with 694 unique detection frames
[11/27 23:02:54][INFO] ava_eval_helper.py: 322: AVA results wrote to detections_latest.csv
[11/27 23:02:54][INFO] ava_eval_helper.py: 323: 	took 0 seconds.
[11/27 23:02:54][INFO] ava_eval_helper.py: 322: AVA results wrote to groundtruth_latest.csv
[11/27 23:02:54][INFO] ava_eval_helper.py: 323: 	took 0 seconds.
{ 'PascalBoxes_PerformanceByCategory/AP@0.5IOU/bend/bow (at the waist)': 0.2905793334847341,
  'PascalBoxes_PerformanceByCategory/AP@0.5IOU/carry/hold (an object)': 0.12217035574742584,
  'PascalBoxes_PerformanceByCategory/AP@0.5IOU/lie/sleep': 0.4764484775699357,
  'PascalBoxes_PerformanceByCategory/AP@0.5IOU/listen to (a person)': 0.3236440330035949,
  'PascalBoxes_PerformanceByCategory/AP@0.5IOU/ride (e.g., a bike, a car, a horse)': 0.5449710754982509,
  'PascalBoxes_PerformanceByCategory/AP@0.5IOU/sit': 0.32041877155614973,
  'PascalBoxes_PerformanceByCategory/AP@0.5IOU/talk to (e.g., self, a person, a group)': 0.7139692498357011,
  'PascalBoxes_PerformanceByCategory/AP@0.5IOU/touch (an object)': 0.331650333247546,
  'PascalBoxes_PerformanceByCategory/AP@0.5IOU/walk': 0.6765165767162961,
  'PascalBoxes_PerformanceByCategory/AP@0.5IOU/watch (a person)': 0.15951874037770825,
  'PascalBoxes_Precision/mAP@0.5IOU': 0.39598869470373427}
[11/27 23:02:55][INFO] ava_eval_helper.py: 182: AVA eval done in 1.485502 seconds.
[11/27 23:02:55][INFO] logging.py:  97: json_stats: {
  "RAM": "15.23/251.90G",
  "_type": "val_epoch",
  "cur_epoch": "3",
  "gpu_mem": "1.28G",
  "map": 0.39599,
  "mode": "val"
}
[11/27 23:38:14][INFO] ava_eval_helper.py: 165: Evaluating with 700 unique GT frames.
[11/27 23:38:14][INFO] ava_eval_helper.py: 167: Evaluating with 694 unique detection frames
[11/27 23:38:14][INFO] ava_eval_helper.py: 322: AVA results wrote to detections_latest.csv
[11/27 23:38:14][INFO] ava_eval_helper.py: 323: 	took 0 seconds.
[11/27 23:38:14][INFO] ava_eval_helper.py: 322: AVA results wrote to groundtruth_latest.csv
[11/27 23:38:14][INFO] ava_eval_helper.py: 323: 	took 0 seconds.
{ 'PascalBoxes_PerformanceByCategory/AP@0.5IOU/bend/bow (at the waist)': 0.2865670993874604,
  'PascalBoxes_PerformanceByCategory/AP@0.5IOU/carry/hold (an object)': 0.2669584227289958,
  'PascalBoxes_PerformanceByCategory/AP@0.5IOU/lie/sleep': 0.5844399902651949,
  'PascalBoxes_PerformanceByCategory/AP@0.5IOU/listen to (a person)': 0.4008461390916567,
  'PascalBoxes_PerformanceByCategory/AP@0.5IOU/ride (e.g., a bike, a car, a horse)': 0.5764722698229036,
  'PascalBoxes_PerformanceByCategory/AP@0.5IOU/sit': 0.439732278404182,
  'PascalBoxes_PerformanceByCategory/AP@0.5IOU/talk to (e.g., self, a person, a group)': 0.7778652685491657,
  'PascalBoxes_PerformanceByCategory/AP@0.5IOU/touch (an object)': 0.3876419839141144,
  'PascalBoxes_PerformanceByCategory/AP@0.5IOU/walk': 0.3591081413638129,
  'PascalBoxes_PerformanceByCategory/AP@0.5IOU/watch (a person)': 0.17113325137495983,
  'PascalBoxes_Precision/mAP@0.5IOU': 0.4250764844902446}
[11/27 23:38:16][INFO] ava_eval_helper.py: 182: AVA eval done in 1.569405 seconds.
[11/27 23:38:16][INFO] logging.py:  97: json_stats: {
  "RAM": "16.03/251.90G",
  "_type": "val_epoch",
  "cur_epoch": "4",
  "gpu_mem": "1.28G",
  "map": 0.42508,
  "mode": "val"
}
[11/28 00:13:05][INFO] ava_eval_helper.py: 165: Evaluating with 700 unique GT frames.
[11/28 00:13:05][INFO] ava_eval_helper.py: 167: Evaluating with 694 unique detection frames
[11/28 00:13:05][INFO] ava_eval_helper.py: 322: AVA results wrote to detections_latest.csv
[11/28 00:13:05][INFO] ava_eval_helper.py: 323: 	took 0 seconds.
[11/28 00:13:06][INFO] ava_eval_helper.py: 322: AVA results wrote to groundtruth_latest.csv
[11/28 00:13:06][INFO] ava_eval_helper.py: 323: 	took 0 seconds.
{ 'PascalBoxes_PerformanceByCategory/AP@0.5IOU/bend/bow (at the waist)': 0.29590631508934834,
  'PascalBoxes_PerformanceByCategory/AP@0.5IOU/carry/hold (an object)': 0.14859429630921275,
  'PascalBoxes_PerformanceByCategory/AP@0.5IOU/lie/sleep': 0.5799829288119598,
  'PascalBoxes_PerformanceByCategory/AP@0.5IOU/listen to (a person)': 0.47875939702977216,
  'PascalBoxes_PerformanceByCategory/AP@0.5IOU/ride (e.g., a bike, a car, a horse)': 0.5822154368804943,
  'PascalBoxes_PerformanceByCategory/AP@0.5IOU/sit': 0.5129421697224813,
  'PascalBoxes_PerformanceByCategory/AP@0.5IOU/talk to (e.g., self, a person, a group)': 0.824577562606031,
  'PascalBoxes_PerformanceByCategory/AP@0.5IOU/touch (an object)': 0.3602687795098134,
  'PascalBoxes_PerformanceByCategory/AP@0.5IOU/walk': 0.48329133610746666,
  'PascalBoxes_PerformanceByCategory/AP@0.5IOU/watch (a person)': 0.16053651829757987,
  'PascalBoxes_Precision/mAP@0.5IOU': 0.44270747403641597}
[11/28 00:13:07][INFO] ava_eval_helper.py: 182: AVA eval done in 1.478387 seconds.
[11/28 00:13:07][INFO] logging.py:  97: json_stats: {
  "RAM": "17.48/251.90G",
  "_type": "val_epoch",
  "cur_epoch": "5",
  "gpu_mem": "1.28G",
  "map": 0.44271,
  "mode": "val"
}
[11/28 00:48:42][INFO] ava_eval_helper.py: 165: Evaluating with 700 unique GT frames.
[11/28 00:48:42][INFO] ava_eval_helper.py: 167: Evaluating with 694 unique detection frames
[11/28 00:48:42][INFO] ava_eval_helper.py: 322: AVA results wrote to detections_latest.csv
[11/28 00:48:42][INFO] ava_eval_helper.py: 323: 	took 0 seconds.
[11/28 00:48:42][INFO] ava_eval_helper.py: 322: AVA results wrote to groundtruth_latest.csv
[11/28 00:48:42][INFO] ava_eval_helper.py: 323: 	took 0 seconds.
{ 'PascalBoxes_PerformanceByCategory/AP@0.5IOU/bend/bow (at the waist)': 0.28873574933210994,
  'PascalBoxes_PerformanceByCategory/AP@0.5IOU/carry/hold (an object)': 0.1676090185500405,
  'PascalBoxes_PerformanceByCategory/AP@0.5IOU/lie/sleep': 0.5502702787201463,
  'PascalBoxes_PerformanceByCategory/AP@0.5IOU/listen to (a person)': 0.3864679066374472,
  'PascalBoxes_PerformanceByCategory/AP@0.5IOU/ride (e.g., a bike, a car, a horse)': 0.5990805079335257,
  'PascalBoxes_PerformanceByCategory/AP@0.5IOU/sit': 0.41292511176047286,
  'PascalBoxes_PerformanceByCategory/AP@0.5IOU/talk to (e.g., self, a person, a group)': 0.7778642559625493,
  'PascalBoxes_PerformanceByCategory/AP@0.5IOU/touch (an object)': 0.2709908017664948,
  'PascalBoxes_PerformanceByCategory/AP@0.5IOU/walk': 0.3351337813985659,
  'PascalBoxes_PerformanceByCategory/AP@0.5IOU/watch (a person)': 0.12879165705358275,
  'PascalBoxes_Precision/mAP@0.5IOU': 0.39178690691149354}
[11/28 00:48:44][INFO] ava_eval_helper.py: 182: AVA eval done in 1.484281 seconds.
[11/28 00:48:44][INFO] logging.py:  97: json_stats: {
  "RAM": "17.59/251.90G",
  "_type": "val_epoch",
  "cur_epoch": "6",
  "gpu_mem": "1.28G",
  "map": 0.39179,
  "mode": "val"
}
[11/28 01:24:06][INFO] ava_eval_helper.py: 165: Evaluating with 700 unique GT frames.
[11/28 01:24:06][INFO] ava_eval_helper.py: 167: Evaluating with 694 unique detection frames
[11/28 01:24:06][INFO] ava_eval_helper.py: 322: AVA results wrote to detections_latest.csv
[11/28 01:24:06][INFO] ava_eval_helper.py: 323: 	took 0 seconds.
[11/28 01:24:06][INFO] ava_eval_helper.py: 322: AVA results wrote to groundtruth_latest.csv
[11/28 01:24:06][INFO] ava_eval_helper.py: 323: 	took 0 seconds.
{ 'PascalBoxes_PerformanceByCategory/AP@0.5IOU/bend/bow (at the waist)': 0.2807344001891802,
  'PascalBoxes_PerformanceByCategory/AP@0.5IOU/carry/hold (an object)': 0.14403142412753425,
  'PascalBoxes_PerformanceByCategory/AP@0.5IOU/lie/sleep': 0.583486266242004,
  'PascalBoxes_PerformanceByCategory/AP@0.5IOU/listen to (a person)': 0.34808897238689757,
  'PascalBoxes_PerformanceByCategory/AP@0.5IOU/ride (e.g., a bike, a car, a horse)': 0.6169146463438931,
  'PascalBoxes_PerformanceByCategory/AP@0.5IOU/sit': 0.46332704652597273,
  'PascalBoxes_PerformanceByCategory/AP@0.5IOU/talk to (e.g., self, a person, a group)': 0.7145985538164625,
  'PascalBoxes_PerformanceByCategory/AP@0.5IOU/touch (an object)': 0.27514544822636794,
  'PascalBoxes_PerformanceByCategory/AP@0.5IOU/walk': 0.43195699642151364,
  'PascalBoxes_PerformanceByCategory/AP@0.5IOU/watch (a person)': 0.16754437889740995,
  'PascalBoxes_Precision/mAP@0.5IOU': 0.4025828133177236}
[11/28 01:24:07][INFO] ava_eval_helper.py: 182: AVA eval done in 1.561679 seconds.
[11/28 01:24:07][INFO] logging.py:  97: json_stats: {
  "RAM": "17.93/251.90G",
  "_type": "val_epoch",
  "cur_epoch": "7",
  "gpu_mem": "1.28G",
  "map": 0.40258,
  "mode": "val"
}
[11/28 02:04:35][INFO] ava_eval_helper.py: 165: Evaluating with 700 unique GT frames.
[11/28 02:04:35][INFO] ava_eval_helper.py: 167: Evaluating with 694 unique detection frames
[11/28 02:04:35][INFO] ava_eval_helper.py: 322: AVA results wrote to detections_latest.csv
[11/28 02:04:35][INFO] ava_eval_helper.py: 323: 	took 0 seconds.
[11/28 02:04:35][INFO] ava_eval_helper.py: 322: AVA results wrote to groundtruth_latest.csv
[11/28 02:04:35][INFO] ava_eval_helper.py: 323: 	took 0 seconds.
{ 'PascalBoxes_PerformanceByCategory/AP@0.5IOU/bend/bow (at the waist)': 0.2930132571438128,
  'PascalBoxes_PerformanceByCategory/AP@0.5IOU/carry/hold (an object)': 0.13827623842067513,
  'PascalBoxes_PerformanceByCategory/AP@0.5IOU/lie/sleep': 0.5470530631914975,
  'PascalBoxes_PerformanceByCategory/AP@0.5IOU/listen to (a person)': 0.4189199989915111,
  'PascalBoxes_PerformanceByCategory/AP@0.5IOU/ride (e.g., a bike, a car, a horse)': 0.5133988682827048,
  'PascalBoxes_PerformanceByCategory/AP@0.5IOU/sit': 0.3710792082116875,
  'PascalBoxes_PerformanceByCategory/AP@0.5IOU/talk to (e.g., self, a person, a group)': 0.7802424659056525,
  'PascalBoxes_PerformanceByCategory/AP@0.5IOU/touch (an object)': 0.2677415778918289,
  'PascalBoxes_PerformanceByCategory/AP@0.5IOU/walk': 0.509644692098855,
  'PascalBoxes_PerformanceByCategory/AP@0.5IOU/watch (a person)': 0.17097173474379362,
  'PascalBoxes_Precision/mAP@0.5IOU': 0.4010341104882019}
[11/28 02:04:36][INFO] ava_eval_helper.py: 182: AVA eval done in 1.474680 seconds.
[11/28 02:04:36][INFO] logging.py:  97: json_stats: {
  "RAM": "16.88/251.90G",
  "_type": "val_epoch",
  "cur_epoch": "8",
  "gpu_mem": "1.28G",
  "map": 0.40103,
  "mode": "val"
}
[11/28 02:45:01][INFO] ava_eval_helper.py: 165: Evaluating with 700 unique GT frames.
[11/28 02:45:01][INFO] ava_eval_helper.py: 167: Evaluating with 694 unique detection frames
[11/28 02:45:01][INFO] ava_eval_helper.py: 322: AVA results wrote to detections_latest.csv
[11/28 02:45:01][INFO] ava_eval_helper.py: 323: 	took 0 seconds.
[11/28 02:45:01][INFO] ava_eval_helper.py: 322: AVA results wrote to groundtruth_latest.csv
[11/28 02:45:01][INFO] ava_eval_helper.py: 323: 	took 0 seconds.
{ 'PascalBoxes_PerformanceByCategory/AP@0.5IOU/bend/bow (at the waist)': 0.2816137394533325,
  'PascalBoxes_PerformanceByCategory/AP@0.5IOU/carry/hold (an object)': 0.15445253583290863,
  'PascalBoxes_PerformanceByCategory/AP@0.5IOU/lie/sleep': 0.5731640172516568,
  'PascalBoxes_PerformanceByCategory/AP@0.5IOU/listen to (a person)': 0.36392481085473005,
  'PascalBoxes_PerformanceByCategory/AP@0.5IOU/ride (e.g., a bike, a car, a horse)': 0.466918705402737,
  'PascalBoxes_PerformanceByCategory/AP@0.5IOU/sit': 0.48955119618270737,
  'PascalBoxes_PerformanceByCategory/AP@0.5IOU/talk to (e.g., self, a person, a group)': 0.7785570174042747,
  'PascalBoxes_PerformanceByCategory/AP@0.5IOU/touch (an object)': 0.26335100156107777,
  'PascalBoxes_PerformanceByCategory/AP@0.5IOU/walk': 0.48189365437192677,
  'PascalBoxes_PerformanceByCategory/AP@0.5IOU/watch (a person)': 0.12171973270722483,
  'PascalBoxes_Precision/mAP@0.5IOU': 0.3975146411022576}
[11/28 02:45:02][INFO] ava_eval_helper.py: 182: AVA eval done in 1.491325 seconds.
[11/28 02:45:02][INFO] logging.py:  97: json_stats: {
  "RAM": "16.92/251.90G",
  "_type": "val_epoch",
  "cur_epoch": "9",
  "gpu_mem": "1.28G",
  "map": 0.39751,
  "mode": "val"
}
[11/28 03:25:45][INFO] ava_eval_helper.py: 165: Evaluating with 700 unique GT frames.
[11/28 03:25:45][INFO] ava_eval_helper.py: 167: Evaluating with 694 unique detection frames
[11/28 03:25:45][INFO] ava_eval_helper.py: 322: AVA results wrote to detections_latest.csv
[11/28 03:25:45][INFO] ava_eval_helper.py: 323: 	took 0 seconds.
[11/28 03:25:45][INFO] ava_eval_helper.py: 322: AVA results wrote to groundtruth_latest.csv
[11/28 03:25:45][INFO] ava_eval_helper.py: 323: 	took 0 seconds.
{ 'PascalBoxes_PerformanceByCategory/AP@0.5IOU/bend/bow (at the waist)': 0.2890697764495971,
  'PascalBoxes_PerformanceByCategory/AP@0.5IOU/carry/hold (an object)': 0.16546826913152388,
  'PascalBoxes_PerformanceByCategory/AP@0.5IOU/lie/sleep': 0.6023609081688214,
  'PascalBoxes_PerformanceByCategory/AP@0.5IOU/listen to (a person)': 0.4037401330219321,
  'PascalBoxes_PerformanceByCategory/AP@0.5IOU/ride (e.g., a bike, a car, a horse)': 0.5775448457349976,
  'PascalBoxes_PerformanceByCategory/AP@0.5IOU/sit': 0.505369812360738,
  'PascalBoxes_PerformanceByCategory/AP@0.5IOU/talk to (e.g., self, a person, a group)': 0.7679031994001697,
  'PascalBoxes_PerformanceByCategory/AP@0.5IOU/touch (an object)': 0.24115278827494935,
  'PascalBoxes_PerformanceByCategory/AP@0.5IOU/walk': 0.42215953907409204,
  'PascalBoxes_PerformanceByCategory/AP@0.5IOU/watch (a person)': 0.11595550955714423,
  'PascalBoxes_Precision/mAP@0.5IOU': 0.40907247811739655}
[11/28 03:25:46][INFO] ava_eval_helper.py: 182: AVA eval done in 1.484844 seconds.
[11/28 03:25:46][INFO] logging.py:  97: json_stats: {
  "RAM": "16.78/251.90G",
  "_type": "val_epoch",
  "cur_epoch": "10",
  "gpu_mem": "1.28G",
  "map": 0.40907,
  "mode": "val"
}
[11/28 04:04:00][INFO] ava_eval_helper.py: 165: Evaluating with 700 unique GT frames.
[11/28 04:04:00][INFO] ava_eval_helper.py: 167: Evaluating with 694 unique detection frames
[11/28 04:04:00][INFO] ava_eval_helper.py: 322: AVA results wrote to detections_latest.csv
[11/28 04:04:00][INFO] ava_eval_helper.py: 323: 	took 0 seconds.
[11/28 04:04:00][INFO] ava_eval_helper.py: 322: AVA results wrote to groundtruth_latest.csv
[11/28 04:04:00][INFO] ava_eval_helper.py: 323: 	took 0 seconds.
{ 'PascalBoxes_PerformanceByCategory/AP@0.5IOU/bend/bow (at the waist)': 0.2686416239376724,
  'PascalBoxes_PerformanceByCategory/AP@0.5IOU/carry/hold (an object)': 0.10828424355467481,
  'PascalBoxes_PerformanceByCategory/AP@0.5IOU/lie/sleep': 0.5791996514642062,
  'PascalBoxes_PerformanceByCategory/AP@0.5IOU/listen to (a person)': 0.4696477955798097,
  'PascalBoxes_PerformanceByCategory/AP@0.5IOU/ride (e.g., a bike, a car, a horse)': 0.5600464142973577,
  'PascalBoxes_PerformanceByCategory/AP@0.5IOU/sit': 0.4319659123977585,
  'PascalBoxes_PerformanceByCategory/AP@0.5IOU/talk to (e.g., self, a person, a group)': 0.7482496278672014,
  'PascalBoxes_PerformanceByCategory/AP@0.5IOU/touch (an object)': 0.21959065035586017,
  'PascalBoxes_PerformanceByCategory/AP@0.5IOU/walk': 0.3551328700308644,
  'PascalBoxes_PerformanceByCategory/AP@0.5IOU/watch (a person)': 0.13265295771880348,
  'PascalBoxes_Precision/mAP@0.5IOU': 0.38734117472042084}
[11/28 04:04:02][INFO] ava_eval_helper.py: 182: AVA eval done in 1.498144 seconds.
[11/28 04:04:02][INFO] logging.py:  97: json_stats: {
  "RAM": "17.29/251.90G",
  "_type": "val_epoch",
  "cur_epoch": "11",
  "gpu_mem": "1.28G",
  "map": 0.38734,
  "mode": "val"
}
[11/28 04:40:48][INFO] ava_eval_helper.py: 165: Evaluating with 700 unique GT frames.
[11/28 04:40:48][INFO] ava_eval_helper.py: 167: Evaluating with 694 unique detection frames
[11/28 04:40:48][INFO] ava_eval_helper.py: 322: AVA results wrote to detections_latest.csv
[11/28 04:40:48][INFO] ava_eval_helper.py: 323: 	took 0 seconds.
[11/28 04:40:48][INFO] ava_eval_helper.py: 322: AVA results wrote to groundtruth_latest.csv
[11/28 04:40:48][INFO] ava_eval_helper.py: 323: 	took 0 seconds.
{ 'PascalBoxes_PerformanceByCategory/AP@0.5IOU/bend/bow (at the waist)': 0.2466047561403005,
  'PascalBoxes_PerformanceByCategory/AP@0.5IOU/carry/hold (an object)': 0.14890974506915702,
  'PascalBoxes_PerformanceByCategory/AP@0.5IOU/lie/sleep': 0.5866882272431713,
  'PascalBoxes_PerformanceByCategory/AP@0.5IOU/listen to (a person)': 0.4474763114047472,
  'PascalBoxes_PerformanceByCategory/AP@0.5IOU/ride (e.g., a bike, a car, a horse)': 0.5819825651725313,
  'PascalBoxes_PerformanceByCategory/AP@0.5IOU/sit': 0.5084495223654972,
  'PascalBoxes_PerformanceByCategory/AP@0.5IOU/talk to (e.g., self, a person, a group)': 0.762681426472116,
  'PascalBoxes_PerformanceByCategory/AP@0.5IOU/touch (an object)': 0.21796869276917372,
  'PascalBoxes_PerformanceByCategory/AP@0.5IOU/walk': 0.3285487651433882,
  'PascalBoxes_PerformanceByCategory/AP@0.5IOU/watch (a person)': 0.11213897034933211,
  'PascalBoxes_Precision/mAP@0.5IOU': 0.3941448982129415}
[11/28 04:40:50][INFO] ava_eval_helper.py: 182: AVA eval done in 1.458673 seconds.
[11/28 04:40:50][INFO] logging.py:  97: json_stats: {
  "RAM": "17.81/251.90G",
  "_type": "val_epoch",
  "cur_epoch": "12",
  "gpu_mem": "1.28G",
  "map": 0.39414,
  "mode": "val"
}
[11/28 05:16:20][INFO] ava_eval_helper.py: 165: Evaluating with 700 unique GT frames.
[11/28 05:16:20][INFO] ava_eval_helper.py: 167: Evaluating with 694 unique detection frames
[11/28 05:16:20][INFO] ava_eval_helper.py: 322: AVA results wrote to detections_latest.csv
[11/28 05:16:20][INFO] ava_eval_helper.py: 323: 	took 0 seconds.
[11/28 05:16:20][INFO] ava_eval_helper.py: 322: AVA results wrote to groundtruth_latest.csv
[11/28 05:16:20][INFO] ava_eval_helper.py: 323: 	took 0 seconds.
{ 'PascalBoxes_PerformanceByCategory/AP@0.5IOU/bend/bow (at the waist)': 0.25347220551669347,
  'PascalBoxes_PerformanceByCategory/AP@0.5IOU/carry/hold (an object)': 0.1417748257606779,
  'PascalBoxes_PerformanceByCategory/AP@0.5IOU/lie/sleep': 0.5681529570245726,
  'PascalBoxes_PerformanceByCategory/AP@0.5IOU/listen to (a person)': 0.4504529847880854,
  'PascalBoxes_PerformanceByCategory/AP@0.5IOU/ride (e.g., a bike, a car, a horse)': 0.4984553841116156,
  'PascalBoxes_PerformanceByCategory/AP@0.5IOU/sit': 0.476812655776557,
  'PascalBoxes_PerformanceByCategory/AP@0.5IOU/talk to (e.g., self, a person, a group)': 0.7981121681036062,
  'PascalBoxes_PerformanceByCategory/AP@0.5IOU/touch (an object)': 0.21181608496338505,
  'PascalBoxes_PerformanceByCategory/AP@0.5IOU/walk': 0.403780287869558,
  'PascalBoxes_PerformanceByCategory/AP@0.5IOU/watch (a person)': 0.15176337456692557,
  'PascalBoxes_Precision/mAP@0.5IOU': 0.39545929284816767}
[11/28 05:16:22][INFO] ava_eval_helper.py: 182: AVA eval done in 1.457891 seconds.
[11/28 05:16:22][INFO] logging.py:  97: json_stats: {
  "RAM": "13.66/251.90G",
  "_type": "val_epoch",
  "cur_epoch": "13",
  "gpu_mem": "1.28G",
  "map": 0.39546,
  "mode": "val"
}
[11/28 05:51:43][INFO] ava_eval_helper.py: 165: Evaluating with 700 unique GT frames.
[11/28 05:51:43][INFO] ava_eval_helper.py: 167: Evaluating with 694 unique detection frames
[11/28 05:51:43][INFO] ava_eval_helper.py: 322: AVA results wrote to detections_latest.csv
[11/28 05:51:43][INFO] ava_eval_helper.py: 323: 	took 0 seconds.
[11/28 05:51:43][INFO] ava_eval_helper.py: 322: AVA results wrote to groundtruth_latest.csv
[11/28 05:51:43][INFO] ava_eval_helper.py: 323: 	took 0 seconds.
{ 'PascalBoxes_PerformanceByCategory/AP@0.5IOU/bend/bow (at the waist)': 0.24931796339070447,
  'PascalBoxes_PerformanceByCategory/AP@0.5IOU/carry/hold (an object)': 0.10440459641048602,
  'PascalBoxes_PerformanceByCategory/AP@0.5IOU/lie/sleep': 0.591402802095583,
  'PascalBoxes_PerformanceByCategory/AP@0.5IOU/listen to (a person)': 0.426538499275275,
  'PascalBoxes_PerformanceByCategory/AP@0.5IOU/ride (e.g., a bike, a car, a horse)': 0.5589588939159762,
  'PascalBoxes_PerformanceByCategory/AP@0.5IOU/sit': 0.47916520827856046,
  'PascalBoxes_PerformanceByCategory/AP@0.5IOU/talk to (e.g., self, a person, a group)': 0.6808879376422539,
  'PascalBoxes_PerformanceByCategory/AP@0.5IOU/touch (an object)': 0.1809089455194808,
  'PascalBoxes_PerformanceByCategory/AP@0.5IOU/walk': 0.34705962248236283,
  'PascalBoxes_PerformanceByCategory/AP@0.5IOU/watch (a person)': 0.14169967003882344,
  'PascalBoxes_Precision/mAP@0.5IOU': 0.3760344139049507}
[11/28 05:51:45][INFO] ava_eval_helper.py: 182: AVA eval done in 1.533227 seconds.
[11/28 05:51:45][INFO] logging.py:  97: json_stats: {
  "RAM": "14.06/251.90G",
  "_type": "val_epoch",
  "cur_epoch": "14",
  "gpu_mem": "1.28G",
  "map": 0.37603,
  "mode": "val"
}
[11/28 06:27:14][INFO] ava_eval_helper.py: 165: Evaluating with 700 unique GT frames.
[11/28 06:27:14][INFO] ava_eval_helper.py: 167: Evaluating with 694 unique detection frames
[11/28 06:27:14][INFO] ava_eval_helper.py: 322: AVA results wrote to detections_latest.csv
[11/28 06:27:14][INFO] ava_eval_helper.py: 323: 	took 0 seconds.
[11/28 06:27:14][INFO] ava_eval_helper.py: 322: AVA results wrote to groundtruth_latest.csv
[11/28 06:27:14][INFO] ava_eval_helper.py: 323: 	took 0 seconds.
{ 'PascalBoxes_PerformanceByCategory/AP@0.5IOU/bend/bow (at the waist)': 0.23381604446511345,
  'PascalBoxes_PerformanceByCategory/AP@0.5IOU/carry/hold (an object)': 0.12340201353880162,
  'PascalBoxes_PerformanceByCategory/AP@0.5IOU/lie/sleep': 0.5905212336011805,
  'PascalBoxes_PerformanceByCategory/AP@0.5IOU/listen to (a person)': 0.43206212608294553,
  'PascalBoxes_PerformanceByCategory/AP@0.5IOU/ride (e.g., a bike, a car, a horse)': 0.5531718332574939,
  'PascalBoxes_PerformanceByCategory/AP@0.5IOU/sit': 0.4353026938064675,
  'PascalBoxes_PerformanceByCategory/AP@0.5IOU/talk to (e.g., self, a person, a group)': 0.7672662712654058,
  'PascalBoxes_PerformanceByCategory/AP@0.5IOU/touch (an object)': 0.18345114625423126,
  'PascalBoxes_PerformanceByCategory/AP@0.5IOU/walk': 0.3408104683416751,
  'PascalBoxes_PerformanceByCategory/AP@0.5IOU/watch (a person)': 0.13884462663265737,
  'PascalBoxes_Precision/mAP@0.5IOU': 0.3798648457245972}
[11/28 06:27:15][INFO] ava_eval_helper.py: 182: AVA eval done in 1.463717 seconds.
[11/28 06:27:15][INFO] logging.py:  97: json_stats: {
  "RAM": "13.73/251.90G",
  "_type": "val_epoch",
  "cur_epoch": "15",
  "gpu_mem": "1.28G",
  "map": 0.37986,
  "mode": "val"
}
[11/28 07:02:43][INFO] ava_eval_helper.py: 165: Evaluating with 700 unique GT frames.
[11/28 07:02:43][INFO] ava_eval_helper.py: 167: Evaluating with 694 unique detection frames
[11/28 07:02:43][INFO] ava_eval_helper.py: 322: AVA results wrote to detections_latest.csv
[11/28 07:02:43][INFO] ava_eval_helper.py: 323: 	took 0 seconds.
[11/28 07:02:43][INFO] ava_eval_helper.py: 322: AVA results wrote to groundtruth_latest.csv
[11/28 07:02:43][INFO] ava_eval_helper.py: 323: 	took 0 seconds.
{ 'PascalBoxes_PerformanceByCategory/AP@0.5IOU/bend/bow (at the waist)': 0.2532355106743159,
  'PascalBoxes_PerformanceByCategory/AP@0.5IOU/carry/hold (an object)': 0.11458329136389311,
  'PascalBoxes_PerformanceByCategory/AP@0.5IOU/lie/sleep': 0.5706844151588499,
  'PascalBoxes_PerformanceByCategory/AP@0.5IOU/listen to (a person)': 0.43079183637207386,
  'PascalBoxes_PerformanceByCategory/AP@0.5IOU/ride (e.g., a bike, a car, a horse)': 0.5938155085414605,
  'PascalBoxes_PerformanceByCategory/AP@0.5IOU/sit': 0.47590883088458946,
  'PascalBoxes_PerformanceByCategory/AP@0.5IOU/talk to (e.g., self, a person, a group)': 0.7355548053573165,
  'PascalBoxes_PerformanceByCategory/AP@0.5IOU/touch (an object)': 0.2118407804343511,
  'PascalBoxes_PerformanceByCategory/AP@0.5IOU/walk': 0.36645742577346596,
  'PascalBoxes_PerformanceByCategory/AP@0.5IOU/watch (a person)': 0.13324769148662086,
  'PascalBoxes_Precision/mAP@0.5IOU': 0.3886120096046938}
[11/28 07:02:45][INFO] ava_eval_helper.py: 182: AVA eval done in 1.464517 seconds.
[11/28 07:02:45][INFO] logging.py:  97: json_stats: {
  "RAM": "13.88/251.90G",
  "_type": "val_epoch",
  "cur_epoch": "16",
  "gpu_mem": "1.28G",
  "map": 0.38861,
  "mode": "val"
}
[11/28 07:38:26][INFO] ava_eval_helper.py: 165: Evaluating with 700 unique GT frames.
[11/28 07:38:26][INFO] ava_eval_helper.py: 167: Evaluating with 694 unique detection frames
[11/28 07:38:26][INFO] ava_eval_helper.py: 322: AVA results wrote to detections_latest.csv
[11/28 07:38:26][INFO] ava_eval_helper.py: 323: 	took 0 seconds.
[11/28 07:38:26][INFO] ava_eval_helper.py: 322: AVA results wrote to groundtruth_latest.csv
[11/28 07:38:26][INFO] ava_eval_helper.py: 323: 	took 0 seconds.
{ 'PascalBoxes_PerformanceByCategory/AP@0.5IOU/bend/bow (at the waist)': 0.24145223379619615,
  'PascalBoxes_PerformanceByCategory/AP@0.5IOU/carry/hold (an object)': 0.14349192508491457,
  'PascalBoxes_PerformanceByCategory/AP@0.5IOU/lie/sleep': 0.5538784293953954,
  'PascalBoxes_PerformanceByCategory/AP@0.5IOU/listen to (a person)': 0.4711823246680822,
  'PascalBoxes_PerformanceByCategory/AP@0.5IOU/ride (e.g., a bike, a car, a horse)': 0.5473792547692193,
  'PascalBoxes_PerformanceByCategory/AP@0.5IOU/sit': 0.48070705176758516,
  'PascalBoxes_PerformanceByCategory/AP@0.5IOU/talk to (e.g., self, a person, a group)': 0.7381686164875243,
  'PascalBoxes_PerformanceByCategory/AP@0.5IOU/touch (an object)': 0.2136847272363439,
  'PascalBoxes_PerformanceByCategory/AP@0.5IOU/walk': 0.3383759757423379,
  'PascalBoxes_PerformanceByCategory/AP@0.5IOU/watch (a person)': 0.1273031240504648,
  'PascalBoxes_Precision/mAP@0.5IOU': 0.38556236629980634}
[11/28 07:38:28][INFO] ava_eval_helper.py: 182: AVA eval done in 1.456337 seconds.
[11/28 07:38:28][INFO] logging.py:  97: json_stats: {
  "RAM": "14.24/251.90G",
  "_type": "val_epoch",
  "cur_epoch": "17",
  "gpu_mem": "1.28G",
  "map": 0.38556,
  "mode": "val"
}
[11/28 08:12:36][INFO] ava_eval_helper.py: 165: Evaluating with 700 unique GT frames.
[11/28 08:12:36][INFO] ava_eval_helper.py: 167: Evaluating with 694 unique detection frames
[11/28 08:12:36][INFO] ava_eval_helper.py: 322: AVA results wrote to detections_latest.csv
[11/28 08:12:36][INFO] ava_eval_helper.py: 323: 	took 0 seconds.
[11/28 08:12:36][INFO] ava_eval_helper.py: 322: AVA results wrote to groundtruth_latest.csv
[11/28 08:12:36][INFO] ava_eval_helper.py: 323: 	took 0 seconds.
{ 'PascalBoxes_PerformanceByCategory/AP@0.5IOU/bend/bow (at the waist)': 0.2500532357869634,
  'PascalBoxes_PerformanceByCategory/AP@0.5IOU/carry/hold (an object)': 0.13287445181860602,
  'PascalBoxes_PerformanceByCategory/AP@0.5IOU/lie/sleep': 0.5685812982283771,
  'PascalBoxes_PerformanceByCategory/AP@0.5IOU/listen to (a person)': 0.5017528571341506,
  'PascalBoxes_PerformanceByCategory/AP@0.5IOU/ride (e.g., a bike, a car, a horse)': 0.5031999246700695,
  'PascalBoxes_PerformanceByCategory/AP@0.5IOU/sit': 0.4437925636430566,
  'PascalBoxes_PerformanceByCategory/AP@0.5IOU/talk to (e.g., self, a person, a group)': 0.744974879118898,
  'PascalBoxes_PerformanceByCategory/AP@0.5IOU/touch (an object)': 0.2021387643505134,
  'PascalBoxes_PerformanceByCategory/AP@0.5IOU/walk': 0.36080848426844797,
  'PascalBoxes_PerformanceByCategory/AP@0.5IOU/watch (a person)': 0.13417622606369364,
  'PascalBoxes_Precision/mAP@0.5IOU': 0.3842352685082776}
[11/28 08:12:38][INFO] ava_eval_helper.py: 182: AVA eval done in 1.469317 seconds.
[11/28 08:12:38][INFO] logging.py:  97: json_stats: {
  "RAM": "13.72/251.90G",
  "_type": "val_epoch",
  "cur_epoch": "18",
  "gpu_mem": "1.28G",
  "map": 0.38424,
  "mode": "val"
}
[11/28 08:36:41][INFO] ava_eval_helper.py: 165: Evaluating with 700 unique GT frames.
[11/28 08:36:41][INFO] ava_eval_helper.py: 167: Evaluating with 694 unique detection frames
[11/28 08:36:42][INFO] ava_eval_helper.py: 322: AVA results wrote to detections_latest.csv
[11/28 08:36:42][INFO] ava_eval_helper.py: 323: 	took 0 seconds.
[11/28 08:36:42][INFO] ava_eval_helper.py: 322: AVA results wrote to groundtruth_latest.csv
[11/28 08:36:42][INFO] ava_eval_helper.py: 323: 	took 0 seconds.
{ 'PascalBoxes_PerformanceByCategory/AP@0.5IOU/bend/bow (at the waist)': 0.2490240303033285,
  'PascalBoxes_PerformanceByCategory/AP@0.5IOU/carry/hold (an object)': 0.1419466259722923,
  'PascalBoxes_PerformanceByCategory/AP@0.5IOU/lie/sleep': 0.553290687591314,
  'PascalBoxes_PerformanceByCategory/AP@0.5IOU/listen to (a person)': 0.4606962689342805,
  'PascalBoxes_PerformanceByCategory/AP@0.5IOU/ride (e.g., a bike, a car, a horse)': 0.5190334475917668,
  'PascalBoxes_PerformanceByCategory/AP@0.5IOU/sit': 0.48379529789715864,
  'PascalBoxes_PerformanceByCategory/AP@0.5IOU/talk to (e.g., self, a person, a group)': 0.7531625942834135,
  'PascalBoxes_PerformanceByCategory/AP@0.5IOU/touch (an object)': 0.18194777400544673,
  'PascalBoxes_PerformanceByCategory/AP@0.5IOU/walk': 0.355734825887352,
  'PascalBoxes_PerformanceByCategory/AP@0.5IOU/watch (a person)': 0.1273925088648351,
  'PascalBoxes_Precision/mAP@0.5IOU': 0.38260240613311874}
[11/28 08:36:43][INFO] ava_eval_helper.py: 182: AVA eval done in 1.457506 seconds.
[11/28 08:36:43][INFO] logging.py:  97: json_stats: {
  "RAM": "18.59/251.90G",
  "_type": "val_epoch",
  "cur_epoch": "19",
  "gpu_mem": "1.28G",
  "map": 0.38260,
  "mode": "val"
}
[11/28 08:55:55][INFO] ava_eval_helper.py: 165: Evaluating with 700 unique GT frames.
[11/28 08:55:55][INFO] ava_eval_helper.py: 167: Evaluating with 694 unique detection frames
[11/28 08:55:55][INFO] ava_eval_helper.py: 322: AVA results wrote to detections_latest.csv
[11/28 08:55:55][INFO] ava_eval_helper.py: 323: 	took 0 seconds.
[11/28 08:55:55][INFO] ava_eval_helper.py: 322: AVA results wrote to groundtruth_latest.csv
[11/28 08:55:55][INFO] ava_eval_helper.py: 323: 	took 0 seconds.
{ 'PascalBoxes_PerformanceByCategory/AP@0.5IOU/bend/bow (at the waist)': 0.24961635041088542,
  'PascalBoxes_PerformanceByCategory/AP@0.5IOU/carry/hold (an object)': 0.14068599393037012,
  'PascalBoxes_PerformanceByCategory/AP@0.5IOU/lie/sleep': 0.5626932945804086,
  'PascalBoxes_PerformanceByCategory/AP@0.5IOU/listen to (a person)': 0.46164878427996636,
  'PascalBoxes_PerformanceByCategory/AP@0.5IOU/ride (e.g., a bike, a car, a horse)': 0.5466776558205043,
  'PascalBoxes_PerformanceByCategory/AP@0.5IOU/sit': 0.4590922480696981,
  'PascalBoxes_PerformanceByCategory/AP@0.5IOU/talk to (e.g., self, a person, a group)': 0.7370867045068925,
  'PascalBoxes_PerformanceByCategory/AP@0.5IOU/touch (an object)': 0.19665661299702517,
  'PascalBoxes_PerformanceByCategory/AP@0.5IOU/walk': 0.35297740810877826,
  'PascalBoxes_PerformanceByCategory/AP@0.5IOU/watch (a person)': 0.13888949645007942,
  'PascalBoxes_Precision/mAP@0.5IOU': 0.3846024549154608}
[11/28 08:55:57][INFO] ava_eval_helper.py: 182: AVA eval done in 1.541986 seconds.
[11/28 08:55:57][INFO] logging.py:  97: json_stats: {
  "RAM": "14.12/251.90G",
  "_type": "val_epoch",
  "cur_epoch": "20",
  "gpu_mem": "1.28G",
  "map": 0.38460,
  "mode": "val"
}
[11/28 09:15:05][INFO] ava_eval_helper.py: 165: Evaluating with 700 unique GT frames.
[11/28 09:15:05][INFO] ava_eval_helper.py: 167: Evaluating with 694 unique detection frames
[11/28 09:15:05][INFO] ava_eval_helper.py: 322: AVA results wrote to detections_latest.csv
[11/28 09:15:05][INFO] ava_eval_helper.py: 323: 	took 0 seconds.
[11/28 09:15:05][INFO] ava_eval_helper.py: 322: AVA results wrote to groundtruth_latest.csv
[11/28 09:15:05][INFO] ava_eval_helper.py: 323: 	took 0 seconds.
{ 'PascalBoxes_PerformanceByCategory/AP@0.5IOU/bend/bow (at the waist)': 0.24857944156693013,
  'PascalBoxes_PerformanceByCategory/AP@0.5IOU/carry/hold (an object)': 0.12258040253041529,
  'PascalBoxes_PerformanceByCategory/AP@0.5IOU/lie/sleep': 0.5707828356187943,
  'PascalBoxes_PerformanceByCategory/AP@0.5IOU/listen to (a person)': 0.4771796055835276,
  'PascalBoxes_PerformanceByCategory/AP@0.5IOU/ride (e.g., a bike, a car, a horse)': 0.513963422690906,
  'PascalBoxes_PerformanceByCategory/AP@0.5IOU/sit': 0.4529153453390005,
  'PascalBoxes_PerformanceByCategory/AP@0.5IOU/talk to (e.g., self, a person, a group)': 0.7353164374313883,
  'PascalBoxes_PerformanceByCategory/AP@0.5IOU/touch (an object)': 0.18544696153094836,
  'PascalBoxes_PerformanceByCategory/AP@0.5IOU/walk': 0.3554105218358131,
  'PascalBoxes_PerformanceByCategory/AP@0.5IOU/watch (a person)': 0.13651591392381246,
  'PascalBoxes_Precision/mAP@0.5IOU': 0.3798690888051536}
[11/28 09:15:06][INFO] ava_eval_helper.py: 182: AVA eval done in 1.620545 seconds.
[11/28 09:15:06][INFO] logging.py:  97: json_stats: {
  "RAM": "13.20/251.90G",
  "_type": "val_epoch",
  "cur_epoch": "21",
  "gpu_mem": "1.28G",
  "map": 0.37987,
  "mode": "val"
}
[11/28 09:34:00][INFO] ava_eval_helper.py: 165: Evaluating with 700 unique GT frames.
[11/28 09:34:00][INFO] ava_eval_helper.py: 167: Evaluating with 694 unique detection frames
[11/28 09:34:00][INFO] ava_eval_helper.py: 322: AVA results wrote to detections_latest.csv
[11/28 09:34:00][INFO] ava_eval_helper.py: 323: 	took 0 seconds.
[11/28 09:34:00][INFO] ava_eval_helper.py: 322: AVA results wrote to groundtruth_latest.csv
[11/28 09:34:00][INFO] ava_eval_helper.py: 323: 	took 0 seconds.
{ 'PascalBoxes_PerformanceByCategory/AP@0.5IOU/bend/bow (at the waist)': 0.2400230647305732,
  'PascalBoxes_PerformanceByCategory/AP@0.5IOU/carry/hold (an object)': 0.1460516877573867,
  'PascalBoxes_PerformanceByCategory/AP@0.5IOU/lie/sleep': 0.559728334568631,
  'PascalBoxes_PerformanceByCategory/AP@0.5IOU/listen to (a person)': 0.4801827139128546,
  'PascalBoxes_PerformanceByCategory/AP@0.5IOU/ride (e.g., a bike, a car, a horse)': 0.47259170890484103,
  'PascalBoxes_PerformanceByCategory/AP@0.5IOU/sit': 0.4907242768812895,
  'PascalBoxes_PerformanceByCategory/AP@0.5IOU/talk to (e.g., self, a person, a group)': 0.7382210201204518,
  'PascalBoxes_PerformanceByCategory/AP@0.5IOU/touch (an object)': 0.19903111770068407,
  'PascalBoxes_PerformanceByCategory/AP@0.5IOU/walk': 0.34367532561442654,
  'PascalBoxes_PerformanceByCategory/AP@0.5IOU/watch (a person)': 0.1368698976161941,
  'PascalBoxes_Precision/mAP@0.5IOU': 0.38070991478073324}
[11/28 09:34:02][INFO] ava_eval_helper.py: 182: AVA eval done in 1.473425 seconds.
[11/28 09:34:02][INFO] logging.py:  97: json_stats: {
  "RAM": "14.72/251.90G",
  "_type": "val_epoch",
  "cur_epoch": "22",
  "gpu_mem": "1.28G",
  "map": 0.38071,
  "mode": "val"
}
[11/28 09:52:06][INFO] ava_eval_helper.py: 165: Evaluating with 700 unique GT frames.
[11/28 09:52:06][INFO] ava_eval_helper.py: 167: Evaluating with 694 unique detection frames
[11/28 09:52:06][INFO] ava_eval_helper.py: 322: AVA results wrote to detections_latest.csv
[11/28 09:52:06][INFO] ava_eval_helper.py: 323: 	took 0 seconds.
[11/28 09:52:06][INFO] ava_eval_helper.py: 322: AVA results wrote to groundtruth_latest.csv
[11/28 09:52:06][INFO] ava_eval_helper.py: 323: 	took 0 seconds.
{ 'PascalBoxes_PerformanceByCategory/AP@0.5IOU/bend/bow (at the waist)': 0.24606014109624,
  'PascalBoxes_PerformanceByCategory/AP@0.5IOU/carry/hold (an object)': 0.13887555982036057,
  'PascalBoxes_PerformanceByCategory/AP@0.5IOU/lie/sleep': 0.5528902342856803,
  'PascalBoxes_PerformanceByCategory/AP@0.5IOU/listen to (a person)': 0.47404750210889535,
  'PascalBoxes_PerformanceByCategory/AP@0.5IOU/ride (e.g., a bike, a car, a horse)': 0.4928988603793144,
  'PascalBoxes_PerformanceByCategory/AP@0.5IOU/sit': 0.4887392369317336,
  'PascalBoxes_PerformanceByCategory/AP@0.5IOU/talk to (e.g., self, a person, a group)': 0.7630281702372707,
  'PascalBoxes_PerformanceByCategory/AP@0.5IOU/touch (an object)': 0.19695425287540927,
  'PascalBoxes_PerformanceByCategory/AP@0.5IOU/walk': 0.3560929056530202,
  'PascalBoxes_PerformanceByCategory/AP@0.5IOU/watch (a person)': 0.13003591307428877,
  'PascalBoxes_Precision/mAP@0.5IOU': 0.3839622776462213}
[11/28 09:52:08][INFO] ava_eval_helper.py: 182: AVA eval done in 1.473102 seconds.
[11/28 09:52:08][INFO] logging.py:  97: json_stats: {
  "RAM": "14.29/251.90G",
  "_type": "val_epoch",
  "cur_epoch": "23",
  "gpu_mem": "1.28G",
  "map": 0.38396,
  "mode": "val"
}
[11/28 10:10:29][INFO] ava_eval_helper.py: 165: Evaluating with 700 unique GT frames.
[11/28 10:10:29][INFO] ava_eval_helper.py: 167: Evaluating with 694 unique detection frames
[11/28 10:10:29][INFO] ava_eval_helper.py: 322: AVA results wrote to detections_latest.csv
[11/28 10:10:29][INFO] ava_eval_helper.py: 323: 	took 0 seconds.
[11/28 10:10:29][INFO] ava_eval_helper.py: 322: AVA results wrote to groundtruth_latest.csv
[11/28 10:10:29][INFO] ava_eval_helper.py: 323: 	took 0 seconds.
{ 'PascalBoxes_PerformanceByCategory/AP@0.5IOU/bend/bow (at the waist)': 0.24369562153568602,
  'PascalBoxes_PerformanceByCategory/AP@0.5IOU/carry/hold (an object)': 0.15784624166438926,
  'PascalBoxes_PerformanceByCategory/AP@0.5IOU/lie/sleep': 0.5597068797187021,
  'PascalBoxes_PerformanceByCategory/AP@0.5IOU/listen to (a person)': 0.47877429587753173,
  'PascalBoxes_PerformanceByCategory/AP@0.5IOU/ride (e.g., a bike, a car, a horse)': 0.5308299307735839,
  'PascalBoxes_PerformanceByCategory/AP@0.5IOU/sit': 0.49561554977291855,
  'PascalBoxes_PerformanceByCategory/AP@0.5IOU/talk to (e.g., self, a person, a group)': 0.7526341819544826,
  'PascalBoxes_PerformanceByCategory/AP@0.5IOU/touch (an object)': 0.2141387873506955,
  'PascalBoxes_PerformanceByCategory/AP@0.5IOU/walk': 0.35928878904832307,
  'PascalBoxes_PerformanceByCategory/AP@0.5IOU/watch (a person)': 0.13753554780044275,
  'PascalBoxes_Precision/mAP@0.5IOU': 0.3930065825496755}
[11/28 10:10:31][INFO] ava_eval_helper.py: 182: AVA eval done in 1.567757 seconds.
[11/28 10:10:31][INFO] logging.py:  97: json_stats: {
  "RAM": "14.23/251.90G",
  "_type": "val_epoch",
  "cur_epoch": "24",
  "gpu_mem": "1.28G",
  "map": 0.39301,
  "mode": "val"
}
[11/28 10:29:23][INFO] ava_eval_helper.py: 165: Evaluating with 700 unique GT frames.
[11/28 10:29:23][INFO] ava_eval_helper.py: 167: Evaluating with 694 unique detection frames
[11/28 10:29:23][INFO] ava_eval_helper.py: 322: AVA results wrote to detections_latest.csv
[11/28 10:29:23][INFO] ava_eval_helper.py: 323: 	took 0 seconds.
[11/28 10:29:23][INFO] ava_eval_helper.py: 322: AVA results wrote to groundtruth_latest.csv
[11/28 10:29:23][INFO] ava_eval_helper.py: 323: 	took 0 seconds.
{ 'PascalBoxes_PerformanceByCategory/AP@0.5IOU/bend/bow (at the waist)': 0.24296404018613302,
  'PascalBoxes_PerformanceByCategory/AP@0.5IOU/carry/hold (an object)': 0.14015490593790939,
  'PascalBoxes_PerformanceByCategory/AP@0.5IOU/lie/sleep': 0.5485703646131185,
  'PascalBoxes_PerformanceByCategory/AP@0.5IOU/listen to (a person)': 0.4848195345848354,
  'PascalBoxes_PerformanceByCategory/AP@0.5IOU/ride (e.g., a bike, a car, a horse)': 0.5052229676416874,
  'PascalBoxes_PerformanceByCategory/AP@0.5IOU/sit': 0.48131306932636997,
  'PascalBoxes_PerformanceByCategory/AP@0.5IOU/talk to (e.g., self, a person, a group)': 0.7409719318684735,
  'PascalBoxes_PerformanceByCategory/AP@0.5IOU/touch (an object)': 0.1958767476119646,
  'PascalBoxes_PerformanceByCategory/AP@0.5IOU/walk': 0.3430642317918269,
  'PascalBoxes_PerformanceByCategory/AP@0.5IOU/watch (a person)': 0.1273578587144258,
  'PascalBoxes_Precision/mAP@0.5IOU': 0.38103156522767445}
[11/28 10:29:24][INFO] ava_eval_helper.py: 182: AVA eval done in 1.474211 seconds.
[11/28 10:29:24][INFO] logging.py:  97: json_stats: {
  "RAM": "14.87/251.90G",
  "_type": "val_epoch",
  "cur_epoch": "25",
  "gpu_mem": "1.28G",
  "map": 0.38103,
  "mode": "val"
}
[11/28 10:29:24][INFO] test_net.py: 160: Test with config:
[11/28 10:29:24][INFO] test_net.py: 161: AVA:
  ANNOTATION_DIR: /srv/beegfs02/scratch/da_action/data/ava/annotations_10_500_100/
  BGR: False
  DETECTION_SCORE_THRESH: 0.8
  EXCLUSION_FILE: ava_val_excluded_timestamps_v2.2.csv
  FRAME_DIR: /srv/beegfs02/scratch/da_action/data/ava/frames/
  FRAME_LIST_DIR: /srv/beegfs02/scratch/da_action/data/ava/frame_lists_10_500_100/
  FULL_TEST_ON_VAL: True
  GROUNDTRUTH_FILE: ava_val_v2.2.csv
  IMG_PROC_BACKEND: cv2
  LABEL_MAP_FILE: ava_action_list_v2.2.pbtxt
  TEST_FORCE_FLIP: False
  TEST_LISTS: ['val.csv']
  TEST_PREDICT_BOX_LISTS: ['ava_val_predicted_boxes.csv']
  TRAIN_GT_BOX_LISTS: ['ava_train_v2.2.csv']
  TRAIN_LISTS: ['train.csv']
  TRAIN_PCA_EIGVAL: [0.225, 0.224, 0.229]
  TRAIN_PCA_EIGVEC: [[-0.5675, 0.7192, 0.4009], [-0.5808, -0.0045, -0.814], [-0.5836, -0.6948, 0.4203]]
  TRAIN_PCA_JITTER_ONLY: True
  TRAIN_PREDICT_BOX_LISTS: []
  TRAIN_USE_COLOR_AUGMENTATION: False
BENCHMARK:
  LOG_PERIOD: 100
  NUM_EPOCHS: 5
  SHUFFLE: True
BN:
  NORM_TYPE: batchnorm
  NUM_BATCHES_PRECISE: 200
  NUM_SPLITS: 1
  NUM_SYNC_DEVICES: 1
  USE_PRECISE_STATS: False
  WEIGHT_DECAY: 0.0
DATA:
  DECODING_BACKEND: pyav
  ENSEMBLE_METHOD: sum
  INPUT_CHANNEL_NUM: [3, 3]
  INV_UNIFORM_SAMPLE: False
  MEAN: [0.45, 0.45, 0.45]
  MULTI_LABEL: False
  NUM_FRAMES: 32
  PATH_LABEL_SEPARATOR:  
  PATH_PREFIX: 
  PATH_TO_DATA_DIR: 
  RANDOM_FLIP: True
  REVERSE_INPUT_CHANNEL: False
  SAMPLING_RATE: 2
  STD: [0.225, 0.225, 0.225]
  TARGET_FPS: 30
  TEST_CROP_SIZE: 256
  TRAIN_CROP_SIZE: 224
  TRAIN_JITTER_SCALES: [256, 320]
DATA_LOADER:
  ENABLE_MULTI_THREAD_DECODE: False
  NUM_WORKERS: 1
  PIN_MEMORY: True
DEMO:
  BUFFER_SIZE: 0
  CLIP_VIS_SIZE: 10
  COMMON_CLASS_NAMES: ['watch (a person)', 'talk to (e.g., self, a person, a group)', 'listen to (a person)', 'touch (an object)', 'carry/hold (an object)', 'walk', 'sit', 'lie/sleep', 'bend/bow (at the waist)']
  COMMON_CLASS_THRES: 0.7
  DETECTRON2_CFG: COCO-Detection/faster_rcnn_R_50_FPN_3x.yaml
  DETECTRON2_THRESH: 0.9
  DETECTRON2_WEIGHTS: detectron2://COCO-Detection/faster_rcnn_R_50_FPN_3x/137849458/model_final_280758.pkl
  DISPLAY_HEIGHT: 0
  DISPLAY_WIDTH: 0
  ENABLE: False
  FPS: 30
  GT_BOXES: 
  INPUT_FORMAT: BGR
  INPUT_VIDEO: 
  LABEL_FILE_PATH: 
  NUM_CLIPS_SKIP: 0
  NUM_VIS_INSTANCES: 2
  OUTPUT_FILE: 
  OUTPUT_FPS: -1
  PREDS_BOXES: 
  SLOWMO: 1
  STARTING_SECOND: 900
  THREAD_ENABLE: False
  UNCOMMON_CLASS_THRES: 0.3
  VIS_MODE: thres
  WEBCAM: -1
DETECTION:
  ALIGNED: False
  ENABLE: True
  ROI_XFORM_RESOLUTION: 7
  SPATIAL_SCALE_FACTOR: 16
DIST_BACKEND: nccl
LOG_MODEL_INFO: False
LOG_PERIOD: 10
MODEL:
  ARCH: slowfast
  DROPCONNECT_RATE: 0.0
  DROPOUT_RATE: 0.5
  FC_INIT_STD: 0.01
  FREEZE_TO: 605
  HEAD_ACT: sigmoid
  LOSS_FUNC: bce
  MODEL_NAME: SlowFast
  MULTI_PATHWAY_ARCH: ['slowfast']
  NUM_CLASSES: 10
  SINGLE_PATHWAY_ARCH: ['c2d', 'i3d', 'slow', 'x3d']
MULTIGRID:
  BN_BASE_SIZE: 8
  DEFAULT_B: 0
  DEFAULT_S: 0
  DEFAULT_T: 0
  EPOCH_FACTOR: 1.5
  EVAL_FREQ: 3
  LONG_CYCLE: False
  LONG_CYCLE_FACTORS: [(0.25, 0.7071067811865476), (0.5, 0.7071067811865476), (0.5, 1), (1, 1)]
  LONG_CYCLE_SAMPLING_RATE: 0
  SHORT_CYCLE: False
  SHORT_CYCLE_FACTORS: [0.5, 0.7071067811865476]
NONLOCAL:
  GROUP: [[1, 1], [1, 1], [1, 1], [1, 1]]
  INSTANTIATION: dot_product
  LOCATION: [[[], []], [[], []], [[6, 13, 20], []], [[], []]]
  POOL: [[[2, 2, 2], [2, 2, 2]], [[2, 2, 2], [2, 2, 2]], [[2, 2, 2], [2, 2, 2]], [[2, 2, 2], [2, 2, 2]]]
NUM_GPUS: 1
NUM_SHARDS: 1
OUTPUT_DIR: /srv/beegfs02/scratch/da_action/data/output/ex_10_500_100_v6
RESNET:
  DEPTH: 101
  INPLACE_RELU: True
  NUM_BLOCK_TEMP_KERNEL: [[3, 3], [4, 4], [6, 6], [3, 3]]
  NUM_GROUPS: 1
  SPATIAL_DILATIONS: [[1, 1], [1, 1], [1, 1], [2, 2]]
  SPATIAL_STRIDES: [[1, 1], [2, 2], [2, 2], [1, 1]]
  STRIDE_1X1: False
  TRANS_FUNC: bottleneck_transform
  WIDTH_PER_GROUP: 64
  ZERO_INIT_FINAL_BN: True
RNG_SEED: 0
SHARD_ID: 0
SLOWFAST:
  ALPHA: 4
  BETA_INV: 8
  FUSION_CONV_CHANNEL_RATIO: 2
  FUSION_KERNEL_SZ: 5
SOLVER:
  BASE_LR: 0.1
  BASE_LR_SCALE_NUM_SHARDS: False
  COSINE_END_LR: 0.0
  DAMPENING: 0.0
  GAMMA: 0.1
  LRS: []
  LR_POLICY: cosine
  MAX_EPOCH: 25
  MOMENTUM: 0.9
  NESTEROV: True
  OPTIMIZING_METHOD: sgd
  STEPS: []
  STEP_SIZE: 1
  WARMUP_EPOCHS: 0.0
  WARMUP_FACTOR: 0.1
  WARMUP_START_LR: 0.01
  WEIGHT_DECAY: 1e-07
TENSORBOARD:
  CATEGORIES_PATH: 
  CLASS_NAMES_PATH: 
  CONFUSION_MATRIX:
    ENABLE: False
    FIGSIZE: [8, 8]
    SUBSET_PATH: 
  ENABLE: True
  HISTOGRAM:
    ENABLE: False
    FIGSIZE: [8, 8]
    SUBSET_PATH: 
    TOPK: 10
  LOG_DIR: tensorboard
  MODEL_VIS:
    ACTIVATIONS: False
    COLORMAP: Pastel2
    ENABLE: False
    GRAD_CAM:
      COLORMAP: viridis
      ENABLE: True
      LAYER_LIST: []
      USE_TRUE_LABEL: False
    INPUT_VIDEO: False
    LAYER_LIST: []
    MODEL_WEIGHTS: False
    TOPK_PREDS: 1
  PREDICTIONS_PATH: 
  WRONG_PRED_VIS:
    ENABLE: False
    SUBSET_PATH: 
    TAG: Incorrectly classified videos.
TEST:
  BATCH_SIZE: 4
  CHECKPOINT_FILE_PATH: 
  CHECKPOINT_TYPE: pytorch
  DATASET: ava
  DETECTIONS_PATH: 
  ENABLE: True
  GT_PATH: 
  NUM_ENSEMBLE_VIEWS: 10
  NUM_SPATIAL_CROPS: 3
  SAVE_RESULTS_PATH: 
TRAIN:
  AUTO_RESUME: False
  BATCH_SIZE: 4
  CHECKPOINT_CLEAR_NAME_PATTERN: ()
  CHECKPOINT_EPOCH_RESET: False
  CHECKPOINT_FILE_PATH: /srv/beegfs02/scratch/da_action/data/models_pretrained/SLOWFAST_32x2_R101_50_50.pkl
  CHECKPOINT_INFLATE: False
  CHECKPOINT_PERIOD: 1
  CHECKPOINT_TYPE: pytorch
  DATASET: ava
  ENABLE: True
  EVAL_PERIOD: 1
X3D:
  BN_LIN5: False
  BOTTLENECK_FACTOR: 1.0
  CHANNELWISE_3x3x3: True
  DEPTH_FACTOR: 1.0
  DIM_C1: 12
  DIM_C5: 2048
  SCALE_RES2: False
  WIDTH_FACTOR: 1.0
[11/28 10:29:26][INFO] checkpoint.py: 214: Loading network weights from /srv/beegfs02/scratch/da_action/data/output/ex_10_500_100_v6/checkpoints/checkpoint_epoch_00025.pyth.
[11/28 10:29:28][INFO] ava_helper.py:  65: Finished loading image paths from: /srv/beegfs02/scratch/da_action/data/ava/frame_lists_10_500_100/val.csv
[11/28 10:29:28][INFO] ava_helper.py: 111: Finished loading annotations from: /srv/beegfs02/scratch/da_action/data/ava/annotations_10_500_100/ava_val_predicted_boxes.csv
[11/28 10:29:28][INFO] ava_helper.py: 113: Detection threshold: 0.8
[11/28 10:29:28][INFO] ava_helper.py: 114: Number of unique boxes: 1218
[11/28 10:29:28][INFO] ava_helper.py: 115: Number of annotations: 0
[11/28 10:29:28][INFO] ava_helper.py: 162: 694 keyframes used.
[11/28 10:29:28][INFO] ava_dataset.py:  90: === AVA dataset summary ===
[11/28 10:29:28][INFO] ava_dataset.py:  91: Split: test
[11/28 10:29:28][INFO] ava_dataset.py:  92: Number of videos: 6
[11/28 10:29:28][INFO] ava_dataset.py:  96: Number of frames: 162182
[11/28 10:29:28][INFO] ava_dataset.py:  97: Number of key frames: 694
[11/28 10:29:28][INFO] ava_dataset.py:  98: Number of boxes: 1218.
[11/28 10:29:28][INFO] test_net.py: 172: Testing model for 174 iterations
Traceback (most recent call last):
  File "tools/run_net.py", line 53, in <module>
    main()
  File "tools/run_net.py", line 37, in main
    launch_job(cfg=cfg, init_method=args.init_method, func=test)
  File "/home/sieberl/SA2020/pyslowfast/slowfast/slowfast/utils/misc.py", line 296, in launch_job
    func(cfg=cfg)
  File "/home/sieberl/SA2020/pyslowfast/slowfast/tools/test_net.py", line 175, in test
    assert cfg.NUM_GPUS == cfg.TEST.BATCH_SIZE or cfg.NUM_GPUS == 0
AssertionError
