
CommandNotFoundError: Your shell has not been properly configured to use 'conda activate'.
To initialize your shell, run

    $ conda init <SHELL_NAME>

Currently supported shells are:
  - bash
  - fish
  - tcsh
  - xonsh
  - zsh
  - powershell

See 'conda init --help' for more information and options.

IMPORTANT: You may need to close and restart your shell after running 'conda init'.


[11/29 22:05:02][INFO] train_net.py: 408: Train with config:
[11/29 22:05:02][INFO] train_net.py: 409: {'AVA': {'ANNOTATION_DIR': '/srv/beegfs02/scratch/da_action/data/ava/annotations_10_500_100/',
         'BGR': False,
         'DETECTION_SCORE_THRESH': 0.8,
         'EXCLUSION_FILE': 'ava_val_excluded_timestamps_v2.2.csv',
         'FRAME_DIR': '/srv/beegfs02/scratch/da_action/data/ava/frames/',
         'FRAME_LIST_DIR': '/srv/beegfs02/scratch/da_action/data/ava/frame_lists_10_500_100/',
         'FULL_TEST_ON_VAL': True,
         'GROUNDTRUTH_FILE': 'ava_val_v2.2.csv',
         'IMG_PROC_BACKEND': 'cv2',
         'LABEL_MAP_FILE': 'ava_action_list_v2.2.pbtxt',
         'TEST_FORCE_FLIP': False,
         'TEST_LISTS': ['val.csv'],
         'TEST_PREDICT_BOX_LISTS': ['ava_val_predicted_boxes.csv'],
         'TRAIN_GT_BOX_LISTS': ['ava_train_v2.2.csv'],
         'TRAIN_LISTS': ['train.csv'],
         'TRAIN_PCA_EIGVAL': [0.225, 0.224, 0.229],
         'TRAIN_PCA_EIGVEC': [[-0.5675, 0.7192, 0.4009],
                              [-0.5808, -0.0045, -0.814],
                              [-0.5836, -0.6948, 0.4203]],
         'TRAIN_PCA_JITTER_ONLY': True,
         'TRAIN_PREDICT_BOX_LISTS': [],
         'TRAIN_USE_COLOR_AUGMENTATION': False},
 'BENCHMARK': CfgNode({'NUM_EPOCHS': 5, 'LOG_PERIOD': 100, 'SHUFFLE': True}),
 'BN': {'NORM_TYPE': 'batchnorm',
        'NUM_BATCHES_PRECISE': 200,
        'NUM_SPLITS': 1,
        'NUM_SYNC_DEVICES': 1,
        'USE_PRECISE_STATS': False,
        'WEIGHT_DECAY': 0.0},
 'DATA': {'DECODING_BACKEND': 'pyav',
          'ENSEMBLE_METHOD': 'sum',
          'INPUT_CHANNEL_NUM': [3, 3],
          'INV_UNIFORM_SAMPLE': False,
          'MEAN': [0.45, 0.45, 0.45],
          'MULTI_LABEL': False,
          'NUM_FRAMES': 32,
          'PATH_LABEL_SEPARATOR': ' ',
          'PATH_PREFIX': '',
          'PATH_TO_DATA_DIR': '',
          'RANDOM_FLIP': True,
          'REVERSE_INPUT_CHANNEL': False,
          'SAMPLING_RATE': 2,
          'STD': [0.225, 0.225, 0.225],
          'TARGET_FPS': 30,
          'TEST_CROP_SIZE': 256,
          'TRAIN_CROP_SIZE': 224,
          'TRAIN_JITTER_SCALES': [256, 320]},
 'DATA_LOADER': {'ENABLE_MULTI_THREAD_DECODE': False,
                 'NUM_WORKERS': 1,
                 'PIN_MEMORY': True},
 'DEMO': {'BUFFER_SIZE': 0,
          'CLIP_VIS_SIZE': 10,
          'COMMON_CLASS_NAMES': ['watch (a person)',
                                 'talk to (e.g., self, a person, a group)',
                                 'listen to (a person)',
                                 'touch (an object)',
                                 'carry/hold (an object)',
                                 'walk',
                                 'sit',
                                 'lie/sleep',
                                 'bend/bow (at the waist)'],
          'COMMON_CLASS_THRES': 0.7,
          'DETECTRON2_CFG': 'COCO-Detection/faster_rcnn_R_50_FPN_3x.yaml',
          'DETECTRON2_THRESH': 0.9,
          'DETECTRON2_WEIGHTS': 'detectron2://COCO-Detection/faster_rcnn_R_50_FPN_3x/137849458/model_final_280758.pkl',
          'DISPLAY_HEIGHT': 0,
          'DISPLAY_WIDTH': 0,
          'ENABLE': False,
          'FPS': 30,
          'GT_BOXES': '',
          'INPUT_FORMAT': 'BGR',
          'INPUT_VIDEO': '',
          'LABEL_FILE_PATH': '',
          'NUM_CLIPS_SKIP': 0,
          'NUM_VIS_INSTANCES': 2,
          'OUTPUT_FILE': '',
          'OUTPUT_FPS': -1,
          'PREDS_BOXES': '',
          'SLOWMO': 1,
          'STARTING_SECOND': 900,
          'THREAD_ENABLE': False,
          'UNCOMMON_CLASS_THRES': 0.3,
          'VIS_MODE': 'thres',
          'WEBCAM': -1},
 'DETECTION': {'ALIGNED': False,
               'ENABLE': True,
               'ROI_XFORM_RESOLUTION': 7,
               'SPATIAL_SCALE_FACTOR': 16},
 'DIST_BACKEND': 'nccl',
 'LOG_MODEL_INFO': False,
 'LOG_PERIOD': 10,
 'MODEL': {'ARCH': 'slowfast',
           'DROPCONNECT_RATE': 0.0,
           'DROPOUT_RATE': 0.5,
           'FC_INIT_STD': 0.01,
           'FREEZE_TO': 605,
           'HEAD_ACT': 'sigmoid',
           'LOSS_FUNC': 'bce',
           'MODEL_NAME': 'SlowFast',
           'MULTI_PATHWAY_ARCH': ['slowfast'],
           'NUM_CLASSES': 10,
           'SINGLE_PATHWAY_ARCH': ['c2d', 'i3d', 'slow', 'x3d']},
 'MULTIGRID': {'BN_BASE_SIZE': 8,
               'DEFAULT_B': 0,
               'DEFAULT_S': 0,
               'DEFAULT_T': 0,
               'EPOCH_FACTOR': 1.5,
               'EVAL_FREQ': 3,
               'LONG_CYCLE': False,
               'LONG_CYCLE_FACTORS': [(0.25, 0.7071067811865476),
                                      (0.5, 0.7071067811865476),
                                      (0.5, 1),
                                      (1, 1)],
               'LONG_CYCLE_SAMPLING_RATE': 0,
               'SHORT_CYCLE': False,
               'SHORT_CYCLE_FACTORS': [0.5, 0.7071067811865476]},
 'NONLOCAL': {'GROUP': [[1, 1], [1, 1], [1, 1], [1, 1]],
              'INSTANTIATION': 'dot_product',
              'LOCATION': [[[], []], [[], []], [[6, 13, 20], []], [[], []]],
              'POOL': [[[2, 2, 2], [2, 2, 2]],
                       [[2, 2, 2], [2, 2, 2]],
                       [[2, 2, 2], [2, 2, 2]],
                       [[2, 2, 2], [2, 2, 2]]]},
 'NUM_GPUS': 1,
 'NUM_SHARDS': 1,
 'OUTPUT_DIR': '/srv/beegfs02/scratch/da_action/data/output/ex_10_500_100_v11_RR',
 'RESNET': {'DEPTH': 101,
            'INPLACE_RELU': True,
            'NUM_BLOCK_TEMP_KERNEL': [[3, 3], [4, 4], [6, 6], [3, 3]],
            'NUM_GROUPS': 1,
            'SPATIAL_DILATIONS': [[1, 1], [1, 1], [1, 1], [2, 2]],
            'SPATIAL_STRIDES': [[1, 1], [2, 2], [2, 2], [1, 1]],
            'STRIDE_1X1': False,
            'TRANS_FUNC': 'bottleneck_transform',
            'WIDTH_PER_GROUP': 64,
            'ZERO_INIT_FINAL_BN': True},
 'RNG_SEED': 0,
 'SHARD_ID': 0,
 'SLOWFAST': {'ALPHA': 4,
              'BETA_INV': 8,
              'FUSION_CONV_CHANNEL_RATIO': 2,
              'FUSION_KERNEL_SZ': 5},
 'SOLVER': {'BASE_LR': 0.1,
            'BASE_LR_SCALE_NUM_SHARDS': False,
            'COSINE_END_LR': 0.0,
            'DAMPENING': 0.0,
            'GAMMA': 0.1,
            'LRS': [1.0, 0.5, 0.1, 0.01, 0.001, 0.0001],
            'LR_POLICY': 'steps_with_relative_lrs',
            'MAX_EPOCH': 16,
            'MOMENTUM': 0.9,
            'NESTEROV': True,
            'OPTIMIZING_METHOD': 'sgd',
            'STEPS': [1, 4, 8, 10, 12, 14],
            'STEP_SIZE': 1,
            'WARMUP_EPOCHS': 0.0,
            'WARMUP_FACTOR': 0.1,
            'WARMUP_START_LR': 0.01,
            'WEIGHT_DECAY': 1e-07},
 'TENSORBOARD': {'CATEGORIES_PATH': '',
                 'CLASS_NAMES_PATH': '',
                 'CONFUSION_MATRIX': {'ENABLE': False,
                                      'FIGSIZE': [8, 8],
                                      'SUBSET_PATH': ''},
                 'ENABLE': True,
                 'HISTOGRAM': {'ENABLE': False,
                               'FIGSIZE': [8, 8],
                               'SUBSET_PATH': '',
                               'TOPK': 10},
                 'LOG_DIR': 'tensorboard',
                 'MODEL_VIS': {'ACTIVATIONS': False,
                               'COLORMAP': 'Pastel2',
                               'ENABLE': False,
                               'GRAD_CAM': {'COLORMAP': 'viridis',
                                            'ENABLE': True,
                                            'LAYER_LIST': [],
                                            'USE_TRUE_LABEL': False},
                               'INPUT_VIDEO': False,
                               'LAYER_LIST': [],
                               'MODEL_WEIGHTS': False,
                               'TOPK_PREDS': 1},
                 'PREDICTIONS_PATH': '',
                 'WRONG_PRED_VIS': {'ENABLE': False,
                                    'SUBSET_PATH': '',
                                    'TAG': 'Incorrectly classified videos.'}},
 'TEST': {'BATCH_SIZE': 4,
          'CHECKPOINT_FILE_PATH': '',
          'CHECKPOINT_TYPE': 'pytorch',
          'DATASET': 'ava',
          'DETECTIONS_PATH': '',
          'ENABLE': True,
          'GT_PATH': '',
          'NUM_ENSEMBLE_VIEWS': 10,
          'NUM_SPATIAL_CROPS': 3,
          'SAVE_RESULTS_PATH': ''},
 'TRAIN': {'AUTO_RESUME': False,
           'BATCH_SIZE': 4,
           'CHECKPOINT_CLEAR_NAME_PATTERN': (),
           'CHECKPOINT_EPOCH_RESET': False,
           'CHECKPOINT_FILE_PATH': '/srv/beegfs02/scratch/da_action/data/models_pretrained/SLOWFAST_32x2_R101_50_50.pkl',
           'CHECKPOINT_INFLATE': False,
           'CHECKPOINT_PERIOD': 1,
           'CHECKPOINT_TYPE': 'pytorch',
           'DATASET': 'ava',
           'ENABLE': True,
           'EVAL_PERIOD': 1},
 'X3D': {'BN_LIN5': False,
         'BOTTLENECK_FACTOR': 1.0,
         'CHANNELWISE_3x3x3': True,
         'DEPTH_FACTOR': 1.0,
         'DIM_C1': 12,
         'DIM_C5': 2048,
         'SCALE_RES2': False,
         'WIDTH_FACTOR': 1.0}}
0 frozen s1.pathway0_stem.conv.weight
1 frozen s1.pathway0_stem.bn.weight
2 frozen s1.pathway0_stem.bn.bias
3 frozen s1.pathway1_stem.conv.weight
4 frozen s1.pathway1_stem.bn.weight
5 frozen s1.pathway1_stem.bn.bias
6 frozen s1_fuse.conv_f2s.weight
7 frozen s1_fuse.bn.weight
8 frozen s1_fuse.bn.bias
9 frozen s2.pathway0_res0.branch1.weight
10 frozen s2.pathway0_res0.branch1_bn.weight
11 frozen s2.pathway0_res0.branch1_bn.bias
12 frozen s2.pathway0_res0.branch2.a.weight
13 frozen s2.pathway0_res0.branch2.a_bn.weight
14 frozen s2.pathway0_res0.branch2.a_bn.bias
15 frozen s2.pathway0_res0.branch2.b.weight
16 frozen s2.pathway0_res0.branch2.b_bn.weight
17 frozen s2.pathway0_res0.branch2.b_bn.bias
18 frozen s2.pathway0_res0.branch2.c.weight
19 frozen s2.pathway0_res0.branch2.c_bn.weight
20 frozen s2.pathway0_res0.branch2.c_bn.bias
21 frozen s2.pathway0_res1.branch2.a.weight
22 frozen s2.pathway0_res1.branch2.a_bn.weight
23 frozen s2.pathway0_res1.branch2.a_bn.bias
24 frozen s2.pathway0_res1.branch2.b.weight
25 frozen s2.pathway0_res1.branch2.b_bn.weight
26 frozen s2.pathway0_res1.branch2.b_bn.bias
27 frozen s2.pathway0_res1.branch2.c.weight
28 frozen s2.pathway0_res1.branch2.c_bn.weight
29 frozen s2.pathway0_res1.branch2.c_bn.bias
30 frozen s2.pathway0_res2.branch2.a.weight
31 frozen s2.pathway0_res2.branch2.a_bn.weight
32 frozen s2.pathway0_res2.branch2.a_bn.bias
33 frozen s2.pathway0_res2.branch2.b.weight
34 frozen s2.pathway0_res2.branch2.b_bn.weight
35 frozen s2.pathway0_res2.branch2.b_bn.bias
36 frozen s2.pathway0_res2.branch2.c.weight
37 frozen s2.pathway0_res2.branch2.c_bn.weight
38 frozen s2.pathway0_res2.branch2.c_bn.bias
39 frozen s2.pathway1_res0.branch1.weight
40 frozen s2.pathway1_res0.branch1_bn.weight
41 frozen s2.pathway1_res0.branch1_bn.bias
42 frozen s2.pathway1_res0.branch2.a.weight
43 frozen s2.pathway1_res0.branch2.a_bn.weight
44 frozen s2.pathway1_res0.branch2.a_bn.bias
45 frozen s2.pathway1_res0.branch2.b.weight
46 frozen s2.pathway1_res0.branch2.b_bn.weight
47 frozen s2.pathway1_res0.branch2.b_bn.bias
48 frozen s2.pathway1_res0.branch2.c.weight
49 frozen s2.pathway1_res0.branch2.c_bn.weight
50 frozen s2.pathway1_res0.branch2.c_bn.bias
51 frozen s2.pathway1_res1.branch2.a.weight
52 frozen s2.pathway1_res1.branch2.a_bn.weight
53 frozen s2.pathway1_res1.branch2.a_bn.bias
54 frozen s2.pathway1_res1.branch2.b.weight
55 frozen s2.pathway1_res1.branch2.b_bn.weight
56 frozen s2.pathway1_res1.branch2.b_bn.bias
57 frozen s2.pathway1_res1.branch2.c.weight
58 frozen s2.pathway1_res1.branch2.c_bn.weight
59 frozen s2.pathway1_res1.branch2.c_bn.bias
60 frozen s2.pathway1_res2.branch2.a.weight
61 frozen s2.pathway1_res2.branch2.a_bn.weight
62 frozen s2.pathway1_res2.branch2.a_bn.bias
63 frozen s2.pathway1_res2.branch2.b.weight
64 frozen s2.pathway1_res2.branch2.b_bn.weight
65 frozen s2.pathway1_res2.branch2.b_bn.bias
66 frozen s2.pathway1_res2.branch2.c.weight
67 frozen s2.pathway1_res2.branch2.c_bn.weight
68 frozen s2.pathway1_res2.branch2.c_bn.bias
69 frozen s2_fuse.conv_f2s.weight
70 frozen s2_fuse.bn.weight
71 frozen s2_fuse.bn.bias
72 frozen s3.pathway0_res0.branch1.weight
73 frozen s3.pathway0_res0.branch1_bn.weight
74 frozen s3.pathway0_res0.branch1_bn.bias
75 frozen s3.pathway0_res0.branch2.a.weight
76 frozen s3.pathway0_res0.branch2.a_bn.weight
77 frozen s3.pathway0_res0.branch2.a_bn.bias
78 frozen s3.pathway0_res0.branch2.b.weight
79 frozen s3.pathway0_res0.branch2.b_bn.weight
80 frozen s3.pathway0_res0.branch2.b_bn.bias
81 frozen s3.pathway0_res0.branch2.c.weight
82 frozen s3.pathway0_res0.branch2.c_bn.weight
83 frozen s3.pathway0_res0.branch2.c_bn.bias
84 frozen s3.pathway0_res1.branch2.a.weight
85 frozen s3.pathway0_res1.branch2.a_bn.weight
86 frozen s3.pathway0_res1.branch2.a_bn.bias
87 frozen s3.pathway0_res1.branch2.b.weight
88 frozen s3.pathway0_res1.branch2.b_bn.weight
89 frozen s3.pathway0_res1.branch2.b_bn.bias
90 frozen s3.pathway0_res1.branch2.c.weight
91 frozen s3.pathway0_res1.branch2.c_bn.weight
92 frozen s3.pathway0_res1.branch2.c_bn.bias
93 frozen s3.pathway0_res2.branch2.a.weight
94 frozen s3.pathway0_res2.branch2.a_bn.weight
95 frozen s3.pathway0_res2.branch2.a_bn.bias
96 frozen s3.pathway0_res2.branch2.b.weight
97 frozen s3.pathway0_res2.branch2.b_bn.weight
98 frozen s3.pathway0_res2.branch2.b_bn.bias
99 frozen s3.pathway0_res2.branch2.c.weight
100 frozen s3.pathway0_res2.branch2.c_bn.weight
101 frozen s3.pathway0_res2.branch2.c_bn.bias
102 frozen s3.pathway0_res3.branch2.a.weight
103 frozen s3.pathway0_res3.branch2.a_bn.weight
104 frozen s3.pathway0_res3.branch2.a_bn.bias
105 frozen s3.pathway0_res3.branch2.b.weight
106 frozen s3.pathway0_res3.branch2.b_bn.weight
107 frozen s3.pathway0_res3.branch2.b_bn.bias
108 frozen s3.pathway0_res3.branch2.c.weight
109 frozen s3.pathway0_res3.branch2.c_bn.weight
110 frozen s3.pathway0_res3.branch2.c_bn.bias
111 frozen s3.pathway1_res0.branch1.weight
112 frozen s3.pathway1_res0.branch1_bn.weight
113 frozen s3.pathway1_res0.branch1_bn.bias
114 frozen s3.pathway1_res0.branch2.a.weight
115 frozen s3.pathway1_res0.branch2.a_bn.weight
116 frozen s3.pathway1_res0.branch2.a_bn.bias
117 frozen s3.pathway1_res0.branch2.b.weight
118 frozen s3.pathway1_res0.branch2.b_bn.weight
119 frozen s3.pathway1_res0.branch2.b_bn.bias
120 frozen s3.pathway1_res0.branch2.c.weight
121 frozen s3.pathway1_res0.branch2.c_bn.weight
122 frozen s3.pathway1_res0.branch2.c_bn.bias
123 frozen s3.pathway1_res1.branch2.a.weight
124 frozen s3.pathway1_res1.branch2.a_bn.weight
125 frozen s3.pathway1_res1.branch2.a_bn.bias
126 frozen s3.pathway1_res1.branch2.b.weight
127 frozen s3.pathway1_res1.branch2.b_bn.weight
128 frozen s3.pathway1_res1.branch2.b_bn.bias
129 frozen s3.pathway1_res1.branch2.c.weight
130 frozen s3.pathway1_res1.branch2.c_bn.weight
131 frozen s3.pathway1_res1.branch2.c_bn.bias
132 frozen s3.pathway1_res2.branch2.a.weight
133 frozen s3.pathway1_res2.branch2.a_bn.weight
134 frozen s3.pathway1_res2.branch2.a_bn.bias
135 frozen s3.pathway1_res2.branch2.b.weight
136 frozen s3.pathway1_res2.branch2.b_bn.weight
137 frozen s3.pathway1_res2.branch2.b_bn.bias
138 frozen s3.pathway1_res2.branch2.c.weight
139 frozen s3.pathway1_res2.branch2.c_bn.weight
140 frozen s3.pathway1_res2.branch2.c_bn.bias
141 frozen s3.pathway1_res3.branch2.a.weight
142 frozen s3.pathway1_res3.branch2.a_bn.weight
143 frozen s3.pathway1_res3.branch2.a_bn.bias
144 frozen s3.pathway1_res3.branch2.b.weight
145 frozen s3.pathway1_res3.branch2.b_bn.weight
146 frozen s3.pathway1_res3.branch2.b_bn.bias
147 frozen s3.pathway1_res3.branch2.c.weight
148 frozen s3.pathway1_res3.branch2.c_bn.weight
149 frozen s3.pathway1_res3.branch2.c_bn.bias
150 frozen s3_fuse.conv_f2s.weight
151 frozen s3_fuse.bn.weight
152 frozen s3_fuse.bn.bias
153 frozen s4.pathway0_res0.branch1.weight
154 frozen s4.pathway0_res0.branch1_bn.weight
155 frozen s4.pathway0_res0.branch1_bn.bias
156 frozen s4.pathway0_res0.branch2.a.weight
157 frozen s4.pathway0_res0.branch2.a_bn.weight
158 frozen s4.pathway0_res0.branch2.a_bn.bias
159 frozen s4.pathway0_res0.branch2.b.weight
160 frozen s4.pathway0_res0.branch2.b_bn.weight
161 frozen s4.pathway0_res0.branch2.b_bn.bias
162 frozen s4.pathway0_res0.branch2.c.weight
163 frozen s4.pathway0_res0.branch2.c_bn.weight
164 frozen s4.pathway0_res0.branch2.c_bn.bias
165 frozen s4.pathway0_res1.branch2.a.weight
166 frozen s4.pathway0_res1.branch2.a_bn.weight
167 frozen s4.pathway0_res1.branch2.a_bn.bias
168 frozen s4.pathway0_res1.branch2.b.weight
169 frozen s4.pathway0_res1.branch2.b_bn.weight
170 frozen s4.pathway0_res1.branch2.b_bn.bias
171 frozen s4.pathway0_res1.branch2.c.weight
172 frozen s4.pathway0_res1.branch2.c_bn.weight
173 frozen s4.pathway0_res1.branch2.c_bn.bias
174 frozen s4.pathway0_res2.branch2.a.weight
175 frozen s4.pathway0_res2.branch2.a_bn.weight
176 frozen s4.pathway0_res2.branch2.a_bn.bias
177 frozen s4.pathway0_res2.branch2.b.weight
178 frozen s4.pathway0_res2.branch2.b_bn.weight
179 frozen s4.pathway0_res2.branch2.b_bn.bias
180 frozen s4.pathway0_res2.branch2.c.weight
181 frozen s4.pathway0_res2.branch2.c_bn.weight
182 frozen s4.pathway0_res2.branch2.c_bn.bias
183 frozen s4.pathway0_res3.branch2.a.weight
184 frozen s4.pathway0_res3.branch2.a_bn.weight
185 frozen s4.pathway0_res3.branch2.a_bn.bias
186 frozen s4.pathway0_res3.branch2.b.weight
187 frozen s4.pathway0_res3.branch2.b_bn.weight
188 frozen s4.pathway0_res3.branch2.b_bn.bias
189 frozen s4.pathway0_res3.branch2.c.weight
190 frozen s4.pathway0_res3.branch2.c_bn.weight
191 frozen s4.pathway0_res3.branch2.c_bn.bias
192 frozen s4.pathway0_res4.branch2.a.weight
193 frozen s4.pathway0_res4.branch2.a_bn.weight
194 frozen s4.pathway0_res4.branch2.a_bn.bias
195 frozen s4.pathway0_res4.branch2.b.weight
196 frozen s4.pathway0_res4.branch2.b_bn.weight
197 frozen s4.pathway0_res4.branch2.b_bn.bias
198 frozen s4.pathway0_res4.branch2.c.weight
199 frozen s4.pathway0_res4.branch2.c_bn.weight
200 frozen s4.pathway0_res4.branch2.c_bn.bias
201 frozen s4.pathway0_res5.branch2.a.weight
202 frozen s4.pathway0_res5.branch2.a_bn.weight
203 frozen s4.pathway0_res5.branch2.a_bn.bias
204 frozen s4.pathway0_res5.branch2.b.weight
205 frozen s4.pathway0_res5.branch2.b_bn.weight
206 frozen s4.pathway0_res5.branch2.b_bn.bias
207 frozen s4.pathway0_res5.branch2.c.weight
208 frozen s4.pathway0_res5.branch2.c_bn.weight
209 frozen s4.pathway0_res5.branch2.c_bn.bias
210 frozen s4.pathway0_res6.branch2.a.weight
211 frozen s4.pathway0_res6.branch2.a_bn.weight
212 frozen s4.pathway0_res6.branch2.a_bn.bias
213 frozen s4.pathway0_res6.branch2.b.weight
214 frozen s4.pathway0_res6.branch2.b_bn.weight
215 frozen s4.pathway0_res6.branch2.b_bn.bias
216 frozen s4.pathway0_res6.branch2.c.weight
217 frozen s4.pathway0_res6.branch2.c_bn.weight
218 frozen s4.pathway0_res6.branch2.c_bn.bias
219 frozen s4.pathway0_nonlocal6.conv_theta.weight
220 frozen s4.pathway0_nonlocal6.conv_theta.bias
221 frozen s4.pathway0_nonlocal6.conv_phi.weight
222 frozen s4.pathway0_nonlocal6.conv_phi.bias
223 frozen s4.pathway0_nonlocal6.conv_g.weight
224 frozen s4.pathway0_nonlocal6.conv_g.bias
225 frozen s4.pathway0_nonlocal6.conv_out.weight
226 frozen s4.pathway0_nonlocal6.conv_out.bias
227 frozen s4.pathway0_nonlocal6.bn.weight
228 frozen s4.pathway0_nonlocal6.bn.bias
229 frozen s4.pathway0_res7.branch2.a.weight
230 frozen s4.pathway0_res7.branch2.a_bn.weight
231 frozen s4.pathway0_res7.branch2.a_bn.bias
232 frozen s4.pathway0_res7.branch2.b.weight
233 frozen s4.pathway0_res7.branch2.b_bn.weight
234 frozen s4.pathway0_res7.branch2.b_bn.bias
235 frozen s4.pathway0_res7.branch2.c.weight
236 frozen s4.pathway0_res7.branch2.c_bn.weight
237 frozen s4.pathway0_res7.branch2.c_bn.bias
238 frozen s4.pathway0_res8.branch2.a.weight
239 frozen s4.pathway0_res8.branch2.a_bn.weight
240 frozen s4.pathway0_res8.branch2.a_bn.bias
241 frozen s4.pathway0_res8.branch2.b.weight
242 frozen s4.pathway0_res8.branch2.b_bn.weight
243 frozen s4.pathway0_res8.branch2.b_bn.bias
244 frozen s4.pathway0_res8.branch2.c.weight
245 frozen s4.pathway0_res8.branch2.c_bn.weight
246 frozen s4.pathway0_res8.branch2.c_bn.bias
247 frozen s4.pathway0_res9.branch2.a.weight
248 frozen s4.pathway0_res9.branch2.a_bn.weight
249 frozen s4.pathway0_res9.branch2.a_bn.bias
250 frozen s4.pathway0_res9.branch2.b.weight
251 frozen s4.pathway0_res9.branch2.b_bn.weight
252 frozen s4.pathway0_res9.branch2.b_bn.bias
253 frozen s4.pathway0_res9.branch2.c.weight
254 frozen s4.pathway0_res9.branch2.c_bn.weight
255 frozen s4.pathway0_res9.branch2.c_bn.bias
256 frozen s4.pathway0_res10.branch2.a.weight
257 frozen s4.pathway0_res10.branch2.a_bn.weight
258 frozen s4.pathway0_res10.branch2.a_bn.bias
259 frozen s4.pathway0_res10.branch2.b.weight
260 frozen s4.pathway0_res10.branch2.b_bn.weight
261 frozen s4.pathway0_res10.branch2.b_bn.bias
262 frozen s4.pathway0_res10.branch2.c.weight
263 frozen s4.pathway0_res10.branch2.c_bn.weight
264 frozen s4.pathway0_res10.branch2.c_bn.bias
265 frozen s4.pathway0_res11.branch2.a.weight
266 frozen s4.pathway0_res11.branch2.a_bn.weight
267 frozen s4.pathway0_res11.branch2.a_bn.bias
268 frozen s4.pathway0_res11.branch2.b.weight
269 frozen s4.pathway0_res11.branch2.b_bn.weight
270 frozen s4.pathway0_res11.branch2.b_bn.bias
271 frozen s4.pathway0_res11.branch2.c.weight
272 frozen s4.pathway0_res11.branch2.c_bn.weight
273 frozen s4.pathway0_res11.branch2.c_bn.bias
274 frozen s4.pathway0_res12.branch2.a.weight
275 frozen s4.pathway0_res12.branch2.a_bn.weight
276 frozen s4.pathway0_res12.branch2.a_bn.bias
277 frozen s4.pathway0_res12.branch2.b.weight
278 frozen s4.pathway0_res12.branch2.b_bn.weight
279 frozen s4.pathway0_res12.branch2.b_bn.bias
280 frozen s4.pathway0_res12.branch2.c.weight
281 frozen s4.pathway0_res12.branch2.c_bn.weight
282 frozen s4.pathway0_res12.branch2.c_bn.bias
283 frozen s4.pathway0_res13.branch2.a.weight
284 frozen s4.pathway0_res13.branch2.a_bn.weight
285 frozen s4.pathway0_res13.branch2.a_bn.bias
286 frozen s4.pathway0_res13.branch2.b.weight
287 frozen s4.pathway0_res13.branch2.b_bn.weight
288 frozen s4.pathway0_res13.branch2.b_bn.bias
289 frozen s4.pathway0_res13.branch2.c.weight
290 frozen s4.pathway0_res13.branch2.c_bn.weight
291 frozen s4.pathway0_res13.branch2.c_bn.bias
292 frozen s4.pathway0_nonlocal13.conv_theta.weight
293 frozen s4.pathway0_nonlocal13.conv_theta.bias
294 frozen s4.pathway0_nonlocal13.conv_phi.weight
295 frozen s4.pathway0_nonlocal13.conv_phi.bias
296 frozen s4.pathway0_nonlocal13.conv_g.weight
297 frozen s4.pathway0_nonlocal13.conv_g.bias
298 frozen s4.pathway0_nonlocal13.conv_out.weight
299 frozen s4.pathway0_nonlocal13.conv_out.bias
300 frozen s4.pathway0_nonlocal13.bn.weight
301 frozen s4.pathway0_nonlocal13.bn.bias
302 frozen s4.pathway0_res14.branch2.a.weight
303 frozen s4.pathway0_res14.branch2.a_bn.weight
304 frozen s4.pathway0_res14.branch2.a_bn.bias
305 frozen s4.pathway0_res14.branch2.b.weight
306 frozen s4.pathway0_res14.branch2.b_bn.weight
307 frozen s4.pathway0_res14.branch2.b_bn.bias
308 frozen s4.pathway0_res14.branch2.c.weight
309 frozen s4.pathway0_res14.branch2.c_bn.weight
310 frozen s4.pathway0_res14.branch2.c_bn.bias
311 frozen s4.pathway0_res15.branch2.a.weight
312 frozen s4.pathway0_res15.branch2.a_bn.weight
313 frozen s4.pathway0_res15.branch2.a_bn.bias
314 frozen s4.pathway0_res15.branch2.b.weight
315 frozen s4.pathway0_res15.branch2.b_bn.weight
316 frozen s4.pathway0_res15.branch2.b_bn.bias
317 frozen s4.pathway0_res15.branch2.c.weight
318 frozen s4.pathway0_res15.branch2.c_bn.weight
319 frozen s4.pathway0_res15.branch2.c_bn.bias
320 frozen s4.pathway0_res16.branch2.a.weight
321 frozen s4.pathway0_res16.branch2.a_bn.weight
322 frozen s4.pathway0_res16.branch2.a_bn.bias
323 frozen s4.pathway0_res16.branch2.b.weight
324 frozen s4.pathway0_res16.branch2.b_bn.weight
325 frozen s4.pathway0_res16.branch2.b_bn.bias
326 frozen s4.pathway0_res16.branch2.c.weight
327 frozen s4.pathway0_res16.branch2.c_bn.weight
328 frozen s4.pathway0_res16.branch2.c_bn.bias
329 frozen s4.pathway0_res17.branch2.a.weight
330 frozen s4.pathway0_res17.branch2.a_bn.weight
331 frozen s4.pathway0_res17.branch2.a_bn.bias
332 frozen s4.pathway0_res17.branch2.b.weight
333 frozen s4.pathway0_res17.branch2.b_bn.weight
334 frozen s4.pathway0_res17.branch2.b_bn.bias
335 frozen s4.pathway0_res17.branch2.c.weight
336 frozen s4.pathway0_res17.branch2.c_bn.weight
337 frozen s4.pathway0_res17.branch2.c_bn.bias
338 frozen s4.pathway0_res18.branch2.a.weight
339 frozen s4.pathway0_res18.branch2.a_bn.weight
340 frozen s4.pathway0_res18.branch2.a_bn.bias
341 frozen s4.pathway0_res18.branch2.b.weight
342 frozen s4.pathway0_res18.branch2.b_bn.weight
343 frozen s4.pathway0_res18.branch2.b_bn.bias
344 frozen s4.pathway0_res18.branch2.c.weight
345 frozen s4.pathway0_res18.branch2.c_bn.weight
346 frozen s4.pathway0_res18.branch2.c_bn.bias
347 frozen s4.pathway0_res19.branch2.a.weight
348 frozen s4.pathway0_res19.branch2.a_bn.weight
349 frozen s4.pathway0_res19.branch2.a_bn.bias
350 frozen s4.pathway0_res19.branch2.b.weight
351 frozen s4.pathway0_res19.branch2.b_bn.weight
352 frozen s4.pathway0_res19.branch2.b_bn.bias
353 frozen s4.pathway0_res19.branch2.c.weight
354 frozen s4.pathway0_res19.branch2.c_bn.weight
355 frozen s4.pathway0_res19.branch2.c_bn.bias
356 frozen s4.pathway0_res20.branch2.a.weight
357 frozen s4.pathway0_res20.branch2.a_bn.weight
358 frozen s4.pathway0_res20.branch2.a_bn.bias
359 frozen s4.pathway0_res20.branch2.b.weight
360 frozen s4.pathway0_res20.branch2.b_bn.weight
361 frozen s4.pathway0_res20.branch2.b_bn.bias
362 frozen s4.pathway0_res20.branch2.c.weight
363 frozen s4.pathway0_res20.branch2.c_bn.weight
364 frozen s4.pathway0_res20.branch2.c_bn.bias
365 frozen s4.pathway0_nonlocal20.conv_theta.weight
366 frozen s4.pathway0_nonlocal20.conv_theta.bias
367 frozen s4.pathway0_nonlocal20.conv_phi.weight
368 frozen s4.pathway0_nonlocal20.conv_phi.bias
369 frozen s4.pathway0_nonlocal20.conv_g.weight
370 frozen s4.pathway0_nonlocal20.conv_g.bias
371 frozen s4.pathway0_nonlocal20.conv_out.weight
372 frozen s4.pathway0_nonlocal20.conv_out.bias
373 frozen s4.pathway0_nonlocal20.bn.weight
374 frozen s4.pathway0_nonlocal20.bn.bias
375 frozen s4.pathway0_res21.branch2.a.weight
376 frozen s4.pathway0_res21.branch2.a_bn.weight
377 frozen s4.pathway0_res21.branch2.a_bn.bias
378 frozen s4.pathway0_res21.branch2.b.weight
379 frozen s4.pathway0_res21.branch2.b_bn.weight
380 frozen s4.pathway0_res21.branch2.b_bn.bias
381 frozen s4.pathway0_res21.branch2.c.weight
382 frozen s4.pathway0_res21.branch2.c_bn.weight
383 frozen s4.pathway0_res21.branch2.c_bn.bias
384 frozen s4.pathway0_res22.branch2.a.weight
385 frozen s4.pathway0_res22.branch2.a_bn.weight
386 frozen s4.pathway0_res22.branch2.a_bn.bias
387 frozen s4.pathway0_res22.branch2.b.weight
388 frozen s4.pathway0_res22.branch2.b_bn.weight
389 frozen s4.pathway0_res22.branch2.b_bn.bias
390 frozen s4.pathway0_res22.branch2.c.weight
391 frozen s4.pathway0_res22.branch2.c_bn.weight
392 frozen s4.pathway0_res22.branch2.c_bn.bias
393 frozen s4.pathway1_res0.branch1.weight
394 frozen s4.pathway1_res0.branch1_bn.weight
395 frozen s4.pathway1_res0.branch1_bn.bias
396 frozen s4.pathway1_res0.branch2.a.weight
397 frozen s4.pathway1_res0.branch2.a_bn.weight
398 frozen s4.pathway1_res0.branch2.a_bn.bias
399 frozen s4.pathway1_res0.branch2.b.weight
400 frozen s4.pathway1_res0.branch2.b_bn.weight
401 frozen s4.pathway1_res0.branch2.b_bn.bias
402 frozen s4.pathway1_res0.branch2.c.weight
403 frozen s4.pathway1_res0.branch2.c_bn.weight
404 frozen s4.pathway1_res0.branch2.c_bn.bias
405 frozen s4.pathway1_res1.branch2.a.weight
406 frozen s4.pathway1_res1.branch2.a_bn.weight
407 frozen s4.pathway1_res1.branch2.a_bn.bias
408 frozen s4.pathway1_res1.branch2.b.weight
409 frozen s4.pathway1_res1.branch2.b_bn.weight
410 frozen s4.pathway1_res1.branch2.b_bn.bias
411 frozen s4.pathway1_res1.branch2.c.weight
412 frozen s4.pathway1_res1.branch2.c_bn.weight
413 frozen s4.pathway1_res1.branch2.c_bn.bias
414 frozen s4.pathway1_res2.branch2.a.weight
415 frozen s4.pathway1_res2.branch2.a_bn.weight
416 frozen s4.pathway1_res2.branch2.a_bn.bias
417 frozen s4.pathway1_res2.branch2.b.weight
418 frozen s4.pathway1_res2.branch2.b_bn.weight
419 frozen s4.pathway1_res2.branch2.b_bn.bias
420 frozen s4.pathway1_res2.branch2.c.weight
421 frozen s4.pathway1_res2.branch2.c_bn.weight
422 frozen s4.pathway1_res2.branch2.c_bn.bias
423 frozen s4.pathway1_res3.branch2.a.weight
424 frozen s4.pathway1_res3.branch2.a_bn.weight
425 frozen s4.pathway1_res3.branch2.a_bn.bias
426 frozen s4.pathway1_res3.branch2.b.weight
427 frozen s4.pathway1_res3.branch2.b_bn.weight
428 frozen s4.pathway1_res3.branch2.b_bn.bias
429 frozen s4.pathway1_res3.branch2.c.weight
430 frozen s4.pathway1_res3.branch2.c_bn.weight
431 frozen s4.pathway1_res3.branch2.c_bn.bias
432 frozen s4.pathway1_res4.branch2.a.weight
433 frozen s4.pathway1_res4.branch2.a_bn.weight
434 frozen s4.pathway1_res4.branch2.a_bn.bias
435 frozen s4.pathway1_res4.branch2.b.weight
436 frozen s4.pathway1_res4.branch2.b_bn.weight
437 frozen s4.pathway1_res4.branch2.b_bn.bias
438 frozen s4.pathway1_res4.branch2.c.weight
439 frozen s4.pathway1_res4.branch2.c_bn.weight
440 frozen s4.pathway1_res4.branch2.c_bn.bias
441 frozen s4.pathway1_res5.branch2.a.weight
442 frozen s4.pathway1_res5.branch2.a_bn.weight
443 frozen s4.pathway1_res5.branch2.a_bn.bias
444 frozen s4.pathway1_res5.branch2.b.weight
445 frozen s4.pathway1_res5.branch2.b_bn.weight
446 frozen s4.pathway1_res5.branch2.b_bn.bias
447 frozen s4.pathway1_res5.branch2.c.weight
448 frozen s4.pathway1_res5.branch2.c_bn.weight
449 frozen s4.pathway1_res5.branch2.c_bn.bias
450 frozen s4.pathway1_res6.branch2.a.weight
451 frozen s4.pathway1_res6.branch2.a_bn.weight
452 frozen s4.pathway1_res6.branch2.a_bn.bias
453 frozen s4.pathway1_res6.branch2.b.weight
454 frozen s4.pathway1_res6.branch2.b_bn.weight
455 frozen s4.pathway1_res6.branch2.b_bn.bias
456 frozen s4.pathway1_res6.branch2.c.weight
457 frozen s4.pathway1_res6.branch2.c_bn.weight
458 frozen s4.pathway1_res6.branch2.c_bn.bias
459 frozen s4.pathway1_res7.branch2.a.weight
460 frozen s4.pathway1_res7.branch2.a_bn.weight
461 frozen s4.pathway1_res7.branch2.a_bn.bias
462 frozen s4.pathway1_res7.branch2.b.weight
463 frozen s4.pathway1_res7.branch2.b_bn.weight
464 frozen s4.pathway1_res7.branch2.b_bn.bias
465 frozen s4.pathway1_res7.branch2.c.weight
466 frozen s4.pathway1_res7.branch2.c_bn.weight
467 frozen s4.pathway1_res7.branch2.c_bn.bias
468 frozen s4.pathway1_res8.branch2.a.weight
469 frozen s4.pathway1_res8.branch2.a_bn.weight
470 frozen s4.pathway1_res8.branch2.a_bn.bias
471 frozen s4.pathway1_res8.branch2.b.weight
472 frozen s4.pathway1_res8.branch2.b_bn.weight
473 frozen s4.pathway1_res8.branch2.b_bn.bias
474 frozen s4.pathway1_res8.branch2.c.weight
475 frozen s4.pathway1_res8.branch2.c_bn.weight
476 frozen s4.pathway1_res8.branch2.c_bn.bias
477 frozen s4.pathway1_res9.branch2.a.weight
478 frozen s4.pathway1_res9.branch2.a_bn.weight
479 frozen s4.pathway1_res9.branch2.a_bn.bias
480 frozen s4.pathway1_res9.branch2.b.weight
481 frozen s4.pathway1_res9.branch2.b_bn.weight
482 frozen s4.pathway1_res9.branch2.b_bn.bias
483 frozen s4.pathway1_res9.branch2.c.weight
484 frozen s4.pathway1_res9.branch2.c_bn.weight
485 frozen s4.pathway1_res9.branch2.c_bn.bias
486 frozen s4.pathway1_res10.branch2.a.weight
487 frozen s4.pathway1_res10.branch2.a_bn.weight
488 frozen s4.pathway1_res10.branch2.a_bn.bias
489 frozen s4.pathway1_res10.branch2.b.weight
490 frozen s4.pathway1_res10.branch2.b_bn.weight
491 frozen s4.pathway1_res10.branch2.b_bn.bias
492 frozen s4.pathway1_res10.branch2.c.weight
493 frozen s4.pathway1_res10.branch2.c_bn.weight
494 frozen s4.pathway1_res10.branch2.c_bn.bias
495 frozen s4.pathway1_res11.branch2.a.weight
496 frozen s4.pathway1_res11.branch2.a_bn.weight
497 frozen s4.pathway1_res11.branch2.a_bn.bias
498 frozen s4.pathway1_res11.branch2.b.weight
499 frozen s4.pathway1_res11.branch2.b_bn.weight
500 frozen s4.pathway1_res11.branch2.b_bn.bias
501 frozen s4.pathway1_res11.branch2.c.weight
502 frozen s4.pathway1_res11.branch2.c_bn.weight
503 frozen s4.pathway1_res11.branch2.c_bn.bias
504 frozen s4.pathway1_res12.branch2.a.weight
505 frozen s4.pathway1_res12.branch2.a_bn.weight
506 frozen s4.pathway1_res12.branch2.a_bn.bias
507 frozen s4.pathway1_res12.branch2.b.weight
508 frozen s4.pathway1_res12.branch2.b_bn.weight
509 frozen s4.pathway1_res12.branch2.b_bn.bias
510 frozen s4.pathway1_res12.branch2.c.weight
511 frozen s4.pathway1_res12.branch2.c_bn.weight
512 frozen s4.pathway1_res12.branch2.c_bn.bias
513 frozen s4.pathway1_res13.branch2.a.weight
514 frozen s4.pathway1_res13.branch2.a_bn.weight
515 frozen s4.pathway1_res13.branch2.a_bn.bias
516 frozen s4.pathway1_res13.branch2.b.weight
517 frozen s4.pathway1_res13.branch2.b_bn.weight
518 frozen s4.pathway1_res13.branch2.b_bn.bias
519 frozen s4.pathway1_res13.branch2.c.weight
520 frozen s4.pathway1_res13.branch2.c_bn.weight
521 frozen s4.pathway1_res13.branch2.c_bn.bias
522 frozen s4.pathway1_res14.branch2.a.weight
523 frozen s4.pathway1_res14.branch2.a_bn.weight
524 frozen s4.pathway1_res14.branch2.a_bn.bias
525 frozen s4.pathway1_res14.branch2.b.weight
526 frozen s4.pathway1_res14.branch2.b_bn.weight
527 frozen s4.pathway1_res14.branch2.b_bn.bias
528 frozen s4.pathway1_res14.branch2.c.weight
529 frozen s4.pathway1_res14.branch2.c_bn.weight
530 frozen s4.pathway1_res14.branch2.c_bn.bias
531 frozen s4.pathway1_res15.branch2.a.weight
532 frozen s4.pathway1_res15.branch2.a_bn.weight
533 frozen s4.pathway1_res15.branch2.a_bn.bias
534 frozen s4.pathway1_res15.branch2.b.weight
535 frozen s4.pathway1_res15.branch2.b_bn.weight
536 frozen s4.pathway1_res15.branch2.b_bn.bias
537 frozen s4.pathway1_res15.branch2.c.weight
538 frozen s4.pathway1_res15.branch2.c_bn.weight
539 frozen s4.pathway1_res15.branch2.c_bn.bias
540 frozen s4.pathway1_res16.branch2.a.weight
541 frozen s4.pathway1_res16.branch2.a_bn.weight
542 frozen s4.pathway1_res16.branch2.a_bn.bias
543 frozen s4.pathway1_res16.branch2.b.weight
544 frozen s4.pathway1_res16.branch2.b_bn.weight
545 frozen s4.pathway1_res16.branch2.b_bn.bias
546 frozen s4.pathway1_res16.branch2.c.weight
547 frozen s4.pathway1_res16.branch2.c_bn.weight
548 frozen s4.pathway1_res16.branch2.c_bn.bias
549 frozen s4.pathway1_res17.branch2.a.weight
550 frozen s4.pathway1_res17.branch2.a_bn.weight
551 frozen s4.pathway1_res17.branch2.a_bn.bias
552 frozen s4.pathway1_res17.branch2.b.weight
553 frozen s4.pathway1_res17.branch2.b_bn.weight
554 frozen s4.pathway1_res17.branch2.b_bn.bias
555 frozen s4.pathway1_res17.branch2.c.weight
556 frozen s4.pathway1_res17.branch2.c_bn.weight
557 frozen s4.pathway1_res17.branch2.c_bn.bias
558 frozen s4.pathway1_res18.branch2.a.weight
559 frozen s4.pathway1_res18.branch2.a_bn.weight
560 frozen s4.pathway1_res18.branch2.a_bn.bias
561 frozen s4.pathway1_res18.branch2.b.weight
562 frozen s4.pathway1_res18.branch2.b_bn.weight
563 frozen s4.pathway1_res18.branch2.b_bn.bias
564 frozen s4.pathway1_res18.branch2.c.weight
565 frozen s4.pathway1_res18.branch2.c_bn.weight
566 frozen s4.pathway1_res18.branch2.c_bn.bias
567 frozen s4.pathway1_res19.branch2.a.weight
568 frozen s4.pathway1_res19.branch2.a_bn.weight
569 frozen s4.pathway1_res19.branch2.a_bn.bias
570 frozen s4.pathway1_res19.branch2.b.weight
571 frozen s4.pathway1_res19.branch2.b_bn.weight
572 frozen s4.pathway1_res19.branch2.b_bn.bias
573 frozen s4.pathway1_res19.branch2.c.weight
574 frozen s4.pathway1_res19.branch2.c_bn.weight
575 frozen s4.pathway1_res19.branch2.c_bn.bias
576 frozen s4.pathway1_res20.branch2.a.weight
577 frozen s4.pathway1_res20.branch2.a_bn.weight
578 frozen s4.pathway1_res20.branch2.a_bn.bias
579 frozen s4.pathway1_res20.branch2.b.weight
580 frozen s4.pathway1_res20.branch2.b_bn.weight
581 frozen s4.pathway1_res20.branch2.b_bn.bias
582 frozen s4.pathway1_res20.branch2.c.weight
583 frozen s4.pathway1_res20.branch2.c_bn.weight
584 frozen s4.pathway1_res20.branch2.c_bn.bias
585 frozen s4.pathway1_res21.branch2.a.weight
586 frozen s4.pathway1_res21.branch2.a_bn.weight
587 frozen s4.pathway1_res21.branch2.a_bn.bias
588 frozen s4.pathway1_res21.branch2.b.weight
589 frozen s4.pathway1_res21.branch2.b_bn.weight
590 frozen s4.pathway1_res21.branch2.b_bn.bias
591 frozen s4.pathway1_res21.branch2.c.weight
592 frozen s4.pathway1_res21.branch2.c_bn.weight
593 frozen s4.pathway1_res21.branch2.c_bn.bias
594 frozen s4.pathway1_res22.branch2.a.weight
595 frozen s4.pathway1_res22.branch2.a_bn.weight
596 frozen s4.pathway1_res22.branch2.a_bn.bias
597 frozen s4.pathway1_res22.branch2.b.weight
598 frozen s4.pathway1_res22.branch2.b_bn.weight
599 frozen s4.pathway1_res22.branch2.b_bn.bias
600 frozen s4.pathway1_res22.branch2.c.weight
601 frozen s4.pathway1_res22.branch2.c_bn.weight
602 frozen s4.pathway1_res22.branch2.c_bn.bias
603 frozen s4_fuse.conv_f2s.weight
604 frozen s4_fuse.bn.weight
605 frozen s4_fuse.bn.bias
606 unfrozen s5.pathway0_res0.branch1.weight
607 unfrozen s5.pathway0_res0.branch1_bn.weight
608 unfrozen s5.pathway0_res0.branch1_bn.bias
609 unfrozen s5.pathway0_res0.branch2.a.weight
610 unfrozen s5.pathway0_res0.branch2.a_bn.weight
611 unfrozen s5.pathway0_res0.branch2.a_bn.bias
612 unfrozen s5.pathway0_res0.branch2.b.weight
613 unfrozen s5.pathway0_res0.branch2.b_bn.weight
614 unfrozen s5.pathway0_res0.branch2.b_bn.bias
615 unfrozen s5.pathway0_res0.branch2.c.weight
616 unfrozen s5.pathway0_res0.branch2.c_bn.weight
617 unfrozen s5.pathway0_res0.branch2.c_bn.bias
618 unfrozen s5.pathway0_res1.branch2.a.weight
619 unfrozen s5.pathway0_res1.branch2.a_bn.weight
620 unfrozen s5.pathway0_res1.branch2.a_bn.bias
621 unfrozen s5.pathway0_res1.branch2.b.weight
622 unfrozen s5.pathway0_res1.branch2.b_bn.weight
623 unfrozen s5.pathway0_res1.branch2.b_bn.bias
624 unfrozen s5.pathway0_res1.branch2.c.weight
625 unfrozen s5.pathway0_res1.branch2.c_bn.weight
626 unfrozen s5.pathway0_res1.branch2.c_bn.bias
627 unfrozen s5.pathway0_res2.branch2.a.weight
628 unfrozen s5.pathway0_res2.branch2.a_bn.weight
629 unfrozen s5.pathway0_res2.branch2.a_bn.bias
630 unfrozen s5.pathway0_res2.branch2.b.weight
631 unfrozen s5.pathway0_res2.branch2.b_bn.weight
632 unfrozen s5.pathway0_res2.branch2.b_bn.bias
633 unfrozen s5.pathway0_res2.branch2.c.weight
634 unfrozen s5.pathway0_res2.branch2.c_bn.weight
635 unfrozen s5.pathway0_res2.branch2.c_bn.bias
636 unfrozen s5.pathway1_res0.branch1.weight
637 unfrozen s5.pathway1_res0.branch1_bn.weight
638 unfrozen s5.pathway1_res0.branch1_bn.bias
639 unfrozen s5.pathway1_res0.branch2.a.weight
640 unfrozen s5.pathway1_res0.branch2.a_bn.weight
641 unfrozen s5.pathway1_res0.branch2.a_bn.bias
642 unfrozen s5.pathway1_res0.branch2.b.weight
643 unfrozen s5.pathway1_res0.branch2.b_bn.weight
644 unfrozen s5.pathway1_res0.branch2.b_bn.bias
645 unfrozen s5.pathway1_res0.branch2.c.weight
646 unfrozen s5.pathway1_res0.branch2.c_bn.weight
647 unfrozen s5.pathway1_res0.branch2.c_bn.bias
648 unfrozen s5.pathway1_res1.branch2.a.weight
649 unfrozen s5.pathway1_res1.branch2.a_bn.weight
650 unfrozen s5.pathway1_res1.branch2.a_bn.bias
651 unfrozen s5.pathway1_res1.branch2.b.weight
652 unfrozen s5.pathway1_res1.branch2.b_bn.weight
653 unfrozen s5.pathway1_res1.branch2.b_bn.bias
654 unfrozen s5.pathway1_res1.branch2.c.weight
655 unfrozen s5.pathway1_res1.branch2.c_bn.weight
656 unfrozen s5.pathway1_res1.branch2.c_bn.bias
657 unfrozen s5.pathway1_res2.branch2.a.weight
658 unfrozen s5.pathway1_res2.branch2.a_bn.weight
659 unfrozen s5.pathway1_res2.branch2.a_bn.bias
660 unfrozen s5.pathway1_res2.branch2.b.weight
661 unfrozen s5.pathway1_res2.branch2.b_bn.weight
662 unfrozen s5.pathway1_res2.branch2.b_bn.bias
663 unfrozen s5.pathway1_res2.branch2.c.weight
664 unfrozen s5.pathway1_res2.branch2.c_bn.weight
665 unfrozen s5.pathway1_res2.branch2.c_bn.bias
666 unfrozen head.projection.weight
667 unfrozen head.projection.bias
[11/29 22:05:06][INFO] checkpoint.py: 507: Load from given checkpoint file.
[11/29 22:05:06][INFO] checkpoint.py: 214: Loading network weights from /srv/beegfs02/scratch/da_action/data/models_pretrained/SLOWFAST_32x2_R101_50_50.pkl.
[11/29 22:05:08][INFO] checkpoint.py: 340: Network weights head.projection.weight not loaded.
[11/29 22:05:08][INFO] checkpoint.py: 340: Network weights head.projection.bias not loaded.
[11/29 22:05:12][INFO] ava_helper.py:  65: Finished loading image paths from: /srv/beegfs02/scratch/da_action/data/ava/frame_lists_10_500_100/train.csv
[11/29 22:05:12][INFO] ava_helper.py: 111: Finished loading annotations from: /srv/beegfs02/scratch/da_action/data/ava/annotations_10_500_100/ava_train_v2.2.csv
[11/29 22:05:12][INFO] ava_helper.py: 113: Detection threshold: 0.8
[11/29 22:05:12][INFO] ava_helper.py: 114: Number of unique boxes: 3847
[11/29 22:05:12][INFO] ava_helper.py: 115: Number of annotations: 5000
[11/29 22:05:12][INFO] ava_helper.py: 162: 2972 keyframes used.
[11/29 22:05:12][INFO] ava_dataset.py:  90: === AVA dataset summary ===
[11/29 22:05:12][INFO] ava_dataset.py:  91: Split: train
[11/29 22:05:12][INFO] ava_dataset.py:  92: Number of videos: 27
[11/29 22:05:12][INFO] ava_dataset.py:  96: Number of frames: 729814
[11/29 22:05:12][INFO] ava_dataset.py:  97: Number of key frames: 2972
[11/29 22:05:12][INFO] ava_dataset.py:  98: Number of boxes: 3847.
[11/29 22:05:13][INFO] ava_helper.py:  65: Finished loading image paths from: /srv/beegfs02/scratch/da_action/data/ava/frame_lists_10_500_100/val.csv
[11/29 22:05:13][INFO] ava_helper.py: 111: Finished loading annotations from: /srv/beegfs02/scratch/da_action/data/ava/annotations_10_500_100/ava_val_predicted_boxes.csv
[11/29 22:05:13][INFO] ava_helper.py: 113: Detection threshold: 0.8
[11/29 22:05:13][INFO] ava_helper.py: 114: Number of unique boxes: 1218
[11/29 22:05:13][INFO] ava_helper.py: 115: Number of annotations: 0
[11/29 22:05:13][INFO] ava_helper.py: 162: 694 keyframes used.
[11/29 22:05:13][INFO] ava_dataset.py:  90: === AVA dataset summary ===
[11/29 22:05:13][INFO] ava_dataset.py:  91: Split: val
[11/29 22:05:13][INFO] ava_dataset.py:  92: Number of videos: 6
[11/29 22:05:13][INFO] ava_dataset.py:  96: Number of frames: 162182
[11/29 22:05:13][INFO] ava_dataset.py:  97: Number of key frames: 694
[11/29 22:05:13][INFO] ava_dataset.py:  98: Number of boxes: 1218.
[11/29 22:05:17][INFO] ava_helper.py:  65: Finished loading image paths from: /srv/beegfs02/scratch/da_action/data/ava/frame_lists_10_500_100/train.csv
[11/29 22:05:18][INFO] ava_helper.py:  65: Finished loading image paths from: /srv/beegfs02/scratch/da_action/data/ava/frame_lists_10_500_100/val.csv
[11/29 22:05:18][INFO] tensorboard_vis.py:  57: To see logged results in Tensorboard, please launch using the command             `tensorboard  --port=<port-number> --logdir /srv/beegfs02/scratch/da_action/data/output/ex_10_500_100_v11_RR/tensorboard`
[11/29 22:05:18][INFO] train_net.py: 467: Start epoch: 2
[11/29 22:27:55][INFO] ava_eval_helper.py: 165: Evaluating with 700 unique GT frames.
[11/29 22:27:55][INFO] ava_eval_helper.py: 167: Evaluating with 694 unique detection frames
[11/29 22:27:55][INFO] ava_eval_helper.py: 322: AVA results wrote to detections_latest.csv
[11/29 22:27:55][INFO] ava_eval_helper.py: 323: 	took 0 seconds.
[11/29 22:27:55][INFO] ava_eval_helper.py: 322: AVA results wrote to groundtruth_latest.csv
[11/29 22:27:55][INFO] ava_eval_helper.py: 323: 	took 0 seconds.
{ 'PascalBoxes_PerformanceByCategory/AP@0.5IOU/bend/bow (at the waist)': 0.24051107219895618,
  'PascalBoxes_PerformanceByCategory/AP@0.5IOU/carry/hold (an object)': 0.1525792783548209,
  'PascalBoxes_PerformanceByCategory/AP@0.5IOU/lie/sleep': 0.5891605445996282,
  'PascalBoxes_PerformanceByCategory/AP@0.5IOU/listen to (a person)': 0.13326507544531174,
  'PascalBoxes_PerformanceByCategory/AP@0.5IOU/ride (e.g., a bike, a car, a horse)': 0.5608686134424163,
  'PascalBoxes_PerformanceByCategory/AP@0.5IOU/sit': 0.4128210768859768,
  'PascalBoxes_PerformanceByCategory/AP@0.5IOU/talk to (e.g., self, a person, a group)': 0.7140131878346253,
  'PascalBoxes_PerformanceByCategory/AP@0.5IOU/touch (an object)': 0.41729276128166126,
  'PascalBoxes_PerformanceByCategory/AP@0.5IOU/walk': 0.30383341539386194,
  'PascalBoxes_PerformanceByCategory/AP@0.5IOU/watch (a person)': 0.15939712087095587,
  'PascalBoxes_Precision/mAP@0.5IOU': 0.36837421463082143}
[11/29 22:27:57][INFO] ava_eval_helper.py: 182: AVA eval done in 1.528399 seconds.
[11/29 22:27:57][INFO] logging.py:  97: json_stats: {
  "RAM": "12.06/251.89G",
  "_type": "val_epoch",
  "cur_epoch": "2",
  "gpu_mem": "1.28G",
  "map": 0.36837,
  "mode": "val"
}
[11/29 22:48:19][INFO] ava_eval_helper.py: 165: Evaluating with 700 unique GT frames.
[11/29 22:48:19][INFO] ava_eval_helper.py: 167: Evaluating with 694 unique detection frames
[11/29 22:48:19][INFO] ava_eval_helper.py: 322: AVA results wrote to detections_latest.csv
[11/29 22:48:19][INFO] ava_eval_helper.py: 323: 	took 0 seconds.
[11/29 22:48:19][INFO] ava_eval_helper.py: 322: AVA results wrote to groundtruth_latest.csv
[11/29 22:48:19][INFO] ava_eval_helper.py: 323: 	took 0 seconds.
{ 'PascalBoxes_PerformanceByCategory/AP@0.5IOU/bend/bow (at the waist)': 0.2795759334050846,
  'PascalBoxes_PerformanceByCategory/AP@0.5IOU/carry/hold (an object)': 0.1417615243004499,
  'PascalBoxes_PerformanceByCategory/AP@0.5IOU/lie/sleep': 0.573013728127064,
  'PascalBoxes_PerformanceByCategory/AP@0.5IOU/listen to (a person)': 0.3404593262133746,
  'PascalBoxes_PerformanceByCategory/AP@0.5IOU/ride (e.g., a bike, a car, a horse)': 0.5148838058300259,
  'PascalBoxes_PerformanceByCategory/AP@0.5IOU/sit': 0.38575869182662204,
  'PascalBoxes_PerformanceByCategory/AP@0.5IOU/talk to (e.g., self, a person, a group)': 0.7379213619274432,
  'PascalBoxes_PerformanceByCategory/AP@0.5IOU/touch (an object)': 0.3692177035471107,
  'PascalBoxes_PerformanceByCategory/AP@0.5IOU/walk': 0.6415689796673858,
  'PascalBoxes_PerformanceByCategory/AP@0.5IOU/watch (a person)': 0.20257172422483827,
  'PascalBoxes_Precision/mAP@0.5IOU': 0.4186732779069399}
[11/29 22:48:20][INFO] ava_eval_helper.py: 182: AVA eval done in 1.519064 seconds.
[11/29 22:48:20][INFO] logging.py:  97: json_stats: {
  "RAM": "28.61/251.89G",
  "_type": "val_epoch",
  "cur_epoch": "3",
  "gpu_mem": "1.28G",
  "map": 0.41867,
  "mode": "val"
}
[11/29 23:08:08][INFO] ava_eval_helper.py: 165: Evaluating with 700 unique GT frames.
[11/29 23:08:08][INFO] ava_eval_helper.py: 167: Evaluating with 694 unique detection frames
[11/29 23:08:08][INFO] ava_eval_helper.py: 322: AVA results wrote to detections_latest.csv
[11/29 23:08:08][INFO] ava_eval_helper.py: 323: 	took 0 seconds.
[11/29 23:08:08][INFO] ava_eval_helper.py: 322: AVA results wrote to groundtruth_latest.csv
[11/29 23:08:08][INFO] ava_eval_helper.py: 323: 	took 0 seconds.
{ 'PascalBoxes_PerformanceByCategory/AP@0.5IOU/bend/bow (at the waist)': 0.34575201744374595,
  'PascalBoxes_PerformanceByCategory/AP@0.5IOU/carry/hold (an object)': 0.27542843012980567,
  'PascalBoxes_PerformanceByCategory/AP@0.5IOU/lie/sleep': 0.6357864658518816,
  'PascalBoxes_PerformanceByCategory/AP@0.5IOU/listen to (a person)': 0.40760114927914803,
  'PascalBoxes_PerformanceByCategory/AP@0.5IOU/ride (e.g., a bike, a car, a horse)': 0.5248517968060683,
  'PascalBoxes_PerformanceByCategory/AP@0.5IOU/sit': 0.44423166410293446,
  'PascalBoxes_PerformanceByCategory/AP@0.5IOU/talk to (e.g., self, a person, a group)': 0.7935026214093339,
  'PascalBoxes_PerformanceByCategory/AP@0.5IOU/touch (an object)': 0.3163205355759076,
  'PascalBoxes_PerformanceByCategory/AP@0.5IOU/walk': 0.46873754625252234,
  'PascalBoxes_PerformanceByCategory/AP@0.5IOU/watch (a person)': 0.2612931812036094,
  'PascalBoxes_Precision/mAP@0.5IOU': 0.44735054080549574}
[11/29 23:08:09][INFO] ava_eval_helper.py: 182: AVA eval done in 1.735370 seconds.
[11/29 23:08:09][INFO] logging.py:  97: json_stats: {
  "RAM": "9.93/251.89G",
  "_type": "val_epoch",
  "cur_epoch": "4",
  "gpu_mem": "1.28G",
  "map": 0.44735,
  "mode": "val"
}
[11/29 23:30:00][INFO] ava_eval_helper.py: 165: Evaluating with 700 unique GT frames.
[11/29 23:30:01][INFO] ava_eval_helper.py: 167: Evaluating with 694 unique detection frames
[11/29 23:30:01][INFO] ava_eval_helper.py: 322: AVA results wrote to detections_latest.csv
[11/29 23:30:01][INFO] ava_eval_helper.py: 323: 	took 0 seconds.
[11/29 23:30:01][INFO] ava_eval_helper.py: 322: AVA results wrote to groundtruth_latest.csv
[11/29 23:30:01][INFO] ava_eval_helper.py: 323: 	took 0 seconds.
{ 'PascalBoxes_PerformanceByCategory/AP@0.5IOU/bend/bow (at the waist)': 0.32514937302058006,
  'PascalBoxes_PerformanceByCategory/AP@0.5IOU/carry/hold (an object)': 0.24980015876143108,
  'PascalBoxes_PerformanceByCategory/AP@0.5IOU/lie/sleep': 0.5937209709222973,
  'PascalBoxes_PerformanceByCategory/AP@0.5IOU/listen to (a person)': 0.39050585617950473,
  'PascalBoxes_PerformanceByCategory/AP@0.5IOU/ride (e.g., a bike, a car, a horse)': 0.5234279444736935,
  'PascalBoxes_PerformanceByCategory/AP@0.5IOU/sit': 0.42860254032846756,
  'PascalBoxes_PerformanceByCategory/AP@0.5IOU/talk to (e.g., self, a person, a group)': 0.8166994517826727,
  'PascalBoxes_PerformanceByCategory/AP@0.5IOU/touch (an object)': 0.28252702884502123,
  'PascalBoxes_PerformanceByCategory/AP@0.5IOU/walk': 0.5449412888841407,
  'PascalBoxes_PerformanceByCategory/AP@0.5IOU/watch (a person)': 0.22165072082319065,
  'PascalBoxes_Precision/mAP@0.5IOU': 0.43770253340209997}
[11/29 23:30:02][INFO] ava_eval_helper.py: 182: AVA eval done in 1.619949 seconds.
[11/29 23:30:02][INFO] logging.py:  97: json_stats: {
  "RAM": "9.95/251.89G",
  "_type": "val_epoch",
  "cur_epoch": "5",
  "gpu_mem": "1.28G",
  "map": 0.43770,
  "mode": "val"
}
[11/29 23:52:40][INFO] ava_eval_helper.py: 165: Evaluating with 700 unique GT frames.
[11/29 23:52:41][INFO] ava_eval_helper.py: 167: Evaluating with 694 unique detection frames
[11/29 23:52:41][INFO] ava_eval_helper.py: 322: AVA results wrote to detections_latest.csv
[11/29 23:52:41][INFO] ava_eval_helper.py: 323: 	took 0 seconds.
[11/29 23:52:41][INFO] ava_eval_helper.py: 322: AVA results wrote to groundtruth_latest.csv
[11/29 23:52:41][INFO] ava_eval_helper.py: 323: 	took 0 seconds.
{ 'PascalBoxes_PerformanceByCategory/AP@0.5IOU/bend/bow (at the waist)': 0.28586245123230297,
  'PascalBoxes_PerformanceByCategory/AP@0.5IOU/carry/hold (an object)': 0.23851235085600456,
  'PascalBoxes_PerformanceByCategory/AP@0.5IOU/lie/sleep': 0.6020231702886771,
  'PascalBoxes_PerformanceByCategory/AP@0.5IOU/listen to (a person)': 0.37957082836019457,
  'PascalBoxes_PerformanceByCategory/AP@0.5IOU/ride (e.g., a bike, a car, a horse)': 0.5762033629249789,
  'PascalBoxes_PerformanceByCategory/AP@0.5IOU/sit': 0.41626603554637953,
  'PascalBoxes_PerformanceByCategory/AP@0.5IOU/talk to (e.g., self, a person, a group)': 0.7975201312907659,
  'PascalBoxes_PerformanceByCategory/AP@0.5IOU/touch (an object)': 0.3170949495949671,
  'PascalBoxes_PerformanceByCategory/AP@0.5IOU/walk': 0.43936570128251373,
  'PascalBoxes_PerformanceByCategory/AP@0.5IOU/watch (a person)': 0.25875860644141113,
  'PascalBoxes_Precision/mAP@0.5IOU': 0.43111775878181946}
[11/29 23:52:42][INFO] ava_eval_helper.py: 182: AVA eval done in 1.682321 seconds.
[11/29 23:52:42][INFO] logging.py:  97: json_stats: {
  "RAM": "9.93/251.89G",
  "_type": "val_epoch",
  "cur_epoch": "6",
  "gpu_mem": "1.28G",
  "map": 0.43112,
  "mode": "val"
}
[11/30 00:15:14][INFO] ava_eval_helper.py: 165: Evaluating with 700 unique GT frames.
[11/30 00:15:14][INFO] ava_eval_helper.py: 167: Evaluating with 694 unique detection frames
[11/30 00:15:14][INFO] ava_eval_helper.py: 322: AVA results wrote to detections_latest.csv
[11/30 00:15:14][INFO] ava_eval_helper.py: 323: 	took 0 seconds.
[11/30 00:15:14][INFO] ava_eval_helper.py: 322: AVA results wrote to groundtruth_latest.csv
[11/30 00:15:14][INFO] ava_eval_helper.py: 323: 	took 0 seconds.
{ 'PascalBoxes_PerformanceByCategory/AP@0.5IOU/bend/bow (at the waist)': 0.27849510573634423,
  'PascalBoxes_PerformanceByCategory/AP@0.5IOU/carry/hold (an object)': 0.26834305043798873,
  'PascalBoxes_PerformanceByCategory/AP@0.5IOU/lie/sleep': 0.6051235960819781,
  'PascalBoxes_PerformanceByCategory/AP@0.5IOU/listen to (a person)': 0.3962679239850006,
  'PascalBoxes_PerformanceByCategory/AP@0.5IOU/ride (e.g., a bike, a car, a horse)': 0.5976771725767864,
  'PascalBoxes_PerformanceByCategory/AP@0.5IOU/sit': 0.44447351518450323,
  'PascalBoxes_PerformanceByCategory/AP@0.5IOU/talk to (e.g., self, a person, a group)': 0.7835818230932435,
  'PascalBoxes_PerformanceByCategory/AP@0.5IOU/touch (an object)': 0.34214785531523084,
  'PascalBoxes_PerformanceByCategory/AP@0.5IOU/walk': 0.4840802272054933,
  'PascalBoxes_PerformanceByCategory/AP@0.5IOU/watch (a person)': 0.22754875105997596,
  'PascalBoxes_Precision/mAP@0.5IOU': 0.44277390206765455}
[11/30 00:15:16][INFO] ava_eval_helper.py: 182: AVA eval done in 1.693767 seconds.
[11/30 00:15:16][INFO] logging.py:  97: json_stats: {
  "RAM": "9.95/251.89G",
  "_type": "val_epoch",
  "cur_epoch": "7",
  "gpu_mem": "1.28G",
  "map": 0.44277,
  "mode": "val"
}
[11/30 00:38:43][INFO] ava_eval_helper.py: 165: Evaluating with 700 unique GT frames.
[11/30 00:38:43][INFO] ava_eval_helper.py: 167: Evaluating with 694 unique detection frames
[11/30 00:38:43][INFO] ava_eval_helper.py: 322: AVA results wrote to detections_latest.csv
[11/30 00:38:43][INFO] ava_eval_helper.py: 323: 	took 0 seconds.
[11/30 00:38:43][INFO] ava_eval_helper.py: 322: AVA results wrote to groundtruth_latest.csv
[11/30 00:38:43][INFO] ava_eval_helper.py: 323: 	took 0 seconds.
{ 'PascalBoxes_PerformanceByCategory/AP@0.5IOU/bend/bow (at the waist)': 0.27152911380996153,
  'PascalBoxes_PerformanceByCategory/AP@0.5IOU/carry/hold (an object)': 0.2605248465431962,
  'PascalBoxes_PerformanceByCategory/AP@0.5IOU/lie/sleep': 0.5926188236639137,
  'PascalBoxes_PerformanceByCategory/AP@0.5IOU/listen to (a person)': 0.4405183119962931,
  'PascalBoxes_PerformanceByCategory/AP@0.5IOU/ride (e.g., a bike, a car, a horse)': 0.5430101746858308,
  'PascalBoxes_PerformanceByCategory/AP@0.5IOU/sit': 0.45572226861472176,
  'PascalBoxes_PerformanceByCategory/AP@0.5IOU/talk to (e.g., self, a person, a group)': 0.7889181881655358,
  'PascalBoxes_PerformanceByCategory/AP@0.5IOU/touch (an object)': 0.30749691796299466,
  'PascalBoxes_PerformanceByCategory/AP@0.5IOU/walk': 0.4992594970410388,
  'PascalBoxes_PerformanceByCategory/AP@0.5IOU/watch (a person)': 0.22113272737512074,
  'PascalBoxes_Precision/mAP@0.5IOU': 0.4380730869858607}
[11/30 00:38:44][INFO] ava_eval_helper.py: 182: AVA eval done in 1.535680 seconds.
[11/30 00:38:44][INFO] logging.py:  97: json_stats: {
  "RAM": "5.39/251.89G",
  "_type": "val_epoch",
  "cur_epoch": "8",
  "gpu_mem": "1.28G",
  "map": 0.43807,
  "mode": "val"
}
[11/30 01:00:11][INFO] ava_eval_helper.py: 165: Evaluating with 700 unique GT frames.
[11/30 01:00:11][INFO] ava_eval_helper.py: 167: Evaluating with 694 unique detection frames
[11/30 01:00:11][INFO] ava_eval_helper.py: 322: AVA results wrote to detections_latest.csv
[11/30 01:00:11][INFO] ava_eval_helper.py: 323: 	took 0 seconds.
[11/30 01:00:11][INFO] ava_eval_helper.py: 322: AVA results wrote to groundtruth_latest.csv
[11/30 01:00:11][INFO] ava_eval_helper.py: 323: 	took 0 seconds.
{ 'PascalBoxes_PerformanceByCategory/AP@0.5IOU/bend/bow (at the waist)': 0.2730820520473083,
  'PascalBoxes_PerformanceByCategory/AP@0.5IOU/carry/hold (an object)': 0.2575984127864179,
  'PascalBoxes_PerformanceByCategory/AP@0.5IOU/lie/sleep': 0.6087407376359912,
  'PascalBoxes_PerformanceByCategory/AP@0.5IOU/listen to (a person)': 0.4063129054024336,
  'PascalBoxes_PerformanceByCategory/AP@0.5IOU/ride (e.g., a bike, a car, a horse)': 0.5233789327103092,
  'PascalBoxes_PerformanceByCategory/AP@0.5IOU/sit': 0.48471096984487033,
  'PascalBoxes_PerformanceByCategory/AP@0.5IOU/talk to (e.g., self, a person, a group)': 0.79552901714071,
  'PascalBoxes_PerformanceByCategory/AP@0.5IOU/touch (an object)': 0.30834383374606084,
  'PascalBoxes_PerformanceByCategory/AP@0.5IOU/walk': 0.4749968819876097,
  'PascalBoxes_PerformanceByCategory/AP@0.5IOU/watch (a person)': 0.19366909647857877,
  'PascalBoxes_Precision/mAP@0.5IOU': 0.432636283978029}
[11/30 01:00:13][INFO] ava_eval_helper.py: 182: AVA eval done in 1.631785 seconds.
[11/30 01:00:13][INFO] logging.py:  97: json_stats: {
  "RAM": "5.39/251.89G",
  "_type": "val_epoch",
  "cur_epoch": "9",
  "gpu_mem": "1.28G",
  "map": 0.43264,
  "mode": "val"
}
[11/30 01:20:26][INFO] ava_eval_helper.py: 165: Evaluating with 700 unique GT frames.
[11/30 01:20:26][INFO] ava_eval_helper.py: 167: Evaluating with 694 unique detection frames
[11/30 01:20:26][INFO] ava_eval_helper.py: 322: AVA results wrote to detections_latest.csv
[11/30 01:20:26][INFO] ava_eval_helper.py: 323: 	took 0 seconds.
[11/30 01:20:26][INFO] ava_eval_helper.py: 322: AVA results wrote to groundtruth_latest.csv
[11/30 01:20:26][INFO] ava_eval_helper.py: 323: 	took 0 seconds.
{ 'PascalBoxes_PerformanceByCategory/AP@0.5IOU/bend/bow (at the waist)': 0.2894333715711533,
  'PascalBoxes_PerformanceByCategory/AP@0.5IOU/carry/hold (an object)': 0.23211559358805053,
  'PascalBoxes_PerformanceByCategory/AP@0.5IOU/lie/sleep': 0.6285330574226291,
  'PascalBoxes_PerformanceByCategory/AP@0.5IOU/listen to (a person)': 0.4082175332346667,
  'PascalBoxes_PerformanceByCategory/AP@0.5IOU/ride (e.g., a bike, a car, a horse)': 0.5990300670655203,
  'PascalBoxes_PerformanceByCategory/AP@0.5IOU/sit': 0.4541386126010938,
  'PascalBoxes_PerformanceByCategory/AP@0.5IOU/talk to (e.g., self, a person, a group)': 0.7784209220209629,
  'PascalBoxes_PerformanceByCategory/AP@0.5IOU/touch (an object)': 0.29704004931600425,
  'PascalBoxes_PerformanceByCategory/AP@0.5IOU/walk': 0.5026405643825775,
  'PascalBoxes_PerformanceByCategory/AP@0.5IOU/watch (a person)': 0.20693962425170342,
  'PascalBoxes_Precision/mAP@0.5IOU': 0.43965093954543616}
[11/30 01:20:27][INFO] ava_eval_helper.py: 182: AVA eval done in 1.645211 seconds.
[11/30 01:20:27][INFO] logging.py:  97: json_stats: {
  "RAM": "5.39/251.89G",
  "_type": "val_epoch",
  "cur_epoch": "10",
  "gpu_mem": "1.28G",
  "map": 0.43965,
  "mode": "val"
}
[11/30 01:43:07][INFO] ava_eval_helper.py: 165: Evaluating with 700 unique GT frames.
[11/30 01:43:07][INFO] ava_eval_helper.py: 167: Evaluating with 694 unique detection frames
[11/30 01:43:07][INFO] ava_eval_helper.py: 322: AVA results wrote to detections_latest.csv
[11/30 01:43:07][INFO] ava_eval_helper.py: 323: 	took 0 seconds.
[11/30 01:43:07][INFO] ava_eval_helper.py: 322: AVA results wrote to groundtruth_latest.csv
[11/30 01:43:07][INFO] ava_eval_helper.py: 323: 	took 0 seconds.
{ 'PascalBoxes_PerformanceByCategory/AP@0.5IOU/bend/bow (at the waist)': 0.27213956887944624,
  'PascalBoxes_PerformanceByCategory/AP@0.5IOU/carry/hold (an object)': 0.2429057006007704,
  'PascalBoxes_PerformanceByCategory/AP@0.5IOU/lie/sleep': 0.6403829244162743,
  'PascalBoxes_PerformanceByCategory/AP@0.5IOU/listen to (a person)': 0.43861108070528565,
  'PascalBoxes_PerformanceByCategory/AP@0.5IOU/ride (e.g., a bike, a car, a horse)': 0.603277946047909,
  'PascalBoxes_PerformanceByCategory/AP@0.5IOU/sit': 0.411054497441841,
  'PascalBoxes_PerformanceByCategory/AP@0.5IOU/talk to (e.g., self, a person, a group)': 0.7944008223678029,
  'PascalBoxes_PerformanceByCategory/AP@0.5IOU/touch (an object)': 0.3213120924985983,
  'PascalBoxes_PerformanceByCategory/AP@0.5IOU/walk': 0.4693332907486044,
  'PascalBoxes_PerformanceByCategory/AP@0.5IOU/watch (a person)': 0.21721114339235387,
  'PascalBoxes_Precision/mAP@0.5IOU': 0.4410629067098887}
[11/30 01:43:08][INFO] ava_eval_helper.py: 182: AVA eval done in 1.546824 seconds.
[11/30 01:43:08][INFO] logging.py:  97: json_stats: {
  "RAM": "5.39/251.89G",
  "_type": "val_epoch",
  "cur_epoch": "11",
  "gpu_mem": "1.28G",
  "map": 0.44106,
  "mode": "val"
}
[11/30 02:06:03][INFO] ava_eval_helper.py: 165: Evaluating with 700 unique GT frames.
[11/30 02:06:03][INFO] ava_eval_helper.py: 167: Evaluating with 694 unique detection frames
[11/30 02:06:03][INFO] ava_eval_helper.py: 322: AVA results wrote to detections_latest.csv
[11/30 02:06:03][INFO] ava_eval_helper.py: 323: 	took 0 seconds.
[11/30 02:06:03][INFO] ava_eval_helper.py: 322: AVA results wrote to groundtruth_latest.csv
[11/30 02:06:03][INFO] ava_eval_helper.py: 323: 	took 0 seconds.
{ 'PascalBoxes_PerformanceByCategory/AP@0.5IOU/bend/bow (at the waist)': 0.27542378644893917,
  'PascalBoxes_PerformanceByCategory/AP@0.5IOU/carry/hold (an object)': 0.2565898041049086,
  'PascalBoxes_PerformanceByCategory/AP@0.5IOU/lie/sleep': 0.6333668302218669,
  'PascalBoxes_PerformanceByCategory/AP@0.5IOU/listen to (a person)': 0.4111396531066328,
  'PascalBoxes_PerformanceByCategory/AP@0.5IOU/ride (e.g., a bike, a car, a horse)': 0.584477122282162,
  'PascalBoxes_PerformanceByCategory/AP@0.5IOU/sit': 0.454592590858493,
  'PascalBoxes_PerformanceByCategory/AP@0.5IOU/talk to (e.g., self, a person, a group)': 0.7770658384491982,
  'PascalBoxes_PerformanceByCategory/AP@0.5IOU/touch (an object)': 0.31764774332508827,
  'PascalBoxes_PerformanceByCategory/AP@0.5IOU/walk': 0.49982691259019746,
  'PascalBoxes_PerformanceByCategory/AP@0.5IOU/watch (a person)': 0.2015991653140147,
  'PascalBoxes_Precision/mAP@0.5IOU': 0.4411729446701501}
[11/30 02:06:04][INFO] ava_eval_helper.py: 182: AVA eval done in 1.639328 seconds.
[11/30 02:06:04][INFO] logging.py:  97: json_stats: {
  "RAM": "5.39/251.89G",
  "_type": "val_epoch",
  "cur_epoch": "12",
  "gpu_mem": "1.28G",
  "map": 0.44117,
  "mode": "val"
}
[11/30 02:29:13][INFO] ava_eval_helper.py: 165: Evaluating with 700 unique GT frames.
[11/30 02:29:13][INFO] ava_eval_helper.py: 167: Evaluating with 694 unique detection frames
[11/30 02:29:13][INFO] ava_eval_helper.py: 322: AVA results wrote to detections_latest.csv
[11/30 02:29:13][INFO] ava_eval_helper.py: 323: 	took 0 seconds.
[11/30 02:29:13][INFO] ava_eval_helper.py: 322: AVA results wrote to groundtruth_latest.csv
[11/30 02:29:13][INFO] ava_eval_helper.py: 323: 	took 0 seconds.
{ 'PascalBoxes_PerformanceByCategory/AP@0.5IOU/bend/bow (at the waist)': 0.2810770243106186,
  'PascalBoxes_PerformanceByCategory/AP@0.5IOU/carry/hold (an object)': 0.24634244486633539,
  'PascalBoxes_PerformanceByCategory/AP@0.5IOU/lie/sleep': 0.6183111451187975,
  'PascalBoxes_PerformanceByCategory/AP@0.5IOU/listen to (a person)': 0.4380033374516464,
  'PascalBoxes_PerformanceByCategory/AP@0.5IOU/ride (e.g., a bike, a car, a horse)': 0.5633372439829777,
  'PascalBoxes_PerformanceByCategory/AP@0.5IOU/sit': 0.47088574608047506,
  'PascalBoxes_PerformanceByCategory/AP@0.5IOU/talk to (e.g., self, a person, a group)': 0.7885775119046206,
  'PascalBoxes_PerformanceByCategory/AP@0.5IOU/touch (an object)': 0.3065185077987145,
  'PascalBoxes_PerformanceByCategory/AP@0.5IOU/walk': 0.500988085760223,
  'PascalBoxes_PerformanceByCategory/AP@0.5IOU/watch (a person)': 0.22102505719769266,
  'PascalBoxes_Precision/mAP@0.5IOU': 0.4435066104472101}
[11/30 02:29:15][INFO] ava_eval_helper.py: 182: AVA eval done in 1.701302 seconds.
[11/30 02:29:15][INFO] logging.py:  97: json_stats: {
  "RAM": "5.39/251.89G",
  "_type": "val_epoch",
  "cur_epoch": "13",
  "gpu_mem": "1.28G",
  "map": 0.44351,
  "mode": "val"
}
[11/30 02:51:43][INFO] ava_eval_helper.py: 165: Evaluating with 700 unique GT frames.
[11/30 02:51:43][INFO] ava_eval_helper.py: 167: Evaluating with 694 unique detection frames
[11/30 02:51:43][INFO] ava_eval_helper.py: 322: AVA results wrote to detections_latest.csv
[11/30 02:51:43][INFO] ava_eval_helper.py: 323: 	took 0 seconds.
[11/30 02:51:43][INFO] ava_eval_helper.py: 322: AVA results wrote to groundtruth_latest.csv
[11/30 02:51:43][INFO] ava_eval_helper.py: 323: 	took 0 seconds.
{ 'PascalBoxes_PerformanceByCategory/AP@0.5IOU/bend/bow (at the waist)': 0.2767611103932269,
  'PascalBoxes_PerformanceByCategory/AP@0.5IOU/carry/hold (an object)': 0.2463621657380176,
  'PascalBoxes_PerformanceByCategory/AP@0.5IOU/lie/sleep': 0.6442419414640032,
  'PascalBoxes_PerformanceByCategory/AP@0.5IOU/listen to (a person)': 0.4385260003498098,
  'PascalBoxes_PerformanceByCategory/AP@0.5IOU/ride (e.g., a bike, a car, a horse)': 0.5884108363597822,
  'PascalBoxes_PerformanceByCategory/AP@0.5IOU/sit': 0.44475755895481905,
  'PascalBoxes_PerformanceByCategory/AP@0.5IOU/talk to (e.g., self, a person, a group)': 0.7846864964736024,
  'PascalBoxes_PerformanceByCategory/AP@0.5IOU/touch (an object)': 0.32239408143518256,
  'PascalBoxes_PerformanceByCategory/AP@0.5IOU/walk': 0.48804176955801265,
  'PascalBoxes_PerformanceByCategory/AP@0.5IOU/watch (a person)': 0.21392504980776453,
  'PascalBoxes_Precision/mAP@0.5IOU': 0.4448107010534221}
[11/30 02:51:45][INFO] ava_eval_helper.py: 182: AVA eval done in 1.713738 seconds.
[11/30 02:51:45][INFO] logging.py:  97: json_stats: {
  "RAM": "5.39/251.89G",
  "_type": "val_epoch",
  "cur_epoch": "14",
  "gpu_mem": "1.28G",
  "map": 0.44481,
  "mode": "val"
}
[11/30 03:14:30][INFO] ava_eval_helper.py: 165: Evaluating with 700 unique GT frames.
[11/30 03:14:30][INFO] ava_eval_helper.py: 167: Evaluating with 694 unique detection frames
[11/30 03:14:31][INFO] ava_eval_helper.py: 322: AVA results wrote to detections_latest.csv
[11/30 03:14:31][INFO] ava_eval_helper.py: 323: 	took 0 seconds.
[11/30 03:14:31][INFO] ava_eval_helper.py: 322: AVA results wrote to groundtruth_latest.csv
[11/30 03:14:31][INFO] ava_eval_helper.py: 323: 	took 0 seconds.
{ 'PascalBoxes_PerformanceByCategory/AP@0.5IOU/bend/bow (at the waist)': 0.2752107438600518,
  'PascalBoxes_PerformanceByCategory/AP@0.5IOU/carry/hold (an object)': 0.24524500984032258,
  'PascalBoxes_PerformanceByCategory/AP@0.5IOU/lie/sleep': 0.6370849410230963,
  'PascalBoxes_PerformanceByCategory/AP@0.5IOU/listen to (a person)': 0.44330443342151976,
  'PascalBoxes_PerformanceByCategory/AP@0.5IOU/ride (e.g., a bike, a car, a horse)': 0.5905260157141348,
  'PascalBoxes_PerformanceByCategory/AP@0.5IOU/sit': 0.48034454212273153,
  'PascalBoxes_PerformanceByCategory/AP@0.5IOU/talk to (e.g., self, a person, a group)': 0.7807218337444818,
  'PascalBoxes_PerformanceByCategory/AP@0.5IOU/touch (an object)': 0.31181427198271444,
  'PascalBoxes_PerformanceByCategory/AP@0.5IOU/walk': 0.5031012859776655,
  'PascalBoxes_PerformanceByCategory/AP@0.5IOU/watch (a person)': 0.20317916756886983,
  'PascalBoxes_Precision/mAP@0.5IOU': 0.4470532245255588}
[11/30 03:14:32][INFO] ava_eval_helper.py: 182: AVA eval done in 1.620250 seconds.
[11/30 03:14:32][INFO] logging.py:  97: json_stats: {
  "RAM": "5.39/251.89G",
  "_type": "val_epoch",
  "cur_epoch": "15",
  "gpu_mem": "1.28G",
  "map": 0.44705,
  "mode": "val"
}
[11/30 03:37:13][INFO] ava_eval_helper.py: 165: Evaluating with 700 unique GT frames.
[11/30 03:37:13][INFO] ava_eval_helper.py: 167: Evaluating with 694 unique detection frames
[11/30 03:37:13][INFO] ava_eval_helper.py: 322: AVA results wrote to detections_latest.csv
[11/30 03:37:13][INFO] ava_eval_helper.py: 323: 	took 0 seconds.
[11/30 03:37:13][INFO] ava_eval_helper.py: 322: AVA results wrote to groundtruth_latest.csv
[11/30 03:37:13][INFO] ava_eval_helper.py: 323: 	took 0 seconds.
{ 'PascalBoxes_PerformanceByCategory/AP@0.5IOU/bend/bow (at the waist)': 0.2762803524095029,
  'PascalBoxes_PerformanceByCategory/AP@0.5IOU/carry/hold (an object)': 0.21603913958141138,
  'PascalBoxes_PerformanceByCategory/AP@0.5IOU/lie/sleep': 0.6286010675214613,
  'PascalBoxes_PerformanceByCategory/AP@0.5IOU/listen to (a person)': 0.42764604709840465,
  'PascalBoxes_PerformanceByCategory/AP@0.5IOU/ride (e.g., a bike, a car, a horse)': 0.5829927275016386,
  'PascalBoxes_PerformanceByCategory/AP@0.5IOU/sit': 0.4511853606050332,
  'PascalBoxes_PerformanceByCategory/AP@0.5IOU/talk to (e.g., self, a person, a group)': 0.7773094075556878,
  'PascalBoxes_PerformanceByCategory/AP@0.5IOU/touch (an object)': 0.30969839668201427,
  'PascalBoxes_PerformanceByCategory/AP@0.5IOU/walk': 0.5131654962526451,
  'PascalBoxes_PerformanceByCategory/AP@0.5IOU/watch (a person)': 0.21022325158697225,
  'PascalBoxes_Precision/mAP@0.5IOU': 0.4393141246794771}
[11/30 03:37:14][INFO] ava_eval_helper.py: 182: AVA eval done in 1.745714 seconds.
[11/30 03:37:14][INFO] logging.py:  97: json_stats: {
  "RAM": "5.39/251.89G",
  "_type": "val_epoch",
  "cur_epoch": "16",
  "gpu_mem": "1.28G",
  "map": 0.43931,
  "mode": "val"
}
[11/30 03:37:14][INFO] test_net.py: 160: Test with config:
[11/30 03:37:14][INFO] test_net.py: 161: AVA:
  ANNOTATION_DIR: /srv/beegfs02/scratch/da_action/data/ava/annotations_10_500_100/
  BGR: False
  DETECTION_SCORE_THRESH: 0.8
  EXCLUSION_FILE: ava_val_excluded_timestamps_v2.2.csv
  FRAME_DIR: /srv/beegfs02/scratch/da_action/data/ava/frames/
  FRAME_LIST_DIR: /srv/beegfs02/scratch/da_action/data/ava/frame_lists_10_500_100/
  FULL_TEST_ON_VAL: True
  GROUNDTRUTH_FILE: ava_val_v2.2.csv
  IMG_PROC_BACKEND: cv2
  LABEL_MAP_FILE: ava_action_list_v2.2.pbtxt
  TEST_FORCE_FLIP: False
  TEST_LISTS: ['val.csv']
  TEST_PREDICT_BOX_LISTS: ['ava_val_predicted_boxes.csv']
  TRAIN_GT_BOX_LISTS: ['ava_train_v2.2.csv']
  TRAIN_LISTS: ['train.csv']
  TRAIN_PCA_EIGVAL: [0.225, 0.224, 0.229]
  TRAIN_PCA_EIGVEC: [[-0.5675, 0.7192, 0.4009], [-0.5808, -0.0045, -0.814], [-0.5836, -0.6948, 0.4203]]
  TRAIN_PCA_JITTER_ONLY: True
  TRAIN_PREDICT_BOX_LISTS: []
  TRAIN_USE_COLOR_AUGMENTATION: False
BENCHMARK:
  LOG_PERIOD: 100
  NUM_EPOCHS: 5
  SHUFFLE: True
BN:
  NORM_TYPE: batchnorm
  NUM_BATCHES_PRECISE: 200
  NUM_SPLITS: 1
  NUM_SYNC_DEVICES: 1
  USE_PRECISE_STATS: False
  WEIGHT_DECAY: 0.0
DATA:
  DECODING_BACKEND: pyav
  ENSEMBLE_METHOD: sum
  INPUT_CHANNEL_NUM: [3, 3]
  INV_UNIFORM_SAMPLE: False
  MEAN: [0.45, 0.45, 0.45]
  MULTI_LABEL: False
  NUM_FRAMES: 32
  PATH_LABEL_SEPARATOR:  
  PATH_PREFIX: 
  PATH_TO_DATA_DIR: 
  RANDOM_FLIP: True
  REVERSE_INPUT_CHANNEL: False
  SAMPLING_RATE: 2
  STD: [0.225, 0.225, 0.225]
  TARGET_FPS: 30
  TEST_CROP_SIZE: 256
  TRAIN_CROP_SIZE: 224
  TRAIN_JITTER_SCALES: [256, 320]
DATA_LOADER:
  ENABLE_MULTI_THREAD_DECODE: False
  NUM_WORKERS: 1
  PIN_MEMORY: True
DEMO:
  BUFFER_SIZE: 0
  CLIP_VIS_SIZE: 10
  COMMON_CLASS_NAMES: ['watch (a person)', 'talk to (e.g., self, a person, a group)', 'listen to (a person)', 'touch (an object)', 'carry/hold (an object)', 'walk', 'sit', 'lie/sleep', 'bend/bow (at the waist)']
  COMMON_CLASS_THRES: 0.7
  DETECTRON2_CFG: COCO-Detection/faster_rcnn_R_50_FPN_3x.yaml
  DETECTRON2_THRESH: 0.9
  DETECTRON2_WEIGHTS: detectron2://COCO-Detection/faster_rcnn_R_50_FPN_3x/137849458/model_final_280758.pkl
  DISPLAY_HEIGHT: 0
  DISPLAY_WIDTH: 0
  ENABLE: False
  FPS: 30
  GT_BOXES: 
  INPUT_FORMAT: BGR
  INPUT_VIDEO: 
  LABEL_FILE_PATH: 
  NUM_CLIPS_SKIP: 0
  NUM_VIS_INSTANCES: 2
  OUTPUT_FILE: 
  OUTPUT_FPS: -1
  PREDS_BOXES: 
  SLOWMO: 1
  STARTING_SECOND: 900
  THREAD_ENABLE: False
  UNCOMMON_CLASS_THRES: 0.3
  VIS_MODE: thres
  WEBCAM: -1
DETECTION:
  ALIGNED: False
  ENABLE: True
  ROI_XFORM_RESOLUTION: 7
  SPATIAL_SCALE_FACTOR: 16
DIST_BACKEND: nccl
LOG_MODEL_INFO: False
LOG_PERIOD: 10
MODEL:
  ARCH: slowfast
  DROPCONNECT_RATE: 0.0
  DROPOUT_RATE: 0.5
  FC_INIT_STD: 0.01
  FREEZE_TO: 605
  HEAD_ACT: sigmoid
  LOSS_FUNC: bce
  MODEL_NAME: SlowFast
  MULTI_PATHWAY_ARCH: ['slowfast']
  NUM_CLASSES: 10
  SINGLE_PATHWAY_ARCH: ['c2d', 'i3d', 'slow', 'x3d']
MULTIGRID:
  BN_BASE_SIZE: 8
  DEFAULT_B: 0
  DEFAULT_S: 0
  DEFAULT_T: 0
  EPOCH_FACTOR: 1.5
  EVAL_FREQ: 3
  LONG_CYCLE: False
  LONG_CYCLE_FACTORS: [(0.25, 0.7071067811865476), (0.5, 0.7071067811865476), (0.5, 1), (1, 1)]
  LONG_CYCLE_SAMPLING_RATE: 0
  SHORT_CYCLE: False
  SHORT_CYCLE_FACTORS: [0.5, 0.7071067811865476]
NONLOCAL:
  GROUP: [[1, 1], [1, 1], [1, 1], [1, 1]]
  INSTANTIATION: dot_product
  LOCATION: [[[], []], [[], []], [[6, 13, 20], []], [[], []]]
  POOL: [[[2, 2, 2], [2, 2, 2]], [[2, 2, 2], [2, 2, 2]], [[2, 2, 2], [2, 2, 2]], [[2, 2, 2], [2, 2, 2]]]
NUM_GPUS: 1
NUM_SHARDS: 1
OUTPUT_DIR: /srv/beegfs02/scratch/da_action/data/output/ex_10_500_100_v11_RR
RESNET:
  DEPTH: 101
  INPLACE_RELU: True
  NUM_BLOCK_TEMP_KERNEL: [[3, 3], [4, 4], [6, 6], [3, 3]]
  NUM_GROUPS: 1
  SPATIAL_DILATIONS: [[1, 1], [1, 1], [1, 1], [2, 2]]
  SPATIAL_STRIDES: [[1, 1], [2, 2], [2, 2], [1, 1]]
  STRIDE_1X1: False
  TRANS_FUNC: bottleneck_transform
  WIDTH_PER_GROUP: 64
  ZERO_INIT_FINAL_BN: True
RNG_SEED: 0
SHARD_ID: 0
SLOWFAST:
  ALPHA: 4
  BETA_INV: 8
  FUSION_CONV_CHANNEL_RATIO: 2
  FUSION_KERNEL_SZ: 5
SOLVER:
  BASE_LR: 0.1
  BASE_LR_SCALE_NUM_SHARDS: False
  COSINE_END_LR: 0.0
  DAMPENING: 0.0
  GAMMA: 0.1
  LRS: [1.0, 0.5, 0.1, 0.01, 0.001, 0.0001]
  LR_POLICY: steps_with_relative_lrs
  MAX_EPOCH: 16
  MOMENTUM: 0.9
  NESTEROV: True
  OPTIMIZING_METHOD: sgd
  STEPS: [1, 4, 8, 10, 12, 14]
  STEP_SIZE: 1
  WARMUP_EPOCHS: 0.0
  WARMUP_FACTOR: 0.1
  WARMUP_START_LR: 0.01
  WEIGHT_DECAY: 1e-07
TENSORBOARD:
  CATEGORIES_PATH: 
  CLASS_NAMES_PATH: 
  CONFUSION_MATRIX:
    ENABLE: False
    FIGSIZE: [8, 8]
    SUBSET_PATH: 
  ENABLE: True
  HISTOGRAM:
    ENABLE: False
    FIGSIZE: [8, 8]
    SUBSET_PATH: 
    TOPK: 10
  LOG_DIR: tensorboard
  MODEL_VIS:
    ACTIVATIONS: False
    COLORMAP: Pastel2
    ENABLE: False
    GRAD_CAM:
      COLORMAP: viridis
      ENABLE: True
      LAYER_LIST: []
      USE_TRUE_LABEL: False
    INPUT_VIDEO: False
    LAYER_LIST: []
    MODEL_WEIGHTS: False
    TOPK_PREDS: 1
  PREDICTIONS_PATH: 
  WRONG_PRED_VIS:
    ENABLE: False
    SUBSET_PATH: 
    TAG: Incorrectly classified videos.
TEST:
  BATCH_SIZE: 4
  CHECKPOINT_FILE_PATH: 
  CHECKPOINT_TYPE: pytorch
  DATASET: ava
  DETECTIONS_PATH: 
  ENABLE: True
  GT_PATH: 
  NUM_ENSEMBLE_VIEWS: 10
  NUM_SPATIAL_CROPS: 3
  SAVE_RESULTS_PATH: 
TRAIN:
  AUTO_RESUME: False
  BATCH_SIZE: 4
  CHECKPOINT_CLEAR_NAME_PATTERN: ()
  CHECKPOINT_EPOCH_RESET: False
  CHECKPOINT_FILE_PATH: /srv/beegfs02/scratch/da_action/data/models_pretrained/SLOWFAST_32x2_R101_50_50.pkl
  CHECKPOINT_INFLATE: False
  CHECKPOINT_PERIOD: 1
  CHECKPOINT_TYPE: pytorch
  DATASET: ava
  ENABLE: True
  EVAL_PERIOD: 1
X3D:
  BN_LIN5: False
  BOTTLENECK_FACTOR: 1.0
  CHANNELWISE_3x3x3: True
  DEPTH_FACTOR: 1.0
  DIM_C1: 12
  DIM_C5: 2048
  SCALE_RES2: False
  WIDTH_FACTOR: 1.0
[11/30 03:37:16][INFO] checkpoint.py: 214: Loading network weights from /srv/beegfs02/scratch/da_action/data/output/ex_10_500_100_v11_RR/checkpoints/checkpoint_epoch_00016.pyth.
[11/30 03:37:19][INFO] ava_helper.py:  65: Finished loading image paths from: /srv/beegfs02/scratch/da_action/data/ava/frame_lists_10_500_100/val.csv
[11/30 03:37:19][INFO] ava_helper.py: 111: Finished loading annotations from: /srv/beegfs02/scratch/da_action/data/ava/annotations_10_500_100/ava_val_predicted_boxes.csv
[11/30 03:37:19][INFO] ava_helper.py: 113: Detection threshold: 0.8
[11/30 03:37:19][INFO] ava_helper.py: 114: Number of unique boxes: 1218
[11/30 03:37:19][INFO] ava_helper.py: 115: Number of annotations: 0
[11/30 03:37:19][INFO] ava_helper.py: 162: 694 keyframes used.
[11/30 03:37:19][INFO] ava_dataset.py:  90: === AVA dataset summary ===
[11/30 03:37:19][INFO] ava_dataset.py:  91: Split: test
[11/30 03:37:19][INFO] ava_dataset.py:  92: Number of videos: 6
[11/30 03:37:19][INFO] ava_dataset.py:  96: Number of frames: 162182
[11/30 03:37:19][INFO] ava_dataset.py:  97: Number of key frames: 694
[11/30 03:37:19][INFO] ava_dataset.py:  98: Number of boxes: 1218.
[11/30 03:37:19][INFO] test_net.py: 172: Testing model for 174 iterations
Traceback (most recent call last):
  File "tools/run_net.py", line 53, in <module>
    main()
  File "tools/run_net.py", line 37, in main
    launch_job(cfg=cfg, init_method=args.init_method, func=test)
  File "/home/sieberl/SA2020/pyslowfast/slowfast/slowfast/utils/misc.py", line 296, in launch_job
    func(cfg=cfg)
  File "/home/sieberl/SA2020/pyslowfast/slowfast/tools/test_net.py", line 175, in test
    assert cfg.NUM_GPUS == cfg.TEST.BATCH_SIZE or cfg.NUM_GPUS == 0
AssertionError
