
CommandNotFoundError: Your shell has not been properly configured to use 'conda activate'.
To initialize your shell, run

    $ conda init <SHELL_NAME>

Currently supported shells are:
  - bash
  - fish
  - tcsh
  - xonsh
  - zsh
  - powershell

See 'conda init --help' for more information and options.

IMPORTANT: You may need to close and restart your shell after running 'conda init'.


1.4.0 True
00_77WAvZ_o/00_77WAvZ_o_000090.jpg
01-SGvF3zWg/01-SGvF3zWg_000090.jpg
01WKY1mn5FI/01WKY1mn5FI_000090.jpg
02pQ-4vI7-I/02pQ-4vI7-I_000090.jpg
03WF4D2tlsU/03WF4D2tlsU_000090.jpg
04fLIUMTbco/04fLIUMTbco_000090.jpg
05hKGU5928E/05hKGU5928E_000090.jpg
05kAn1okOlw/05kAn1okOlw_000090.jpg
05xwFfGELww/05xwFfGELww_000090.jpg
06ofnvq2Hjs/06ofnvq2Hjs_000090.jpg
06ON1-8oHTc/06ON1-8oHTc_000090.jpg
06pQ17khyhQ/06pQ17khyhQ_000090.jpg
06WLsNRwXxE/06WLsNRwXxE_000090.jpg
07bOKZ56w2M/07bOKZ56w2M_000090.jpg
07ga6m_Fw2Q/07ga6m_Fw2Q_000090.jpg
07gno9_9qi4/07gno9_9qi4_000090.jpg
07_Vcxj3snQ/07_Vcxj3snQ_000090.jpg
08e6JOWAQms/08e6JOWAQms_000090.jpg
-08En2aQklI/-08En2aQklI_000090.jpg
08FkSEAtXwM/08FkSEAtXwM_000090.jpg
0ACji4353Go/0ACji4353Go_000090.jpg
0AfgAUo6KQQ/0AfgAUo6KQQ_000090.jpg
0BLyz0GTX8w/0BLyz0GTX8w_000090.jpg
0BprhLMjzXA/0BprhLMjzXA_000090.jpg
0BQGIPMzwFU/0BQGIPMzwFU_000090.jpg
0c7pxo2qSDw/0c7pxo2qSDw_000090.jpg
0cbaOR84CNk/0cbaOR84CNk_000090.jpg
0cefmN9ejuc/0cefmN9ejuc_000090.jpg
0DbOQonNqUs/0DbOQonNqUs_000090.jpg
0-DC05gGzaI/0-DC05gGzaI_000090.jpg
0dChgscG4o0/0dChgscG4o0_000090.jpg
0djBLoTFYrA/0djBLoTFYrA_000090.jpg
_0DJsE0De7M/_0DJsE0De7M_000090.jpg
0Dor1xFBkEs/0Dor1xFBkEs_000090.jpg
0DpCJFCt71g/0DpCJFCt71g_000090.jpg
0Dq88go-YRY/0Dq88go-YRY_000090.jpg
0e7L82fphoQ/0e7L82fphoQ_000090.jpg
0ELymxVtE0g/0ELymxVtE0g_000090.jpg
0Es9zrEHL84/0Es9zrEHL84_000090.jpg
0eSFmX-NTIU/0eSFmX-NTIU_000090.jpg
0eVbNhwl8_8/0eVbNhwl8_8_000090.jpg
0fuNBQWssPk/0fuNBQWssPk_000090.jpg
0fUOz3KhtfY/0fUOz3KhtfY_000090.jpg
0Fw4QLGGgvQ/0Fw4QLGGgvQ_000090.jpg
0g8MUBwBM_4/0g8MUBwBM_4_000090.jpg
0gizk_jJcZ0/0gizk_jJcZ0_000090.jpg
0GLw64fSgys/0GLw64fSgys_000090.jpg
0GTjQ5ps8uk/0GTjQ5ps8uk_000090.jpg
0gtSAyvqcI8/0gtSAyvqcI8_000090.jpg
0gXm5BzysR4/0gXm5BzysR4_000090.jpg
0GYzBxtZFeY/0GYzBxtZFeY_000090.jpg
0hbItqKWGig/0hbItqKWGig_000090.jpg
_0hE9kzROlw/_0hE9kzROlw_000091.jpg
0hrqR84Ii2I/0hrqR84Ii2I_000090.jpg
-0IErS_cisg/-0IErS_cisg_000090.jpg
0iftqj09EuU/0iftqj09EuU_000090.jpg
0iQiH6vBsXc/0iQiH6vBsXc_000090.jpg
0IqVKesVrg8/0IqVKesVrg8_000090.jpg
0iRLt5ZFkb0/0iRLt5ZFkb0_000090.jpg
0i_WTbnVXjk/0i_WTbnVXjk_000090.jpg
0JdJdJ_EeP8/0JdJdJ_EeP8_000090.jpg
0jIKG5w2rv4/0jIKG5w2rv4_000090.jpg
0JZm3c-ZhKo/0JZm3c-ZhKo_000090.jpg
0KqeKi2CBqg/0KqeKi2CBqg_000090.jpg
0kRMZvqF1O0/0kRMZvqF1O0_000090.jpg
-0kVxoFuMGQ/-0kVxoFuMGQ_000090.jpg
0ligcMU30Ow/0ligcMU30Ow_000090.jpg
0LLJy9aZkp4/0LLJy9aZkp4_000090.jpg
0MCDeDNMYCQ/0MCDeDNMYCQ_000090.jpg
0mffd8TMtHg/0mffd8TMtHg_000090.jpg
0-mhj4EiSMY/0-mhj4EiSMY_000090.jpg
0MKvn7qJx5g/0MKvn7qJx5g_000090.jpg
0mLoZ1QRqzE/0mLoZ1QRqzE_000090.jpg
-0MsYnGUrfE/-0MsYnGUrfE_000090.jpg
0MTOCCwKRM8/0MTOCCwKRM8_000090.jpg
0mxenNO4xIg/0mxenNO4xIg_000090.jpg
0NB4gZoffNE/0NB4gZoffNE_000090.jpg
0NqpwltBHeA/0NqpwltBHeA_000090.jpg
0O3S2OqHDKE/0O3S2OqHDKE_000090.jpg
0odgrEpClX4/0odgrEpClX4_000090.jpg
0oI3Xm0zg-o/0oI3Xm0zg-o_000090.jpg
0_OKJvd1X_k/0_OKJvd1X_k_000090.jpg
0OPFWBTOuBU/0OPFWBTOuBU_000090.jpg
0Pb4ghR0COE/0Pb4ghR0COE_000090.jpg
0QabMxwX_rI/0QabMxwX_rI_000090.jpg
0qmlUG52KHU/0qmlUG52KHU_000090.jpg
-0R-mZKKFNE/-0R-mZKKFNE_000090.jpg
0s2Jzk6yBVk/0s2Jzk6yBVk_000090.jpg
0_s9tqV9L5c/0_s9tqV9L5c_000090.jpg
0sC7Ovz0h20/0sC7Ovz0h20_000090.jpg
0sHBXTAkjc0/0sHBXTAkjc0_000090.jpg
0sYdmGzhBv8/0sYdmGzhBv8_000090.jpg
0_tiV36Yris/0_tiV36Yris_000090.jpg
0tQXyP4zoA4/0tQXyP4zoA4_000090.jpg
0TtUPcnpN2g/0TtUPcnpN2g_000090.jpg
0udk1e9n7y8/0udk1e9n7y8_000090.jpg
0uJyId7B6os/0uJyId7B6os_000090.jpg
0uxZ39gVf5E/0uxZ39gVf5E_000090.jpg
0uzCguewA1Q/0uzCguewA1Q_000090.jpg
0V8kH1EDmpU/0V8kH1EDmpU_000090.jpg
0_VBxJ4eNlg/0_VBxJ4eNlg_000090.jpg
0vP__TXkFXc/0vP__TXkFXc_000090.jpg
0VTuvbwjNpM/0VTuvbwjNpM_000090.jpg
0vW26efcjYI/0vW26efcjYI_000090.jpg
0xeW8zlJhxI/0xeW8zlJhxI_000090.jpg
0Xftz_vSdSE/0Xftz_vSdSE_000090.jpg
0Xq4OFEk1oY/0Xq4OFEk1oY_000090.jpg
0xrSBQ2M96g/0xrSBQ2M96g_000090.jpg
0xxG18xn1bA/0xxG18xn1bA_000090.jpg
0XY1VlqaCMg/0XY1VlqaCMg_000090.jpg
0y1xBOzCjAE/0y1xBOzCjAE_000090.jpg
0yiUTt2qyLU/0yiUTt2qyLU_000090.jpg
0Ynrdz9TuHg/0Ynrdz9TuHg_000090.jpg
0ZvqaBS7JM8/0ZvqaBS7JM8_000090.jpg
117MH2CFc8o/117MH2CFc8o_000090.jpg
15OA4S0Xi60/15OA4S0Xi60_000090.jpg
15P9QDdPyx0/15P9QDdPyx0_000090.jpg
15wFRRcVdUE/15wFRRcVdUE_000090.jpg
16ZJldxHNh4/16ZJldxHNh4_000090.jpg
177vp6HWqg4/177vp6HWqg4_000090.jpg
17Gjt3E3w80/17Gjt3E3w80_000090.jpg
18yBGuGGeUM/18yBGuGGeUM_000090.jpg
1A7LqsE_knI/1A7LqsE_knI_000090.jpg
1AACUL9EFB8/1AACUL9EFB8_000090.jpg
1ael3sYzS7Y/1ael3sYzS7Y_000090.jpg
1a-xVr1L_is/1a-xVr1L_is_000090.jpg
1bH27BA2xiA/1bH27BA2xiA_000090.jpg
1bIgBb_WG7c/1bIgBb_WG7c_000090.jpg
1blenBMZQgY/1blenBMZQgY_000090.jpg
1CaRfIPfyfU/1CaRfIPfyfU_000090.jpg
1cIpaDL-0Bw/1cIpaDL-0Bw_000090.jpg
1CKwd9ZVSpc/1CKwd9ZVSpc_000090.jpg
1co2TMIMEP4/1co2TMIMEP4_000090.jpg
1CzOWlJ--E4/1CzOWlJ--E4_000090.jpg
1D0alSEXDL0/1D0alSEXDL0_000090.jpg
1d7QuWpicJg/1d7QuWpicJg_000090.jpg
1Dc22_ThPXA/1Dc22_ThPXA_000090.jpg
1Dpm9kvn3M8/1Dpm9kvn3M8_000090.jpg
1dZaTNFWlwg/1dZaTNFWlwg_000090.jpg
1EcYJppiMq0/1EcYJppiMq0_000090.jpg
-1eG3Pu46WU/-1eG3Pu46WU_000090.jpg
1ejgHKw8E3Y/1ejgHKw8E3Y_000090.jpg
1esObF7thb0/1esObF7thb0_000090.jpg
1Esr03jxLsE/1Esr03jxLsE_000090.jpg
1EV9jeXnD-4/1EV9jeXnD-4_000090.jpg
1ey8M-eib-Y/1ey8M-eib-Y_000090.jpg
1fQEFB5jLdM/1fQEFB5jLdM_000091.jpg
1FUi_0Nxcoc/1FUi_0Nxcoc_000090.jpg
1FxLNs6QwMU/1FxLNs6QwMU_000090.jpg
1g-ky-GNOMA/1g-ky-GNOMA_000090.jpg
1He-OPxa7I0/1He-OPxa7I0_000090.jpg
1H-uqKw10W4/1H-uqKw10W4_000090.jpg
_1iBWlYuiR0/_1iBWlYuiR0_000090.jpg
1IoGNtMjEJA/1IoGNtMjEJA_000090.jpg
1Ir6Fpf8a0E/1Ir6Fpf8a0E_000090.jpg
1jhewNQODXo/1jhewNQODXo_000090.jpg
1jjJG7GipXc/1jjJG7GipXc_000090.jpg
1jT9Xb2eOhw/1jT9Xb2eOhw_000090.jpg
1K1jd5c63VI/1K1jd5c63VI_000090.jpg
1KkUHA1SetA/1KkUHA1SetA_000090.jpg
1L0Vs6l8Xpc/1L0Vs6l8Xpc_000090.jpg
1LgkbJjrhKI/1LgkbJjrhKI_000090.jpg
1LHOSp4Gm4Q/1LHOSp4Gm4Q_000090.jpg
1lkdyz6ZRNM/1lkdyz6ZRNM_000090.jpg
1lzsnmuLZzo/1lzsnmuLZzo_000090.jpg
1mCdFmhS4eI/1mCdFmhS4eI_000090.jpg
1_MUtD4Q4LQ/1_MUtD4Q4LQ_000090.jpg
1mvGj9nVM28/1mvGj9nVM28_000090.jpg
1nsFsSUYedQ/1nsFsSUYedQ_000090.jpg
1O3eubURqNw/1O3eubURqNw_000090.jpg
1OtOMFnWhH8/1OtOMFnWhH8_000091.jpg
1oVJMBFximc/1oVJMBFximc_000090.jpg
1P_y_DLlg-E/1P_y_DLlg-E_000090.jpg
1QAEWlC5jGo/1QAEWlC5jGo_000090.jpg
1qJGeFLWPDc/1qJGeFLWPDc_000090.jpg
1QJVtygK_m4/1QJVtygK_m4_000090.jpg
1qU2xpMwBO8/1qU2xpMwBO8_000090.jpg
1rWMhqhkpt4/1rWMhqhkpt4_000090.jpg
1RyIUkbSFEY/1RyIUkbSFEY_000090.jpg
1S0uilaMAw0/1S0uilaMAw0_000090.jpg
-1-tBHJnKu0/-1-tBHJnKu0_000090.jpg
1-TE1k-bj9k/1-TE1k-bj9k_000090.jpg
1T_HmkwFHCQ/1T_HmkwFHCQ_000090.jpg
1tPVxLVdyEU/1tPVxLVdyEU_000090.jpg
1u4ClVmg5T0/1u4ClVmg5T0_000090.jpg
1vf1fvD5TnI/1vf1fvD5TnI_000090.jpg
1w17lD6V6bA/1w17lD6V6bA_000090.jpg
1WI1q_vIRyM/1WI1q_vIRyM_000090.jpg
1XlSEPdHd5c/1XlSEPdHd5c_000090.jpg
1xSTxC00XV4/1xSTxC00XV4_000090.jpg
1YKivfJR6lg/1YKivfJR6lg_000090.jpg
1Y-unBQhk4M/1Y-unBQhk4M_000090.jpg
1Z2HIracAi4/1Z2HIracAi4_000090.jpg
1zfek_qVjiA/1zfek_qVjiA_000090.jpg
20fCmOz7U5M/20fCmOz7U5M_000090.jpg
217xresAX-0/217xresAX-0_000090.jpg
23ERH2tQ2To/23ERH2tQ2To_000090.jpg
23viTMoDeGE/23viTMoDeGE_000090.jpg
24R9iodj1hY/24R9iodj1hY_000090.jpg
26CFvwsseLA/26CFvwsseLA_000090.jpg
27efAohfyJk/27efAohfyJk_000090.jpg
27uXMjw1dv4/27uXMjw1dv4_000090.jpg
285c_F2nxV8/285c_F2nxV8_000090.jpg
29Mjd7aNgAk/29Mjd7aNgAk_000090.jpg
2ANV1PRuyvg/2ANV1PRuyvg_000090.jpg
2avz0-NqfM8/2avz0-NqfM8_000090.jpg
2Bg8IQ78ieA/2Bg8IQ78ieA_000090.jpg
2btt-TkHA4Q/2btt-TkHA4Q_000090.jpg
2cfogg910YM/2cfogg910YM_000090.jpg
2CKXgVMlFpY/2CKXgVMlFpY_000090.jpg
2CZu89SyqBo/2CZu89SyqBo_000090.jpg
-2D_WrDD1Is/-2D_WrDD1Is_000090.jpg
2E0h_X17joU/2E0h_X17joU_000090.jpg
2ekKxrxQO9s/2ekKxrxQO9s_000090.jpg
2enXX9xrIp0/2enXX9xrIp0_000090.jpg
2f0GGgTy0SU/2f0GGgTy0SU_000090.jpg
2fF1osRrAO0/2fF1osRrAO0_000090.jpg
2g6rfTOKJRs/2g6rfTOKJRs_000090.jpg
2gBacDt9k0Y/2gBacDt9k0Y_000090.jpg
2GvCjSykGgQ/2GvCjSykGgQ_000090.jpg
2HD5QpzgQhM/2HD5QpzgQhM_000090.jpg
2J_CJf4qN3g/2J_CJf4qN3g_000090.jpg
2jU26-GpcRg/2jU26-GpcRg_000090.jpg
2JuQo7hvLfA/2JuQo7hvLfA_000090.jpg
2K8Xe7_vvd0/2K8Xe7_vvd0_000090.jpg
-2KezGiYpZA/-2KezGiYpZA_000090.jpg
-2KG4xiBL1s/-2KG4xiBL1s_000090.jpg
2nIIs8NvkFA/2nIIs8NvkFA_000090.jpg
2n-vo6QRjbk/2n-vo6QRjbk_000090.jpg
2odYhnzKNkI/2odYhnzKNkI_000090.jpg
2pXVW7AvP-M/2pXVW7AvP-M_000090.jpg
2ROwvVR1s3E/2ROwvVR1s3E_000090.jpg
2sMtxvg99zU/2sMtxvg99zU_000090.jpg
2SW1LnE-bmw/2SW1LnE-bmw_000090.jpg
2tgEZK3DQ_Q/2tgEZK3DQ_Q_000090.jpg
2T_M0L1lq8Y/2T_M0L1lq8Y_000090.jpg
2ujj8t98T0I/2ujj8t98T0I_000090.jpg
2uqu5wnhVpQ/2uqu5wnhVpQ_000090.jpg
2U-y7-OpDJo/2U-y7-OpDJo_000090.jpg
2vL9-IOAqa8/2vL9-IOAqa8_000090.jpg
2VsSHYrQ0pg/2VsSHYrQ0pg_000090.jpg
2xEkS3JI6r4/2xEkS3JI6r4_000091.jpg
2YUDqIvrz9M/2YUDqIvrz9M_000090.jpg
2Yvab35N7Jg/2Yvab35N7Jg_000090.jpg
2Z2S0KCojUA/2Z2S0KCojUA_000090.jpg
31MCUtOp3J4/31MCUtOp3J4_000090.jpg
327bAw_2ipM/327bAw_2ipM_000090.jpg
338wMaMpgFU/338wMaMpgFU_000090.jpg
33ohVu5Ljm4/33ohVu5Ljm4_000090.jpg
36pJkICJY8I/36pJkICJY8I_000091.jpg
3_7svWJkWXs/3_7svWJkWXs_000090.jpg
38ddfmav-P8/38ddfmav-P8_000090.jpg
3_90muFUJ7A/3_90muFUJ7A_000090.jpg
3aJkVIKWFrA/3aJkVIKWFrA_000090.jpg
3AmZxSwEPoQ/3AmZxSwEPoQ_000090.jpg
3_b1B-aZTGU/3_b1B-aZTGU_000090.jpg
3bGYWTRpRLQ/3bGYWTRpRLQ_000090.jpg
3CSdUK_yVNE/3CSdUK_yVNE_000090.jpg
3CSekCeKtn4/3CSekCeKtn4_000090.jpg
3E7Jib8Yq5M/3E7Jib8Yq5M_000090.jpg
_3Eo2NwlKAI/_3Eo2NwlKAI_000090.jpg
3f7RORYn-IY/3f7RORYn-IY_000090.jpg
3fs6cwh92zY/3fs6cwh92zY_000090.jpg
3h96Uer9bEA/3h96Uer9bEA_000090.jpg
3j8nvrllg8Q/3j8nvrllg8Q_000090.jpg
3Kcy5Orga4U/3Kcy5Orga4U_000090.jpg
3kf7pbT7LCg/3kf7pbT7LCg_000090.jpg
_3kltaLonXs/_3kltaLonXs_000090.jpg
3Kt2ZWk9qIY/3Kt2ZWk9qIY_000090.jpg
3KTlx1ImpNA/3KTlx1ImpNA_000090.jpg
3lfVWOTuaDk/3lfVWOTuaDk_000090.jpg
-3LQIrz9FoM/-3LQIrz9FoM_000090.jpg
3lqoSZVXdC0/3lqoSZVXdC0_000090.jpg
3ls06en_CNQ/3ls06en_CNQ_000090.jpg
3MDflSpnlSg/3MDflSpnlSg_000090.jpg
3mggpeY0SDQ/3mggpeY0SDQ_000090.jpg
3NF8ziODRNU/3NF8ziODRNU_000090.jpg
3NLirWo6zkc/3NLirWo6zkc_000090.jpg
3OyURYYCfrc/3OyURYYCfrc_000090.jpg
3P5sjWImRqA/3P5sjWImRqA_000090.jpg
3PJhIkEK9Cc/3PJhIkEK9Cc_000090.jpg
3pUh9swFkqM/3pUh9swFkqM_000091.jpg
3qb-_7ryhbo/3qb-_7ryhbo_000090.jpg
3Qb__KLt2EY/3Qb__KLt2EY_000090.jpg
3qR3rg2lVwI/3qR3rg2lVwI_000090.jpg
3QTp0PISLnY/3QTp0PISLnY_000090.jpg
3SCjuPlRP2M/3SCjuPlRP2M_000090.jpg
3udgnpT9fX8/3udgnpT9fX8_000090.jpg
3U-QIVWQCmg/3U-QIVWQCmg_000090.jpg
3vgebXMvaXE/3vgebXMvaXE_000090.jpg
3VvC9Sep1kM/3VvC9Sep1kM_000090.jpg
3W1GFtNAS9w/3W1GFtNAS9w_000090.jpg
3Xy2UKHvZts/3Xy2UKHvZts_000090.jpg
3xYb1naN4yU/3xYb1naN4yU_000090.jpg
3z0T6xB_gYU/3z0T6xB_gYU_000090.jpg
3Z_iD7djN58/3Z_iD7djN58_000090.jpg
3ZWN7QUMjQQ/3ZWN7QUMjQQ_000090.jpg
4249O2H8UZs/4249O2H8UZs_000090.jpg
42P73CdWFfU/42P73CdWFfU_000090.jpg
42QbQZVBcwE/42QbQZVBcwE_000090.jpg
43gm4In2i3E/43gm4In2i3E_000090.jpg
43QCfGdt_3A/43QCfGdt_3A_000091.jpg
43XcpwcUvfQ/43XcpwcUvfQ_000090.jpg
_44uF7Xq-CE/_44uF7Xq-CE_000090.jpg
_44umFRiU6s/_44umFRiU6s_000090.jpg
458pCK-0HOk/458pCK-0HOk_000090.jpg
45xZbSPyjYY/45xZbSPyjYY_000090.jpg
45yo5uQv9M8/45yo5uQv9M8_000090.jpg
462gcDshtFc/462gcDshtFc_000090.jpg
46OxQ9F9xkM/46OxQ9F9xkM_000090.jpg
47tFTCZxPNc/47tFTCZxPNc_000090.jpg
48XXFrmcY_s/48XXFrmcY_s_000090.jpg
49aajBLMB_A/49aajBLMB_A_000090.jpg
49zopY0IGvc/49zopY0IGvc_000090.jpg
4ajuoN_zRB0/4ajuoN_zRB0_000090.jpg
4b69NVCcGws/4b69NVCcGws_000090.jpg
4BPMrhEWM_g/4BPMrhEWM_g_000090.jpg
__4BT1IQn34/__4BT1IQn34_000090.jpg
4BtYqh_lTGI/4BtYqh_lTGI_000090.jpg
-4c4r9YeS6s/-4c4r9YeS6s_000090.jpg
4CU73yOcsIs/4CU73yOcsIs_000090.jpg
4dxb71NYfjg/4dxb71NYfjg_000090.jpg
4en1rajMITI/4en1rajMITI_000090.jpg
4EoThpukXGQ/4EoThpukXGQ_000090.jpg
4G1ButxhulY/4G1ButxhulY_000090.jpg
4G__B9iEOC8/4G__B9iEOC8_000090.jpg
-4ggQ2PfUOc/-4ggQ2PfUOc_000090.jpg
4GjS8892Xdc/4GjS8892Xdc_000090.jpg
4GlundFcpsw/4GlundFcpsw_000090.jpg
4GYJ5GGbAyY/4GYJ5GGbAyY_000090.jpg
4idVOPtkIwI/4idVOPtkIwI_000090.jpg
4iHu4aFlNRM/4iHu4aFlNRM_000090.jpg
4ix4Ve8VNwI/4ix4Ve8VNwI_000090.jpg
4JafpWDMrzQ/4JafpWDMrzQ_000090.jpg
4JEhbNsaHq4/4JEhbNsaHq4_000090.jpg
4Jj-5ic_my0/4Jj-5ic_my0_000090.jpg
4jQ0o3KnARw/4jQ0o3KnARw_000090.jpg
4klA2OLrek4/4klA2OLrek4_000090.jpg
4l0OmL2ZMrU/4l0OmL2ZMrU_000090.jpg
4L6ziIDRzkk/4L6ziIDRzkk_000090.jpg
4me5WvLX9uo/4me5WvLX9uo_000090.jpg
4mi5mIX0jWQ/4mi5mIX0jWQ_000090.jpg
4mz_9jhv9so/4mz_9jhv9so_000090.jpg
4N6LtoTCuC4/4N6LtoTCuC4_000090.jpg
4NF8EEQaCe4/4NF8EEQaCe4_000090.jpg
4Ni6sgTlz2Y/4Ni6sgTlz2Y_000090.jpg
4NJChRWGQFc/4NJChRWGQFc_000090.jpg
4Oa0ZUIDbOU/4Oa0ZUIDbOU_000090.jpg
4oz_QZjvIS8/4oz_QZjvIS8_000090.jpg
4p0LYPh8bJo/4p0LYPh8bJo_000090.jpg
4pO_6u9VSa8/4pO_6u9VSa8_000090.jpg
4pRZ4JmsUCw/4pRZ4JmsUCw_000090.jpg
4qiKnRYiTPU/4qiKnRYiTPU_000090.jpg
4qxp0H5zwj4/4qxp0H5zwj4_000090.jpg
4rKFZgrMzeo/4rKFZgrMzeo_000090.jpg
4rkXq5uA01g/4rkXq5uA01g_000090.jpg
-4smwSiYavM/-4smwSiYavM_000090.jpg
4TdNyKwoUmk/4TdNyKwoUmk_000090.jpg
4tEHzjqqNdg/4tEHzjqqNdg_000090.jpg
4TZlckoATkE/4TZlckoATkE_000090.jpg
4U2gbVjgSps/4U2gbVjgSps_000090.jpg
4UBqzoGTu0s/4UBqzoGTu0s_000090.jpg
4uhFaNM5O9c/4uhFaNM5O9c_000090.jpg
4unnSzrgAxE/4unnSzrgAxE_000090.jpg
4uvd5P38Ysg/4uvd5P38Ysg_000090.jpg
4uxBfNlqJsA/4uxBfNlqJsA_000090.jpg
4vpRNBjdOIk/4vpRNBjdOIk_000090.jpg
4W6phLyMUKA/4W6phLyMUKA_000090.jpg
4WDZLU7odeA/4WDZLU7odeA_000090.jpg
4wIaeuCM5YQ/4wIaeuCM5YQ_000090.jpg
4wnLB-vGIaM/4wnLB-vGIaM_000090.jpg
4XMA3x1yXCo/4XMA3x1yXCo_000090.jpg
4XrN_lz1jaI/4XrN_lz1jaI_000090.jpg
4XXaoGGx5mo/4XXaoGGx5mo_000090.jpg
4y8Obu-KaPw/4y8Obu-KaPw_000090.jpg
4YGHeNdGPkA/4YGHeNdGPkA_000090.jpg
4-YmQKoHYmw/4-YmQKoHYmw_000090.jpg
4yo9BwoQIpM/4yo9BwoQIpM_000090.jpg
4ZbnbJfqUks/4ZbnbJfqUks_000090.jpg
4z_iRkeqCf0/4z_iRkeqCf0_000090.jpg
501tvbSSe1M/501tvbSSe1M_000090.jpg
512_JkpWspE/512_JkpWspE_000090.jpg
-51ACZu5ZPI/-51ACZu5ZPI_000090.jpg
51PDx4_57A4/51PDx4_57A4_000090.jpg
52152FgCqw4/52152FgCqw4_000090.jpg
526j0iysJWA/526j0iysJWA_000090.jpg
52rHPVWmjw4/52rHPVWmjw4_000090.jpg
52vO4-3tclg/52vO4-3tclg_000090.jpg
-534IANO-AM/-534IANO-AM_000090.jpg
53C61ZUEbSo/53C61ZUEbSo_000091.jpg
53tiaSYEs7o/53tiaSYEs7o_000090.jpg
55IYod49keA/55IYod49keA_000090.jpg
5_6E66Q5yls/5_6E66Q5yls_000090.jpg
57IvdfHw_2o/57IvdfHw_2o_000090.jpg
57qNTkdMKpE/57qNTkdMKpE_000090.jpg
581iNinf-hw/581iNinf-hw_000090.jpg
5853SFNgzQA/5853SFNgzQA_000090.jpg
58AgaJVe1mE/58AgaJVe1mE_000090.jpg
58dbUvHS1Xk/58dbUvHS1Xk_000090.jpg
59HRhVNoGxY/59HRhVNoGxY_000090.jpg
5A-q826_mqo/5A-q826_mqo_000090.jpg
5ATdEZesz_4/5ATdEZesz_4_000090.jpg
5b8Q3T-lH2g/5b8Q3T-lH2g_000090.jpg
5BeT504PD0A/5BeT504PD0A_000090.jpg
5blB2Y55f2U/5blB2Y55f2U_000090.jpg
5cAnhfJyDD0/5cAnhfJyDD0_000090.jpg
5cHK3QbPqa4/5cHK3QbPqa4_000090.jpg
5DmSrfQYGpo/5DmSrfQYGpo_000090.jpg
5DZBcm60BFQ/5DZBcm60BFQ_000090.jpg
5E20wCGF6Ig/5E20wCGF6Ig_000090.jpg
5Ejr8w08_Oc/5Ejr8w08_Oc_000090.jpg
5eLt85IPqAw/5eLt85IPqAw_000090.jpg
5emauAmtM74/5emauAmtM74_000090.jpg
5EPuVEIYCbI/5EPuVEIYCbI_000090.jpg
5EpwNEjp6l4/5EpwNEjp6l4_000090.jpg
5eqGiJc8Zy4/5eqGiJc8Zy4_000090.jpg
5eXtduBn334/5eXtduBn334_000090.jpg
5eZzjU7wJFM/5eZzjU7wJFM_000090.jpg
5FcQA-Sap_g/5FcQA-Sap_g_000090.jpg
5FFeX7Ts_AM/5FFeX7Ts_AM_000090.jpg
5Fk53rnKRfM/5Fk53rnKRfM_000090.jpg
5foyNOHRsuE/5foyNOHRsuE_000090.jpg
-5FtgMgevX0/-5FtgMgevX0_000090.jpg
5fxZ0uwR_4A/5fxZ0uwR_4A_000090.jpg
5ghFE-EG7jA/5ghFE-EG7jA_000090.jpg
5gi522WVqJc/5gi522WVqJc_000090.jpg
5Glsr5P6sjY/5Glsr5P6sjY_000090.jpg
5GsSKJdmdX4/5GsSKJdmdX4_000090.jpg
5H4wo3R6HT0/5H4wo3R6HT0_000090.jpg
5HU8cZD8yA0/5HU8cZD8yA0_000090.jpg
5hVFRvi1GKg/5hVFRvi1GKg_000090.jpg
5I3pj2fosos/5I3pj2fosos_000090.jpg
5If3p2EoC08/5If3p2EoC08_000090.jpg
5IH2SaSBLB4/5IH2SaSBLB4_000090.jpg
5iLZs5BDXrk/5iLZs5BDXrk_000090.jpg
5I_Q77m9hvc/5I_Q77m9hvc_000090.jpg
5IRV0duVoUE/5IRV0duVoUE_000091.jpg
-5jkBtJb8xU/-5jkBtJb8xU_000090.jpg
-5JKWL9AKOY/-5JKWL9AKOY_000090.jpg
5kMMZBRG0IA/5kMMZBRG0IA_000090.jpg
5K-WnVeSIUk/5K-WnVeSIUk_000090.jpg
5L0jGOL4luc/5L0jGOL4luc_000090.jpg
5LRCCDPblik/5LRCCDPblik_000091.jpg
5Mebo_E4yi4/5Mebo_E4yi4_000090.jpg
5mmGQ1y8OCQ/5mmGQ1y8OCQ_000090.jpg
5mMX7eyrIb8/5mMX7eyrIb8_000090.jpg
5mWtf6eDkP8/5mWtf6eDkP8_000090.jpg
5NC0h9fuBO4/5NC0h9fuBO4_000090.jpg
5nHBs9QFtC8/5nHBs9QFtC8_000090.jpg
5NhPhutVTEc/5NhPhutVTEc_000090.jpg
5nMZdNZvEsI/5nMZdNZvEsI_000090.jpg
5ob1cyL1V4c/5ob1cyL1V4c_000090.jpg
5OdToaFkC2g/5OdToaFkC2g_000090.jpg
5PELlJ5hAsk/5PELlJ5hAsk_000090.jpg
5pNa76NmRso/5pNa76NmRso_000091.jpg
5pSGVkrzHGo/5pSGVkrzHGo_000090.jpg
5PyeQJG8r0Y/5PyeQJG8r0Y_000090.jpg
5Q5C9WHm1_Y/5Q5C9WHm1_Y_000090.jpg
5qAS5ieSlXY/5qAS5ieSlXY_000090.jpg
5qhBY1OLuGc/5qhBY1OLuGc_000090.jpg
5QnymN1FwrU/5QnymN1FwrU_000090.jpg
5qXsSRuhEcg/5qXsSRuhEcg_000090.jpg
5rb3pXwA_nE/5rb3pXwA_nE_000090.jpg
5rVsROG9kKw/5rVsROG9kKw_000090.jpg
5s9xPO4eNg4/5s9xPO4eNg4_000090.jpg
5s-esJYUWTA/5s-esJYUWTA_000090.jpg
5soE4Uoi1Tk/5soE4Uoi1Tk_000090.jpg
5sYFwlYelKw/5sYFwlYelKw_000090.jpg
5t93iD34hRo/5t93iD34hRo_000090.jpg
5TDdf1XlRD4/5TDdf1XlRD4_000090.jpg
5tIkHdrQZ-s/5tIkHdrQZ-s_000090.jpg
5Tni_9ziEOU/5Tni_9ziEOU_000090.jpg
5tQj7sfV-oA/5tQj7sfV-oA_000090.jpg
5tuW996y8Bw/5tuW996y8Bw_000090.jpg
5tyShAdEfTQ/5tyShAdEfTQ_000090.jpg
5U6nKBhH7ps/5U6nKBhH7ps_000090.jpg
5ud7uwrhTm4/5ud7uwrhTm4_000090.jpg
5UXMCSMQ8bo/5UXMCSMQ8bo_000090.jpg
5V2UspqNsWw/5V2UspqNsWw_000090.jpg
5VBQtzIM4c8/5VBQtzIM4c8_000090.jpg
5VbYFII1blE/5VbYFII1blE_000090.jpg
5VekLCNuGR8/5VekLCNuGR8_000090.jpg
5vnmqrVK0Ds/5vnmqrVK0Ds_000090.jpg
5VZj4ANeA-s/5VZj4ANeA-s_000090.jpg
5wJ1WTLBdW0/5wJ1WTLBdW0_000090.jpg
5_WNdGpsWbI/5_WNdGpsWbI_000090.jpg
5W_PZVqJWmM/5W_PZVqJWmM_000090.jpg
_5Xb6x9WhSk/_5Xb6x9WhSk_000090.jpg
5xeRv-8DdMs/5xeRv-8DdMs_000090.jpg
5XEZO2-PV74/5XEZO2-PV74_000090.jpg
_5xOtdXTONc/_5xOtdXTONc_000090.jpg
5Xq0uN0t82w/5Xq0uN0t82w_000090.jpg
5_xXj3SAX68/5_xXj3SAX68_000090.jpg
5yk2w_k5c2U/5yk2w_k5c2U_000090.jpg
5YUgw7Xxj3s/5YUgw7Xxj3s_000090.jpg
5yUhMtcEVj8/5yUhMtcEVj8_000090.jpg
5z4RHuOGQQg/5z4RHuOGQQg_000090.jpg
5ZG2OFA27Ww/5ZG2OFA27Ww_000090.jpg
5zi95DQzF-Y/5zi95DQzF-Y_000090.jpg
5zjryM8gYu0/5zjryM8gYu0_000090.jpg
60BSt2z2syo/60BSt2z2syo_000090.jpg
60DLrvBaWqk/60DLrvBaWqk_000090.jpg
60gxshtbGS4/60gxshtbGS4_000090.jpg
60Ls0xp0tWU/60Ls0xp0tWU_000090.jpg
60MJSHc0SgQ/60MJSHc0SgQ_000090.jpg
60NdGJk_ySI/60NdGJk_ySI_000090.jpg
60YfJ8vqnn8/60YfJ8vqnn8_000090.jpg
619XRzZzsj0/619XRzZzsj0_000090.jpg
61c_YwOuBYA/61c_YwOuBYA_000090.jpg
61jBv7gJ0DU/61jBv7gJ0DU_000090.jpg
61UPwrgTdGM/61UPwrgTdGM_000090.jpg
61wd-2CqgYs/61wd-2CqgYs_000090.jpg
6_2N_H09XnY/6_2N_H09XnY_000090.jpg
62QzJfKsaEI/62QzJfKsaEI_000090.jpg
631OiEXjnmE/631OiEXjnmE_000090.jpg
63EQ81L0tzU/63EQ81L0tzU_000090.jpg
63_mnV240DY/63_mnV240DY_000090.jpg
641SGWeZW8E/641SGWeZW8E_000090.jpg
64xkKTJ-M6M/64xkKTJ-M6M_000090.jpg
654IdL-3JuY/654IdL-3JuY_000090.jpg
65JbNAXzEQM/65JbNAXzEQM_000090.jpg
65PPXB-kyRw/65PPXB-kyRw_000090.jpg
66DqwrPKBEE/66DqwrPKBEE_000090.jpg
66T8fvsAX9o/66T8fvsAX9o_000090.jpg
66VWfnwQ9Eo/66VWfnwQ9Eo_000090.jpg
67pFXe1KiMg/67pFXe1KiMg_000090.jpg
68FHOyWED14/68FHOyWED14_000091.jpg
68NNAv3rKuk/68NNAv3rKuk_000090.jpg
69Arg1isT3A/69Arg1isT3A_000090.jpg
69C-y8QN3jo/69C-y8QN3jo_000090.jpg
69HMyCrPNJM/69HMyCrPNJM_000090.jpg
69KZo3Cmito/69KZo3Cmito_000090.jpg
69nakJuGXbM/69nakJuGXbM_000090.jpg
6a29ZqMp9Qs/6a29ZqMp9Qs_000090.jpg
6a6b-LXt1jY/6a6b-LXt1jY_000090.jpg
6AVSWSi3mbc/6AVSWSi3mbc_000090.jpg
6avt47LfzsU/6avt47LfzsU_000090.jpg
6ayz6V-Y4Mw/6ayz6V-Y4Mw_000090.jpg
-6b9q-zQnPk/-6b9q-zQnPk_000090.jpg
6bBz0d_5WIw/6bBz0d_5WIw_000090.jpg
6bf5KgxzjwQ/6bf5KgxzjwQ_000090.jpg
6BHBEB974m4/6BHBEB974m4_000090.jpg
6BkiWVZUAQU/6BkiWVZUAQU_000090.jpg
6bKQLAcGPJU/6bKQLAcGPJU_000090.jpg
6cBWGqmWu-s/6cBWGqmWu-s_000090.jpg
6cryRZct7Q4/6cryRZct7Q4_000090.jpg
6CyF2PWeOwA/6CyF2PWeOwA_000090.jpg
6cZ5nPWfBjw/6cZ5nPWfBjw_000090.jpg
6D9Wpx5npSU/6D9Wpx5npSU_000090.jpg
6df2OPNdtsM/6df2OPNdtsM_000090.jpg
6DoyMGEuf3Q/6DoyMGEuf3Q_000090.jpg
6dQLA_OD2Uw/6dQLA_OD2Uw_000090.jpg
6DUjr-pLsxY/6DUjr-pLsxY_000090.jpg
6dXOe4BdPLo/6dXOe4BdPLo_000090.jpg
6E2Np42ZaVo/6E2Np42ZaVo_000090.jpg
6EFdDn6dlWc/6EFdDn6dlWc_000090.jpg
6EqGWNfRt5w/6EqGWNfRt5w_000090.jpg
6fE1wuIwHjI/6fE1wuIwHjI_000090.jpg
6fHnziveTCg/6fHnziveTCg_000093.jpg
6_FNILcMDeY/6_FNILcMDeY_000090.jpg
6fP74OThwPw/6fP74OThwPw_000090.jpg
6FPwy8Z2JWI/6FPwy8Z2JWI_000090.jpg
6fV2glrkWJ4/6fV2glrkWJ4_000090.jpg
6fzk6h5VqH4/6fzk6h5VqH4_000090.jpg
6g0jgA8xVEg/6g0jgA8xVEg_000090.jpg
6gAwIar7xDA/6gAwIar7xDA_000090.jpg
6GENTF8Ytgk/6GENTF8Ytgk_000090.jpg
6gNfBL8ZE_U/6gNfBL8ZE_U_000090.jpg
6GPD5cYCUjc/6GPD5cYCUjc_000090.jpg
6hFlajSYITE/6hFlajSYITE_000090.jpg
6HIBu80TTMw/6HIBu80TTMw_000090.jpg
6HmKyms-U2s/6HmKyms-U2s_000090.jpg
6hOQCs7Bvnk/6hOQCs7Bvnk_000090.jpg
-6HqxKZzLk4/-6HqxKZzLk4_000090.jpg
6h-T4ej0CNM/6h-T4ej0CNM_000090.jpg
6I41CeQbWcA/6I41CeQbWcA_000090.jpg
6iSQhEFSOBQ/6iSQhEFSOBQ_000090.jpg
6iwObftD0r8/6iwObftD0r8_000090.jpg
6J2NJ_ECUwE/6J2NJ_ECUwE_000090.jpg
6J-4GK8LHFw/6J-4GK8LHFw_000090.jpg
6j6qk_2_UiA/6j6qk_2_UiA_000090.jpg
6Jc3tbohkLw/6Jc3tbohkLw_000090.jpg
6jCDFjDt5Gc/6jCDFjDt5Gc_000090.jpg
6jdtzdbdLew/6jdtzdbdLew_000090.jpg
6Je926XmdIo/6Je926XmdIo_000090.jpg
6jgA11iXp6Q/6jgA11iXp6Q_000090.jpg
6JHijqutcvQ/6JHijqutcvQ_000090.jpg
6JOHZSr9ClA/6JOHZSr9ClA_000090.jpg
6JPozx7cuOU/6JPozx7cuOU_000090.jpg
6jW4M5Cm2BU/6jW4M5Cm2BU_000090.jpg
6kCP63LXpnQ/6kCP63LXpnQ_000090.jpg
6kdyYVpL0fg/6kdyYVpL0fg_000090.jpg
6KG0mbhejCs/6KG0mbhejCs_000090.jpg
6KpAWw2ax5g/6KpAWw2ax5g_000090.jpg
6KusB6XjY2E/6KusB6XjY2E_000090.jpg
6l0gWnHxMp4/6l0gWnHxMp4_000090.jpg
6l84znuyYEY/6l84znuyYEY_000090.jpg
6LF6mr0Jsw0/6LF6mr0Jsw0_000090.jpg
6Lp_uAizFjw/6Lp_uAizFjw_000090.jpg
6LQ0HS5UiyE/6LQ0HS5UiyE_000090.jpg
6lUwzLi0JuM/6lUwzLi0JuM_000090.jpg
Traceback (most recent call last):
  File "../predict_bboxes/bboxes.py", line 104, in <module>
    add = int(30 * (row[1] % 1))
  File "../predict_bboxes/bboxes.py", line 41, in predict_boxes
    # loads model id 137849600 from: https://github.com/facebookresearch/detectron2/blob/master/MODEL_ZOO.md
  File "/itet-stor/sieberl/net_scratch/miniconda3/envs/slowfast/lib/python3.6/site-packages/detectron2/engine/defaults.py", line 212, in __call__
    height, width = original_image.shape[:2]
AttributeError: 'NoneType' object has no attribute 'shape'
