
CommandNotFoundError: Your shell has not been properly configured to use 'conda activate'.
To initialize your shell, run

    $ conda init <SHELL_NAME>

Currently supported shells are:
  - bash
  - fish
  - tcsh
  - xonsh
  - zsh
  - powershell

See 'conda init --help' for more information and options.

IMPORTANT: You may need to close and restart your shell after running 'conda init'.


1.4.0 True
after dropping duplicates
003bW5kHjZU/003bW5kHjZU_000090.jpg
003qyzi8e7Q/003qyzi8e7Q_000090.jpg
00bYMWy5S7A/00bYMWy5S7A_000090.jpg
00DHvWQnd3I/00DHvWQnd3I_000090.jpg
00g1_FUd-Gc/00g1_FUd-Gc_000090.jpg
00hZ1kuCj4U/00hZ1kuCj4U_000090.jpg
00I9M2Iy-IA/00I9M2Iy-IA_000090.jpg
00jmqsCfaZM/00jmqsCfaZM_000090.jpg
00k2U7zRpkI/00k2U7zRpkI_000090.jpg
00qYyk7o2xE/00qYyk7o2xE_000090.jpg
00ROLZS2Z80/00ROLZS2Z80_000090.jpg
00RS_1vCHm4/00RS_1vCHm4_000090.jpg
00rtry4LqmE/00rtry4LqmE_000090.jpg
00s3PpXPGSM/00s3PpXPGSM_000090.jpg
010xX8o7YV0/010xX8o7YV0_000090.jpg
0-170t2sK0w/0-170t2sK0w_000091.jpg
01BFInmg3Zs/01BFInmg3Zs_000090.jpg
01Bp7-nCijA/01Bp7-nCijA_000090.jpg
01_d_tfpAsk/01_d_tfpAsk_000090.jpg
01fAWEHzudA/01fAWEHzudA_000090.jpg
01G4h6WlcjE/01G4h6WlcjE_000090.jpg
01G88hTRWog/01G88hTRWog_000090.jpg
01gQ7GCLYN4/01gQ7GCLYN4_000090.jpg
01i3NFcL_HI/01i3NFcL_HI_000090.jpg
01_IpnK7XRg/01_IpnK7XRg_000090.jpg
01jNyVKlebQ/01jNyVKlebQ_000090.jpg
01lNGNM7p2Q/01lNGNM7p2Q_000090.jpg
01QDOZFrXLo/01QDOZFrXLo_000090.jpg
01r-N42f0UI/01r-N42f0UI_000090.jpg
01T3Qes2oDQ/01T3Qes2oDQ_000090.jpg
01W4xqNr1UY/01W4xqNr1UY_000091.jpg
01XzcVN3kzg/01XzcVN3kzg_000090.jpg
01ZrQnMruig/01ZrQnMruig_000090.jpg
0216DP0T7xk/0216DP0T7xk_000090.jpg
02AFzXH3g7s/02AFzXH3g7s_000090.jpg
02aGbW2kzUI/02aGbW2kzUI_000090.jpg
02cP4XdO7fo/02cP4XdO7fo_000090.jpg
02DTn2vhV3A/02DTn2vhV3A_000090.jpg
02FGojxxyrQ/02FGojxxyrQ_000090.jpg
02HAfW8otDE/02HAfW8otDE_000090.jpg
02LmFAaL4es/02LmFAaL4es_000090.jpg
02LxQFtdAts/02LxQFtdAts_000090.jpg
02NTN9ipYew/02NTN9ipYew_000090.jpg
02QwedHFihA/02QwedHFihA_000090.jpg
02V3HoGe5xY/02V3HoGe5xY_000090.jpg
02W_liG46MA/02W_liG46MA_000090.jpg
02WWkTbuAP4/02WWkTbuAP4_000090.jpg
0_2xAH2zFkI/0_2xAH2zFkI_000091.jpg
02Z8CWhPFHg/02Z8CWhPFHg_000090.jpg
032XK7_S5g8/032XK7_S5g8_000090.jpg
036Nh0g8IKw/036Nh0g8IKw_000090.jpg
03JSjIHGC00/03JSjIHGC00_000090.jpg
03KTM3oSirw/03KTM3oSirw_000090.jpg
03lJ23m7VeI/03lJ23m7VeI_000090.jpg
03qzwrwwMLI/03qzwrwwMLI_000090.jpg
03ssU6HGdTQ/03ssU6HGdTQ_000090.jpg
03TgObzfx2E/03TgObzfx2E_000090.jpg
03vzfECwcD8/03vzfECwcD8_000090.jpg
03wqmoJwBsc/03wqmoJwBsc_000090.jpg
0-3yl2_Myso/0-3yl2_Myso_000090.jpg
03_ySuHb_Us/03_ySuHb_Us_000090.jpg
04_0BaPqhk8/04_0BaPqhk8_000090.jpg
04ahWwa-zRM/04ahWwa-zRM_000090.jpg
04bgnPyXAuw/04bgnPyXAuw_000090.jpg
04GTa4okTUc/04GTa4okTUc_000090.jpg
04KJwHSTy3w/04KJwHSTy3w_000090.jpg
04lcIMbXyV8/04lcIMbXyV8_000090.jpg
04nsGnBrKMU/04nsGnBrKMU_000090.jpg
04PqCMltDTA/04PqCMltDTA_000090.jpg
04RIGDEJyHM/04RIGDEJyHM_000090.jpg
04uGXAnJtp0/04uGXAnJtp0_000090.jpg
04vFWg9RoBQ/04vFWg9RoBQ_000090.jpg
04yg5hd7NPY/04yg5hd7NPY_000090.jpg
04yiI0AYPPQ/04yiI0AYPPQ_000090.jpg
04ZRLEP7fJs/04ZRLEP7fJs_000090.jpg
052GntDUsOw/052GntDUsOw_000090.jpg
0556EWLhn1s/0556EWLhn1s_000090.jpg
05-73___szY/05-73___szY_000090.jpg
058ED7jKcYU/058ED7jKcYU_000090.jpg
-05APhKiIXc/-05APhKiIXc_000090.jpg
05bqiEp7lDU/05bqiEp7lDU_000090.jpg
05ColYwT9Ac/05ColYwT9Ac_000090.jpg
05CU8SDe_sI/05CU8SDe_sI_000090.jpg
05du42ZoAN4/05du42ZoAN4_000090.jpg
05FnxqVf05w/05FnxqVf05w_000090.jpg
05gFVesROOE/05gFVesROOE_000090.jpg
05i_SrE0M8I/05i_SrE0M8I_000090.jpg
05ljTAaWnVc/05ljTAaWnVc_000090.jpg
05rBmWpr6Rs/05rBmWpr6Rs_000090.jpg
05rTh-YafwY/05rTh-YafwY_000090.jpg
05Ru2KOKSy8/05Ru2KOKSy8_000090.jpg
05T-3zATxTs/05T-3zATxTs_000090.jpg
05zcHEBici0/05zcHEBici0_000090.jpg
05zxbMpvz5o/05zxbMpvz5o_000090.jpg
068Ewypg250/068Ewypg250_000090.jpg
06b6OrqO7UA/06b6OrqO7UA_000090.jpg
06Bb2bavDuQ/06Bb2bavDuQ_000090.jpg
06hh8JUXUTU/06hh8JUXUTU_000090.jpg
06_IBT3vE5o/06_IBT3vE5o_000090.jpg
06inV5oEZLk/06inV5oEZLk_000090.jpg
06JLmlOj9II/06JLmlOj9II_000090.jpg
06jvRio9pQo/06jvRio9pQo_000090.jpg
06mAmewtt7s/06mAmewtt7s_000090.jpg
06orKw2bufk/06orKw2bufk_000090.jpg
06oYk7VN3GQ/06oYk7VN3GQ_000090.jpg
06pj__z8U5c/06pj__z8U5c_000090.jpg
06PPblV1e0o/06PPblV1e0o_000090.jpg
06-qiWK9ZuQ/06-qiWK9ZuQ_000090.jpg
0-6Tn0Ie-AQ/0-6Tn0Ie-AQ_000090.jpg
06w5mJP-KLQ/06w5mJP-KLQ_000090.jpg
06ydvG0KMdc/06ydvG0KMdc_000090.jpg
06ZqVRSZ8wE/06ZqVRSZ8wE_000090.jpg
06zuUMKaa88/06zuUMKaa88_000090.jpg
075Sp8SBR98/075Sp8SBR98_000090.jpg
078D5BRPBio/078D5BRPBio_000090.jpg
079byi6qvFA/079byi6qvFA_000090.jpg
07-A-IvMLzM/07-A-IvMLzM_000090.jpg
07bIfIWzRfo/07bIfIWzRfo_000090.jpg
07dVkTTGXv4/07dVkTTGXv4_000090.jpg
07eq1ZyNg_U/07eq1ZyNg_U_000090.jpg
07f88HrHORw/07f88HrHORw_000090.jpg
07-f8ATIOko/07-f8ATIOko_000090.jpg
07hGqG6rGME/07hGqG6rGME_000090.jpg
07ib8kH2L7g/07ib8kH2L7g_000090.jpg
07ILndvuKUc/07ILndvuKUc_000090.jpg
07lnasZoCMc/07lnasZoCMc_000090.jpg
07vM2yT_Mp4/07vM2yT_Mp4_000090.jpg
07WCZvf1vk8/07WCZvf1vk8_000090.jpg
07xU5ig8CBg/07xU5ig8CBg_000090.jpg
084GmKaXESg/084GmKaXESg_000090.jpg
085MVPrmaSY/085MVPrmaSY_000090.jpg
08785dzI9_I/08785dzI9_I_000090.jpg
087f79BZXiY/087f79BZXiY_000090.jpg
087pOGKrgUc/087pOGKrgUc_000090.jpg
0-88gsjuNUg/0-88gsjuNUg_000090.jpg
08ARhVLVhDg/08ARhVLVhDg_000090.jpg
08b9nh7a3i8/08b9nh7a3i8_000090.jpg
08BKczPEj64/08BKczPEj64_000090.jpg
08BSuGiq9tA/08BSuGiq9tA_000090.jpg
08dTJHiAVt4/08dTJHiAVt4_000090.jpg
08--EMr40G4/08--EMr40G4_000090.jpg
08Exugf5OvU/08Exugf5OvU_000090.jpg
08FB-43gU-M/08FB-43gU-M_000090.jpg
08GBrY1FZLk/08GBrY1FZLk_000090.jpg
08geW7CrL-4/08geW7CrL-4_000090.jpg
08kcsS290S4/08kcsS290S4_000090.jpg
08mgs3-TwVg/08mgs3-TwVg_000090.jpg
08n_fBwPXKw/08n_fBwPXKw_000090.jpg
08qM78LstwM/08qM78LstwM_000090.jpg
08Rk0r1zVyk/08Rk0r1zVyk_000090.jpg
0-8TZaZIEP0/0-8TZaZIEP0_000090.jpg
08vEETSy4Kk/08vEETSy4Kk_000090.jpg
_08VI5EoB9I/_08VI5EoB9I_000090.jpg
08WuLIpxASE/08WuLIpxASE_000090.jpg
08YTsHJF3Hk/08YTsHJF3Hk_000090.jpg
0916lKaPolM/0916lKaPolM_000090.jpg
0926nXPz1gY/0926nXPz1gY_000090.jpg
095RptPiW8I/095RptPiW8I_000090.jpg
09AinCnKAE8/09AinCnKAE8_000090.jpg
09AZQ_m9q7M/09AZQ_m9q7M_000090.jpg
09bQ7a_l5DM/09bQ7a_l5DM_000090.jpg
09D_2aKMU0Y/09D_2aKMU0Y_000090.jpg
09E1c9iUVhM/09E1c9iUVhM_000090.jpg
-09lBxmFoWE/-09lBxmFoWE_000090.jpg
09M7KSCJQho/09M7KSCJQho_000090.jpg
09tMRQJvtJE/09tMRQJvtJE_000090.jpg
09uuyDQ2LLc/09uuyDQ2LLc_000090.jpg
09UYVWaL9p0/09UYVWaL9p0_000090.jpg
0-9X970fUaQ/0-9X970fUaQ_000090.jpg
09xhRsuGvFs/09xhRsuGvFs_000090.jpg
09xzLJcs1t0/09xzLJcs1t0_000090.jpg
09Zd8FqXBTU/09Zd8FqXBTU_000090.jpg
0a6qOoUBHM8/0a6qOoUBHM8_000090.jpg
0A7mo400N0Q/0A7mo400N0Q_000091.jpg
0aAhM7nyEmM/0aAhM7nyEmM_000090.jpg
0Abr6i3IkBk/0Abr6i3IkBk_000090.jpg
0AcqN56Sn5A/0AcqN56Sn5A_000090.jpg
0af6BfRm8lI/0af6BfRm8lI_000090.jpg
0ah91Agzeuo/0ah91Agzeuo_000090.jpg
0aheQf5MHgw/0aheQf5MHgw_000090.jpg
0aiHqkw0RRQ/0aiHqkw0RRQ_000090.jpg
0AJMD-HBFCQ/0AJMD-HBFCQ_000090.jpg
0aK4W1FN8Zc/0aK4W1FN8Zc_000090.jpg
0akw3bNrcmQ/0akw3bNrcmQ_000090.jpg
0akzsxgj2LI/0akzsxgj2LI_000090.jpg
0aL9MYTwE-s/0aL9MYTwE-s_000090.jpg
0amUCNWCg24/0amUCNWCg24_000090.jpg
0An9goH5Zfg/0An9goH5Zfg_000090.jpg
0aoFuhZD0gg/0aoFuhZD0gg_000090.jpg
0aSk9H4RmZU/0aSk9H4RmZU_000090.jpg
0ASRsqab13Y/0ASRsqab13Y_000090.jpg
0asSrS283cQ/0asSrS283cQ_000090.jpg
0As-X5D-68w/0As-X5D-68w_000090.jpg
0aUXpfDvqO8/0aUXpfDvqO8_000092.jpg
0AV1u1_SaB4/0AV1u1_SaB4_000090.jpg
0AxgY7y4X30/0AxgY7y4X30_000090.jpg
0b0UNHe4mdY/0b0UNHe4mdY_000090.jpg
0B7YiFODRFA/0B7YiFODRFA_000090.jpg
0b9xWsXdp0Q/0b9xWsXdp0Q_000090.jpg
0bDE-ZiNwJ8/0bDE-ZiNwJ8_000090.jpg
0bdh0ydlV9w/0bdh0ydlV9w_000090.jpg
0bdVrgImymc/0bdVrgImymc_000090.jpg
0Be0vaiubdA/0Be0vaiubdA_000090.jpg
0beBznsfzsk/0beBznsfzsk_000090.jpg
0bEDlcNPadU/0bEDlcNPadU_000090.jpg
_0bFj-i2fiE/_0bFj-i2fiE_000090.jpg
0_BGghivOJQ/0_BGghivOJQ_000090.jpg
0Bh9az2AABg/0Bh9az2AABg_000090.jpg
0biiCGyyCbY/0biiCGyyCbY_000090.jpg
0bjuCXoqRAk/0bjuCXoqRAk_000090.jpg
0b_k3gKheV8/0b_k3gKheV8_000090.jpg
0BkePNyKnXU/0BkePNyKnXU_000090.jpg
0bozYBn0-uk/0bozYBn0-uk_000090.jpg
0BQ8QwmhluY/0BQ8QwmhluY_000090.jpg
0-Bs29w0qws/0-Bs29w0qws_000091.jpg
0bsZsbHq20Y/0bsZsbHq20Y_000090.jpg
0bTqP8WFpxo/0bTqP8WFpxo_000090.jpg
0bUy9D4VOso/0bUy9D4VOso_000090.jpg
0bvZn3gQZa4/0bvZn3gQZa4_000090.jpg
0bVZSN7z9Xk/0bVZSN7z9Xk_000090.jpg
0bXsrjwbhnE/0bXsrjwbhnE_000090.jpg
0Bz8T4FgD0o/0Bz8T4FgD0o_000090.jpg
0c4hV7Mqxpw/0c4hV7Mqxpw_000090.jpg
0C4mLvAbqZQ/0C4mLvAbqZQ_000090.jpg
_0c5eJ61iuM/_0c5eJ61iuM_000090.jpg
0c5Rusfw4Uw/0c5Rusfw4Uw_000090.jpg
0C5ugWQ-hkE/0C5ugWQ-hkE_000090.jpg
0CAEEvuzIUc/0CAEEvuzIUc_000090.jpg
0catNfqp_Qo/0catNfqp_Qo_000090.jpg
0CbRsHZGrPA/0CbRsHZGrPA_000090.jpg
0cEwa2dKtsQ/0cEwa2dKtsQ_000090.jpg
0CGSXGE52Wk/0CGSXGE52Wk_000090.jpg
0ChHFh2u4kY/0ChHFh2u4kY_000090.jpg
0cHjHj-XEbU/0cHjHj-XEbU_000090.jpg
_0-cM36dlfE/_0-cM36dlfE_000090.jpg
0CM-UnKpYFs/0CM-UnKpYFs_000090.jpg
0cO01qAfB9s/0cO01qAfB9s_000090.jpg
0CpipYjWeEA/0CpipYjWeEA_000091.jpg
0cqr9IrnoTM/0cqr9IrnoTM_000090.jpg
0cqUmlmR1Hk/0cqUmlmR1Hk_000091.jpg
0C-QwPiZw8Q/0C-QwPiZw8Q_000090.jpg
0cUOkXlsLrQ/0cUOkXlsLrQ_000090.jpg
0cUXlXc4xVw/0cUXlXc4xVw_000090.jpg
0cw4qn46-F0/0cw4qn46-F0_000090.jpg
0cxjCiPD8c4/0cxjCiPD8c4_000090.jpg
0CxMNAyg2Yg/0CxMNAyg2Yg_000090.jpg
0cyCplPl5LE/0cyCplPl5LE_000090.jpg
0Cyoavthm6s/0Cyoavthm6s_000090.jpg
0D1LA6j5DeI/0D1LA6j5DeI_000090.jpg
0D2dCPX4qR8/0D2dCPX4qR8_000090.jpg
0d4VNePcVj4/0d4VNePcVj4_000090.jpg
0d4WpRhHQW4/0d4WpRhHQW4_000090.jpg
0D4Z6PXIjeA/0D4Z6PXIjeA_000091.jpg
0D5ZA1xF6s8/0D5ZA1xF6s8_000090.jpg
0d9ArJQWCkg/0d9ArJQWCkg_000090.jpg
0dBcXeXl9G4/0dBcXeXl9G4_000090.jpg
0dBRRzwkLC8/0dBRRzwkLC8_000090.jpg
0dbSlZxFu2E/0dbSlZxFu2E_000090.jpg
0dcEoBr5mlY/0dcEoBr5mlY_000090.jpg
0DCN8L320Wo/0DCN8L320Wo_000090.jpg
0DCPRaozRG8/0DCPRaozRG8_000090.jpg
0DCUROvzp2Y/0DCUROvzp2Y_000090.jpg
0ddLglJNiGs/0ddLglJNiGs_000090.jpg
0ddqTtr0z8g/0ddqTtr0z8g_000090.jpg
0DfXV_B7WvI/0DfXV_B7WvI_000090.jpg
0DgcGG5GYa8/0DgcGG5GYa8_000090.jpg
0dgJNMrmCm0/0dgJNMrmCm0_000090.jpg
0dj777Cqrh4/0dj777Cqrh4_000090.jpg
0DjhC0b68do/0DjhC0b68do_000090.jpg
0dK1tdMfliA/0dK1tdMfliA_000090.jpg
0dlJMuKsoF4/0dlJMuKsoF4_000090.jpg
0DLTBMDgVWY/0DLTBMDgVWY_000090.jpg
0DlwJbM_zGs/0DlwJbM_zGs_000090.jpg
0dL_ZgmqKF0/0dL_ZgmqKF0_000090.jpg
0DQeQM4GR28/0DQeQM4GR28_000090.jpg
0DRoNmNvgG4/0DRoNmNvgG4_000090.jpg
0DseqsR7-Pw/0DseqsR7-Pw_000090.jpg
0DTLWbO8ftE/0DTLWbO8ftE_000090.jpg
0_DuJrfSw7I/0_DuJrfSw7I_000090.jpg
0Dv9fCH-inw/0Dv9fCH-inw_000090.jpg
0dWJ726_qkc/0dWJ726_qkc_000091.jpg
0DwP5mOidOg/0DwP5mOidOg_000090.jpg
0_dWsMfL1LA/0_dWsMfL1LA_000090.jpg
0DX1v1UlP9o/0DX1v1UlP9o_000090.jpg
0Dycv1PY7Og/0Dycv1PY7Og_000090.jpg
0dYoXlLHG9M/0dYoXlLHG9M_000090.jpg
0d_z4LLXrHA/0d_z4LLXrHA_000090.jpg
0e0CZ7zAfd8/0e0CZ7zAfd8_000090.jpg
0e29zqHDY04/0e29zqHDY04_000090.jpg
0e2wsTr__rQ/0e2wsTr__rQ_000090.jpg
0e3Ht7NsjFM/0e3Ht7NsjFM_000090.jpg
0E78XEvLtA0/0E78XEvLtA0_000090.jpg
0E7WBcrhyH0/0E7WBcrhyH0_000090.jpg
0e7zzQiFL98/0e7zzQiFL98_000090.jpg
0e8G0EQSJZg/0e8G0EQSJZg_000090.jpg
0E8h0BPYOmE/0E8h0BPYOmE_000090.jpg
0eB9f-c8L9I/0eB9f-c8L9I_000091.jpg
0ec6UWksyiE/0ec6UWksyiE_000090.jpg
0eDbtRCcIf0/0eDbtRCcIf0_000090.jpg
0EDDHjTDb48/0EDDHjTDb48_000090.jpg
0eFtLp68gXo/0eFtLp68gXo_000090.jpg
0egexPWEPxU/0egexPWEPxU_000090.jpg
0EGWqWlH7Ak/0EGWqWlH7Ak_000090.jpg
0EHFxasY8Ew/0EHFxasY8Ew_000090.jpg
0eHkPKES-Oc/0eHkPKES-Oc_000090.jpg
0eHUwgTajAw/0eHUwgTajAw_000090.jpg
0EhzDB4qh1Y/0EhzDB4qh1Y_000090.jpg
0ei1hCRq0zQ/0ei1hCRq0zQ_000090.jpg
0E_Kr0--odg/0E_Kr0--odg_000090.jpg
0Ek-yT9nSCE/0Ek-yT9nSCE_000090.jpg
0Em6soMELS0/0Em6soMELS0_000090.jpg
0-emI45weLw/0-emI45weLw_000090.jpg
_0ennEBl6SA/_0ennEBl6SA_000090.jpg
0eO5VvQRuD0/0eO5VvQRuD0_000090.jpg
0EojNazUJ9U/0EojNazUJ9U_000091.jpg
0ePCIM6hkCA/0ePCIM6hkCA_000090.jpg
0EpjI2nPxjg/0EpjI2nPxjg_000090.jpg
0ERcn4D9-RE/0ERcn4D9-RE_000090.jpg
0eROwTAExg0/0eROwTAExg0_000090.jpg
0eTI0yQuPh8/0eTI0yQuPh8_000090.jpg
0eTmEksJUY0/0eTmEksJUY0_000090.jpg
0eT-_TXg8G0/0eT-_TXg8G0_000090.jpg
0eU4Pnr10PU/0eU4Pnr10PU_000090.jpg
0eVZWU4H3Ao/0eVZWU4H3Ao_000090.jpg
0EWM6CDzsqU/0EWM6CDzsqU_000090.jpg
0EW-nHW8Keo/0EW-nHW8Keo_000090.jpg
0F0bsInVTQA/0F0bsInVTQA_000090.jpg
0f0WZYm1ThI/0f0WZYm1ThI_000091.jpg
0f9jcSBAfkk/0f9jcSBAfkk_000090.jpg
0fBbgtnxb1Y/0fBbgtnxb1Y_000090.jpg
0Fd6dxtroLs/0Fd6dxtroLs_000090.jpg
0fdlHxqKBOU/0fdlHxqKBOU_000090.jpg
0Fet8TyoNR4/0Fet8TyoNR4_000090.jpg
0FfA-kyjP-E/0FfA-kyjP-E_000090.jpg
0FFtjet_9AE/0FFtjet_9AE_000090.jpg
0fhi6dUtgfw/0fhi6dUtgfw_000090.jpg
0FIJ-cyhP2k/0FIJ-cyhP2k_000090.jpg
0fiXlOTNvR8/0fiXlOTNvR8_000090.jpg
0FKIzt6Z-pE/0FKIzt6Z-pE_000090.jpg
0FO3ExIhnSc/0FO3ExIhnSc_000090.jpg
0fPAmoTZcdE/0fPAmoTZcdE_000090.jpg
0frixOdA0JI/0frixOdA0JI_000090.jpg
0FrUFsafcOg/0FrUFsafcOg_000090.jpg
0fTlR7hcUnw/0fTlR7hcUnw_000090.jpg
0FUwvPcE0M8/0FUwvPcE0M8_000090.jpg
0_Fv-1i05y4/0_Fv-1i05y4_000090.jpg
0FVWF1VBzlI/0FVWF1VBzlI_000090.jpg
0FwjUuisctM/0FwjUuisctM_000090.jpg
0fWU1XP_S6M/0fWU1XP_S6M_000090.jpg
0fZrbXGkLBU/0fZrbXGkLBU_000090.jpg
0g038A2tEQo/0g038A2tEQo_000090.jpg
0G3mQV0hE3s/0G3mQV0hE3s_000090.jpg
0gA8UN0YeQw/0gA8UN0YeQw_000090.jpg
0gaNdBIGE1s/0gaNdBIGE1s_000090.jpg
0gEd08tNLI0/0gEd08tNLI0_000090.jpg
0GesW7F0eN8/0GesW7F0eN8_000090.jpg
0gGX3Sf3iSA/0gGX3Sf3iSA_000090.jpg
0G_HgeLlJTA/0G_HgeLlJTA_000090.jpg
0GI4P9X19p4/0GI4P9X19p4_000090.jpg
0GIpCCTEGVc/0GIpCCTEGVc_000090.jpg
0gjCjVdRRD4/0gjCjVdRRD4_000090.jpg
0gkra7gIpeU/0gkra7gIpeU_000090.jpg
0gMiOR0LNhw/0gMiOR0LNhw_000090.jpg
0gn0ypuVL9w/0gn0ypuVL9w_000090.jpg
_0GNX4_jMiQ/_0GNX4_jMiQ_000090.jpg
0Gp99j2X6Pw/0Gp99j2X6Pw_000090.jpg
0GQ9SKoYJoA/0GQ9SKoYJoA_000090.jpg
0GrHY5kiJuU/0GrHY5kiJuU_000090.jpg
0G-Ru6rop7w/0G-Ru6rop7w_000090.jpg
0GrWihD18NI/0GrWihD18NI_000090.jpg
0gS58eezZjs/0gS58eezZjs_000090.jpg
0gUL6bx8FXY/0gUL6bx8FXY_000090.jpg
0Gw1Z1q9D30/0Gw1Z1q9D30_000090.jpg
0GwhQ4wWwuc/0GwhQ4wWwuc_000090.jpg
0GXF5ENsOaY/0GXF5ENsOaY_000090.jpg
0GZBpZZl6ok/0GZBpZZl6ok_000090.jpg
0h2-g9v30Fw/0h2-g9v30Fw_000090.jpg
0h4gpQ7tpz4/0h4gpQ7tpz4_000090.jpg
0H5mnFcm2Kg/0H5mnFcm2Kg_000090.jpg
0h6SLqyCFf0/0h6SLqyCFf0_000090.jpg
_0h9XsF4Jw8/_0h9XsF4Jw8_000090.jpg
0HC5WLym0oI/0HC5WLym0oI_000090.jpg
0hcQA5YDZKQ/0hcQA5YDZKQ_000090.jpg
0hCz2sv1fnM/0hCz2sv1fnM_000090.jpg
0HfsqYP-Iag/0HfsqYP-Iag_000090.jpg
0HGw3znzV6c/0HGw3znzV6c_000090.jpg
0hGwO9SlZ6s/0hGwO9SlZ6s_000090.jpg
0HhadJDjIrg/0HhadJDjIrg_000090.jpg
0hhc05GlnwE/0hhc05GlnwE_000090.jpg
0hheK4sUTls/0hheK4sUTls_000090.jpg
0HI-NmYiotI/0HI-NmYiotI_000090.jpg
0HMdr0xFLaE/0HMdr0xFLaE_000090.jpg
0hmvq62htO0/0hmvq62htO0_000090.jpg
0HN3pwe2_ig/0HN3pwe2_ig_000090.jpg
0HOdcuBiC1k/0HOdcuBiC1k_000090.jpg
-0HOXzejQVw/-0HOXzejQVw_000090.jpg
0hQmHE_O9eI/0hQmHE_O9eI_000090.jpg
0h-QqZms9Qw/0h-QqZms9Qw_000090.jpg
0hR6cYHJGyU/0hR6cYHJGyU_000090.jpg
0hRe3JUZq80/0hRe3JUZq80_000091.jpg
0HsoNA4Ix6M/0HsoNA4Ix6M_000090.jpg
0HsyjDf6pQ0/0HsyjDf6pQ0_000090.jpg
0htl0JoIvsw/0htl0JoIvsw_000090.jpg
0H_TSHDenp8/0H_TSHDenp8_000090.jpg
0Hv8j33iHpU/0Hv8j33iHpU_000090.jpg
0hVtX45KhS8/0hVtX45KhS8_000090.jpg
0hv_y3S5cO4/0hv_y3S5cO4_000090.jpg
0HWQEDoKfOk/0HWQEDoKfOk_000090.jpg
0HZ3lvirYDA/0HZ3lvirYDA_000090.jpg
0hzi3pGX9TQ/0hzi3pGX9TQ_000090.jpg
0Hzm1WjTU9U/0Hzm1WjTU9U_000090.jpg
0HZyLqHOI54/0HZyLqHOI54_000090.jpg
0i0mXPIzNVc/0i0mXPIzNVc_000090.jpg
0i1vm_Cb8K4/0i1vm_Cb8K4_000090.jpg
0i1WKiD0RG8/0i1WKiD0RG8_000090.jpg
0IAcCT2UT8c/0IAcCT2UT8c_000090.jpg
0IadRpbADsQ/0IadRpbADsQ_000090.jpg
0IaemGeXiAk/0IaemGeXiAk_000090.jpg
0iaVwibC3yw/0iaVwibC3yw_000090.jpg
0iBL45GNQPk/0iBL45GNQPk_000090.jpg
0IBSedr9qwc/0IBSedr9qwc_000090.jpg
0IE9pfyrhP8/0IE9pfyrhP8_000090.jpg
0IEGuD0sJ_U/0IEGuD0sJ_U_000090.jpg
0iHh5-WWpYQ/0iHh5-WWpYQ_000090.jpg
0IjbF0M6qTU/0IjbF0M6qTU_000090.jpg
0ijQEoHumiU/0ijQEoHumiU_000090.jpg
0IKFadtOlgU/0IKFadtOlgU_000090.jpg
0i-PCYbIoPU/0i-PCYbIoPU_000090.jpg
0Is7HxD0CSg/0Is7HxD0CSg_000090.jpg
0iwUNJcdEhg/0iwUNJcdEhg_000090.jpg
0iyEWhCCV0w/0iyEWhCCV0w_000090.jpg
0j8mAOSuR_A/0j8mAOSuR_A_000090.jpg
0jADsepo9YU/0jADsepo9YU_000090.jpg
0jAW9MSfRqM/0jAW9MSfRqM_000090.jpg
0jBwj0bfZ3Y/0jBwj0bfZ3Y_000090.jpg
0Jc-IEqcZts/0Jc-IEqcZts_000090.jpg
0JdD4DxzYso/0JdD4DxzYso_000090.jpg
0JdK6RgwlK4/0JdK6RgwlK4_000090.jpg
_0jgBod-ciY/_0jgBod-ciY_000090.jpg
0jKLJms0CyA/0jKLJms0CyA_000090.jpg
0jKPuDwwt4M/0jKPuDwwt4M_000090.jpg
0JkrEie2L4U/0JkrEie2L4U_000090.jpg
0JKxRv-9T8k/0JKxRv-9T8k_000090.jpg
0jmGuKggEPE/0jmGuKggEPE_000090.jpg
0JmsMdyOh6I/0JmsMdyOh6I_000090.jpg
0Jpl4du8F8o/0Jpl4du8F8o_000090.jpg
0JQc5P_wCus/0JQc5P_wCus_000090.jpg
0JRV0ep41QE/0JRV0ep41QE_000090.jpg
0JSMtNYv_8k/0JSMtNYv_8k_000090.jpg
0jt2lB8AJws/0jt2lB8AJws_000090.jpg
0JtSsKnbvF8/0JtSsKnbvF8_000090.jpg
0jTU0AAVXpQ/0jTU0AAVXpQ_000090.jpg
0Juwzzi_AHM/0Juwzzi_AHM_000090.jpg
0JV8nXcipsc/0JV8nXcipsc_000090.jpg
0JWi4lIPDMs/0JWi4lIPDMs_000090.jpg
0Jx3KKPhpTY/0Jx3KKPhpTY_000090.jpg
0jXKXu2WNPQ/0jXKXu2WNPQ_000090.jpg
0JYCvtNKWc8/0JYCvtNKWc8_000090.jpg
0jZzxqjoVDA/0jZzxqjoVDA_000090.jpg
0k0hVTZkEhc/0k0hVTZkEhc_000090.jpg
0K3_LjoQFvY/0K3_LjoQFvY_000090.jpg
0k6EimLtnbE/0k6EimLtnbE_000090.jpg
0k7cvnde_bE/0k7cvnde_bE_000090.jpg
0k9R5jyVCGg/0k9R5jyVCGg_000090.jpg
0k9wyHEkyfg/0k9wyHEkyfg_000090.jpg
0kcEo9nyvYI/0kcEo9nyvYI_000090.jpg
0kdAhs7kPhI/0kdAhs7kPhI_000090.jpg
0kFVVGx8MoE/0kFVVGx8MoE_000090.jpg
0KgQ0m9WI2g/0KgQ0m9WI2g_000090.jpg
0khuF1mw4FQ/0khuF1mw4FQ_000090.jpg
0KJsJo3pMUQ/0KJsJo3pMUQ_000090.jpg
0kkaXpGavm4/0kkaXpGavm4_000090.jpg
0KlmpvUrmk4/0KlmpvUrmk4_000090.jpg
0KmKXugMACQ/0KmKXugMACQ_000090.jpg
0Koeugb8HGc/0Koeugb8HGc_000090.jpg
0koXbTcT79E/0koXbTcT79E_000090.jpg
0kpaIDrF_hM/0kpaIDrF_hM_000090.jpg
0kPtCfz3zps/0kPtCfz3zps_000090.jpg
0kTvBY0MiVg/0kTvBY0MiVg_000090.jpg
0KU0nzwWa0g/0KU0nzwWa0g_000090.jpg
0KUX6alW80k/0KUX6alW80k_000090.jpg
0KV2qAGPx1U/0KV2qAGPx1U_000090.jpg
0KXIfpRLTtY/0KXIfpRLTtY_000090.jpg
0kxWcF0Zt3M/0kxWcF0Zt3M_000090.jpg
0kY8_l_RDXQ/0kY8_l_RDXQ_000090.jpg
0KyXT3W-FzQ/0KyXT3W-FzQ_000090.jpg
0L32fqWezu4/0L32fqWezu4_000090.jpg
--0l35AkU34/--0l35AkU34_000090.jpg
0L465xA6iI0/0L465xA6iI0_000090.jpg
0L4QBCRbxqg/0L4QBCRbxqg_000090.jpg
0l4ZvFCxjXU/0l4ZvFCxjXU_000090.jpg
0l5HFou8SvY/0l5HFou8SvY_000090.jpg
0l5O2ITSOaM/0l5O2ITSOaM_000090.jpg
0l74QJmidNw/0l74QJmidNw_000090.jpg
0LC5glgOH1Y/0LC5glgOH1Y_000090.jpg
0LcRpzwseS4/0LcRpzwseS4_000090.jpg
0_LDSsiidZE/0_LDSsiidZE_000090.jpg
0lEiFgaZPDQ/0lEiFgaZPDQ_000090.jpg
0lg1stFRF4A/0lg1stFRF4A_000090.jpg
0LiTO_iTMfY/0LiTO_iTMfY_000090.jpg
0LiWZ2bmFRE/0LiWZ2bmFRE_000090.jpg
0-LKZbVMSB8/0-LKZbVMSB8_000090.jpg
0LlBKABZ5zo/0LlBKABZ5zo_000090.jpg
_0LnlMBY9Co/_0LnlMBY9Co_000090.jpg
0loZ309DbtU/0loZ309DbtU_000090.jpg
0lpnmilvApg/0lpnmilvApg_000090.jpg
0LPPXRmZV8g/0LPPXRmZV8g_000090.jpg
0LqZiBZdhEs/0LqZiBZdhEs_000090.jpg
0L-rri1dLRE/0L-rri1dLRE_000090.jpg
Traceback (most recent call last):
  File "../predict_bboxes/bboxes.py", line 107, in <module>
    frame_finder = video_name + '/' + video_name + '_' + str(frame_id).zfill(6) + '.jpg'
  File "../predict_bboxes/bboxes.py", line 43, in predict_boxes
    outputs = predictor(im)
  File "/itet-stor/sieberl/net_scratch/miniconda3/envs/slowfast/lib/python3.6/site-packages/detectron2/engine/defaults.py", line 212, in __call__
    height, width = original_image.shape[:2]
AttributeError: 'NoneType' object has no attribute 'shape'
