
CommandNotFoundError: Your shell has not been properly configured to use 'conda activate'.
To initialize your shell, run

    $ conda init <SHELL_NAME>

Currently supported shells are:
  - bash
  - fish
  - tcsh
  - xonsh
  - zsh
  - powershell

See 'conda init --help' for more information and options.

IMPORTANT: You may need to close and restart your shell after running 'conda init'.


[12/08 22:44:23][INFO] train_da.py: 436: Train with config:
[12/08 22:44:23][INFO] train_da.py: 437: {'AVA': {'ANNOTATION_DIR': '/srv/beegfs02/scratch/da_action/data/ava/annotations_10_500_100/',
         'BGR': False,
         'DETECTION_SCORE_THRESH': 0.8,
         'EXCLUSION_FILE': 'ava_val_excluded_timestamps_v2.2.csv',
         'FRAME_DIR': '/srv/beegfs02/scratch/da_action/data/ava/frames/',
         'FRAME_LIST_DIR': '/srv/beegfs02/scratch/da_action/data/ava/frame_lists_10_500_100/',
         'FULL_TEST_ON_VAL': True,
         'GROUNDTRUTH_FILE': 'ava_val_v2.2.csv',
         'IMG_PROC_BACKEND': 'cv2',
         'LABEL_MAP_FILE': 'ava_action_list_v2.2.pbtxt',
         'TEST_FORCE_FLIP': False,
         'TEST_LISTS': ['val.csv'],
         'TEST_PREDICT_BOX_LISTS': ['ava_val_predicted_boxes.csv'],
         'TRAIN_GT_BOX_LISTS': ['ava_train_v2.2.csv'],
         'TRAIN_LISTS': ['train.csv'],
         'TRAIN_PCA_EIGVAL': [0.225, 0.224, 0.229],
         'TRAIN_PCA_EIGVEC': [[-0.5675, 0.7192, 0.4009],
                              [-0.5808, -0.0045, -0.814],
                              [-0.5836, -0.6948, 0.4203]],
         'TRAIN_PCA_JITTER_ONLY': True,
         'TRAIN_PREDICT_BOX_LISTS': [],
         'TRAIN_USE_COLOR_AUGMENTATION': False},
 'BENCHMARK': CfgNode({'NUM_EPOCHS': 5, 'LOG_PERIOD': 100, 'SHUFFLE': True}),
 'BN': {'NORM_TYPE': 'batchnorm',
        'NUM_BATCHES_PRECISE': 200,
        'NUM_SPLITS': 1,
        'NUM_SYNC_DEVICES': 1,
        'USE_PRECISE_STATS': False,
        'WEIGHT_DECAY': 0.0},
 'DA': {'ANNOTATION_DIR': '/srv/beegfs02/scratch/da_action/data/kinetics700/annotations_10_500_100/',
        'CLASSES': 4,
        'DATASET': 'da',
        'DETECTION_SCORE_THRESH': 0.8,
        'ENABLE': True,
        'EXCLUSION_FILE': 'kinetics_val_excluded_timestamps_v2.1.csv',
        'FRAME_DIR': '/srv/beegfs02/scratch/da_action/data/kinetics700/frames/',
        'FRAME_LIST_DIR': '/srv/beegfs02/scratch/da_action/data/kinetics700/frame_lists_10_500_100/',
        'FULL_TEST_ON_VAL': True,
        'GROUNDTRUTH_FILE': 'kinetics_val_v2.1.csv',
        'LABEL_MAP_FILE': 'ava_action_list_v2.2.pbtxt',
        'SPREAD': 1e-05,
        'TEST_LISTS': ['val.csv'],
        'TEST_PREDICT_BOX_LISTS': ['kinetics_val_predicted_boxes.csv'],
        'TRAIN_GT_BOX_LISTS': [],
        'TRAIN_LISTS': ['train.csv'],
        'TRAIN_PREDICT_BOX_LISTS': ['kinetics_train_predicted_boxes.csv']},
 'DATA': {'DECODING_BACKEND': 'pyav',
          'ENSEMBLE_METHOD': 'sum',
          'INPUT_CHANNEL_NUM': [3, 3],
          'INV_UNIFORM_SAMPLE': False,
          'MEAN': [0.45, 0.45, 0.45],
          'MULTI_LABEL': False,
          'NUM_FRAMES': 32,
          'PATH_LABEL_SEPARATOR': ' ',
          'PATH_PREFIX': '',
          'PATH_TO_DATA_DIR': '',
          'RANDOM_FLIP': True,
          'REVERSE_INPUT_CHANNEL': False,
          'SAMPLING_RATE': 2,
          'STD': [0.225, 0.225, 0.225],
          'TARGET_FPS': 30,
          'TEST_CROP_SIZE': 256,
          'TRAIN_CROP_SIZE': 224,
          'TRAIN_JITTER_SCALES': [256, 320]},
 'DATA_LOADER': {'ENABLE_MULTI_THREAD_DECODE': False,
                 'NUM_WORKERS': 1,
                 'PIN_MEMORY': True},
 'DEMO': {'BUFFER_SIZE': 0,
          'CLIP_VIS_SIZE': 10,
          'COMMON_CLASS_NAMES': ['watch (a person)',
                                 'talk to (e.g., self, a person, a group)',
                                 'listen to (a person)',
                                 'touch (an object)',
                                 'carry/hold (an object)',
                                 'walk',
                                 'sit',
                                 'lie/sleep',
                                 'bend/bow (at the waist)'],
          'COMMON_CLASS_THRES': 0.7,
          'DETECTRON2_CFG': 'COCO-Detection/faster_rcnn_R_50_FPN_3x.yaml',
          'DETECTRON2_THRESH': 0.9,
          'DETECTRON2_WEIGHTS': 'detectron2://COCO-Detection/faster_rcnn_R_50_FPN_3x/137849458/model_final_280758.pkl',
          'DISPLAY_HEIGHT': 0,
          'DISPLAY_WIDTH': 0,
          'ENABLE': False,
          'FPS': 30,
          'GT_BOXES': '',
          'INPUT_FORMAT': 'BGR',
          'INPUT_VIDEO': '',
          'LABEL_FILE_PATH': '',
          'NUM_CLIPS_SKIP': 0,
          'NUM_VIS_INSTANCES': 2,
          'OUTPUT_FILE': '',
          'OUTPUT_FPS': -1,
          'PREDS_BOXES': '',
          'SLOWMO': 1,
          'STARTING_SECOND': 900,
          'THREAD_ENABLE': False,
          'UNCOMMON_CLASS_THRES': 0.3,
          'VIS_MODE': 'thres',
          'WEBCAM': -1},
 'DETECTION': {'ALIGNED': False,
               'ENABLE': True,
               'ROI_XFORM_RESOLUTION': 7,
               'SPATIAL_SCALE_FACTOR': 16},
 'DIST_BACKEND': 'nccl',
 'LOG_MODEL_INFO': False,
 'LOG_PERIOD': 10,
 'MODEL': {'ARCH': 'slowfast',
           'DROPCONNECT_RATE': 0.0,
           'DROPOUT_RATE': 0.5,
           'FC_INIT_STD': 0.01,
           'FREEZE_TO': 605,
           'HEAD_ACT': 'sigmoid',
           'LOSS_FUNC': 'bce',
           'MODEL_NAME': 'SlowFast',
           'MULTI_PATHWAY_ARCH': ['slowfast'],
           'NUM_CLASSES': 10,
           'SINGLE_PATHWAY_ARCH': ['c2d', 'i3d', 'slow', 'x3d']},
 'MULTIGRID': {'BN_BASE_SIZE': 8,
               'DEFAULT_B': 0,
               'DEFAULT_S': 0,
               'DEFAULT_T': 0,
               'EPOCH_FACTOR': 1.5,
               'EVAL_FREQ': 3,
               'LONG_CYCLE': False,
               'LONG_CYCLE_FACTORS': [(0.25, 0.7071067811865476),
                                      (0.5, 0.7071067811865476),
                                      (0.5, 1),
                                      (1, 1)],
               'LONG_CYCLE_SAMPLING_RATE': 0,
               'SHORT_CYCLE': False,
               'SHORT_CYCLE_FACTORS': [0.5, 0.7071067811865476]},
 'NONLOCAL': {'GROUP': [[1, 1], [1, 1], [1, 1], [1, 1]],
              'INSTANTIATION': 'dot_product',
              'LOCATION': [[[], []], [[], []], [[6, 13, 20], []], [[], []]],
              'POOL': [[[2, 2, 2], [2, 2, 2]],
                       [[2, 2, 2], [2, 2, 2]],
                       [[2, 2, 2], [2, 2, 2]],
                       [[2, 2, 2], [2, 2, 2]]]},
 'NUM_GPUS': 1,
 'NUM_SHARDS': 1,
 'OUTPUT_DIR': '/srv/beegfs02/scratch/da_action/data/output/da_10_500_100_v1',
 'RESNET': {'DEPTH': 101,
            'INPLACE_RELU': True,
            'NUM_BLOCK_TEMP_KERNEL': [[3, 3], [4, 4], [6, 6], [3, 3]],
            'NUM_GROUPS': 1,
            'SPATIAL_DILATIONS': [[1, 1], [1, 1], [1, 1], [2, 2]],
            'SPATIAL_STRIDES': [[1, 1], [2, 2], [2, 2], [1, 1]],
            'STRIDE_1X1': False,
            'TRANS_FUNC': 'bottleneck_transform',
            'WIDTH_PER_GROUP': 64,
            'ZERO_INIT_FINAL_BN': True},
 'RNG_SEED': 0,
 'SHARD_ID': 0,
 'SLOWFAST': {'ALPHA': 4,
              'BETA_INV': 8,
              'FUSION_CONV_CHANNEL_RATIO': 2,
              'FUSION_KERNEL_SZ': 5},
 'SOLVER': {'BASE_LR': 0.1,
            'BASE_LR_SCALE_NUM_SHARDS': False,
            'COSINE_END_LR': 0.0,
            'DAMPENING': 0.0,
            'GAMMA': 0.1,
            'LRS': [],
            'LR_POLICY': 'cosine',
            'MAX_EPOCH': 300,
            'MOMENTUM': 0.9,
            'NESTEROV': True,
            'OPTIMIZING_METHOD': 'sgd',
            'STEPS': [],
            'STEP_SIZE': 1,
            'WARMUP_EPOCHS': 0.0,
            'WARMUP_FACTOR': 0.1,
            'WARMUP_START_LR': 0.01,
            'WEIGHT_DECAY': 1e-07},
 'TENSORBOARD': {'CATEGORIES_PATH': '',
                 'CLASS_NAMES_PATH': '',
                 'CONFUSION_MATRIX': {'ENABLE': False,
                                      'FIGSIZE': [8, 8],
                                      'SUBSET_PATH': ''},
                 'ENABLE': True,
                 'HISTOGRAM': {'ENABLE': False,
                               'FIGSIZE': [8, 8],
                               'SUBSET_PATH': '',
                               'TOPK': 10},
                 'LOG_DIR': 'tensorboard',
                 'MODEL_VIS': {'ACTIVATIONS': False,
                               'COLORMAP': 'Pastel2',
                               'ENABLE': False,
                               'GRAD_CAM': {'COLORMAP': 'viridis',
                                            'ENABLE': True,
                                            'LAYER_LIST': [],
                                            'USE_TRUE_LABEL': False},
                               'INPUT_VIDEO': False,
                               'LAYER_LIST': [],
                               'MODEL_WEIGHTS': False,
                               'TOPK_PREDS': 1},
                 'PREDICTIONS_PATH': '',
                 'WRONG_PRED_VIS': {'ENABLE': False,
                                    'SUBSET_PATH': '',
                                    'TAG': 'Incorrectly classified videos.'}},
 'TEST': {'BATCH_SIZE': 1,
          'CHECKPOINT_FILE_PATH': '',
          'CHECKPOINT_TYPE': 'pytorch',
          'DATASET': 'ava',
          'DETECTIONS_PATH': '',
          'ENABLE': False,
          'GT_PATH': '',
          'NUM_ENSEMBLE_VIEWS': 10,
          'NUM_SPATIAL_CROPS': 3,
          'SAVE_RESULTS_PATH': ''},
 'TRAIN': {'AUTO_RESUME': False,
           'BATCH_SIZE': 4,
           'CHECKPOINT_CLEAR_NAME_PATTERN': (),
           'CHECKPOINT_EPOCH_RESET': False,
           'CHECKPOINT_FILE_PATH': '/srv/beegfs02/scratch/da_action/data/models_pretrained/SLOWFAST_32x2_R101_50_50.pkl',
           'CHECKPOINT_INFLATE': False,
           'CHECKPOINT_PERIOD': 1,
           'CHECKPOINT_TYPE': 'pytorch',
           'DATASET': 'ava',
           'ENABLE': False,
           'EVAL_PERIOD': 1},
 'X3D': {'BN_LIN5': False,
         'BOTTLENECK_FACTOR': 1.0,
         'CHANNELWISE_3x3x3': True,
         'DEPTH_FACTOR': 1.0,
         'DIM_C1': 12,
         'DIM_C5': 2048,
         'SCALE_RES2': False,
         'WIDTH_FACTOR': 1.0}}
0 frozen s1.pathway0_stem.conv.weight
1 frozen s1.pathway0_stem.bn.weight
2 frozen s1.pathway0_stem.bn.bias
3 frozen s1.pathway1_stem.conv.weight
4 frozen s1.pathway1_stem.bn.weight
5 frozen s1.pathway1_stem.bn.bias
6 frozen s1_fuse.conv_f2s.weight
7 frozen s1_fuse.bn.weight
8 frozen s1_fuse.bn.bias
9 frozen s2.pathway0_res0.branch1.weight
10 frozen s2.pathway0_res0.branch1_bn.weight
11 frozen s2.pathway0_res0.branch1_bn.bias
12 frozen s2.pathway0_res0.branch2.a.weight
13 frozen s2.pathway0_res0.branch2.a_bn.weight
14 frozen s2.pathway0_res0.branch2.a_bn.bias
15 frozen s2.pathway0_res0.branch2.b.weight
16 frozen s2.pathway0_res0.branch2.b_bn.weight
17 frozen s2.pathway0_res0.branch2.b_bn.bias
18 frozen s2.pathway0_res0.branch2.c.weight
19 frozen s2.pathway0_res0.branch2.c_bn.weight
20 frozen s2.pathway0_res0.branch2.c_bn.bias
21 frozen s2.pathway0_res1.branch2.a.weight
22 frozen s2.pathway0_res1.branch2.a_bn.weight
23 frozen s2.pathway0_res1.branch2.a_bn.bias
24 frozen s2.pathway0_res1.branch2.b.weight
25 frozen s2.pathway0_res1.branch2.b_bn.weight
26 frozen s2.pathway0_res1.branch2.b_bn.bias
27 frozen s2.pathway0_res1.branch2.c.weight
28 frozen s2.pathway0_res1.branch2.c_bn.weight
29 frozen s2.pathway0_res1.branch2.c_bn.bias
30 frozen s2.pathway0_res2.branch2.a.weight
31 frozen s2.pathway0_res2.branch2.a_bn.weight
32 frozen s2.pathway0_res2.branch2.a_bn.bias
33 frozen s2.pathway0_res2.branch2.b.weight
34 frozen s2.pathway0_res2.branch2.b_bn.weight
35 frozen s2.pathway0_res2.branch2.b_bn.bias
36 frozen s2.pathway0_res2.branch2.c.weight
37 frozen s2.pathway0_res2.branch2.c_bn.weight
38 frozen s2.pathway0_res2.branch2.c_bn.bias
39 frozen s2.pathway1_res0.branch1.weight
40 frozen s2.pathway1_res0.branch1_bn.weight
41 frozen s2.pathway1_res0.branch1_bn.bias
42 frozen s2.pathway1_res0.branch2.a.weight
43 frozen s2.pathway1_res0.branch2.a_bn.weight
44 frozen s2.pathway1_res0.branch2.a_bn.bias
45 frozen s2.pathway1_res0.branch2.b.weight
46 frozen s2.pathway1_res0.branch2.b_bn.weight
47 frozen s2.pathway1_res0.branch2.b_bn.bias
48 frozen s2.pathway1_res0.branch2.c.weight
49 frozen s2.pathway1_res0.branch2.c_bn.weight
50 frozen s2.pathway1_res0.branch2.c_bn.bias
51 frozen s2.pathway1_res1.branch2.a.weight
52 frozen s2.pathway1_res1.branch2.a_bn.weight
53 frozen s2.pathway1_res1.branch2.a_bn.bias
54 frozen s2.pathway1_res1.branch2.b.weight
55 frozen s2.pathway1_res1.branch2.b_bn.weight
56 frozen s2.pathway1_res1.branch2.b_bn.bias
57 frozen s2.pathway1_res1.branch2.c.weight
58 frozen s2.pathway1_res1.branch2.c_bn.weight
59 frozen s2.pathway1_res1.branch2.c_bn.bias
60 frozen s2.pathway1_res2.branch2.a.weight
61 frozen s2.pathway1_res2.branch2.a_bn.weight
62 frozen s2.pathway1_res2.branch2.a_bn.bias
63 frozen s2.pathway1_res2.branch2.b.weight
64 frozen s2.pathway1_res2.branch2.b_bn.weight
65 frozen s2.pathway1_res2.branch2.b_bn.bias
66 frozen s2.pathway1_res2.branch2.c.weight
67 frozen s2.pathway1_res2.branch2.c_bn.weight
68 frozen s2.pathway1_res2.branch2.c_bn.bias
69 frozen s2_fuse.conv_f2s.weight
70 frozen s2_fuse.bn.weight
71 frozen s2_fuse.bn.bias
72 frozen s3.pathway0_res0.branch1.weight
73 frozen s3.pathway0_res0.branch1_bn.weight
74 frozen s3.pathway0_res0.branch1_bn.bias
75 frozen s3.pathway0_res0.branch2.a.weight
76 frozen s3.pathway0_res0.branch2.a_bn.weight
77 frozen s3.pathway0_res0.branch2.a_bn.bias
78 frozen s3.pathway0_res0.branch2.b.weight
79 frozen s3.pathway0_res0.branch2.b_bn.weight
80 frozen s3.pathway0_res0.branch2.b_bn.bias
81 frozen s3.pathway0_res0.branch2.c.weight
82 frozen s3.pathway0_res0.branch2.c_bn.weight
83 frozen s3.pathway0_res0.branch2.c_bn.bias
84 frozen s3.pathway0_res1.branch2.a.weight
85 frozen s3.pathway0_res1.branch2.a_bn.weight
86 frozen s3.pathway0_res1.branch2.a_bn.bias
87 frozen s3.pathway0_res1.branch2.b.weight
88 frozen s3.pathway0_res1.branch2.b_bn.weight
89 frozen s3.pathway0_res1.branch2.b_bn.bias
90 frozen s3.pathway0_res1.branch2.c.weight
91 frozen s3.pathway0_res1.branch2.c_bn.weight
92 frozen s3.pathway0_res1.branch2.c_bn.bias
93 frozen s3.pathway0_res2.branch2.a.weight
94 frozen s3.pathway0_res2.branch2.a_bn.weight
95 frozen s3.pathway0_res2.branch2.a_bn.bias
96 frozen s3.pathway0_res2.branch2.b.weight
97 frozen s3.pathway0_res2.branch2.b_bn.weight
98 frozen s3.pathway0_res2.branch2.b_bn.bias
99 frozen s3.pathway0_res2.branch2.c.weight
100 frozen s3.pathway0_res2.branch2.c_bn.weight
101 frozen s3.pathway0_res2.branch2.c_bn.bias
102 frozen s3.pathway0_res3.branch2.a.weight
103 frozen s3.pathway0_res3.branch2.a_bn.weight
104 frozen s3.pathway0_res3.branch2.a_bn.bias
105 frozen s3.pathway0_res3.branch2.b.weight
106 frozen s3.pathway0_res3.branch2.b_bn.weight
107 frozen s3.pathway0_res3.branch2.b_bn.bias
108 frozen s3.pathway0_res3.branch2.c.weight
109 frozen s3.pathway0_res3.branch2.c_bn.weight
110 frozen s3.pathway0_res3.branch2.c_bn.bias
111 frozen s3.pathway1_res0.branch1.weight
112 frozen s3.pathway1_res0.branch1_bn.weight
113 frozen s3.pathway1_res0.branch1_bn.bias
114 frozen s3.pathway1_res0.branch2.a.weight
115 frozen s3.pathway1_res0.branch2.a_bn.weight
116 frozen s3.pathway1_res0.branch2.a_bn.bias
117 frozen s3.pathway1_res0.branch2.b.weight
118 frozen s3.pathway1_res0.branch2.b_bn.weight
119 frozen s3.pathway1_res0.branch2.b_bn.bias
120 frozen s3.pathway1_res0.branch2.c.weight
121 frozen s3.pathway1_res0.branch2.c_bn.weight
122 frozen s3.pathway1_res0.branch2.c_bn.bias
123 frozen s3.pathway1_res1.branch2.a.weight
124 frozen s3.pathway1_res1.branch2.a_bn.weight
125 frozen s3.pathway1_res1.branch2.a_bn.bias
126 frozen s3.pathway1_res1.branch2.b.weight
127 frozen s3.pathway1_res1.branch2.b_bn.weight
128 frozen s3.pathway1_res1.branch2.b_bn.bias
129 frozen s3.pathway1_res1.branch2.c.weight
130 frozen s3.pathway1_res1.branch2.c_bn.weight
131 frozen s3.pathway1_res1.branch2.c_bn.bias
132 frozen s3.pathway1_res2.branch2.a.weight
133 frozen s3.pathway1_res2.branch2.a_bn.weight
134 frozen s3.pathway1_res2.branch2.a_bn.bias
135 frozen s3.pathway1_res2.branch2.b.weight
136 frozen s3.pathway1_res2.branch2.b_bn.weight
137 frozen s3.pathway1_res2.branch2.b_bn.bias
138 frozen s3.pathway1_res2.branch2.c.weight
139 frozen s3.pathway1_res2.branch2.c_bn.weight
140 frozen s3.pathway1_res2.branch2.c_bn.bias
141 frozen s3.pathway1_res3.branch2.a.weight
142 frozen s3.pathway1_res3.branch2.a_bn.weight
143 frozen s3.pathway1_res3.branch2.a_bn.bias
144 frozen s3.pathway1_res3.branch2.b.weight
145 frozen s3.pathway1_res3.branch2.b_bn.weight
146 frozen s3.pathway1_res3.branch2.b_bn.bias
147 frozen s3.pathway1_res3.branch2.c.weight
148 frozen s3.pathway1_res3.branch2.c_bn.weight
149 frozen s3.pathway1_res3.branch2.c_bn.bias
150 frozen s3_fuse.conv_f2s.weight
151 frozen s3_fuse.bn.weight
152 frozen s3_fuse.bn.bias
153 frozen s4.pathway0_res0.branch1.weight
154 frozen s4.pathway0_res0.branch1_bn.weight
155 frozen s4.pathway0_res0.branch1_bn.bias
156 frozen s4.pathway0_res0.branch2.a.weight
157 frozen s4.pathway0_res0.branch2.a_bn.weight
158 frozen s4.pathway0_res0.branch2.a_bn.bias
159 frozen s4.pathway0_res0.branch2.b.weight
160 frozen s4.pathway0_res0.branch2.b_bn.weight
161 frozen s4.pathway0_res0.branch2.b_bn.bias
162 frozen s4.pathway0_res0.branch2.c.weight
163 frozen s4.pathway0_res0.branch2.c_bn.weight
164 frozen s4.pathway0_res0.branch2.c_bn.bias
165 frozen s4.pathway0_res1.branch2.a.weight
166 frozen s4.pathway0_res1.branch2.a_bn.weight
167 frozen s4.pathway0_res1.branch2.a_bn.bias
168 frozen s4.pathway0_res1.branch2.b.weight
169 frozen s4.pathway0_res1.branch2.b_bn.weight
170 frozen s4.pathway0_res1.branch2.b_bn.bias
171 frozen s4.pathway0_res1.branch2.c.weight
172 frozen s4.pathway0_res1.branch2.c_bn.weight
173 frozen s4.pathway0_res1.branch2.c_bn.bias
174 frozen s4.pathway0_res2.branch2.a.weight
175 frozen s4.pathway0_res2.branch2.a_bn.weight
176 frozen s4.pathway0_res2.branch2.a_bn.bias
177 frozen s4.pathway0_res2.branch2.b.weight
178 frozen s4.pathway0_res2.branch2.b_bn.weight
179 frozen s4.pathway0_res2.branch2.b_bn.bias
180 frozen s4.pathway0_res2.branch2.c.weight
181 frozen s4.pathway0_res2.branch2.c_bn.weight
182 frozen s4.pathway0_res2.branch2.c_bn.bias
183 frozen s4.pathway0_res3.branch2.a.weight
184 frozen s4.pathway0_res3.branch2.a_bn.weight
185 frozen s4.pathway0_res3.branch2.a_bn.bias
186 frozen s4.pathway0_res3.branch2.b.weight
187 frozen s4.pathway0_res3.branch2.b_bn.weight
188 frozen s4.pathway0_res3.branch2.b_bn.bias
189 frozen s4.pathway0_res3.branch2.c.weight
190 frozen s4.pathway0_res3.branch2.c_bn.weight
191 frozen s4.pathway0_res3.branch2.c_bn.bias
192 frozen s4.pathway0_res4.branch2.a.weight
193 frozen s4.pathway0_res4.branch2.a_bn.weight
194 frozen s4.pathway0_res4.branch2.a_bn.bias
195 frozen s4.pathway0_res4.branch2.b.weight
196 frozen s4.pathway0_res4.branch2.b_bn.weight
197 frozen s4.pathway0_res4.branch2.b_bn.bias
198 frozen s4.pathway0_res4.branch2.c.weight
199 frozen s4.pathway0_res4.branch2.c_bn.weight
200 frozen s4.pathway0_res4.branch2.c_bn.bias
201 frozen s4.pathway0_res5.branch2.a.weight
202 frozen s4.pathway0_res5.branch2.a_bn.weight
203 frozen s4.pathway0_res5.branch2.a_bn.bias
204 frozen s4.pathway0_res5.branch2.b.weight
205 frozen s4.pathway0_res5.branch2.b_bn.weight
206 frozen s4.pathway0_res5.branch2.b_bn.bias
207 frozen s4.pathway0_res5.branch2.c.weight
208 frozen s4.pathway0_res5.branch2.c_bn.weight
209 frozen s4.pathway0_res5.branch2.c_bn.bias
210 frozen s4.pathway0_res6.branch2.a.weight
211 frozen s4.pathway0_res6.branch2.a_bn.weight
212 frozen s4.pathway0_res6.branch2.a_bn.bias
213 frozen s4.pathway0_res6.branch2.b.weight
214 frozen s4.pathway0_res6.branch2.b_bn.weight
215 frozen s4.pathway0_res6.branch2.b_bn.bias
216 frozen s4.pathway0_res6.branch2.c.weight
217 frozen s4.pathway0_res6.branch2.c_bn.weight
218 frozen s4.pathway0_res6.branch2.c_bn.bias
219 frozen s4.pathway0_nonlocal6.conv_theta.weight
220 frozen s4.pathway0_nonlocal6.conv_theta.bias
221 frozen s4.pathway0_nonlocal6.conv_phi.weight
222 frozen s4.pathway0_nonlocal6.conv_phi.bias
223 frozen s4.pathway0_nonlocal6.conv_g.weight
224 frozen s4.pathway0_nonlocal6.conv_g.bias
225 frozen s4.pathway0_nonlocal6.conv_out.weight
226 frozen s4.pathway0_nonlocal6.conv_out.bias
227 frozen s4.pathway0_nonlocal6.bn.weight
228 frozen s4.pathway0_nonlocal6.bn.bias
229 frozen s4.pathway0_res7.branch2.a.weight
230 frozen s4.pathway0_res7.branch2.a_bn.weight
231 frozen s4.pathway0_res7.branch2.a_bn.bias
232 frozen s4.pathway0_res7.branch2.b.weight
233 frozen s4.pathway0_res7.branch2.b_bn.weight
234 frozen s4.pathway0_res7.branch2.b_bn.bias
235 frozen s4.pathway0_res7.branch2.c.weight
236 frozen s4.pathway0_res7.branch2.c_bn.weight
237 frozen s4.pathway0_res7.branch2.c_bn.bias
238 frozen s4.pathway0_res8.branch2.a.weight
239 frozen s4.pathway0_res8.branch2.a_bn.weight
240 frozen s4.pathway0_res8.branch2.a_bn.bias
241 frozen s4.pathway0_res8.branch2.b.weight
242 frozen s4.pathway0_res8.branch2.b_bn.weight
243 frozen s4.pathway0_res8.branch2.b_bn.bias
244 frozen s4.pathway0_res8.branch2.c.weight
245 frozen s4.pathway0_res8.branch2.c_bn.weight
246 frozen s4.pathway0_res8.branch2.c_bn.bias
247 frozen s4.pathway0_res9.branch2.a.weight
248 frozen s4.pathway0_res9.branch2.a_bn.weight
249 frozen s4.pathway0_res9.branch2.a_bn.bias
250 frozen s4.pathway0_res9.branch2.b.weight
251 frozen s4.pathway0_res9.branch2.b_bn.weight
252 frozen s4.pathway0_res9.branch2.b_bn.bias
253 frozen s4.pathway0_res9.branch2.c.weight
254 frozen s4.pathway0_res9.branch2.c_bn.weight
255 frozen s4.pathway0_res9.branch2.c_bn.bias
256 frozen s4.pathway0_res10.branch2.a.weight
257 frozen s4.pathway0_res10.branch2.a_bn.weight
258 frozen s4.pathway0_res10.branch2.a_bn.bias
259 frozen s4.pathway0_res10.branch2.b.weight
260 frozen s4.pathway0_res10.branch2.b_bn.weight
261 frozen s4.pathway0_res10.branch2.b_bn.bias
262 frozen s4.pathway0_res10.branch2.c.weight
263 frozen s4.pathway0_res10.branch2.c_bn.weight
264 frozen s4.pathway0_res10.branch2.c_bn.bias
265 frozen s4.pathway0_res11.branch2.a.weight
266 frozen s4.pathway0_res11.branch2.a_bn.weight
267 frozen s4.pathway0_res11.branch2.a_bn.bias
268 frozen s4.pathway0_res11.branch2.b.weight
269 frozen s4.pathway0_res11.branch2.b_bn.weight
270 frozen s4.pathway0_res11.branch2.b_bn.bias
271 frozen s4.pathway0_res11.branch2.c.weight
272 frozen s4.pathway0_res11.branch2.c_bn.weight
273 frozen s4.pathway0_res11.branch2.c_bn.bias
274 frozen s4.pathway0_res12.branch2.a.weight
275 frozen s4.pathway0_res12.branch2.a_bn.weight
276 frozen s4.pathway0_res12.branch2.a_bn.bias
277 frozen s4.pathway0_res12.branch2.b.weight
278 frozen s4.pathway0_res12.branch2.b_bn.weight
279 frozen s4.pathway0_res12.branch2.b_bn.bias
280 frozen s4.pathway0_res12.branch2.c.weight
281 frozen s4.pathway0_res12.branch2.c_bn.weight
282 frozen s4.pathway0_res12.branch2.c_bn.bias
283 frozen s4.pathway0_res13.branch2.a.weight
284 frozen s4.pathway0_res13.branch2.a_bn.weight
285 frozen s4.pathway0_res13.branch2.a_bn.bias
286 frozen s4.pathway0_res13.branch2.b.weight
287 frozen s4.pathway0_res13.branch2.b_bn.weight
288 frozen s4.pathway0_res13.branch2.b_bn.bias
289 frozen s4.pathway0_res13.branch2.c.weight
290 frozen s4.pathway0_res13.branch2.c_bn.weight
291 frozen s4.pathway0_res13.branch2.c_bn.bias
292 frozen s4.pathway0_nonlocal13.conv_theta.weight
293 frozen s4.pathway0_nonlocal13.conv_theta.bias
294 frozen s4.pathway0_nonlocal13.conv_phi.weight
295 frozen s4.pathway0_nonlocal13.conv_phi.bias
296 frozen s4.pathway0_nonlocal13.conv_g.weight
297 frozen s4.pathway0_nonlocal13.conv_g.bias
298 frozen s4.pathway0_nonlocal13.conv_out.weight
299 frozen s4.pathway0_nonlocal13.conv_out.bias
300 frozen s4.pathway0_nonlocal13.bn.weight
301 frozen s4.pathway0_nonlocal13.bn.bias
302 frozen s4.pathway0_res14.branch2.a.weight
303 frozen s4.pathway0_res14.branch2.a_bn.weight
304 frozen s4.pathway0_res14.branch2.a_bn.bias
305 frozen s4.pathway0_res14.branch2.b.weight
306 frozen s4.pathway0_res14.branch2.b_bn.weight
307 frozen s4.pathway0_res14.branch2.b_bn.bias
308 frozen s4.pathway0_res14.branch2.c.weight
309 frozen s4.pathway0_res14.branch2.c_bn.weight
310 frozen s4.pathway0_res14.branch2.c_bn.bias
311 frozen s4.pathway0_res15.branch2.a.weight
312 frozen s4.pathway0_res15.branch2.a_bn.weight
313 frozen s4.pathway0_res15.branch2.a_bn.bias
314 frozen s4.pathway0_res15.branch2.b.weight
315 frozen s4.pathway0_res15.branch2.b_bn.weight
316 frozen s4.pathway0_res15.branch2.b_bn.bias
317 frozen s4.pathway0_res15.branch2.c.weight
318 frozen s4.pathway0_res15.branch2.c_bn.weight
319 frozen s4.pathway0_res15.branch2.c_bn.bias
320 frozen s4.pathway0_res16.branch2.a.weight
321 frozen s4.pathway0_res16.branch2.a_bn.weight
322 frozen s4.pathway0_res16.branch2.a_bn.bias
323 frozen s4.pathway0_res16.branch2.b.weight
324 frozen s4.pathway0_res16.branch2.b_bn.weight
325 frozen s4.pathway0_res16.branch2.b_bn.bias
326 frozen s4.pathway0_res16.branch2.c.weight
327 frozen s4.pathway0_res16.branch2.c_bn.weight
328 frozen s4.pathway0_res16.branch2.c_bn.bias
329 frozen s4.pathway0_res17.branch2.a.weight
330 frozen s4.pathway0_res17.branch2.a_bn.weight
331 frozen s4.pathway0_res17.branch2.a_bn.bias
332 frozen s4.pathway0_res17.branch2.b.weight
333 frozen s4.pathway0_res17.branch2.b_bn.weight
334 frozen s4.pathway0_res17.branch2.b_bn.bias
335 frozen s4.pathway0_res17.branch2.c.weight
336 frozen s4.pathway0_res17.branch2.c_bn.weight
337 frozen s4.pathway0_res17.branch2.c_bn.bias
338 frozen s4.pathway0_res18.branch2.a.weight
339 frozen s4.pathway0_res18.branch2.a_bn.weight
340 frozen s4.pathway0_res18.branch2.a_bn.bias
341 frozen s4.pathway0_res18.branch2.b.weight
342 frozen s4.pathway0_res18.branch2.b_bn.weight
343 frozen s4.pathway0_res18.branch2.b_bn.bias
344 frozen s4.pathway0_res18.branch2.c.weight
345 frozen s4.pathway0_res18.branch2.c_bn.weight
346 frozen s4.pathway0_res18.branch2.c_bn.bias
347 frozen s4.pathway0_res19.branch2.a.weight
348 frozen s4.pathway0_res19.branch2.a_bn.weight
349 frozen s4.pathway0_res19.branch2.a_bn.bias
350 frozen s4.pathway0_res19.branch2.b.weight
351 frozen s4.pathway0_res19.branch2.b_bn.weight
352 frozen s4.pathway0_res19.branch2.b_bn.bias
353 frozen s4.pathway0_res19.branch2.c.weight
354 frozen s4.pathway0_res19.branch2.c_bn.weight
355 frozen s4.pathway0_res19.branch2.c_bn.bias
356 frozen s4.pathway0_res20.branch2.a.weight
357 frozen s4.pathway0_res20.branch2.a_bn.weight
358 frozen s4.pathway0_res20.branch2.a_bn.bias
359 frozen s4.pathway0_res20.branch2.b.weight
360 frozen s4.pathway0_res20.branch2.b_bn.weight
361 frozen s4.pathway0_res20.branch2.b_bn.bias
362 frozen s4.pathway0_res20.branch2.c.weight
363 frozen s4.pathway0_res20.branch2.c_bn.weight
364 frozen s4.pathway0_res20.branch2.c_bn.bias
365 frozen s4.pathway0_nonlocal20.conv_theta.weight
366 frozen s4.pathway0_nonlocal20.conv_theta.bias
367 frozen s4.pathway0_nonlocal20.conv_phi.weight
368 frozen s4.pathway0_nonlocal20.conv_phi.bias
369 frozen s4.pathway0_nonlocal20.conv_g.weight
370 frozen s4.pathway0_nonlocal20.conv_g.bias
371 frozen s4.pathway0_nonlocal20.conv_out.weight
372 frozen s4.pathway0_nonlocal20.conv_out.bias
373 frozen s4.pathway0_nonlocal20.bn.weight
374 frozen s4.pathway0_nonlocal20.bn.bias
375 frozen s4.pathway0_res21.branch2.a.weight
376 frozen s4.pathway0_res21.branch2.a_bn.weight
377 frozen s4.pathway0_res21.branch2.a_bn.bias
378 frozen s4.pathway0_res21.branch2.b.weight
379 frozen s4.pathway0_res21.branch2.b_bn.weight
380 frozen s4.pathway0_res21.branch2.b_bn.bias
381 frozen s4.pathway0_res21.branch2.c.weight
382 frozen s4.pathway0_res21.branch2.c_bn.weight
383 frozen s4.pathway0_res21.branch2.c_bn.bias
384 frozen s4.pathway0_res22.branch2.a.weight
385 frozen s4.pathway0_res22.branch2.a_bn.weight
386 frozen s4.pathway0_res22.branch2.a_bn.bias
387 frozen s4.pathway0_res22.branch2.b.weight
388 frozen s4.pathway0_res22.branch2.b_bn.weight
389 frozen s4.pathway0_res22.branch2.b_bn.bias
390 frozen s4.pathway0_res22.branch2.c.weight
391 frozen s4.pathway0_res22.branch2.c_bn.weight
392 frozen s4.pathway0_res22.branch2.c_bn.bias
393 frozen s4.pathway1_res0.branch1.weight
394 frozen s4.pathway1_res0.branch1_bn.weight
395 frozen s4.pathway1_res0.branch1_bn.bias
396 frozen s4.pathway1_res0.branch2.a.weight
397 frozen s4.pathway1_res0.branch2.a_bn.weight
398 frozen s4.pathway1_res0.branch2.a_bn.bias
399 frozen s4.pathway1_res0.branch2.b.weight
400 frozen s4.pathway1_res0.branch2.b_bn.weight
401 frozen s4.pathway1_res0.branch2.b_bn.bias
402 frozen s4.pathway1_res0.branch2.c.weight
403 frozen s4.pathway1_res0.branch2.c_bn.weight
404 frozen s4.pathway1_res0.branch2.c_bn.bias
405 frozen s4.pathway1_res1.branch2.a.weight
406 frozen s4.pathway1_res1.branch2.a_bn.weight
407 frozen s4.pathway1_res1.branch2.a_bn.bias
408 frozen s4.pathway1_res1.branch2.b.weight
409 frozen s4.pathway1_res1.branch2.b_bn.weight
410 frozen s4.pathway1_res1.branch2.b_bn.bias
411 frozen s4.pathway1_res1.branch2.c.weight
412 frozen s4.pathway1_res1.branch2.c_bn.weight
413 frozen s4.pathway1_res1.branch2.c_bn.bias
414 frozen s4.pathway1_res2.branch2.a.weight
415 frozen s4.pathway1_res2.branch2.a_bn.weight
416 frozen s4.pathway1_res2.branch2.a_bn.bias
417 frozen s4.pathway1_res2.branch2.b.weight
418 frozen s4.pathway1_res2.branch2.b_bn.weight
419 frozen s4.pathway1_res2.branch2.b_bn.bias
420 frozen s4.pathway1_res2.branch2.c.weight
421 frozen s4.pathway1_res2.branch2.c_bn.weight
422 frozen s4.pathway1_res2.branch2.c_bn.bias
423 frozen s4.pathway1_res3.branch2.a.weight
424 frozen s4.pathway1_res3.branch2.a_bn.weight
425 frozen s4.pathway1_res3.branch2.a_bn.bias
426 frozen s4.pathway1_res3.branch2.b.weight
427 frozen s4.pathway1_res3.branch2.b_bn.weight
428 frozen s4.pathway1_res3.branch2.b_bn.bias
429 frozen s4.pathway1_res3.branch2.c.weight
430 frozen s4.pathway1_res3.branch2.c_bn.weight
431 frozen s4.pathway1_res3.branch2.c_bn.bias
432 frozen s4.pathway1_res4.branch2.a.weight
433 frozen s4.pathway1_res4.branch2.a_bn.weight
434 frozen s4.pathway1_res4.branch2.a_bn.bias
435 frozen s4.pathway1_res4.branch2.b.weight
436 frozen s4.pathway1_res4.branch2.b_bn.weight
437 frozen s4.pathway1_res4.branch2.b_bn.bias
438 frozen s4.pathway1_res4.branch2.c.weight
439 frozen s4.pathway1_res4.branch2.c_bn.weight
440 frozen s4.pathway1_res4.branch2.c_bn.bias
441 frozen s4.pathway1_res5.branch2.a.weight
442 frozen s4.pathway1_res5.branch2.a_bn.weight
443 frozen s4.pathway1_res5.branch2.a_bn.bias
444 frozen s4.pathway1_res5.branch2.b.weight
445 frozen s4.pathway1_res5.branch2.b_bn.weight
446 frozen s4.pathway1_res5.branch2.b_bn.bias
447 frozen s4.pathway1_res5.branch2.c.weight
448 frozen s4.pathway1_res5.branch2.c_bn.weight
449 frozen s4.pathway1_res5.branch2.c_bn.bias
450 frozen s4.pathway1_res6.branch2.a.weight
451 frozen s4.pathway1_res6.branch2.a_bn.weight
452 frozen s4.pathway1_res6.branch2.a_bn.bias
453 frozen s4.pathway1_res6.branch2.b.weight
454 frozen s4.pathway1_res6.branch2.b_bn.weight
455 frozen s4.pathway1_res6.branch2.b_bn.bias
456 frozen s4.pathway1_res6.branch2.c.weight
457 frozen s4.pathway1_res6.branch2.c_bn.weight
458 frozen s4.pathway1_res6.branch2.c_bn.bias
459 frozen s4.pathway1_res7.branch2.a.weight
460 frozen s4.pathway1_res7.branch2.a_bn.weight
461 frozen s4.pathway1_res7.branch2.a_bn.bias
462 frozen s4.pathway1_res7.branch2.b.weight
463 frozen s4.pathway1_res7.branch2.b_bn.weight
464 frozen s4.pathway1_res7.branch2.b_bn.bias
465 frozen s4.pathway1_res7.branch2.c.weight
466 frozen s4.pathway1_res7.branch2.c_bn.weight
467 frozen s4.pathway1_res7.branch2.c_bn.bias
468 frozen s4.pathway1_res8.branch2.a.weight
469 frozen s4.pathway1_res8.branch2.a_bn.weight
470 frozen s4.pathway1_res8.branch2.a_bn.bias
471 frozen s4.pathway1_res8.branch2.b.weight
472 frozen s4.pathway1_res8.branch2.b_bn.weight
473 frozen s4.pathway1_res8.branch2.b_bn.bias
474 frozen s4.pathway1_res8.branch2.c.weight
475 frozen s4.pathway1_res8.branch2.c_bn.weight
476 frozen s4.pathway1_res8.branch2.c_bn.bias
477 frozen s4.pathway1_res9.branch2.a.weight
478 frozen s4.pathway1_res9.branch2.a_bn.weight
479 frozen s4.pathway1_res9.branch2.a_bn.bias
480 frozen s4.pathway1_res9.branch2.b.weight
481 frozen s4.pathway1_res9.branch2.b_bn.weight
482 frozen s4.pathway1_res9.branch2.b_bn.bias
483 frozen s4.pathway1_res9.branch2.c.weight
484 frozen s4.pathway1_res9.branch2.c_bn.weight
485 frozen s4.pathway1_res9.branch2.c_bn.bias
486 frozen s4.pathway1_res10.branch2.a.weight
487 frozen s4.pathway1_res10.branch2.a_bn.weight
488 frozen s4.pathway1_res10.branch2.a_bn.bias
489 frozen s4.pathway1_res10.branch2.b.weight
490 frozen s4.pathway1_res10.branch2.b_bn.weight
491 frozen s4.pathway1_res10.branch2.b_bn.bias
492 frozen s4.pathway1_res10.branch2.c.weight
493 frozen s4.pathway1_res10.branch2.c_bn.weight
494 frozen s4.pathway1_res10.branch2.c_bn.bias
495 frozen s4.pathway1_res11.branch2.a.weight
496 frozen s4.pathway1_res11.branch2.a_bn.weight
497 frozen s4.pathway1_res11.branch2.a_bn.bias
498 frozen s4.pathway1_res11.branch2.b.weight
499 frozen s4.pathway1_res11.branch2.b_bn.weight
500 frozen s4.pathway1_res11.branch2.b_bn.bias
501 frozen s4.pathway1_res11.branch2.c.weight
502 frozen s4.pathway1_res11.branch2.c_bn.weight
503 frozen s4.pathway1_res11.branch2.c_bn.bias
504 frozen s4.pathway1_res12.branch2.a.weight
505 frozen s4.pathway1_res12.branch2.a_bn.weight
506 frozen s4.pathway1_res12.branch2.a_bn.bias
507 frozen s4.pathway1_res12.branch2.b.weight
508 frozen s4.pathway1_res12.branch2.b_bn.weight
509 frozen s4.pathway1_res12.branch2.b_bn.bias
510 frozen s4.pathway1_res12.branch2.c.weight
511 frozen s4.pathway1_res12.branch2.c_bn.weight
512 frozen s4.pathway1_res12.branch2.c_bn.bias
513 frozen s4.pathway1_res13.branch2.a.weight
514 frozen s4.pathway1_res13.branch2.a_bn.weight
515 frozen s4.pathway1_res13.branch2.a_bn.bias
516 frozen s4.pathway1_res13.branch2.b.weight
517 frozen s4.pathway1_res13.branch2.b_bn.weight
518 frozen s4.pathway1_res13.branch2.b_bn.bias
519 frozen s4.pathway1_res13.branch2.c.weight
520 frozen s4.pathway1_res13.branch2.c_bn.weight
521 frozen s4.pathway1_res13.branch2.c_bn.bias
522 frozen s4.pathway1_res14.branch2.a.weight
523 frozen s4.pathway1_res14.branch2.a_bn.weight
524 frozen s4.pathway1_res14.branch2.a_bn.bias
525 frozen s4.pathway1_res14.branch2.b.weight
526 frozen s4.pathway1_res14.branch2.b_bn.weight
527 frozen s4.pathway1_res14.branch2.b_bn.bias
528 frozen s4.pathway1_res14.branch2.c.weight
529 frozen s4.pathway1_res14.branch2.c_bn.weight
530 frozen s4.pathway1_res14.branch2.c_bn.bias
531 frozen s4.pathway1_res15.branch2.a.weight
532 frozen s4.pathway1_res15.branch2.a_bn.weight
533 frozen s4.pathway1_res15.branch2.a_bn.bias
534 frozen s4.pathway1_res15.branch2.b.weight
535 frozen s4.pathway1_res15.branch2.b_bn.weight
536 frozen s4.pathway1_res15.branch2.b_bn.bias
537 frozen s4.pathway1_res15.branch2.c.weight
538 frozen s4.pathway1_res15.branch2.c_bn.weight
539 frozen s4.pathway1_res15.branch2.c_bn.bias
540 frozen s4.pathway1_res16.branch2.a.weight
541 frozen s4.pathway1_res16.branch2.a_bn.weight
542 frozen s4.pathway1_res16.branch2.a_bn.bias
543 frozen s4.pathway1_res16.branch2.b.weight
544 frozen s4.pathway1_res16.branch2.b_bn.weight
545 frozen s4.pathway1_res16.branch2.b_bn.bias
546 frozen s4.pathway1_res16.branch2.c.weight
547 frozen s4.pathway1_res16.branch2.c_bn.weight
548 frozen s4.pathway1_res16.branch2.c_bn.bias
549 frozen s4.pathway1_res17.branch2.a.weight
550 frozen s4.pathway1_res17.branch2.a_bn.weight
551 frozen s4.pathway1_res17.branch2.a_bn.bias
552 frozen s4.pathway1_res17.branch2.b.weight
553 frozen s4.pathway1_res17.branch2.b_bn.weight
554 frozen s4.pathway1_res17.branch2.b_bn.bias
555 frozen s4.pathway1_res17.branch2.c.weight
556 frozen s4.pathway1_res17.branch2.c_bn.weight
557 frozen s4.pathway1_res17.branch2.c_bn.bias
558 frozen s4.pathway1_res18.branch2.a.weight
559 frozen s4.pathway1_res18.branch2.a_bn.weight
560 frozen s4.pathway1_res18.branch2.a_bn.bias
561 frozen s4.pathway1_res18.branch2.b.weight
562 frozen s4.pathway1_res18.branch2.b_bn.weight
563 frozen s4.pathway1_res18.branch2.b_bn.bias
564 frozen s4.pathway1_res18.branch2.c.weight
565 frozen s4.pathway1_res18.branch2.c_bn.weight
566 frozen s4.pathway1_res18.branch2.c_bn.bias
567 frozen s4.pathway1_res19.branch2.a.weight
568 frozen s4.pathway1_res19.branch2.a_bn.weight
569 frozen s4.pathway1_res19.branch2.a_bn.bias
570 frozen s4.pathway1_res19.branch2.b.weight
571 frozen s4.pathway1_res19.branch2.b_bn.weight
572 frozen s4.pathway1_res19.branch2.b_bn.bias
573 frozen s4.pathway1_res19.branch2.c.weight
574 frozen s4.pathway1_res19.branch2.c_bn.weight
575 frozen s4.pathway1_res19.branch2.c_bn.bias
576 frozen s4.pathway1_res20.branch2.a.weight
577 frozen s4.pathway1_res20.branch2.a_bn.weight
578 frozen s4.pathway1_res20.branch2.a_bn.bias
579 frozen s4.pathway1_res20.branch2.b.weight
580 frozen s4.pathway1_res20.branch2.b_bn.weight
581 frozen s4.pathway1_res20.branch2.b_bn.bias
582 frozen s4.pathway1_res20.branch2.c.weight
583 frozen s4.pathway1_res20.branch2.c_bn.weight
584 frozen s4.pathway1_res20.branch2.c_bn.bias
585 frozen s4.pathway1_res21.branch2.a.weight
586 frozen s4.pathway1_res21.branch2.a_bn.weight
587 frozen s4.pathway1_res21.branch2.a_bn.bias
588 frozen s4.pathway1_res21.branch2.b.weight
589 frozen s4.pathway1_res21.branch2.b_bn.weight
590 frozen s4.pathway1_res21.branch2.b_bn.bias
591 frozen s4.pathway1_res21.branch2.c.weight
592 frozen s4.pathway1_res21.branch2.c_bn.weight
593 frozen s4.pathway1_res21.branch2.c_bn.bias
594 frozen s4.pathway1_res22.branch2.a.weight
595 frozen s4.pathway1_res22.branch2.a_bn.weight
596 frozen s4.pathway1_res22.branch2.a_bn.bias
597 frozen s4.pathway1_res22.branch2.b.weight
598 frozen s4.pathway1_res22.branch2.b_bn.weight
599 frozen s4.pathway1_res22.branch2.b_bn.bias
600 frozen s4.pathway1_res22.branch2.c.weight
601 frozen s4.pathway1_res22.branch2.c_bn.weight
602 frozen s4.pathway1_res22.branch2.c_bn.bias
603 frozen s4_fuse.conv_f2s.weight
604 frozen s4_fuse.bn.weight
605 frozen s4_fuse.bn.bias
606 unfrozen s5.pathway0_res0.branch1.weight
607 unfrozen s5.pathway0_res0.branch1_bn.weight
608 unfrozen s5.pathway0_res0.branch1_bn.bias
609 unfrozen s5.pathway0_res0.branch2.a.weight
610 unfrozen s5.pathway0_res0.branch2.a_bn.weight
611 unfrozen s5.pathway0_res0.branch2.a_bn.bias
612 unfrozen s5.pathway0_res0.branch2.b.weight
613 unfrozen s5.pathway0_res0.branch2.b_bn.weight
614 unfrozen s5.pathway0_res0.branch2.b_bn.bias
615 unfrozen s5.pathway0_res0.branch2.c.weight
616 unfrozen s5.pathway0_res0.branch2.c_bn.weight
617 unfrozen s5.pathway0_res0.branch2.c_bn.bias
618 unfrozen s5.pathway0_res1.branch2.a.weight
619 unfrozen s5.pathway0_res1.branch2.a_bn.weight
620 unfrozen s5.pathway0_res1.branch2.a_bn.bias
621 unfrozen s5.pathway0_res1.branch2.b.weight
622 unfrozen s5.pathway0_res1.branch2.b_bn.weight
623 unfrozen s5.pathway0_res1.branch2.b_bn.bias
624 unfrozen s5.pathway0_res1.branch2.c.weight
625 unfrozen s5.pathway0_res1.branch2.c_bn.weight
626 unfrozen s5.pathway0_res1.branch2.c_bn.bias
627 unfrozen s5.pathway0_res2.branch2.a.weight
628 unfrozen s5.pathway0_res2.branch2.a_bn.weight
629 unfrozen s5.pathway0_res2.branch2.a_bn.bias
630 unfrozen s5.pathway0_res2.branch2.b.weight
631 unfrozen s5.pathway0_res2.branch2.b_bn.weight
632 unfrozen s5.pathway0_res2.branch2.b_bn.bias
633 unfrozen s5.pathway0_res2.branch2.c.weight
634 unfrozen s5.pathway0_res2.branch2.c_bn.weight
635 unfrozen s5.pathway0_res2.branch2.c_bn.bias
636 unfrozen s5.pathway1_res0.branch1.weight
637 unfrozen s5.pathway1_res0.branch1_bn.weight
638 unfrozen s5.pathway1_res0.branch1_bn.bias
639 unfrozen s5.pathway1_res0.branch2.a.weight
640 unfrozen s5.pathway1_res0.branch2.a_bn.weight
641 unfrozen s5.pathway1_res0.branch2.a_bn.bias
642 unfrozen s5.pathway1_res0.branch2.b.weight
643 unfrozen s5.pathway1_res0.branch2.b_bn.weight
644 unfrozen s5.pathway1_res0.branch2.b_bn.bias
645 unfrozen s5.pathway1_res0.branch2.c.weight
646 unfrozen s5.pathway1_res0.branch2.c_bn.weight
647 unfrozen s5.pathway1_res0.branch2.c_bn.bias
648 unfrozen s5.pathway1_res1.branch2.a.weight
649 unfrozen s5.pathway1_res1.branch2.a_bn.weight
650 unfrozen s5.pathway1_res1.branch2.a_bn.bias
651 unfrozen s5.pathway1_res1.branch2.b.weight
652 unfrozen s5.pathway1_res1.branch2.b_bn.weight
653 unfrozen s5.pathway1_res1.branch2.b_bn.bias
654 unfrozen s5.pathway1_res1.branch2.c.weight
655 unfrozen s5.pathway1_res1.branch2.c_bn.weight
656 unfrozen s5.pathway1_res1.branch2.c_bn.bias
657 unfrozen s5.pathway1_res2.branch2.a.weight
658 unfrozen s5.pathway1_res2.branch2.a_bn.weight
659 unfrozen s5.pathway1_res2.branch2.a_bn.bias
660 unfrozen s5.pathway1_res2.branch2.b.weight
661 unfrozen s5.pathway1_res2.branch2.b_bn.weight
662 unfrozen s5.pathway1_res2.branch2.b_bn.bias
663 unfrozen s5.pathway1_res2.branch2.c.weight
664 unfrozen s5.pathway1_res2.branch2.c_bn.weight
665 unfrozen s5.pathway1_res2.branch2.c_bn.bias
666 unfrozen head.projection.weight
667 unfrozen head.projection.bias
668 unfrozen head.projection2.weight
669 unfrozen head.projection2.bias
[12/08 22:44:34][INFO] checkpoint.py: 507: Load from given checkpoint file.
[12/08 22:44:34][INFO] checkpoint.py: 214: Loading network weights from /srv/beegfs02/scratch/da_action/data/models_pretrained/SLOWFAST_32x2_R101_50_50.pkl.
[12/08 22:44:35][INFO] checkpoint.py: 340: Network weights head.projection.weight not loaded.
[12/08 22:44:35][INFO] checkpoint.py: 340: Network weights head.projection.bias not loaded.
[12/08 22:44:35][INFO] checkpoint.py: 340: Network weights head.projection2.weight not loaded.
[12/08 22:44:35][INFO] checkpoint.py: 340: Network weights head.projection2.bias not loaded.
[12/08 22:44:43][INFO] ava_helper.py:  65: Finished loading image paths from: /srv/beegfs02/scratch/da_action/data/ava/frame_lists_10_500_100/train.csv
/srv/beegfs02/scratch/da_action/data/ava/annotations_10_500_100/ava_train_v2.2.csv
[12/08 22:44:43][INFO] ava_helper.py: 111: Finished loading annotations from: /srv/beegfs02/scratch/da_action/data/ava/annotations_10_500_100/ava_train_v2.2.csv
[12/08 22:44:43][INFO] ava_helper.py: 113: Detection threshold: 0.8
[12/08 22:44:43][INFO] ava_helper.py: 114: Number of unique boxes: 3847
[12/08 22:44:43][INFO] ava_helper.py: 115: Number of annotations: 5000
[12/08 22:44:43][INFO] ava_helper.py: 162: 2972 keyframes used.
[12/08 22:44:43][INFO] ava_dataset.py:  93: === AVA dataset summary ===
[12/08 22:44:43][INFO] ava_dataset.py:  94: Split: train
[12/08 22:44:43][INFO] ava_dataset.py:  95: Number of videos: 27
[12/08 22:44:43][INFO] ava_dataset.py:  99: Number of frames: 729814
[12/08 22:44:43][INFO] ava_dataset.py: 100: Number of key frames: 2972
[12/08 22:44:43][INFO] ava_dataset.py: 101: Number of boxes: 3847.
[12/08 22:44:45][INFO] ava_helper.py:  65: Finished loading image paths from: /srv/beegfs02/scratch/da_action/data/ava/frame_lists_10_500_100/val.csv
/srv/beegfs02/scratch/da_action/data/ava/annotations_10_500_100/ava_val_predicted_boxes.csv
[12/08 22:44:45][INFO] ava_helper.py: 111: Finished loading annotations from: /srv/beegfs02/scratch/da_action/data/ava/annotations_10_500_100/ava_val_predicted_boxes.csv
[12/08 22:44:45][INFO] ava_helper.py: 113: Detection threshold: 0.8
[12/08 22:44:45][INFO] ava_helper.py: 114: Number of unique boxes: 1218
[12/08 22:44:45][INFO] ava_helper.py: 115: Number of annotations: 0
[12/08 22:44:45][INFO] ava_helper.py: 162: 694 keyframes used.
[12/08 22:44:45][INFO] ava_dataset.py:  93: === AVA dataset summary ===
[12/08 22:44:45][INFO] ava_dataset.py:  94: Split: val
[12/08 22:44:45][INFO] ava_dataset.py:  95: Number of videos: 6
[12/08 22:44:45][INFO] ava_dataset.py:  99: Number of frames: 162182
[12/08 22:44:45][INFO] ava_dataset.py: 100: Number of key frames: 694
[12/08 22:44:45][INFO] ava_dataset.py: 101: Number of boxes: 1218.
[12/08 22:44:51][INFO] da_helper.py:  65: Finished loading image paths from: /srv/beegfs02/scratch/da_action/data/kinetics700/frame_lists_10_500_100/train.csv
[12/08 22:44:53][INFO] da_helper.py: 111: Finished loading annotations from: /srv/beegfs02/scratch/da_action/data/kinetics700/annotations_10_500_100/kinetics_train_predicted_boxes.csv
[12/08 22:44:53][INFO] da_helper.py: 113: Detection threshold: 0.8
[12/08 22:44:53][INFO] da_helper.py: 114: Number of unique boxes: 8137
[12/08 22:44:53][INFO] da_helper.py: 115: Number of annotations: 0
[12/08 22:44:53][INFO] da_helper.py: 162: 3038 keyframes used.
[12/08 22:44:53][INFO] ava_dataset.py: 500: === DA dataset summary ===
[12/08 22:44:53][INFO] ava_dataset.py: 501: Split: da_train
[12/08 22:44:53][INFO] ava_dataset.py: 502: Number of videos: 3140
[12/08 22:44:53][INFO] ava_dataset.py: 506: Number of frames: 565200
[12/08 22:44:53][INFO] ava_dataset.py: 507: Number of key frames: 3038
[12/08 22:44:53][INFO] ava_dataset.py: 508: Number of boxes: 8137.
[12/08 22:44:55][INFO] da_helper.py:  65: Finished loading image paths from: /srv/beegfs02/scratch/da_action/data/kinetics700/frame_lists_10_500_100/val.csv
[12/08 22:44:56][INFO] da_helper.py: 111: Finished loading annotations from: /srv/beegfs02/scratch/da_action/data/kinetics700/annotations_10_500_100/kinetics_val_predicted_boxes.csv
[12/08 22:44:56][INFO] da_helper.py: 113: Detection threshold: 0.8
[12/08 22:44:56][INFO] da_helper.py: 114: Number of unique boxes: 1476
[12/08 22:44:56][INFO] da_helper.py: 115: Number of annotations: 0
[12/08 22:44:56][INFO] da_helper.py: 162: 614 keyframes used.
[12/08 22:44:56][INFO] ava_dataset.py: 500: === DA dataset summary ===
[12/08 22:44:56][INFO] ava_dataset.py: 501: Split: da_val
[12/08 22:44:56][INFO] ava_dataset.py: 502: Number of videos: 639
[12/08 22:44:56][INFO] ava_dataset.py: 506: Number of frames: 115020
[12/08 22:44:56][INFO] ava_dataset.py: 507: Number of key frames: 614
[12/08 22:44:56][INFO] ava_dataset.py: 508: Number of boxes: 1476.
[12/08 22:44:59][INFO] ava_helper.py:  65: Finished loading image paths from: /srv/beegfs02/scratch/da_action/data/ava/frame_lists_10_500_100/train.csv
[12/08 22:45:00][INFO] ava_helper.py:  65: Finished loading image paths from: /srv/beegfs02/scratch/da_action/data/ava/frame_lists_10_500_100/val.csv
[12/08 22:45:01][INFO] da_helper.py:  65: Finished loading image paths from: /srv/beegfs02/scratch/da_action/data/kinetics700/frame_lists_10_500_100/val.csv
[12/08 22:45:01][INFO] tensorboard_vis.py:  57: To see logged results in Tensorboard, please launch using the command             `tensorboard  --port=<port-number> --logdir /srv/beegfs02/scratch/da_action/data/output/da_10_500_100_v1/tensorboard`
[12/08 22:45:01][INFO] train_da.py: 506: Start epoch: 2
[12/08 23:39:26][INFO] ava_eval_helper.py: 165: Evaluating with 700 unique GT frames.
[12/08 23:39:26][INFO] ava_eval_helper.py: 167: Evaluating with 694 unique detection frames
[12/08 23:39:26][INFO] ava_eval_helper.py: 322: AVA results wrote to detections_latest.csv
[12/08 23:39:26][INFO] ava_eval_helper.py: 323: 	took 0 seconds.
[12/08 23:39:26][INFO] ava_eval_helper.py: 322: AVA results wrote to groundtruth_latest.csv
[12/08 23:39:26][INFO] ava_eval_helper.py: 323: 	took 0 seconds.
{ 'PascalBoxes_PerformanceByCategory/AP@0.5IOU/bend/bow (at the waist)': 0.08741393789598983,
  'PascalBoxes_PerformanceByCategory/AP@0.5IOU/carry/hold (an object)': 0.14248526495891406,
  'PascalBoxes_PerformanceByCategory/AP@0.5IOU/lie/sleep': 0.13416442070303375,
  'PascalBoxes_PerformanceByCategory/AP@0.5IOU/listen to (a person)': 0.11642769050553786,
  'PascalBoxes_PerformanceByCategory/AP@0.5IOU/ride (e.g., a bike, a car, a horse)': 0.07114281895341842,
  'PascalBoxes_PerformanceByCategory/AP@0.5IOU/sit': 0.2174492913261525,
  'PascalBoxes_PerformanceByCategory/AP@0.5IOU/talk to (e.g., self, a person, a group)': 0.20333753782591069,
  'PascalBoxes_PerformanceByCategory/AP@0.5IOU/touch (an object)': 0.07797880280601106,
  'PascalBoxes_PerformanceByCategory/AP@0.5IOU/walk': 0.2410876020070043,
  'PascalBoxes_PerformanceByCategory/AP@0.5IOU/watch (a person)': 0.09205918780112869,
  'PascalBoxes_Precision/mAP@0.5IOU': 0.1383546554783101}
[12/08 23:39:28][INFO] ava_eval_helper.py: 182: AVA eval done in 1.486341 seconds.
[12/08 23:39:28][INFO] logging.py:  97: json_stats: {
  "RAM": "14.93/251.89G",
  "_type": "val_epoch",
  "cur_epoch": "2",
  "gpu_mem": "2.08G",
  "map": 0.13835,
  "mode": "val"
}
[12/09 00:34:37][INFO] ava_eval_helper.py: 165: Evaluating with 700 unique GT frames.
[12/09 00:34:37][INFO] ava_eval_helper.py: 167: Evaluating with 694 unique detection frames
[12/09 00:34:37][INFO] ava_eval_helper.py: 322: AVA results wrote to detections_latest.csv
[12/09 00:34:37][INFO] ava_eval_helper.py: 323: 	took 0 seconds.
[12/09 00:34:37][INFO] ava_eval_helper.py: 322: AVA results wrote to groundtruth_latest.csv
[12/09 00:34:37][INFO] ava_eval_helper.py: 323: 	took 0 seconds.
{ 'PascalBoxes_PerformanceByCategory/AP@0.5IOU/bend/bow (at the waist)': 0.09750314260344924,
  'PascalBoxes_PerformanceByCategory/AP@0.5IOU/carry/hold (an object)': 0.1009307718810854,
  'PascalBoxes_PerformanceByCategory/AP@0.5IOU/lie/sleep': 0.05128184059161873,
  'PascalBoxes_PerformanceByCategory/AP@0.5IOU/listen to (a person)': 0.08155220624200224,
  'PascalBoxes_PerformanceByCategory/AP@0.5IOU/ride (e.g., a bike, a car, a horse)': 0.09204297184166546,
  'PascalBoxes_PerformanceByCategory/AP@0.5IOU/sit': 0.08284868977176665,
  'PascalBoxes_PerformanceByCategory/AP@0.5IOU/talk to (e.g., self, a person, a group)': 0.08389261744966442,
  'PascalBoxes_PerformanceByCategory/AP@0.5IOU/touch (an object)': 0.07018242122719737,
  'PascalBoxes_PerformanceByCategory/AP@0.5IOU/walk': 0.14466814848911058,
  'PascalBoxes_PerformanceByCategory/AP@0.5IOU/watch (a person)': 0.12647867689667802,
  'PascalBoxes_Precision/mAP@0.5IOU': 0.0931381486994238}
[12/09 00:34:38][INFO] ava_eval_helper.py: 182: AVA eval done in 1.637362 seconds.
[12/09 00:34:38][INFO] logging.py:  97: json_stats: {
  "RAM": "16.35/251.89G",
  "_type": "val_epoch",
  "cur_epoch": "3",
  "gpu_mem": "2.08G",
  "map": 0.09314,
  "mode": "val"
}
[12/09 01:26:56][INFO] ava_eval_helper.py: 165: Evaluating with 700 unique GT frames.
[12/09 01:26:56][INFO] ava_eval_helper.py: 167: Evaluating with 694 unique detection frames
[12/09 01:26:56][INFO] ava_eval_helper.py: 322: AVA results wrote to detections_latest.csv
[12/09 01:26:56][INFO] ava_eval_helper.py: 323: 	took 0 seconds.
[12/09 01:26:56][INFO] ava_eval_helper.py: 322: AVA results wrote to groundtruth_latest.csv
[12/09 01:26:56][INFO] ava_eval_helper.py: 323: 	took 0 seconds.
{ 'PascalBoxes_PerformanceByCategory/AP@0.5IOU/bend/bow (at the waist)': 0.08496881581842528,
  'PascalBoxes_PerformanceByCategory/AP@0.5IOU/carry/hold (an object)': 0.08398045815426822,
  'PascalBoxes_PerformanceByCategory/AP@0.5IOU/lie/sleep': 0.05128184059161873,
  'PascalBoxes_PerformanceByCategory/AP@0.5IOU/listen to (a person)': 0.07781055420119229,
  'PascalBoxes_PerformanceByCategory/AP@0.5IOU/ride (e.g., a bike, a car, a horse)': 0.09969859486069915,
  'PascalBoxes_PerformanceByCategory/AP@0.5IOU/sit': 0.08160699417152371,
  'PascalBoxes_PerformanceByCategory/AP@0.5IOU/talk to (e.g., self, a person, a group)': 0.08312551953449707,
  'PascalBoxes_PerformanceByCategory/AP@0.5IOU/touch (an object)': 0.07072665318250496,
  'PascalBoxes_PerformanceByCategory/AP@0.5IOU/walk': 0.13993335609064153,
  'PascalBoxes_PerformanceByCategory/AP@0.5IOU/watch (a person)': 0.11583760436234876,
  'PascalBoxes_Precision/mAP@0.5IOU': 0.08889703909677198}
[12/09 01:26:57][INFO] ava_eval_helper.py: 182: AVA eval done in 1.482713 seconds.
[12/09 01:26:57][INFO] logging.py:  97: json_stats: {
  "RAM": "16.82/251.89G",
  "_type": "val_epoch",
  "cur_epoch": "4",
  "gpu_mem": "2.08G",
  "map": 0.08890,
  "mode": "val"
}
[12/09 02:18:44][INFO] ava_eval_helper.py: 165: Evaluating with 700 unique GT frames.
[12/09 02:18:44][INFO] ava_eval_helper.py: 167: Evaluating with 694 unique detection frames
[12/09 02:18:44][INFO] ava_eval_helper.py: 322: AVA results wrote to detections_latest.csv
[12/09 02:18:44][INFO] ava_eval_helper.py: 323: 	took 0 seconds.
[12/09 02:18:44][INFO] ava_eval_helper.py: 322: AVA results wrote to groundtruth_latest.csv
[12/09 02:18:44][INFO] ava_eval_helper.py: 323: 	took 0 seconds.
{ 'PascalBoxes_PerformanceByCategory/AP@0.5IOU/bend/bow (at the waist)': 0.07536791281592775,
  'PascalBoxes_PerformanceByCategory/AP@0.5IOU/carry/hold (an object)': 0.16236993638368075,
  'PascalBoxes_PerformanceByCategory/AP@0.5IOU/lie/sleep': 0.05128184059161873,
  'PascalBoxes_PerformanceByCategory/AP@0.5IOU/listen to (a person)': 0.10365827004511849,
  'PascalBoxes_PerformanceByCategory/AP@0.5IOU/ride (e.g., a bike, a car, a horse)': 0.08529949170444831,
  'PascalBoxes_PerformanceByCategory/AP@0.5IOU/sit': 0.08837425219348699,
  'PascalBoxes_PerformanceByCategory/AP@0.5IOU/talk to (e.g., self, a person, a group)': 0.08297795625497997,
  'PascalBoxes_PerformanceByCategory/AP@0.5IOU/touch (an object)': 0.06977741137675186,
  'PascalBoxes_PerformanceByCategory/AP@0.5IOU/walk': 0.15561905614885238,
  'PascalBoxes_PerformanceByCategory/AP@0.5IOU/watch (a person)': 0.10917748418667039,
  'PascalBoxes_Precision/mAP@0.5IOU': 0.09839036117015357}
[12/09 02:18:45][INFO] ava_eval_helper.py: 182: AVA eval done in 1.498789 seconds.
[12/09 02:18:45][INFO] logging.py:  97: json_stats: {
  "RAM": "16.38/251.89G",
  "_type": "val_epoch",
  "cur_epoch": "5",
  "gpu_mem": "2.08G",
  "map": 0.09839,
  "mode": "val"
}
[12/09 03:11:23][INFO] ava_eval_helper.py: 165: Evaluating with 700 unique GT frames.
[12/09 03:11:23][INFO] ava_eval_helper.py: 167: Evaluating with 694 unique detection frames
[12/09 03:11:23][INFO] ava_eval_helper.py: 322: AVA results wrote to detections_latest.csv
[12/09 03:11:23][INFO] ava_eval_helper.py: 323: 	took 0 seconds.
[12/09 03:11:23][INFO] ava_eval_helper.py: 322: AVA results wrote to groundtruth_latest.csv
[12/09 03:11:23][INFO] ava_eval_helper.py: 323: 	took 0 seconds.
{ 'PascalBoxes_PerformanceByCategory/AP@0.5IOU/bend/bow (at the waist)': 0.07018242122719737,
  'PascalBoxes_PerformanceByCategory/AP@0.5IOU/carry/hold (an object)': 0.12151306747267507,
  'PascalBoxes_PerformanceByCategory/AP@0.5IOU/lie/sleep': 0.053784452230259204,
  'PascalBoxes_PerformanceByCategory/AP@0.5IOU/listen to (a person)': 0.0777051403657664,
  'PascalBoxes_PerformanceByCategory/AP@0.5IOU/ride (e.g., a bike, a car, a horse)': 0.0800738216525563,
  'PascalBoxes_PerformanceByCategory/AP@0.5IOU/sit': 0.0936754966887417,
  'PascalBoxes_PerformanceByCategory/AP@0.5IOU/talk to (e.g., self, a person, a group)': 0.08518983710610976,
  'PascalBoxes_PerformanceByCategory/AP@0.5IOU/touch (an object)': 0.07038822425521932,
  'PascalBoxes_PerformanceByCategory/AP@0.5IOU/walk': 0.1330115314949899,
  'PascalBoxes_PerformanceByCategory/AP@0.5IOU/watch (a person)': 0.11897791882999474,
  'PascalBoxes_Precision/mAP@0.5IOU': 0.09045019113235098}
[12/09 03:11:25][INFO] ava_eval_helper.py: 182: AVA eval done in 1.505048 seconds.
[12/09 03:11:25][INFO] logging.py:  97: json_stats: {
  "RAM": "16.76/251.89G",
  "_type": "val_epoch",
  "cur_epoch": "6",
  "gpu_mem": "2.08G",
  "map": 0.09045,
  "mode": "val"
}
[12/09 04:04:58][INFO] ava_eval_helper.py: 165: Evaluating with 700 unique GT frames.
[12/09 04:04:58][INFO] ava_eval_helper.py: 167: Evaluating with 694 unique detection frames
[12/09 04:04:58][INFO] ava_eval_helper.py: 322: AVA results wrote to detections_latest.csv
[12/09 04:04:58][INFO] ava_eval_helper.py: 323: 	took 0 seconds.
[12/09 04:04:58][INFO] ava_eval_helper.py: 322: AVA results wrote to groundtruth_latest.csv
[12/09 04:04:58][INFO] ava_eval_helper.py: 323: 	took 0 seconds.
{ 'PascalBoxes_PerformanceByCategory/AP@0.5IOU/bend/bow (at the waist)': 0.07071010860484547,
  'PascalBoxes_PerformanceByCategory/AP@0.5IOU/carry/hold (an object)': 0.13760609069263582,
  'PascalBoxes_PerformanceByCategory/AP@0.5IOU/lie/sleep': 0.07989989616122789,
  'PascalBoxes_PerformanceByCategory/AP@0.5IOU/listen to (a person)': 0.07422951774782316,
  'PascalBoxes_PerformanceByCategory/AP@0.5IOU/ride (e.g., a bike, a car, a horse)': 0.07540122462260754,
  'PascalBoxes_PerformanceByCategory/AP@0.5IOU/sit': 0.09106379840740957,
  'PascalBoxes_PerformanceByCategory/AP@0.5IOU/talk to (e.g., self, a person, a group)': 0.08237232289950575,
  'PascalBoxes_PerformanceByCategory/AP@0.5IOU/touch (an object)': 0.07202601971160076,
  'PascalBoxes_PerformanceByCategory/AP@0.5IOU/walk': 0.152794655318332,
  'PascalBoxes_PerformanceByCategory/AP@0.5IOU/watch (a person)': 0.12504415898201798,
  'PascalBoxes_Precision/mAP@0.5IOU': 0.0961147793148006}
[12/09 04:05:00][INFO] ava_eval_helper.py: 182: AVA eval done in 1.485563 seconds.
[12/09 04:05:00][INFO] logging.py:  97: json_stats: {
  "RAM": "16.35/251.89G",
  "_type": "val_epoch",
  "cur_epoch": "7",
  "gpu_mem": "2.08G",
  "map": 0.09611,
  "mode": "val"
}
[12/09 04:58:27][INFO] ava_eval_helper.py: 165: Evaluating with 700 unique GT frames.
[12/09 04:58:27][INFO] ava_eval_helper.py: 167: Evaluating with 694 unique detection frames
[12/09 04:58:27][INFO] ava_eval_helper.py: 322: AVA results wrote to detections_latest.csv
[12/09 04:58:27][INFO] ava_eval_helper.py: 323: 	took 0 seconds.
[12/09 04:58:27][INFO] ava_eval_helper.py: 322: AVA results wrote to groundtruth_latest.csv
[12/09 04:58:27][INFO] ava_eval_helper.py: 323: 	took 0 seconds.
{ 'PascalBoxes_PerformanceByCategory/AP@0.5IOU/bend/bow (at the waist)': 0.0697199341021417,
  'PascalBoxes_PerformanceByCategory/AP@0.5IOU/carry/hold (an object)': 0.19001596284888878,
  'PascalBoxes_PerformanceByCategory/AP@0.5IOU/lie/sleep': 0.05123973727422004,
  'PascalBoxes_PerformanceByCategory/AP@0.5IOU/listen to (a person)': 0.08152950445796384,
  'PascalBoxes_PerformanceByCategory/AP@0.5IOU/ride (e.g., a bike, a car, a horse)': 0.07633339682349459,
  'PascalBoxes_PerformanceByCategory/AP@0.5IOU/sit': 0.0869773952200205,
  'PascalBoxes_PerformanceByCategory/AP@0.5IOU/talk to (e.g., self, a person, a group)': 0.09093470600373434,
  'PascalBoxes_PerformanceByCategory/AP@0.5IOU/touch (an object)': 0.06983498349834988,
  'PascalBoxes_PerformanceByCategory/AP@0.5IOU/walk': 0.13524858375828216,
  'PascalBoxes_PerformanceByCategory/AP@0.5IOU/watch (a person)': 0.11112657876153162,
  'PascalBoxes_Precision/mAP@0.5IOU': 0.09629607827486275}
[12/09 04:58:29][INFO] ava_eval_helper.py: 182: AVA eval done in 1.504782 seconds.
[12/09 04:58:29][INFO] logging.py:  97: json_stats: {
  "RAM": "16.56/251.89G",
  "_type": "val_epoch",
  "cur_epoch": "8",
  "gpu_mem": "2.08G",
  "map": 0.09630,
  "mode": "val"
}
[12/09 05:52:00][INFO] ava_eval_helper.py: 165: Evaluating with 700 unique GT frames.
[12/09 05:52:00][INFO] ava_eval_helper.py: 167: Evaluating with 694 unique detection frames
[12/09 05:52:00][INFO] ava_eval_helper.py: 322: AVA results wrote to detections_latest.csv
[12/09 05:52:00][INFO] ava_eval_helper.py: 323: 	took 0 seconds.
[12/09 05:52:00][INFO] ava_eval_helper.py: 322: AVA results wrote to groundtruth_latest.csv
[12/09 05:52:00][INFO] ava_eval_helper.py: 323: 	took 0 seconds.
{ 'PascalBoxes_PerformanceByCategory/AP@0.5IOU/bend/bow (at the waist)': 0.07949080378936793,
  'PascalBoxes_PerformanceByCategory/AP@0.5IOU/carry/hold (an object)': 0.09640429947420055,
  'PascalBoxes_PerformanceByCategory/AP@0.5IOU/lie/sleep': 0.051556436622290994,
  'PascalBoxes_PerformanceByCategory/AP@0.5IOU/listen to (a person)': 0.13244035990389294,
  'PascalBoxes_PerformanceByCategory/AP@0.5IOU/ride (e.g., a bike, a car, a horse)': 0.07633991496843501,
  'PascalBoxes_PerformanceByCategory/AP@0.5IOU/sit': 0.08305932203389826,
  'PascalBoxes_PerformanceByCategory/AP@0.5IOU/talk to (e.g., self, a person, a group)': 0.08483203346259423,
  'PascalBoxes_PerformanceByCategory/AP@0.5IOU/touch (an object)': 0.07035743973399838,
  'PascalBoxes_PerformanceByCategory/AP@0.5IOU/walk': 0.1579774527350263,
  'PascalBoxes_PerformanceByCategory/AP@0.5IOU/watch (a person)': 0.08827885152009013,
  'PascalBoxes_Precision/mAP@0.5IOU': 0.09207369142437949}
[12/09 05:52:01][INFO] ava_eval_helper.py: 182: AVA eval done in 1.489979 seconds.
[12/09 05:52:01][INFO] logging.py:  97: json_stats: {
  "RAM": "17.28/251.89G",
  "_type": "val_epoch",
  "cur_epoch": "9",
  "gpu_mem": "2.08G",
  "map": 0.09207,
  "mode": "val"
}
[12/09 06:44:43][INFO] ava_eval_helper.py: 165: Evaluating with 700 unique GT frames.
[12/09 06:44:43][INFO] ava_eval_helper.py: 167: Evaluating with 694 unique detection frames
[12/09 06:44:43][INFO] ava_eval_helper.py: 322: AVA results wrote to detections_latest.csv
[12/09 06:44:43][INFO] ava_eval_helper.py: 323: 	took 0 seconds.
[12/09 06:44:43][INFO] ava_eval_helper.py: 322: AVA results wrote to groundtruth_latest.csv
[12/09 06:44:43][INFO] ava_eval_helper.py: 323: 	took 0 seconds.
{ 'PascalBoxes_PerformanceByCategory/AP@0.5IOU/bend/bow (at the waist)': 0.07734681531414744,
  'PascalBoxes_PerformanceByCategory/AP@0.5IOU/carry/hold (an object)': 0.10801948668242035,
  'PascalBoxes_PerformanceByCategory/AP@0.5IOU/lie/sleep': 0.05128184059161873,
  'PascalBoxes_PerformanceByCategory/AP@0.5IOU/listen to (a person)': 0.1041668072160475,
  'PascalBoxes_PerformanceByCategory/AP@0.5IOU/ride (e.g., a bike, a car, a horse)': 0.07480083887865852,
  'PascalBoxes_PerformanceByCategory/AP@0.5IOU/sit': 0.08435030202010654,
  'PascalBoxes_PerformanceByCategory/AP@0.5IOU/talk to (e.g., self, a person, a group)': 0.08396869716686303,
  'PascalBoxes_PerformanceByCategory/AP@0.5IOU/touch (an object)': 0.06988198935571377,
  'PascalBoxes_PerformanceByCategory/AP@0.5IOU/walk': 0.1810157117438333,
  'PascalBoxes_PerformanceByCategory/AP@0.5IOU/watch (a person)': 0.10648452563550515,
  'PascalBoxes_Precision/mAP@0.5IOU': 0.09413170146049145}
[12/09 06:44:45][INFO] ava_eval_helper.py: 182: AVA eval done in 1.770225 seconds.
[12/09 06:44:45][INFO] logging.py:  97: json_stats: {
  "RAM": "16.69/251.89G",
  "_type": "val_epoch",
  "cur_epoch": "10",
  "gpu_mem": "2.08G",
  "map": 0.09413,
  "mode": "val"
}
[12/09 07:37:19][INFO] ava_eval_helper.py: 165: Evaluating with 700 unique GT frames.
[12/09 07:37:19][INFO] ava_eval_helper.py: 167: Evaluating with 694 unique detection frames
[12/09 07:37:19][INFO] ava_eval_helper.py: 322: AVA results wrote to detections_latest.csv
[12/09 07:37:19][INFO] ava_eval_helper.py: 323: 	took 0 seconds.
[12/09 07:37:19][INFO] ava_eval_helper.py: 322: AVA results wrote to groundtruth_latest.csv
[12/09 07:37:19][INFO] ava_eval_helper.py: 323: 	took 0 seconds.
{ 'PascalBoxes_PerformanceByCategory/AP@0.5IOU/bend/bow (at the waist)': 0.07473526884637999,
  'PascalBoxes_PerformanceByCategory/AP@0.5IOU/carry/hold (an object)': 0.14012752735077183,
  'PascalBoxes_PerformanceByCategory/AP@0.5IOU/lie/sleep': 0.05123973727422004,
  'PascalBoxes_PerformanceByCategory/AP@0.5IOU/listen to (a person)': 0.10590606808355742,
  'PascalBoxes_PerformanceByCategory/AP@0.5IOU/ride (e.g., a bike, a car, a horse)': 0.09906871730598138,
  'PascalBoxes_PerformanceByCategory/AP@0.5IOU/sit': 0.08317324012139599,
  'PascalBoxes_PerformanceByCategory/AP@0.5IOU/talk to (e.g., self, a person, a group)': 0.08330851943755166,
  'PascalBoxes_PerformanceByCategory/AP@0.5IOU/touch (an object)': 0.06954806902218569,
  'PascalBoxes_PerformanceByCategory/AP@0.5IOU/walk': 0.1644063071366483,
  'PascalBoxes_PerformanceByCategory/AP@0.5IOU/watch (a person)': 0.13552327214616197,
  'PascalBoxes_Precision/mAP@0.5IOU': 0.10070367267248541}
[12/09 07:37:20][INFO] ava_eval_helper.py: 182: AVA eval done in 1.515179 seconds.
[12/09 07:37:20][INFO] logging.py:  97: json_stats: {
  "RAM": "16.73/251.89G",
  "_type": "val_epoch",
  "cur_epoch": "11",
  "gpu_mem": "2.08G",
  "map": 0.10070,
  "mode": "val"
}
[12/09 08:27:54][INFO] ava_eval_helper.py: 165: Evaluating with 700 unique GT frames.
[12/09 08:27:54][INFO] ava_eval_helper.py: 167: Evaluating with 694 unique detection frames
[12/09 08:27:54][INFO] ava_eval_helper.py: 322: AVA results wrote to detections_latest.csv
[12/09 08:27:54][INFO] ava_eval_helper.py: 323: 	took 0 seconds.
[12/09 08:27:54][INFO] ava_eval_helper.py: 322: AVA results wrote to groundtruth_latest.csv
[12/09 08:27:54][INFO] ava_eval_helper.py: 323: 	took 0 seconds.
{ 'PascalBoxes_PerformanceByCategory/AP@0.5IOU/bend/bow (at the waist)': 0.07218201754385967,
  'PascalBoxes_PerformanceByCategory/AP@0.5IOU/carry/hold (an object)': 0.15282854812339136,
  'PascalBoxes_PerformanceByCategory/AP@0.5IOU/lie/sleep': 0.05168627440239677,
  'PascalBoxes_PerformanceByCategory/AP@0.5IOU/listen to (a person)': 0.10196560611799255,
  'PascalBoxes_PerformanceByCategory/AP@0.5IOU/ride (e.g., a bike, a car, a horse)': 0.10388846975045997,
  'PascalBoxes_PerformanceByCategory/AP@0.5IOU/sit': 0.0814825292002307,
  'PascalBoxes_PerformanceByCategory/AP@0.5IOU/talk to (e.g., self, a person, a group)': 0.0832639467110741,
  'PascalBoxes_PerformanceByCategory/AP@0.5IOU/touch (an object)': 0.06960526315789475,
  'PascalBoxes_PerformanceByCategory/AP@0.5IOU/walk': 0.14274519352416673,
  'PascalBoxes_PerformanceByCategory/AP@0.5IOU/watch (a person)': 0.14410464774333048,
  'PascalBoxes_Precision/mAP@0.5IOU': 0.10037524962747972}
[12/09 08:27:56][INFO] ava_eval_helper.py: 182: AVA eval done in 1.479922 seconds.
[12/09 08:27:56][INFO] logging.py:  97: json_stats: {
  "RAM": "16.51/251.89G",
  "_type": "val_epoch",
  "cur_epoch": "12",
  "gpu_mem": "2.08G",
  "map": 0.10038,
  "mode": "val"
}
slurmstepd: error: *** JOB 198644 ON biwirender06 CANCELLED AT 2020-12-09T09:04:32 ***
