
CommandNotFoundError: Your shell has not been properly configured to use 'conda activate'.
To initialize your shell, run

    $ conda init <SHELL_NAME>

Currently supported shells are:
  - bash
  - fish
  - tcsh
  - xonsh
  - zsh
  - powershell

See 'conda init --help' for more information and options.

IMPORTANT: You may need to close and restart your shell after running 'conda init'.


[12/18 23:12:13][INFO] train_net.py: 434: Train with config:
[12/18 23:12:13][INFO] train_net.py: 435: {'AVA': {'ANNOTATION_DIR': '/srv/beegfs02/scratch/da_action/data/kinetics700/annotations_10_500_100/',
         'BGR': False,
         'DETECTION_SCORE_THRESH': 0.8,
         'EXCLUSION_FILE': 'kinetics_val_excluded_timestamps_v2.1.csv',
         'FRAME_DIR': '/srv/beegfs02/scratch/da_action/data/kinetics700/frames/',
         'FRAME_LIST_DIR': '/srv/beegfs02/scratch/da_action/data/kinetics700/frame_lists_10_500_100/',
         'FULL_TEST_ON_VAL': True,
         'GROUNDTRUTH_FILE': 'kinetics_val_v2.1.csv',
         'IMG_PROC_BACKEND': 'cv2',
         'LABEL_MAP_FILE': 'ava_action_list_v2.2.pbtxt',
         'TEST_FORCE_FLIP': False,
         'TEST_LISTS': ['val.csv'],
         'TEST_PREDICT_BOX_LISTS': ['kinetics_val_predicted_boxes_gt.csv'],
         'TRAIN_GT_BOX_LISTS': ['kinetics_train_v2.1.csv'],
         'TRAIN_LISTS': ['train.csv'],
         'TRAIN_PCA_EIGVAL': [0.225, 0.224, 0.229],
         'TRAIN_PCA_EIGVEC': [[-0.5675, 0.7192, 0.4009],
                              [-0.5808, -0.0045, -0.814],
                              [-0.5836, -0.6948, 0.4203]],
         'TRAIN_PCA_JITTER_ONLY': True,
         'TRAIN_PREDICT_BOX_LISTS': [],
         'TRAIN_USE_COLOR_AUGMENTATION': False},
 'BENCHMARK': CfgNode({'NUM_EPOCHS': 5, 'LOG_PERIOD': 100, 'SHUFFLE': True}),
 'BN': {'NORM_TYPE': 'batchnorm',
        'NUM_BATCHES_PRECISE': 200,
        'NUM_SPLITS': 1,
        'NUM_SYNC_DEVICES': 1,
        'USE_PRECISE_STATS': False,
        'WEIGHT_DECAY': 0.0},
 'DA': {'ANNOTATION_DIR': '/srv/beegfs02/scratch/da_action/data/kinetics700/annotations_10_5_2/',
        'AUX': False,
        'AUX_TEST': False,
        'CLASSES': 0,
        'DATASET': 'da',
        'DETECTION_SCORE_THRESH': 0.8,
        'ENABLE': False,
        'EXCLUSION_FILE': 'kinetics_val_excluded_timestamps_v2.1.csv',
        'FRAME_DIR': '/srv/beegfs02/scratch/da_action/data/kinetics700/frames/',
        'FRAME_LIST_DIR': '/srv/beegfs02/scratch/da_action/data/kinetics700/frame_lists_10_5_2/',
        'FULL_TEST_ON_VAL': True,
        'GROUNDTRUTH_FILE': 'kinetics_val_v2.1.csv',
        'LABEL_MAP_FILE': 'ava_action_list_v2.2.pbtxt',
        'TEST_GT_BOX_LISTS': [],
        'TEST_LISTS': ['val.csv'],
        'TEST_PREDICT_BOX_LISTS': ['kinetics_val_predicted_boxes.csv'],
        'TRAIN_GT_BOX_LISTS': [],
        'TRAIN_LISTS': ['train.csv'],
        'TRAIN_PREDICT_BOX_LISTS': ['kinetics_train_predicted_boxes.csv'],
        'WEIGHT_AUX': 0.5,
        'WEIGHT_MAIN': 0.5},
 'DATA': {'DECODING_BACKEND': 'pyav',
          'ENSEMBLE_METHOD': 'sum',
          'INPUT_CHANNEL_NUM': [3, 3],
          'INV_UNIFORM_SAMPLE': False,
          'MEAN': [0.45, 0.45, 0.45],
          'MULTI_LABEL': False,
          'NUM_FRAMES': 32,
          'PATH_LABEL_SEPARATOR': ' ',
          'PATH_PREFIX': '',
          'PATH_TO_DATA_DIR': '',
          'RANDOM_FLIP': True,
          'REVERSE_INPUT_CHANNEL': False,
          'SAMPLING_RATE': 2,
          'STD': [0.225, 0.225, 0.225],
          'TARGET_FPS': 30,
          'TEST_CROP_SIZE': 256,
          'TRAIN_CROP_SIZE': 224,
          'TRAIN_JITTER_SCALES': [256, 320]},
 'DATA_LOADER': {'ENABLE_MULTI_THREAD_DECODE': False,
                 'NUM_WORKERS': 1,
                 'PIN_MEMORY': True},
 'DEMO': {'BUFFER_SIZE': 0,
          'CLIP_VIS_SIZE': 10,
          'COMMON_CLASS_NAMES': ['watch (a person)',
                                 'talk to (e.g., self, a person, a group)',
                                 'listen to (a person)',
                                 'touch (an object)',
                                 'carry/hold (an object)',
                                 'walk',
                                 'sit',
                                 'lie/sleep',
                                 'bend/bow (at the waist)'],
          'COMMON_CLASS_THRES': 0.7,
          'DETECTRON2_CFG': 'COCO-Detection/faster_rcnn_R_50_FPN_3x.yaml',
          'DETECTRON2_THRESH': 0.9,
          'DETECTRON2_WEIGHTS': 'detectron2://COCO-Detection/faster_rcnn_R_50_FPN_3x/137849458/model_final_280758.pkl',
          'DISPLAY_HEIGHT': 0,
          'DISPLAY_WIDTH': 0,
          'ENABLE': False,
          'FPS': 30,
          'GT_BOXES': '',
          'INPUT_FORMAT': 'BGR',
          'INPUT_VIDEO': '',
          'LABEL_FILE_PATH': '',
          'NUM_CLIPS_SKIP': 0,
          'NUM_VIS_INSTANCES': 2,
          'OUTPUT_FILE': '',
          'OUTPUT_FPS': -1,
          'PREDS_BOXES': '',
          'SLOWMO': 1,
          'STARTING_SECOND': 900,
          'THREAD_ENABLE': False,
          'UNCOMMON_CLASS_THRES': 0.3,
          'VIS_MODE': 'thres',
          'WEBCAM': -1},
 'DETECTION': {'ALIGNED': False,
               'ENABLE': True,
               'ROI_XFORM_RESOLUTION': 7,
               'SPATIAL_SCALE_FACTOR': 16},
 'DIST_BACKEND': 'nccl',
 'LOG_MODEL_INFO': False,
 'LOG_PERIOD': 10,
 'MODEL': {'ARCH': 'slowfast',
           'DROPCONNECT_RATE': 0.0,
           'DROPOUT_RATE': 0.5,
           'FC_INIT_STD': 0.01,
           'FREEZE_TO': 605,
           'HEAD_ACT': 'sigmoid',
           'LOSS_FUNC': 'bce',
           'MODEL_NAME': 'SlowFast',
           'MULTI_PATHWAY_ARCH': ['slowfast'],
           'NUM_CLASSES': 10,
           'SINGLE_PATHWAY_ARCH': ['c2d', 'i3d', 'slow', 'x3d']},
 'MULTIGRID': {'BN_BASE_SIZE': 8,
               'DEFAULT_B': 0,
               'DEFAULT_S': 0,
               'DEFAULT_T': 0,
               'EPOCH_FACTOR': 1.5,
               'EVAL_FREQ': 3,
               'LONG_CYCLE': False,
               'LONG_CYCLE_FACTORS': [(0.25, 0.7071067811865476),
                                      (0.5, 0.7071067811865476),
                                      (0.5, 1),
                                      (1, 1)],
               'LONG_CYCLE_SAMPLING_RATE': 0,
               'SHORT_CYCLE': False,
               'SHORT_CYCLE_FACTORS': [0.5, 0.7071067811865476]},
 'NONLOCAL': {'GROUP': [[1, 1], [1, 1], [1, 1], [1, 1]],
              'INSTANTIATION': 'dot_product',
              'LOCATION': [[[], []], [[], []], [[6, 13, 20], []], [[], []]],
              'POOL': [[[2, 2, 2], [2, 2, 2]],
                       [[2, 2, 2], [2, 2, 2]],
                       [[2, 2, 2], [2, 2, 2]],
                       [[2, 2, 2], [2, 2, 2]]]},
 'NUM_GPUS': 1,
 'NUM_SHARDS': 1,
 'OUTPUT_DIR': '/srv/beegfs02/scratch/da_action/data/output/ki_10_500_100_v3',
 'RESNET': {'DEPTH': 101,
            'INPLACE_RELU': True,
            'NUM_BLOCK_TEMP_KERNEL': [[3, 3], [4, 4], [6, 6], [3, 3]],
            'NUM_GROUPS': 1,
            'SPATIAL_DILATIONS': [[1, 1], [1, 1], [1, 1], [2, 2]],
            'SPATIAL_STRIDES': [[1, 1], [2, 2], [2, 2], [1, 1]],
            'STRIDE_1X1': False,
            'TRANS_FUNC': 'bottleneck_transform',
            'WIDTH_PER_GROUP': 64,
            'ZERO_INIT_FINAL_BN': True},
 'RNG_SEED': 0,
 'SHARD_ID': 0,
 'SLOWFAST': {'ALPHA': 4,
              'BETA_INV': 8,
              'FUSION_CONV_CHANNEL_RATIO': 2,
              'FUSION_KERNEL_SZ': 5},
 'SOLVER': {'BASE_LR': 0.1,
            'BASE_LR_SCALE_NUM_SHARDS': False,
            'COSINE_END_LR': 0.0,
            'DAMPENING': 0.0,
            'GAMMA': 0.1,
            'LRS': [],
            'LR_POLICY': 'cosine',
            'MAX_EPOCH': 15,
            'MOMENTUM': 0.9,
            'NESTEROV': True,
            'OPTIMIZING_METHOD': 'sgd',
            'STEPS': [],
            'STEP_SIZE': 1,
            'WARMUP_EPOCHS': 0.0,
            'WARMUP_FACTOR': 0.1,
            'WARMUP_START_LR': 0.01,
            'WEIGHT_DECAY': 1e-07},
 'TENSORBOARD': {'CATEGORIES_PATH': '',
                 'CLASS_NAMES_PATH': '',
                 'CONFUSION_MATRIX': {'ENABLE': False,
                                      'FIGSIZE': [8, 8],
                                      'SUBSET_PATH': ''},
                 'ENABLE': True,
                 'HISTOGRAM': {'ENABLE': False,
                               'FIGSIZE': [8, 8],
                               'SUBSET_PATH': '',
                               'TOPK': 10},
                 'LOG_DIR': 'tensorboard',
                 'MODEL_VIS': {'ACTIVATIONS': False,
                               'COLORMAP': 'Pastel2',
                               'ENABLE': False,
                               'GRAD_CAM': {'COLORMAP': 'viridis',
                                            'ENABLE': True,
                                            'LAYER_LIST': [],
                                            'USE_TRUE_LABEL': False},
                               'INPUT_VIDEO': False,
                               'LAYER_LIST': [],
                               'MODEL_WEIGHTS': False,
                               'TOPK_PREDS': 1},
                 'PREDICTIONS_PATH': '',
                 'WRONG_PRED_VIS': {'ENABLE': False,
                                    'SUBSET_PATH': '',
                                    'TAG': 'Incorrectly classified videos.'}},
 'TEST': {'BATCH_SIZE': 1,
          'CHECKPOINT_FILE_PATH': '',
          'CHECKPOINT_TYPE': 'pytorch',
          'DATASET': 'ava',
          'DETECTIONS_PATH': '',
          'ENABLE': True,
          'GT_PATH': '',
          'NUM_ENSEMBLE_VIEWS': 10,
          'NUM_SPATIAL_CROPS': 3,
          'SAVE_RESULTS_PATH': ''},
 'TRAIN': {'AUTO_RESUME': False,
           'BATCH_SIZE': 4,
           'CHECKPOINT_CLEAR_NAME_PATTERN': (),
           'CHECKPOINT_EPOCH_RESET': False,
           'CHECKPOINT_FILE_PATH': '/srv/beegfs02/scratch/da_action/data/models_pretrained/SLOWFAST_32x2_R101_50_50.pkl',
           'CHECKPOINT_INFLATE': False,
           'CHECKPOINT_PERIOD': 1,
           'CHECKPOINT_TYPE': 'pytorch',
           'DATASET': 'ava',
           'ENABLE': True,
           'EVAL_PERIOD': 1},
 'X3D': {'BN_LIN5': False,
         'BOTTLENECK_FACTOR': 1.0,
         'CHANNELWISE_3x3x3': True,
         'DEPTH_FACTOR': 1.0,
         'DIM_C1': 12,
         'DIM_C5': 2048,
         'SCALE_RES2': False,
         'WIDTH_FACTOR': 1.0}}
0 frozen s1.pathway0_stem.conv.weight
1 frozen s1.pathway0_stem.bn.weight
2 frozen s1.pathway0_stem.bn.bias
3 frozen s1.pathway1_stem.conv.weight
4 frozen s1.pathway1_stem.bn.weight
5 frozen s1.pathway1_stem.bn.bias
6 frozen s1_fuse.conv_f2s.weight
7 frozen s1_fuse.bn.weight
8 frozen s1_fuse.bn.bias
9 frozen s2.pathway0_res0.branch1.weight
10 frozen s2.pathway0_res0.branch1_bn.weight
11 frozen s2.pathway0_res0.branch1_bn.bias
12 frozen s2.pathway0_res0.branch2.a.weight
13 frozen s2.pathway0_res0.branch2.a_bn.weight
14 frozen s2.pathway0_res0.branch2.a_bn.bias
15 frozen s2.pathway0_res0.branch2.b.weight
16 frozen s2.pathway0_res0.branch2.b_bn.weight
17 frozen s2.pathway0_res0.branch2.b_bn.bias
18 frozen s2.pathway0_res0.branch2.c.weight
19 frozen s2.pathway0_res0.branch2.c_bn.weight
20 frozen s2.pathway0_res0.branch2.c_bn.bias
21 frozen s2.pathway0_res1.branch2.a.weight
22 frozen s2.pathway0_res1.branch2.a_bn.weight
23 frozen s2.pathway0_res1.branch2.a_bn.bias
24 frozen s2.pathway0_res1.branch2.b.weight
25 frozen s2.pathway0_res1.branch2.b_bn.weight
26 frozen s2.pathway0_res1.branch2.b_bn.bias
27 frozen s2.pathway0_res1.branch2.c.weight
28 frozen s2.pathway0_res1.branch2.c_bn.weight
29 frozen s2.pathway0_res1.branch2.c_bn.bias
30 frozen s2.pathway0_res2.branch2.a.weight
31 frozen s2.pathway0_res2.branch2.a_bn.weight
32 frozen s2.pathway0_res2.branch2.a_bn.bias
33 frozen s2.pathway0_res2.branch2.b.weight
34 frozen s2.pathway0_res2.branch2.b_bn.weight
35 frozen s2.pathway0_res2.branch2.b_bn.bias
36 frozen s2.pathway0_res2.branch2.c.weight
37 frozen s2.pathway0_res2.branch2.c_bn.weight
38 frozen s2.pathway0_res2.branch2.c_bn.bias
39 frozen s2.pathway1_res0.branch1.weight
40 frozen s2.pathway1_res0.branch1_bn.weight
41 frozen s2.pathway1_res0.branch1_bn.bias
42 frozen s2.pathway1_res0.branch2.a.weight
43 frozen s2.pathway1_res0.branch2.a_bn.weight
44 frozen s2.pathway1_res0.branch2.a_bn.bias
45 frozen s2.pathway1_res0.branch2.b.weight
46 frozen s2.pathway1_res0.branch2.b_bn.weight
47 frozen s2.pathway1_res0.branch2.b_bn.bias
48 frozen s2.pathway1_res0.branch2.c.weight
49 frozen s2.pathway1_res0.branch2.c_bn.weight
50 frozen s2.pathway1_res0.branch2.c_bn.bias
51 frozen s2.pathway1_res1.branch2.a.weight
52 frozen s2.pathway1_res1.branch2.a_bn.weight
53 frozen s2.pathway1_res1.branch2.a_bn.bias
54 frozen s2.pathway1_res1.branch2.b.weight
55 frozen s2.pathway1_res1.branch2.b_bn.weight
56 frozen s2.pathway1_res1.branch2.b_bn.bias
57 frozen s2.pathway1_res1.branch2.c.weight
58 frozen s2.pathway1_res1.branch2.c_bn.weight
59 frozen s2.pathway1_res1.branch2.c_bn.bias
60 frozen s2.pathway1_res2.branch2.a.weight
61 frozen s2.pathway1_res2.branch2.a_bn.weight
62 frozen s2.pathway1_res2.branch2.a_bn.bias
63 frozen s2.pathway1_res2.branch2.b.weight
64 frozen s2.pathway1_res2.branch2.b_bn.weight
65 frozen s2.pathway1_res2.branch2.b_bn.bias
66 frozen s2.pathway1_res2.branch2.c.weight
67 frozen s2.pathway1_res2.branch2.c_bn.weight
68 frozen s2.pathway1_res2.branch2.c_bn.bias
69 frozen s2_fuse.conv_f2s.weight
70 frozen s2_fuse.bn.weight
71 frozen s2_fuse.bn.bias
72 frozen s3.pathway0_res0.branch1.weight
73 frozen s3.pathway0_res0.branch1_bn.weight
74 frozen s3.pathway0_res0.branch1_bn.bias
75 frozen s3.pathway0_res0.branch2.a.weight
76 frozen s3.pathway0_res0.branch2.a_bn.weight
77 frozen s3.pathway0_res0.branch2.a_bn.bias
78 frozen s3.pathway0_res0.branch2.b.weight
79 frozen s3.pathway0_res0.branch2.b_bn.weight
80 frozen s3.pathway0_res0.branch2.b_bn.bias
81 frozen s3.pathway0_res0.branch2.c.weight
82 frozen s3.pathway0_res0.branch2.c_bn.weight
83 frozen s3.pathway0_res0.branch2.c_bn.bias
84 frozen s3.pathway0_res1.branch2.a.weight
85 frozen s3.pathway0_res1.branch2.a_bn.weight
86 frozen s3.pathway0_res1.branch2.a_bn.bias
87 frozen s3.pathway0_res1.branch2.b.weight
88 frozen s3.pathway0_res1.branch2.b_bn.weight
89 frozen s3.pathway0_res1.branch2.b_bn.bias
90 frozen s3.pathway0_res1.branch2.c.weight
91 frozen s3.pathway0_res1.branch2.c_bn.weight
92 frozen s3.pathway0_res1.branch2.c_bn.bias
93 frozen s3.pathway0_res2.branch2.a.weight
94 frozen s3.pathway0_res2.branch2.a_bn.weight
95 frozen s3.pathway0_res2.branch2.a_bn.bias
96 frozen s3.pathway0_res2.branch2.b.weight
97 frozen s3.pathway0_res2.branch2.b_bn.weight
98 frozen s3.pathway0_res2.branch2.b_bn.bias
99 frozen s3.pathway0_res2.branch2.c.weight
100 frozen s3.pathway0_res2.branch2.c_bn.weight
101 frozen s3.pathway0_res2.branch2.c_bn.bias
102 frozen s3.pathway0_res3.branch2.a.weight
103 frozen s3.pathway0_res3.branch2.a_bn.weight
104 frozen s3.pathway0_res3.branch2.a_bn.bias
105 frozen s3.pathway0_res3.branch2.b.weight
106 frozen s3.pathway0_res3.branch2.b_bn.weight
107 frozen s3.pathway0_res3.branch2.b_bn.bias
108 frozen s3.pathway0_res3.branch2.c.weight
109 frozen s3.pathway0_res3.branch2.c_bn.weight
110 frozen s3.pathway0_res3.branch2.c_bn.bias
111 frozen s3.pathway1_res0.branch1.weight
112 frozen s3.pathway1_res0.branch1_bn.weight
113 frozen s3.pathway1_res0.branch1_bn.bias
114 frozen s3.pathway1_res0.branch2.a.weight
115 frozen s3.pathway1_res0.branch2.a_bn.weight
116 frozen s3.pathway1_res0.branch2.a_bn.bias
117 frozen s3.pathway1_res0.branch2.b.weight
118 frozen s3.pathway1_res0.branch2.b_bn.weight
119 frozen s3.pathway1_res0.branch2.b_bn.bias
120 frozen s3.pathway1_res0.branch2.c.weight
121 frozen s3.pathway1_res0.branch2.c_bn.weight
122 frozen s3.pathway1_res0.branch2.c_bn.bias
123 frozen s3.pathway1_res1.branch2.a.weight
124 frozen s3.pathway1_res1.branch2.a_bn.weight
125 frozen s3.pathway1_res1.branch2.a_bn.bias
126 frozen s3.pathway1_res1.branch2.b.weight
127 frozen s3.pathway1_res1.branch2.b_bn.weight
128 frozen s3.pathway1_res1.branch2.b_bn.bias
129 frozen s3.pathway1_res1.branch2.c.weight
130 frozen s3.pathway1_res1.branch2.c_bn.weight
131 frozen s3.pathway1_res1.branch2.c_bn.bias
132 frozen s3.pathway1_res2.branch2.a.weight
133 frozen s3.pathway1_res2.branch2.a_bn.weight
134 frozen s3.pathway1_res2.branch2.a_bn.bias
135 frozen s3.pathway1_res2.branch2.b.weight
136 frozen s3.pathway1_res2.branch2.b_bn.weight
137 frozen s3.pathway1_res2.branch2.b_bn.bias
138 frozen s3.pathway1_res2.branch2.c.weight
139 frozen s3.pathway1_res2.branch2.c_bn.weight
140 frozen s3.pathway1_res2.branch2.c_bn.bias
141 frozen s3.pathway1_res3.branch2.a.weight
142 frozen s3.pathway1_res3.branch2.a_bn.weight
143 frozen s3.pathway1_res3.branch2.a_bn.bias
144 frozen s3.pathway1_res3.branch2.b.weight
145 frozen s3.pathway1_res3.branch2.b_bn.weight
146 frozen s3.pathway1_res3.branch2.b_bn.bias
147 frozen s3.pathway1_res3.branch2.c.weight
148 frozen s3.pathway1_res3.branch2.c_bn.weight
149 frozen s3.pathway1_res3.branch2.c_bn.bias
150 frozen s3_fuse.conv_f2s.weight
151 frozen s3_fuse.bn.weight
152 frozen s3_fuse.bn.bias
153 frozen s4.pathway0_res0.branch1.weight
154 frozen s4.pathway0_res0.branch1_bn.weight
155 frozen s4.pathway0_res0.branch1_bn.bias
156 frozen s4.pathway0_res0.branch2.a.weight
157 frozen s4.pathway0_res0.branch2.a_bn.weight
158 frozen s4.pathway0_res0.branch2.a_bn.bias
159 frozen s4.pathway0_res0.branch2.b.weight
160 frozen s4.pathway0_res0.branch2.b_bn.weight
161 frozen s4.pathway0_res0.branch2.b_bn.bias
162 frozen s4.pathway0_res0.branch2.c.weight
163 frozen s4.pathway0_res0.branch2.c_bn.weight
164 frozen s4.pathway0_res0.branch2.c_bn.bias
165 frozen s4.pathway0_res1.branch2.a.weight
166 frozen s4.pathway0_res1.branch2.a_bn.weight
167 frozen s4.pathway0_res1.branch2.a_bn.bias
168 frozen s4.pathway0_res1.branch2.b.weight
169 frozen s4.pathway0_res1.branch2.b_bn.weight
170 frozen s4.pathway0_res1.branch2.b_bn.bias
171 frozen s4.pathway0_res1.branch2.c.weight
172 frozen s4.pathway0_res1.branch2.c_bn.weight
173 frozen s4.pathway0_res1.branch2.c_bn.bias
174 frozen s4.pathway0_res2.branch2.a.weight
175 frozen s4.pathway0_res2.branch2.a_bn.weight
176 frozen s4.pathway0_res2.branch2.a_bn.bias
177 frozen s4.pathway0_res2.branch2.b.weight
178 frozen s4.pathway0_res2.branch2.b_bn.weight
179 frozen s4.pathway0_res2.branch2.b_bn.bias
180 frozen s4.pathway0_res2.branch2.c.weight
181 frozen s4.pathway0_res2.branch2.c_bn.weight
182 frozen s4.pathway0_res2.branch2.c_bn.bias
183 frozen s4.pathway0_res3.branch2.a.weight
184 frozen s4.pathway0_res3.branch2.a_bn.weight
185 frozen s4.pathway0_res3.branch2.a_bn.bias
186 frozen s4.pathway0_res3.branch2.b.weight
187 frozen s4.pathway0_res3.branch2.b_bn.weight
188 frozen s4.pathway0_res3.branch2.b_bn.bias
189 frozen s4.pathway0_res3.branch2.c.weight
190 frozen s4.pathway0_res3.branch2.c_bn.weight
191 frozen s4.pathway0_res3.branch2.c_bn.bias
192 frozen s4.pathway0_res4.branch2.a.weight
193 frozen s4.pathway0_res4.branch2.a_bn.weight
194 frozen s4.pathway0_res4.branch2.a_bn.bias
195 frozen s4.pathway0_res4.branch2.b.weight
196 frozen s4.pathway0_res4.branch2.b_bn.weight
197 frozen s4.pathway0_res4.branch2.b_bn.bias
198 frozen s4.pathway0_res4.branch2.c.weight
199 frozen s4.pathway0_res4.branch2.c_bn.weight
200 frozen s4.pathway0_res4.branch2.c_bn.bias
201 frozen s4.pathway0_res5.branch2.a.weight
202 frozen s4.pathway0_res5.branch2.a_bn.weight
203 frozen s4.pathway0_res5.branch2.a_bn.bias
204 frozen s4.pathway0_res5.branch2.b.weight
205 frozen s4.pathway0_res5.branch2.b_bn.weight
206 frozen s4.pathway0_res5.branch2.b_bn.bias
207 frozen s4.pathway0_res5.branch2.c.weight
208 frozen s4.pathway0_res5.branch2.c_bn.weight
209 frozen s4.pathway0_res5.branch2.c_bn.bias
210 frozen s4.pathway0_res6.branch2.a.weight
211 frozen s4.pathway0_res6.branch2.a_bn.weight
212 frozen s4.pathway0_res6.branch2.a_bn.bias
213 frozen s4.pathway0_res6.branch2.b.weight
214 frozen s4.pathway0_res6.branch2.b_bn.weight
215 frozen s4.pathway0_res6.branch2.b_bn.bias
216 frozen s4.pathway0_res6.branch2.c.weight
217 frozen s4.pathway0_res6.branch2.c_bn.weight
218 frozen s4.pathway0_res6.branch2.c_bn.bias
219 frozen s4.pathway0_nonlocal6.conv_theta.weight
220 frozen s4.pathway0_nonlocal6.conv_theta.bias
221 frozen s4.pathway0_nonlocal6.conv_phi.weight
222 frozen s4.pathway0_nonlocal6.conv_phi.bias
223 frozen s4.pathway0_nonlocal6.conv_g.weight
224 frozen s4.pathway0_nonlocal6.conv_g.bias
225 frozen s4.pathway0_nonlocal6.conv_out.weight
226 frozen s4.pathway0_nonlocal6.conv_out.bias
227 frozen s4.pathway0_nonlocal6.bn.weight
228 frozen s4.pathway0_nonlocal6.bn.bias
229 frozen s4.pathway0_res7.branch2.a.weight
230 frozen s4.pathway0_res7.branch2.a_bn.weight
231 frozen s4.pathway0_res7.branch2.a_bn.bias
232 frozen s4.pathway0_res7.branch2.b.weight
233 frozen s4.pathway0_res7.branch2.b_bn.weight
234 frozen s4.pathway0_res7.branch2.b_bn.bias
235 frozen s4.pathway0_res7.branch2.c.weight
236 frozen s4.pathway0_res7.branch2.c_bn.weight
237 frozen s4.pathway0_res7.branch2.c_bn.bias
238 frozen s4.pathway0_res8.branch2.a.weight
239 frozen s4.pathway0_res8.branch2.a_bn.weight
240 frozen s4.pathway0_res8.branch2.a_bn.bias
241 frozen s4.pathway0_res8.branch2.b.weight
242 frozen s4.pathway0_res8.branch2.b_bn.weight
243 frozen s4.pathway0_res8.branch2.b_bn.bias
244 frozen s4.pathway0_res8.branch2.c.weight
245 frozen s4.pathway0_res8.branch2.c_bn.weight
246 frozen s4.pathway0_res8.branch2.c_bn.bias
247 frozen s4.pathway0_res9.branch2.a.weight
248 frozen s4.pathway0_res9.branch2.a_bn.weight
249 frozen s4.pathway0_res9.branch2.a_bn.bias
250 frozen s4.pathway0_res9.branch2.b.weight
251 frozen s4.pathway0_res9.branch2.b_bn.weight
252 frozen s4.pathway0_res9.branch2.b_bn.bias
253 frozen s4.pathway0_res9.branch2.c.weight
254 frozen s4.pathway0_res9.branch2.c_bn.weight
255 frozen s4.pathway0_res9.branch2.c_bn.bias
256 frozen s4.pathway0_res10.branch2.a.weight
257 frozen s4.pathway0_res10.branch2.a_bn.weight
258 frozen s4.pathway0_res10.branch2.a_bn.bias
259 frozen s4.pathway0_res10.branch2.b.weight
260 frozen s4.pathway0_res10.branch2.b_bn.weight
261 frozen s4.pathway0_res10.branch2.b_bn.bias
262 frozen s4.pathway0_res10.branch2.c.weight
263 frozen s4.pathway0_res10.branch2.c_bn.weight
264 frozen s4.pathway0_res10.branch2.c_bn.bias
265 frozen s4.pathway0_res11.branch2.a.weight
266 frozen s4.pathway0_res11.branch2.a_bn.weight
267 frozen s4.pathway0_res11.branch2.a_bn.bias
268 frozen s4.pathway0_res11.branch2.b.weight
269 frozen s4.pathway0_res11.branch2.b_bn.weight
270 frozen s4.pathway0_res11.branch2.b_bn.bias
271 frozen s4.pathway0_res11.branch2.c.weight
272 frozen s4.pathway0_res11.branch2.c_bn.weight
273 frozen s4.pathway0_res11.branch2.c_bn.bias
274 frozen s4.pathway0_res12.branch2.a.weight
275 frozen s4.pathway0_res12.branch2.a_bn.weight
276 frozen s4.pathway0_res12.branch2.a_bn.bias
277 frozen s4.pathway0_res12.branch2.b.weight
278 frozen s4.pathway0_res12.branch2.b_bn.weight
279 frozen s4.pathway0_res12.branch2.b_bn.bias
280 frozen s4.pathway0_res12.branch2.c.weight
281 frozen s4.pathway0_res12.branch2.c_bn.weight
282 frozen s4.pathway0_res12.branch2.c_bn.bias
283 frozen s4.pathway0_res13.branch2.a.weight
284 frozen s4.pathway0_res13.branch2.a_bn.weight
285 frozen s4.pathway0_res13.branch2.a_bn.bias
286 frozen s4.pathway0_res13.branch2.b.weight
287 frozen s4.pathway0_res13.branch2.b_bn.weight
288 frozen s4.pathway0_res13.branch2.b_bn.bias
289 frozen s4.pathway0_res13.branch2.c.weight
290 frozen s4.pathway0_res13.branch2.c_bn.weight
291 frozen s4.pathway0_res13.branch2.c_bn.bias
292 frozen s4.pathway0_nonlocal13.conv_theta.weight
293 frozen s4.pathway0_nonlocal13.conv_theta.bias
294 frozen s4.pathway0_nonlocal13.conv_phi.weight
295 frozen s4.pathway0_nonlocal13.conv_phi.bias
296 frozen s4.pathway0_nonlocal13.conv_g.weight
297 frozen s4.pathway0_nonlocal13.conv_g.bias
298 frozen s4.pathway0_nonlocal13.conv_out.weight
299 frozen s4.pathway0_nonlocal13.conv_out.bias
300 frozen s4.pathway0_nonlocal13.bn.weight
301 frozen s4.pathway0_nonlocal13.bn.bias
302 frozen s4.pathway0_res14.branch2.a.weight
303 frozen s4.pathway0_res14.branch2.a_bn.weight
304 frozen s4.pathway0_res14.branch2.a_bn.bias
305 frozen s4.pathway0_res14.branch2.b.weight
306 frozen s4.pathway0_res14.branch2.b_bn.weight
307 frozen s4.pathway0_res14.branch2.b_bn.bias
308 frozen s4.pathway0_res14.branch2.c.weight
309 frozen s4.pathway0_res14.branch2.c_bn.weight
310 frozen s4.pathway0_res14.branch2.c_bn.bias
311 frozen s4.pathway0_res15.branch2.a.weight
312 frozen s4.pathway0_res15.branch2.a_bn.weight
313 frozen s4.pathway0_res15.branch2.a_bn.bias
314 frozen s4.pathway0_res15.branch2.b.weight
315 frozen s4.pathway0_res15.branch2.b_bn.weight
316 frozen s4.pathway0_res15.branch2.b_bn.bias
317 frozen s4.pathway0_res15.branch2.c.weight
318 frozen s4.pathway0_res15.branch2.c_bn.weight
319 frozen s4.pathway0_res15.branch2.c_bn.bias
320 frozen s4.pathway0_res16.branch2.a.weight
321 frozen s4.pathway0_res16.branch2.a_bn.weight
322 frozen s4.pathway0_res16.branch2.a_bn.bias
323 frozen s4.pathway0_res16.branch2.b.weight
324 frozen s4.pathway0_res16.branch2.b_bn.weight
325 frozen s4.pathway0_res16.branch2.b_bn.bias
326 frozen s4.pathway0_res16.branch2.c.weight
327 frozen s4.pathway0_res16.branch2.c_bn.weight
328 frozen s4.pathway0_res16.branch2.c_bn.bias
329 frozen s4.pathway0_res17.branch2.a.weight
330 frozen s4.pathway0_res17.branch2.a_bn.weight
331 frozen s4.pathway0_res17.branch2.a_bn.bias
332 frozen s4.pathway0_res17.branch2.b.weight
333 frozen s4.pathway0_res17.branch2.b_bn.weight
334 frozen s4.pathway0_res17.branch2.b_bn.bias
335 frozen s4.pathway0_res17.branch2.c.weight
336 frozen s4.pathway0_res17.branch2.c_bn.weight
337 frozen s4.pathway0_res17.branch2.c_bn.bias
338 frozen s4.pathway0_res18.branch2.a.weight
339 frozen s4.pathway0_res18.branch2.a_bn.weight
340 frozen s4.pathway0_res18.branch2.a_bn.bias
341 frozen s4.pathway0_res18.branch2.b.weight
342 frozen s4.pathway0_res18.branch2.b_bn.weight
343 frozen s4.pathway0_res18.branch2.b_bn.bias
344 frozen s4.pathway0_res18.branch2.c.weight
345 frozen s4.pathway0_res18.branch2.c_bn.weight
346 frozen s4.pathway0_res18.branch2.c_bn.bias
347 frozen s4.pathway0_res19.branch2.a.weight
348 frozen s4.pathway0_res19.branch2.a_bn.weight
349 frozen s4.pathway0_res19.branch2.a_bn.bias
350 frozen s4.pathway0_res19.branch2.b.weight
351 frozen s4.pathway0_res19.branch2.b_bn.weight
352 frozen s4.pathway0_res19.branch2.b_bn.bias
353 frozen s4.pathway0_res19.branch2.c.weight
354 frozen s4.pathway0_res19.branch2.c_bn.weight
355 frozen s4.pathway0_res19.branch2.c_bn.bias
356 frozen s4.pathway0_res20.branch2.a.weight
357 frozen s4.pathway0_res20.branch2.a_bn.weight
358 frozen s4.pathway0_res20.branch2.a_bn.bias
359 frozen s4.pathway0_res20.branch2.b.weight
360 frozen s4.pathway0_res20.branch2.b_bn.weight
361 frozen s4.pathway0_res20.branch2.b_bn.bias
362 frozen s4.pathway0_res20.branch2.c.weight
363 frozen s4.pathway0_res20.branch2.c_bn.weight
364 frozen s4.pathway0_res20.branch2.c_bn.bias
365 frozen s4.pathway0_nonlocal20.conv_theta.weight
366 frozen s4.pathway0_nonlocal20.conv_theta.bias
367 frozen s4.pathway0_nonlocal20.conv_phi.weight
368 frozen s4.pathway0_nonlocal20.conv_phi.bias
369 frozen s4.pathway0_nonlocal20.conv_g.weight
370 frozen s4.pathway0_nonlocal20.conv_g.bias
371 frozen s4.pathway0_nonlocal20.conv_out.weight
372 frozen s4.pathway0_nonlocal20.conv_out.bias
373 frozen s4.pathway0_nonlocal20.bn.weight
374 frozen s4.pathway0_nonlocal20.bn.bias
375 frozen s4.pathway0_res21.branch2.a.weight
376 frozen s4.pathway0_res21.branch2.a_bn.weight
377 frozen s4.pathway0_res21.branch2.a_bn.bias
378 frozen s4.pathway0_res21.branch2.b.weight
379 frozen s4.pathway0_res21.branch2.b_bn.weight
380 frozen s4.pathway0_res21.branch2.b_bn.bias
381 frozen s4.pathway0_res21.branch2.c.weight
382 frozen s4.pathway0_res21.branch2.c_bn.weight
383 frozen s4.pathway0_res21.branch2.c_bn.bias
384 frozen s4.pathway0_res22.branch2.a.weight
385 frozen s4.pathway0_res22.branch2.a_bn.weight
386 frozen s4.pathway0_res22.branch2.a_bn.bias
387 frozen s4.pathway0_res22.branch2.b.weight
388 frozen s4.pathway0_res22.branch2.b_bn.weight
389 frozen s4.pathway0_res22.branch2.b_bn.bias
390 frozen s4.pathway0_res22.branch2.c.weight
391 frozen s4.pathway0_res22.branch2.c_bn.weight
392 frozen s4.pathway0_res22.branch2.c_bn.bias
393 frozen s4.pathway1_res0.branch1.weight
394 frozen s4.pathway1_res0.branch1_bn.weight
395 frozen s4.pathway1_res0.branch1_bn.bias
396 frozen s4.pathway1_res0.branch2.a.weight
397 frozen s4.pathway1_res0.branch2.a_bn.weight
398 frozen s4.pathway1_res0.branch2.a_bn.bias
399 frozen s4.pathway1_res0.branch2.b.weight
400 frozen s4.pathway1_res0.branch2.b_bn.weight
401 frozen s4.pathway1_res0.branch2.b_bn.bias
402 frozen s4.pathway1_res0.branch2.c.weight
403 frozen s4.pathway1_res0.branch2.c_bn.weight
404 frozen s4.pathway1_res0.branch2.c_bn.bias
405 frozen s4.pathway1_res1.branch2.a.weight
406 frozen s4.pathway1_res1.branch2.a_bn.weight
407 frozen s4.pathway1_res1.branch2.a_bn.bias
408 frozen s4.pathway1_res1.branch2.b.weight
409 frozen s4.pathway1_res1.branch2.b_bn.weight
410 frozen s4.pathway1_res1.branch2.b_bn.bias
411 frozen s4.pathway1_res1.branch2.c.weight
412 frozen s4.pathway1_res1.branch2.c_bn.weight
413 frozen s4.pathway1_res1.branch2.c_bn.bias
414 frozen s4.pathway1_res2.branch2.a.weight
415 frozen s4.pathway1_res2.branch2.a_bn.weight
416 frozen s4.pathway1_res2.branch2.a_bn.bias
417 frozen s4.pathway1_res2.branch2.b.weight
418 frozen s4.pathway1_res2.branch2.b_bn.weight
419 frozen s4.pathway1_res2.branch2.b_bn.bias
420 frozen s4.pathway1_res2.branch2.c.weight
421 frozen s4.pathway1_res2.branch2.c_bn.weight
422 frozen s4.pathway1_res2.branch2.c_bn.bias
423 frozen s4.pathway1_res3.branch2.a.weight
424 frozen s4.pathway1_res3.branch2.a_bn.weight
425 frozen s4.pathway1_res3.branch2.a_bn.bias
426 frozen s4.pathway1_res3.branch2.b.weight
427 frozen s4.pathway1_res3.branch2.b_bn.weight
428 frozen s4.pathway1_res3.branch2.b_bn.bias
429 frozen s4.pathway1_res3.branch2.c.weight
430 frozen s4.pathway1_res3.branch2.c_bn.weight
431 frozen s4.pathway1_res3.branch2.c_bn.bias
432 frozen s4.pathway1_res4.branch2.a.weight
433 frozen s4.pathway1_res4.branch2.a_bn.weight
434 frozen s4.pathway1_res4.branch2.a_bn.bias
435 frozen s4.pathway1_res4.branch2.b.weight
436 frozen s4.pathway1_res4.branch2.b_bn.weight
437 frozen s4.pathway1_res4.branch2.b_bn.bias
438 frozen s4.pathway1_res4.branch2.c.weight
439 frozen s4.pathway1_res4.branch2.c_bn.weight
440 frozen s4.pathway1_res4.branch2.c_bn.bias
441 frozen s4.pathway1_res5.branch2.a.weight
442 frozen s4.pathway1_res5.branch2.a_bn.weight
443 frozen s4.pathway1_res5.branch2.a_bn.bias
444 frozen s4.pathway1_res5.branch2.b.weight
445 frozen s4.pathway1_res5.branch2.b_bn.weight
446 frozen s4.pathway1_res5.branch2.b_bn.bias
447 frozen s4.pathway1_res5.branch2.c.weight
448 frozen s4.pathway1_res5.branch2.c_bn.weight
449 frozen s4.pathway1_res5.branch2.c_bn.bias
450 frozen s4.pathway1_res6.branch2.a.weight
451 frozen s4.pathway1_res6.branch2.a_bn.weight
452 frozen s4.pathway1_res6.branch2.a_bn.bias
453 frozen s4.pathway1_res6.branch2.b.weight
454 frozen s4.pathway1_res6.branch2.b_bn.weight
455 frozen s4.pathway1_res6.branch2.b_bn.bias
456 frozen s4.pathway1_res6.branch2.c.weight
457 frozen s4.pathway1_res6.branch2.c_bn.weight
458 frozen s4.pathway1_res6.branch2.c_bn.bias
459 frozen s4.pathway1_res7.branch2.a.weight
460 frozen s4.pathway1_res7.branch2.a_bn.weight
461 frozen s4.pathway1_res7.branch2.a_bn.bias
462 frozen s4.pathway1_res7.branch2.b.weight
463 frozen s4.pathway1_res7.branch2.b_bn.weight
464 frozen s4.pathway1_res7.branch2.b_bn.bias
465 frozen s4.pathway1_res7.branch2.c.weight
466 frozen s4.pathway1_res7.branch2.c_bn.weight
467 frozen s4.pathway1_res7.branch2.c_bn.bias
468 frozen s4.pathway1_res8.branch2.a.weight
469 frozen s4.pathway1_res8.branch2.a_bn.weight
470 frozen s4.pathway1_res8.branch2.a_bn.bias
471 frozen s4.pathway1_res8.branch2.b.weight
472 frozen s4.pathway1_res8.branch2.b_bn.weight
473 frozen s4.pathway1_res8.branch2.b_bn.bias
474 frozen s4.pathway1_res8.branch2.c.weight
475 frozen s4.pathway1_res8.branch2.c_bn.weight
476 frozen s4.pathway1_res8.branch2.c_bn.bias
477 frozen s4.pathway1_res9.branch2.a.weight
478 frozen s4.pathway1_res9.branch2.a_bn.weight
479 frozen s4.pathway1_res9.branch2.a_bn.bias
480 frozen s4.pathway1_res9.branch2.b.weight
481 frozen s4.pathway1_res9.branch2.b_bn.weight
482 frozen s4.pathway1_res9.branch2.b_bn.bias
483 frozen s4.pathway1_res9.branch2.c.weight
484 frozen s4.pathway1_res9.branch2.c_bn.weight
485 frozen s4.pathway1_res9.branch2.c_bn.bias
486 frozen s4.pathway1_res10.branch2.a.weight
487 frozen s4.pathway1_res10.branch2.a_bn.weight
488 frozen s4.pathway1_res10.branch2.a_bn.bias
489 frozen s4.pathway1_res10.branch2.b.weight
490 frozen s4.pathway1_res10.branch2.b_bn.weight
491 frozen s4.pathway1_res10.branch2.b_bn.bias
492 frozen s4.pathway1_res10.branch2.c.weight
493 frozen s4.pathway1_res10.branch2.c_bn.weight
494 frozen s4.pathway1_res10.branch2.c_bn.bias
495 frozen s4.pathway1_res11.branch2.a.weight
496 frozen s4.pathway1_res11.branch2.a_bn.weight
497 frozen s4.pathway1_res11.branch2.a_bn.bias
498 frozen s4.pathway1_res11.branch2.b.weight
499 frozen s4.pathway1_res11.branch2.b_bn.weight
500 frozen s4.pathway1_res11.branch2.b_bn.bias
501 frozen s4.pathway1_res11.branch2.c.weight
502 frozen s4.pathway1_res11.branch2.c_bn.weight
503 frozen s4.pathway1_res11.branch2.c_bn.bias
504 frozen s4.pathway1_res12.branch2.a.weight
505 frozen s4.pathway1_res12.branch2.a_bn.weight
506 frozen s4.pathway1_res12.branch2.a_bn.bias
507 frozen s4.pathway1_res12.branch2.b.weight
508 frozen s4.pathway1_res12.branch2.b_bn.weight
509 frozen s4.pathway1_res12.branch2.b_bn.bias
510 frozen s4.pathway1_res12.branch2.c.weight
511 frozen s4.pathway1_res12.branch2.c_bn.weight
512 frozen s4.pathway1_res12.branch2.c_bn.bias
513 frozen s4.pathway1_res13.branch2.a.weight
514 frozen s4.pathway1_res13.branch2.a_bn.weight
515 frozen s4.pathway1_res13.branch2.a_bn.bias
516 frozen s4.pathway1_res13.branch2.b.weight
517 frozen s4.pathway1_res13.branch2.b_bn.weight
518 frozen s4.pathway1_res13.branch2.b_bn.bias
519 frozen s4.pathway1_res13.branch2.c.weight
520 frozen s4.pathway1_res13.branch2.c_bn.weight
521 frozen s4.pathway1_res13.branch2.c_bn.bias
522 frozen s4.pathway1_res14.branch2.a.weight
523 frozen s4.pathway1_res14.branch2.a_bn.weight
524 frozen s4.pathway1_res14.branch2.a_bn.bias
525 frozen s4.pathway1_res14.branch2.b.weight
526 frozen s4.pathway1_res14.branch2.b_bn.weight
527 frozen s4.pathway1_res14.branch2.b_bn.bias
528 frozen s4.pathway1_res14.branch2.c.weight
529 frozen s4.pathway1_res14.branch2.c_bn.weight
530 frozen s4.pathway1_res14.branch2.c_bn.bias
531 frozen s4.pathway1_res15.branch2.a.weight
532 frozen s4.pathway1_res15.branch2.a_bn.weight
533 frozen s4.pathway1_res15.branch2.a_bn.bias
534 frozen s4.pathway1_res15.branch2.b.weight
535 frozen s4.pathway1_res15.branch2.b_bn.weight
536 frozen s4.pathway1_res15.branch2.b_bn.bias
537 frozen s4.pathway1_res15.branch2.c.weight
538 frozen s4.pathway1_res15.branch2.c_bn.weight
539 frozen s4.pathway1_res15.branch2.c_bn.bias
540 frozen s4.pathway1_res16.branch2.a.weight
541 frozen s4.pathway1_res16.branch2.a_bn.weight
542 frozen s4.pathway1_res16.branch2.a_bn.bias
543 frozen s4.pathway1_res16.branch2.b.weight
544 frozen s4.pathway1_res16.branch2.b_bn.weight
545 frozen s4.pathway1_res16.branch2.b_bn.bias
546 frozen s4.pathway1_res16.branch2.c.weight
547 frozen s4.pathway1_res16.branch2.c_bn.weight
548 frozen s4.pathway1_res16.branch2.c_bn.bias
549 frozen s4.pathway1_res17.branch2.a.weight
550 frozen s4.pathway1_res17.branch2.a_bn.weight
551 frozen s4.pathway1_res17.branch2.a_bn.bias
552 frozen s4.pathway1_res17.branch2.b.weight
553 frozen s4.pathway1_res17.branch2.b_bn.weight
554 frozen s4.pathway1_res17.branch2.b_bn.bias
555 frozen s4.pathway1_res17.branch2.c.weight
556 frozen s4.pathway1_res17.branch2.c_bn.weight
557 frozen s4.pathway1_res17.branch2.c_bn.bias
558 frozen s4.pathway1_res18.branch2.a.weight
559 frozen s4.pathway1_res18.branch2.a_bn.weight
560 frozen s4.pathway1_res18.branch2.a_bn.bias
561 frozen s4.pathway1_res18.branch2.b.weight
562 frozen s4.pathway1_res18.branch2.b_bn.weight
563 frozen s4.pathway1_res18.branch2.b_bn.bias
564 frozen s4.pathway1_res18.branch2.c.weight
565 frozen s4.pathway1_res18.branch2.c_bn.weight
566 frozen s4.pathway1_res18.branch2.c_bn.bias
567 frozen s4.pathway1_res19.branch2.a.weight
568 frozen s4.pathway1_res19.branch2.a_bn.weight
569 frozen s4.pathway1_res19.branch2.a_bn.bias
570 frozen s4.pathway1_res19.branch2.b.weight
571 frozen s4.pathway1_res19.branch2.b_bn.weight
572 frozen s4.pathway1_res19.branch2.b_bn.bias
573 frozen s4.pathway1_res19.branch2.c.weight
574 frozen s4.pathway1_res19.branch2.c_bn.weight
575 frozen s4.pathway1_res19.branch2.c_bn.bias
576 frozen s4.pathway1_res20.branch2.a.weight
577 frozen s4.pathway1_res20.branch2.a_bn.weight
578 frozen s4.pathway1_res20.branch2.a_bn.bias
579 frozen s4.pathway1_res20.branch2.b.weight
580 frozen s4.pathway1_res20.branch2.b_bn.weight
581 frozen s4.pathway1_res20.branch2.b_bn.bias
582 frozen s4.pathway1_res20.branch2.c.weight
583 frozen s4.pathway1_res20.branch2.c_bn.weight
584 frozen s4.pathway1_res20.branch2.c_bn.bias
585 frozen s4.pathway1_res21.branch2.a.weight
586 frozen s4.pathway1_res21.branch2.a_bn.weight
587 frozen s4.pathway1_res21.branch2.a_bn.bias
588 frozen s4.pathway1_res21.branch2.b.weight
589 frozen s4.pathway1_res21.branch2.b_bn.weight
590 frozen s4.pathway1_res21.branch2.b_bn.bias
591 frozen s4.pathway1_res21.branch2.c.weight
592 frozen s4.pathway1_res21.branch2.c_bn.weight
593 frozen s4.pathway1_res21.branch2.c_bn.bias
594 frozen s4.pathway1_res22.branch2.a.weight
595 frozen s4.pathway1_res22.branch2.a_bn.weight
596 frozen s4.pathway1_res22.branch2.a_bn.bias
597 frozen s4.pathway1_res22.branch2.b.weight
598 frozen s4.pathway1_res22.branch2.b_bn.weight
599 frozen s4.pathway1_res22.branch2.b_bn.bias
600 frozen s4.pathway1_res22.branch2.c.weight
601 frozen s4.pathway1_res22.branch2.c_bn.weight
602 frozen s4.pathway1_res22.branch2.c_bn.bias
603 frozen s4_fuse.conv_f2s.weight
604 frozen s4_fuse.bn.weight
605 frozen s4_fuse.bn.bias
606 unfrozen s5.pathway0_res0.branch1.weight
607 unfrozen s5.pathway0_res0.branch1_bn.weight
608 unfrozen s5.pathway0_res0.branch1_bn.bias
609 unfrozen s5.pathway0_res0.branch2.a.weight
610 unfrozen s5.pathway0_res0.branch2.a_bn.weight
611 unfrozen s5.pathway0_res0.branch2.a_bn.bias
612 unfrozen s5.pathway0_res0.branch2.b.weight
613 unfrozen s5.pathway0_res0.branch2.b_bn.weight
614 unfrozen s5.pathway0_res0.branch2.b_bn.bias
615 unfrozen s5.pathway0_res0.branch2.c.weight
616 unfrozen s5.pathway0_res0.branch2.c_bn.weight
617 unfrozen s5.pathway0_res0.branch2.c_bn.bias
618 unfrozen s5.pathway0_res1.branch2.a.weight
619 unfrozen s5.pathway0_res1.branch2.a_bn.weight
620 unfrozen s5.pathway0_res1.branch2.a_bn.bias
621 unfrozen s5.pathway0_res1.branch2.b.weight
622 unfrozen s5.pathway0_res1.branch2.b_bn.weight
623 unfrozen s5.pathway0_res1.branch2.b_bn.bias
624 unfrozen s5.pathway0_res1.branch2.c.weight
625 unfrozen s5.pathway0_res1.branch2.c_bn.weight
626 unfrozen s5.pathway0_res1.branch2.c_bn.bias
627 unfrozen s5.pathway0_res2.branch2.a.weight
628 unfrozen s5.pathway0_res2.branch2.a_bn.weight
629 unfrozen s5.pathway0_res2.branch2.a_bn.bias
630 unfrozen s5.pathway0_res2.branch2.b.weight
631 unfrozen s5.pathway0_res2.branch2.b_bn.weight
632 unfrozen s5.pathway0_res2.branch2.b_bn.bias
633 unfrozen s5.pathway0_res2.branch2.c.weight
634 unfrozen s5.pathway0_res2.branch2.c_bn.weight
635 unfrozen s5.pathway0_res2.branch2.c_bn.bias
636 unfrozen s5.pathway1_res0.branch1.weight
637 unfrozen s5.pathway1_res0.branch1_bn.weight
638 unfrozen s5.pathway1_res0.branch1_bn.bias
639 unfrozen s5.pathway1_res0.branch2.a.weight
640 unfrozen s5.pathway1_res0.branch2.a_bn.weight
641 unfrozen s5.pathway1_res0.branch2.a_bn.bias
642 unfrozen s5.pathway1_res0.branch2.b.weight
643 unfrozen s5.pathway1_res0.branch2.b_bn.weight
644 unfrozen s5.pathway1_res0.branch2.b_bn.bias
645 unfrozen s5.pathway1_res0.branch2.c.weight
646 unfrozen s5.pathway1_res0.branch2.c_bn.weight
647 unfrozen s5.pathway1_res0.branch2.c_bn.bias
648 unfrozen s5.pathway1_res1.branch2.a.weight
649 unfrozen s5.pathway1_res1.branch2.a_bn.weight
650 unfrozen s5.pathway1_res1.branch2.a_bn.bias
651 unfrozen s5.pathway1_res1.branch2.b.weight
652 unfrozen s5.pathway1_res1.branch2.b_bn.weight
653 unfrozen s5.pathway1_res1.branch2.b_bn.bias
654 unfrozen s5.pathway1_res1.branch2.c.weight
655 unfrozen s5.pathway1_res1.branch2.c_bn.weight
656 unfrozen s5.pathway1_res1.branch2.c_bn.bias
657 unfrozen s5.pathway1_res2.branch2.a.weight
658 unfrozen s5.pathway1_res2.branch2.a_bn.weight
659 unfrozen s5.pathway1_res2.branch2.a_bn.bias
660 unfrozen s5.pathway1_res2.branch2.b.weight
661 unfrozen s5.pathway1_res2.branch2.b_bn.weight
662 unfrozen s5.pathway1_res2.branch2.b_bn.bias
663 unfrozen s5.pathway1_res2.branch2.c.weight
664 unfrozen s5.pathway1_res2.branch2.c_bn.weight
665 unfrozen s5.pathway1_res2.branch2.c_bn.bias
666 unfrozen head.projection.weight
667 unfrozen head.projection.bias
[12/18 23:12:26][INFO] checkpoint.py: 507: Load from given checkpoint file.
[12/18 23:12:26][INFO] checkpoint.py: 214: Loading network weights from /srv/beegfs02/scratch/da_action/data/models_pretrained/SLOWFAST_32x2_R101_50_50.pkl.
[12/18 23:12:32][INFO] checkpoint.py: 340: Network weights head.projection.weight not loaded.
[12/18 23:12:32][INFO] checkpoint.py: 340: Network weights head.projection.bias not loaded.
[12/18 23:12:39][INFO] ava_helper.py:  65: Finished loading image paths from: /srv/beegfs02/scratch/da_action/data/kinetics700/frame_lists_10_500_100/train.csv
[12/18 23:12:41][INFO] ava_helper.py: 111: Finished loading annotations from: /srv/beegfs02/scratch/da_action/data/kinetics700/annotations_10_500_100/kinetics_train_v2.1.csv
[12/18 23:12:41][INFO] ava_helper.py: 113: Detection threshold: 0.8
[12/18 23:12:41][INFO] ava_helper.py: 114: Number of unique boxes: 4121
[12/18 23:12:41][INFO] ava_helper.py: 115: Number of annotations: 5000
[12/18 23:12:42][INFO] ava_helper.py: 162: 3140 keyframes used.
[12/18 23:12:42][INFO] ava_dataset.py:  94: === AVA dataset summary ===
[12/18 23:12:42][INFO] ava_dataset.py:  95: Split: train
[12/18 23:12:42][INFO] ava_dataset.py:  96: Number of videos: 3140
[12/18 23:12:42][INFO] ava_dataset.py: 100: Number of frames: 565200
[12/18 23:12:42][INFO] ava_dataset.py: 101: Number of key frames: 3140
[12/18 23:12:42][INFO] ava_dataset.py: 102: Number of boxes: 4121.
[12/18 23:12:43][INFO] ava_helper.py:  65: Finished loading image paths from: /srv/beegfs02/scratch/da_action/data/kinetics700/frame_lists_10_500_100/val.csv
[12/18 23:12:43][INFO] ava_helper.py: 111: Finished loading annotations from: /srv/beegfs02/scratch/da_action/data/kinetics700/annotations_10_500_100/kinetics_val_predicted_boxes_gt.csv
[12/18 23:12:43][INFO] ava_helper.py: 113: Detection threshold: 0.8
[12/18 23:12:43][INFO] ava_helper.py: 114: Number of unique boxes: 790
[12/18 23:12:43][INFO] ava_helper.py: 115: Number of annotations: 0
[12/18 23:12:44][INFO] ava_helper.py: 162: 639 keyframes used.
[12/18 23:12:44][INFO] ava_dataset.py:  94: === AVA dataset summary ===
[12/18 23:12:44][INFO] ava_dataset.py:  95: Split: val
[12/18 23:12:44][INFO] ava_dataset.py:  96: Number of videos: 639
[12/18 23:12:44][INFO] ava_dataset.py: 100: Number of frames: 115020
[12/18 23:12:44][INFO] ava_dataset.py: 101: Number of key frames: 639
[12/18 23:12:44][INFO] ava_dataset.py: 102: Number of boxes: 790.
[12/18 23:12:46][INFO] ava_helper.py:  65: Finished loading image paths from: /srv/beegfs02/scratch/da_action/data/kinetics700/frame_lists_10_500_100/train.csv
[12/18 23:12:46][INFO] ava_helper.py:  65: Finished loading image paths from: /srv/beegfs02/scratch/da_action/data/kinetics700/frame_lists_10_500_100/val.csv
[12/18 23:12:46][INFO] tensorboard_vis.py:  57: To see logged results in Tensorboard, please launch using the command             `tensorboard  --port=<port-number> --logdir /srv/beegfs02/scratch/da_action/data/output/ki_10_500_100_v3/tensorboard`
[12/18 23:12:46][INFO] train_net.py: 493: Start epoch: 2
in log_iter_stats
in log_iter_stats
in log_iter_stats
in log_iter_stats
in log_iter_stats
in log_iter_stats
in log_iter_stats
in log_iter_stats
in log_iter_stats
in log_iter_stats
in log_iter_stats
in log_iter_stats
in log_iter_stats
in log_iter_stats
in log_iter_stats
in log_iter_stats
[12/19 00:11:15][INFO] ava_eval_helper.py: 165: Evaluating with 639 unique GT frames.
[12/19 00:11:15][INFO] ava_eval_helper.py: 167: Evaluating with 639 unique detection frames
[12/19 00:11:15][INFO] ava_eval_helper.py: 322: AVA results wrote to detections_latest.csv
[12/19 00:11:15][INFO] ava_eval_helper.py: 323: 	took 0 seconds.
[12/19 00:11:15][INFO] ava_eval_helper.py: 322: AVA results wrote to groundtruth_latest.csv
[12/19 00:11:15][INFO] ava_eval_helper.py: 323: 	took 0 seconds.
{ 'PascalBoxes_PerformanceByCategory/AP@0.5IOU/bend/bow (at the waist)': 0.5861858922637482,
  'PascalBoxes_PerformanceByCategory/AP@0.5IOU/carry/hold (an object)': 0.26186845398961967,
  'PascalBoxes_PerformanceByCategory/AP@0.5IOU/lie/sleep': 0.8441245724742664,
  'PascalBoxes_PerformanceByCategory/AP@0.5IOU/listen to (a person)': 0.488991349332713,
  'PascalBoxes_PerformanceByCategory/AP@0.5IOU/ride (e.g., a bike, a car, a horse)': 0.87942103432082,
  'PascalBoxes_PerformanceByCategory/AP@0.5IOU/sit': 0.28652291181533174,
  'PascalBoxes_PerformanceByCategory/AP@0.5IOU/talk to (e.g., self, a person, a group)': 0.6260533744745789,
  'PascalBoxes_PerformanceByCategory/AP@0.5IOU/touch (an object)': 0.3200690439258144,
  'PascalBoxes_PerformanceByCategory/AP@0.5IOU/walk': 0.5874246295596797,
  'PascalBoxes_PerformanceByCategory/AP@0.5IOU/watch (a person)': 0.38592244365886863,
  'PascalBoxes_Precision/mAP@0.5IOU': 0.5266583705815441}
[12/19 00:11:16][INFO] ava_eval_helper.py: 182: AVA eval done in 1.252855 seconds.
[12/19 00:11:16][INFO] logging.py:  97: json_stats: {
  "RAM": "14.79/251.81G",
  "_type": "val_epoch",
  "cur_epoch": "2",
  "gpu_mem": "2.01G",
  "map": 0.52666,
  "mode": "val"
}
in log_iter_stats
in log_iter_stats
in log_iter_stats
in log_iter_stats
in log_iter_stats
in log_iter_stats
in log_iter_stats
in log_iter_stats
in log_iter_stats
in log_iter_stats
in log_iter_stats
in log_iter_stats
in log_iter_stats
in log_iter_stats
in log_iter_stats
in log_iter_stats
[12/19 00:58:49][INFO] ava_eval_helper.py: 165: Evaluating with 639 unique GT frames.
[12/19 00:58:49][INFO] ava_eval_helper.py: 167: Evaluating with 639 unique detection frames
[12/19 00:58:49][INFO] ava_eval_helper.py: 322: AVA results wrote to detections_latest.csv
[12/19 00:58:49][INFO] ava_eval_helper.py: 323: 	took 0 seconds.
[12/19 00:58:49][INFO] ava_eval_helper.py: 322: AVA results wrote to groundtruth_latest.csv
[12/19 00:58:49][INFO] ava_eval_helper.py: 323: 	took 0 seconds.
{ 'PascalBoxes_PerformanceByCategory/AP@0.5IOU/bend/bow (at the waist)': 0.6828644351469446,
  'PascalBoxes_PerformanceByCategory/AP@0.5IOU/carry/hold (an object)': 0.24418122411804422,
  'PascalBoxes_PerformanceByCategory/AP@0.5IOU/lie/sleep': 0.8849822352756976,
  'PascalBoxes_PerformanceByCategory/AP@0.5IOU/listen to (a person)': 0.502231694193408,
  'PascalBoxes_PerformanceByCategory/AP@0.5IOU/ride (e.g., a bike, a car, a horse)': 0.9108713131883991,
  'PascalBoxes_PerformanceByCategory/AP@0.5IOU/sit': 0.3473631589214849,
  'PascalBoxes_PerformanceByCategory/AP@0.5IOU/talk to (e.g., self, a person, a group)': 0.6737343316131673,
  'PascalBoxes_PerformanceByCategory/AP@0.5IOU/touch (an object)': 0.392840817788291,
  'PascalBoxes_PerformanceByCategory/AP@0.5IOU/walk': 0.5865181124371955,
  'PascalBoxes_PerformanceByCategory/AP@0.5IOU/watch (a person)': 0.4475735364738664,
  'PascalBoxes_Precision/mAP@0.5IOU': 0.5673160859156499}
[12/19 00:58:51][INFO] ava_eval_helper.py: 182: AVA eval done in 1.190398 seconds.
[12/19 00:58:51][INFO] logging.py:  97: json_stats: {
  "RAM": "14.18/251.81G",
  "_type": "val_epoch",
  "cur_epoch": "3",
  "gpu_mem": "2.01G",
  "map": 0.56732,
  "mode": "val"
}
in log_iter_stats
in log_iter_stats
in log_iter_stats
in log_iter_stats
in log_iter_stats
in log_iter_stats
in log_iter_stats
in log_iter_stats
in log_iter_stats
in log_iter_stats
in log_iter_stats
in log_iter_stats
in log_iter_stats
in log_iter_stats
in log_iter_stats
in log_iter_stats
[12/19 01:43:20][INFO] ava_eval_helper.py: 165: Evaluating with 639 unique GT frames.
[12/19 01:43:20][INFO] ava_eval_helper.py: 167: Evaluating with 639 unique detection frames
[12/19 01:43:20][INFO] ava_eval_helper.py: 322: AVA results wrote to detections_latest.csv
[12/19 01:43:20][INFO] ava_eval_helper.py: 323: 	took 0 seconds.
[12/19 01:43:20][INFO] ava_eval_helper.py: 322: AVA results wrote to groundtruth_latest.csv
[12/19 01:43:20][INFO] ava_eval_helper.py: 323: 	took 0 seconds.
{ 'PascalBoxes_PerformanceByCategory/AP@0.5IOU/bend/bow (at the waist)': 0.6229988144338257,
  'PascalBoxes_PerformanceByCategory/AP@0.5IOU/carry/hold (an object)': 0.24444009737058237,
  'PascalBoxes_PerformanceByCategory/AP@0.5IOU/lie/sleep': 0.8892983694176095,
  'PascalBoxes_PerformanceByCategory/AP@0.5IOU/listen to (a person)': 0.5047480372864399,
  'PascalBoxes_PerformanceByCategory/AP@0.5IOU/ride (e.g., a bike, a car, a horse)': 0.9071569738060261,
  'PascalBoxes_PerformanceByCategory/AP@0.5IOU/sit': 0.35917731430813826,
  'PascalBoxes_PerformanceByCategory/AP@0.5IOU/talk to (e.g., self, a person, a group)': 0.6423155188516849,
  'PascalBoxes_PerformanceByCategory/AP@0.5IOU/touch (an object)': 0.375350084873415,
  'PascalBoxes_PerformanceByCategory/AP@0.5IOU/walk': 0.7099418892525704,
  'PascalBoxes_PerformanceByCategory/AP@0.5IOU/watch (a person)': 0.46639361347759095,
  'PascalBoxes_Precision/mAP@0.5IOU': 0.5721820713077884}
[12/19 01:43:21][INFO] ava_eval_helper.py: 182: AVA eval done in 0.944483 seconds.
[12/19 01:43:21][INFO] logging.py:  97: json_stats: {
  "RAM": "14.25/251.81G",
  "_type": "val_epoch",
  "cur_epoch": "4",
  "gpu_mem": "2.01G",
  "map": 0.57218,
  "mode": "val"
}
in log_iter_stats
in log_iter_stats
in log_iter_stats
in log_iter_stats
in log_iter_stats
in log_iter_stats
in log_iter_stats
in log_iter_stats
in log_iter_stats
in log_iter_stats
in log_iter_stats
in log_iter_stats
in log_iter_stats
in log_iter_stats
in log_iter_stats
in log_iter_stats
[12/19 02:31:26][INFO] ava_eval_helper.py: 165: Evaluating with 639 unique GT frames.
[12/19 02:31:26][INFO] ava_eval_helper.py: 167: Evaluating with 639 unique detection frames
[12/19 02:31:26][INFO] ava_eval_helper.py: 322: AVA results wrote to detections_latest.csv
[12/19 02:31:26][INFO] ava_eval_helper.py: 323: 	took 0 seconds.
[12/19 02:31:26][INFO] ava_eval_helper.py: 322: AVA results wrote to groundtruth_latest.csv
[12/19 02:31:26][INFO] ava_eval_helper.py: 323: 	took 0 seconds.
{ 'PascalBoxes_PerformanceByCategory/AP@0.5IOU/bend/bow (at the waist)': 0.6377482310477444,
  'PascalBoxes_PerformanceByCategory/AP@0.5IOU/carry/hold (an object)': 0.252000139137457,
  'PascalBoxes_PerformanceByCategory/AP@0.5IOU/lie/sleep': 0.8861482073103416,
  'PascalBoxes_PerformanceByCategory/AP@0.5IOU/listen to (a person)': 0.5083462693789162,
  'PascalBoxes_PerformanceByCategory/AP@0.5IOU/ride (e.g., a bike, a car, a horse)': 0.8798568658476796,
  'PascalBoxes_PerformanceByCategory/AP@0.5IOU/sit': 0.3756935707391924,
  'PascalBoxes_PerformanceByCategory/AP@0.5IOU/talk to (e.g., self, a person, a group)': 0.6069338484799683,
  'PascalBoxes_PerformanceByCategory/AP@0.5IOU/touch (an object)': 0.4039619512580968,
  'PascalBoxes_PerformanceByCategory/AP@0.5IOU/walk': 0.7230086170277457,
  'PascalBoxes_PerformanceByCategory/AP@0.5IOU/watch (a person)': 0.3972105608315862,
  'PascalBoxes_Precision/mAP@0.5IOU': 0.5670908261058729}
[12/19 02:31:27][INFO] ava_eval_helper.py: 182: AVA eval done in 0.954959 seconds.
[12/19 02:31:27][INFO] logging.py:  97: json_stats: {
  "RAM": "14.32/251.81G",
  "_type": "val_epoch",
  "cur_epoch": "5",
  "gpu_mem": "2.01G",
  "map": 0.56709,
  "mode": "val"
}
in log_iter_stats
in log_iter_stats
in log_iter_stats
in log_iter_stats
in log_iter_stats
in log_iter_stats
in log_iter_stats
in log_iter_stats
in log_iter_stats
in log_iter_stats
in log_iter_stats
in log_iter_stats
in log_iter_stats
in log_iter_stats
in log_iter_stats
in log_iter_stats
[12/19 03:19:52][INFO] ava_eval_helper.py: 165: Evaluating with 639 unique GT frames.
[12/19 03:19:52][INFO] ava_eval_helper.py: 167: Evaluating with 639 unique detection frames
[12/19 03:19:52][INFO] ava_eval_helper.py: 322: AVA results wrote to detections_latest.csv
[12/19 03:19:52][INFO] ava_eval_helper.py: 323: 	took 0 seconds.
[12/19 03:19:52][INFO] ava_eval_helper.py: 322: AVA results wrote to groundtruth_latest.csv
[12/19 03:19:52][INFO] ava_eval_helper.py: 323: 	took 0 seconds.
{ 'PascalBoxes_PerformanceByCategory/AP@0.5IOU/bend/bow (at the waist)': 0.6447204741024108,
  'PascalBoxes_PerformanceByCategory/AP@0.5IOU/carry/hold (an object)': 0.28221885451424905,
  'PascalBoxes_PerformanceByCategory/AP@0.5IOU/lie/sleep': 0.8901319634466547,
  'PascalBoxes_PerformanceByCategory/AP@0.5IOU/listen to (a person)': 0.5068889560217217,
  'PascalBoxes_PerformanceByCategory/AP@0.5IOU/ride (e.g., a bike, a car, a horse)': 0.888450760568102,
  'PascalBoxes_PerformanceByCategory/AP@0.5IOU/sit': 0.35607462362415987,
  'PascalBoxes_PerformanceByCategory/AP@0.5IOU/talk to (e.g., self, a person, a group)': 0.6209981903795669,
  'PascalBoxes_PerformanceByCategory/AP@0.5IOU/touch (an object)': 0.4205175233945334,
  'PascalBoxes_PerformanceByCategory/AP@0.5IOU/walk': 0.7046263738962447,
  'PascalBoxes_PerformanceByCategory/AP@0.5IOU/watch (a person)': 0.4201072688104987,
  'PascalBoxes_Precision/mAP@0.5IOU': 0.5734734988758141}
[12/19 03:19:53][INFO] ava_eval_helper.py: 182: AVA eval done in 0.980652 seconds.
[12/19 03:19:53][INFO] logging.py:  97: json_stats: {
  "RAM": "14.44/251.81G",
  "_type": "val_epoch",
  "cur_epoch": "6",
  "gpu_mem": "2.01G",
  "map": 0.57347,
  "mode": "val"
}
in log_iter_stats
in log_iter_stats
in log_iter_stats
in log_iter_stats
in log_iter_stats
in log_iter_stats
in log_iter_stats
in log_iter_stats
in log_iter_stats
in log_iter_stats
in log_iter_stats
in log_iter_stats
in log_iter_stats
in log_iter_stats
in log_iter_stats
in log_iter_stats
[12/19 04:08:24][INFO] ava_eval_helper.py: 165: Evaluating with 639 unique GT frames.
[12/19 04:08:24][INFO] ava_eval_helper.py: 167: Evaluating with 639 unique detection frames
[12/19 04:08:24][INFO] ava_eval_helper.py: 322: AVA results wrote to detections_latest.csv
[12/19 04:08:24][INFO] ava_eval_helper.py: 323: 	took 0 seconds.
[12/19 04:08:24][INFO] ava_eval_helper.py: 322: AVA results wrote to groundtruth_latest.csv
[12/19 04:08:24][INFO] ava_eval_helper.py: 323: 	took 0 seconds.
{ 'PascalBoxes_PerformanceByCategory/AP@0.5IOU/bend/bow (at the waist)': 0.6739982726282532,
  'PascalBoxes_PerformanceByCategory/AP@0.5IOU/carry/hold (an object)': 0.27913883860524685,
  'PascalBoxes_PerformanceByCategory/AP@0.5IOU/lie/sleep': 0.890806651695799,
  'PascalBoxes_PerformanceByCategory/AP@0.5IOU/listen to (a person)': 0.5058510364708297,
  'PascalBoxes_PerformanceByCategory/AP@0.5IOU/ride (e.g., a bike, a car, a horse)': 0.8949797289822355,
  'PascalBoxes_PerformanceByCategory/AP@0.5IOU/sit': 0.3514989379558806,
  'PascalBoxes_PerformanceByCategory/AP@0.5IOU/talk to (e.g., self, a person, a group)': 0.6447048866540757,
  'PascalBoxes_PerformanceByCategory/AP@0.5IOU/touch (an object)': 0.4176799006367158,
  'PascalBoxes_PerformanceByCategory/AP@0.5IOU/walk': 0.7101630009498561,
  'PascalBoxes_PerformanceByCategory/AP@0.5IOU/watch (a person)': 0.42474953121481385,
  'PascalBoxes_Precision/mAP@0.5IOU': 0.5793570785793707}
[12/19 04:08:25][INFO] ava_eval_helper.py: 182: AVA eval done in 1.108762 seconds.
[12/19 04:08:25][INFO] logging.py:  97: json_stats: {
  "RAM": "14.35/251.81G",
  "_type": "val_epoch",
  "cur_epoch": "7",
  "gpu_mem": "2.01G",
  "map": 0.57936,
  "mode": "val"
}
in log_iter_stats
in log_iter_stats
in log_iter_stats
in log_iter_stats
in log_iter_stats
in log_iter_stats
in log_iter_stats
in log_iter_stats
in log_iter_stats
in log_iter_stats
in log_iter_stats
in log_iter_stats
in log_iter_stats
in log_iter_stats
in log_iter_stats
in log_iter_stats
[12/19 04:56:20][INFO] ava_eval_helper.py: 165: Evaluating with 639 unique GT frames.
[12/19 04:56:20][INFO] ava_eval_helper.py: 167: Evaluating with 639 unique detection frames
[12/19 04:56:20][INFO] ava_eval_helper.py: 322: AVA results wrote to detections_latest.csv
[12/19 04:56:20][INFO] ava_eval_helper.py: 323: 	took 0 seconds.
[12/19 04:56:20][INFO] ava_eval_helper.py: 322: AVA results wrote to groundtruth_latest.csv
[12/19 04:56:20][INFO] ava_eval_helper.py: 323: 	took 0 seconds.
{ 'PascalBoxes_PerformanceByCategory/AP@0.5IOU/bend/bow (at the waist)': 0.671907565016102,
  'PascalBoxes_PerformanceByCategory/AP@0.5IOU/carry/hold (an object)': 0.2852982362218429,
  'PascalBoxes_PerformanceByCategory/AP@0.5IOU/lie/sleep': 0.8911304720775323,
  'PascalBoxes_PerformanceByCategory/AP@0.5IOU/listen to (a person)': 0.5148689843037604,
  'PascalBoxes_PerformanceByCategory/AP@0.5IOU/ride (e.g., a bike, a car, a horse)': 0.8963485558434323,
  'PascalBoxes_PerformanceByCategory/AP@0.5IOU/sit': 0.3571093686733622,
  'PascalBoxes_PerformanceByCategory/AP@0.5IOU/talk to (e.g., self, a person, a group)': 0.644699482455972,
  'PascalBoxes_PerformanceByCategory/AP@0.5IOU/touch (an object)': 0.42557561773661373,
  'PascalBoxes_PerformanceByCategory/AP@0.5IOU/walk': 0.7074497304299199,
  'PascalBoxes_PerformanceByCategory/AP@0.5IOU/watch (a person)': 0.43365871951131824,
  'PascalBoxes_Precision/mAP@0.5IOU': 0.5828046732269856}
[12/19 04:56:21][INFO] ava_eval_helper.py: 182: AVA eval done in 1.106453 seconds.
[12/19 04:56:21][INFO] logging.py:  97: json_stats: {
  "RAM": "14.35/251.81G",
  "_type": "val_epoch",
  "cur_epoch": "8",
  "gpu_mem": "2.01G",
  "map": 0.58280,
  "mode": "val"
}
in log_iter_stats
in log_iter_stats
in log_iter_stats
in log_iter_stats
in log_iter_stats
in log_iter_stats
in log_iter_stats
in log_iter_stats
in log_iter_stats
in log_iter_stats
in log_iter_stats
in log_iter_stats
in log_iter_stats
in log_iter_stats
in log_iter_stats
in log_iter_stats
[12/19 05:38:12][INFO] ava_eval_helper.py: 165: Evaluating with 639 unique GT frames.
[12/19 05:38:12][INFO] ava_eval_helper.py: 167: Evaluating with 639 unique detection frames
[12/19 05:38:12][INFO] ava_eval_helper.py: 322: AVA results wrote to detections_latest.csv
[12/19 05:38:12][INFO] ava_eval_helper.py: 323: 	took 0 seconds.
[12/19 05:38:12][INFO] ava_eval_helper.py: 322: AVA results wrote to groundtruth_latest.csv
[12/19 05:38:12][INFO] ava_eval_helper.py: 323: 	took 0 seconds.
{ 'PascalBoxes_PerformanceByCategory/AP@0.5IOU/bend/bow (at the waist)': 0.669587751160301,
  'PascalBoxes_PerformanceByCategory/AP@0.5IOU/carry/hold (an object)': 0.2860866996494683,
  'PascalBoxes_PerformanceByCategory/AP@0.5IOU/lie/sleep': 0.8881851671516743,
  'PascalBoxes_PerformanceByCategory/AP@0.5IOU/listen to (a person)': 0.5120396437847747,
  'PascalBoxes_PerformanceByCategory/AP@0.5IOU/ride (e.g., a bike, a car, a horse)': 0.8974264710811826,
  'PascalBoxes_PerformanceByCategory/AP@0.5IOU/sit': 0.35944203685247317,
  'PascalBoxes_PerformanceByCategory/AP@0.5IOU/talk to (e.g., self, a person, a group)': 0.6464948515477733,
  'PascalBoxes_PerformanceByCategory/AP@0.5IOU/touch (an object)': 0.42985317946298346,
  'PascalBoxes_PerformanceByCategory/AP@0.5IOU/walk': 0.707349921867206,
  'PascalBoxes_PerformanceByCategory/AP@0.5IOU/watch (a person)': 0.440417267832937,
  'PascalBoxes_Precision/mAP@0.5IOU': 0.5836882990390773}
[12/19 05:38:13][INFO] ava_eval_helper.py: 182: AVA eval done in 0.987851 seconds.
[12/19 05:38:13][INFO] logging.py:  97: json_stats: {
  "RAM": "14.50/251.81G",
  "_type": "val_epoch",
  "cur_epoch": "9",
  "gpu_mem": "2.01G",
  "map": 0.58369,
  "mode": "val"
}
in log_iter_stats
in log_iter_stats
in log_iter_stats
in log_iter_stats
in log_iter_stats
in log_iter_stats
in log_iter_stats
in log_iter_stats
in log_iter_stats
in log_iter_stats
in log_iter_stats
in log_iter_stats
in log_iter_stats
in log_iter_stats
in log_iter_stats
in log_iter_stats
[12/19 06:19:57][INFO] ava_eval_helper.py: 165: Evaluating with 639 unique GT frames.
[12/19 06:19:57][INFO] ava_eval_helper.py: 167: Evaluating with 639 unique detection frames
[12/19 06:19:57][INFO] ava_eval_helper.py: 322: AVA results wrote to detections_latest.csv
[12/19 06:19:57][INFO] ava_eval_helper.py: 323: 	took 0 seconds.
[12/19 06:19:57][INFO] ava_eval_helper.py: 322: AVA results wrote to groundtruth_latest.csv
[12/19 06:19:57][INFO] ava_eval_helper.py: 323: 	took 0 seconds.
{ 'PascalBoxes_PerformanceByCategory/AP@0.5IOU/bend/bow (at the waist)': 0.6682858066797049,
  'PascalBoxes_PerformanceByCategory/AP@0.5IOU/carry/hold (an object)': 0.28455130798036465,
  'PascalBoxes_PerformanceByCategory/AP@0.5IOU/lie/sleep': 0.8873271139264634,
  'PascalBoxes_PerformanceByCategory/AP@0.5IOU/listen to (a person)': 0.5117625626733706,
  'PascalBoxes_PerformanceByCategory/AP@0.5IOU/ride (e.g., a bike, a car, a horse)': 0.8965416822413322,
  'PascalBoxes_PerformanceByCategory/AP@0.5IOU/sit': 0.35897224759594676,
  'PascalBoxes_PerformanceByCategory/AP@0.5IOU/talk to (e.g., self, a person, a group)': 0.6464549408111072,
  'PascalBoxes_PerformanceByCategory/AP@0.5IOU/touch (an object)': 0.4327602995386178,
  'PascalBoxes_PerformanceByCategory/AP@0.5IOU/walk': 0.7088410147120993,
  'PascalBoxes_PerformanceByCategory/AP@0.5IOU/watch (a person)': 0.4374175013811258,
  'PascalBoxes_Precision/mAP@0.5IOU': 0.5832914477540132}
[12/19 06:19:58][INFO] ava_eval_helper.py: 182: AVA eval done in 1.156028 seconds.
[12/19 06:19:58][INFO] logging.py:  97: json_stats: {
  "RAM": "14.53/251.81G",
  "_type": "val_epoch",
  "cur_epoch": "10",
  "gpu_mem": "2.01G",
  "map": 0.58329,
  "mode": "val"
}
in log_iter_stats
in log_iter_stats
in log_iter_stats
in log_iter_stats
in log_iter_stats
in log_iter_stats
in log_iter_stats
in log_iter_stats
in log_iter_stats
in log_iter_stats
in log_iter_stats
in log_iter_stats
in log_iter_stats
in log_iter_stats
in log_iter_stats
in log_iter_stats
[12/19 07:01:48][INFO] ava_eval_helper.py: 165: Evaluating with 639 unique GT frames.
[12/19 07:01:48][INFO] ava_eval_helper.py: 167: Evaluating with 639 unique detection frames
[12/19 07:01:48][INFO] ava_eval_helper.py: 322: AVA results wrote to detections_latest.csv
[12/19 07:01:48][INFO] ava_eval_helper.py: 323: 	took 0 seconds.
[12/19 07:01:48][INFO] ava_eval_helper.py: 322: AVA results wrote to groundtruth_latest.csv
[12/19 07:01:48][INFO] ava_eval_helper.py: 323: 	took 0 seconds.
{ 'PascalBoxes_PerformanceByCategory/AP@0.5IOU/bend/bow (at the waist)': 0.6675895138686854,
  'PascalBoxes_PerformanceByCategory/AP@0.5IOU/carry/hold (an object)': 0.285390939842061,
  'PascalBoxes_PerformanceByCategory/AP@0.5IOU/lie/sleep': 0.891383104201382,
  'PascalBoxes_PerformanceByCategory/AP@0.5IOU/listen to (a person)': 0.5120163061948245,
  'PascalBoxes_PerformanceByCategory/AP@0.5IOU/ride (e.g., a bike, a car, a horse)': 0.8970406521110849,
  'PascalBoxes_PerformanceByCategory/AP@0.5IOU/sit': 0.3586758175979641,
  'PascalBoxes_PerformanceByCategory/AP@0.5IOU/talk to (e.g., self, a person, a group)': 0.6471504754055335,
  'PascalBoxes_PerformanceByCategory/AP@0.5IOU/touch (an object)': 0.4326884302923904,
  'PascalBoxes_PerformanceByCategory/AP@0.5IOU/walk': 0.707592521879348,
  'PascalBoxes_PerformanceByCategory/AP@0.5IOU/watch (a person)': 0.43932475645895885,
  'PascalBoxes_Precision/mAP@0.5IOU': 0.5838852517852232}
[12/19 07:01:48][INFO] ava_eval_helper.py: 182: AVA eval done in 1.000830 seconds.
[12/19 07:01:48][INFO] logging.py:  97: json_stats: {
  "RAM": "14.53/251.81G",
  "_type": "val_epoch",
  "cur_epoch": "11",
  "gpu_mem": "2.01G",
  "map": 0.58389,
  "mode": "val"
}
in log_iter_stats
in log_iter_stats
in log_iter_stats
in log_iter_stats
in log_iter_stats
in log_iter_stats
in log_iter_stats
in log_iter_stats
in log_iter_stats
in log_iter_stats
in log_iter_stats
in log_iter_stats
in log_iter_stats
in log_iter_stats
in log_iter_stats
in log_iter_stats
[12/19 07:43:40][INFO] ava_eval_helper.py: 165: Evaluating with 639 unique GT frames.
[12/19 07:43:40][INFO] ava_eval_helper.py: 167: Evaluating with 639 unique detection frames
[12/19 07:43:40][INFO] ava_eval_helper.py: 322: AVA results wrote to detections_latest.csv
[12/19 07:43:40][INFO] ava_eval_helper.py: 323: 	took 0 seconds.
[12/19 07:43:40][INFO] ava_eval_helper.py: 322: AVA results wrote to groundtruth_latest.csv
[12/19 07:43:40][INFO] ava_eval_helper.py: 323: 	took 0 seconds.
{ 'PascalBoxes_PerformanceByCategory/AP@0.5IOU/bend/bow (at the waist)': 0.6648611471750576,
  'PascalBoxes_PerformanceByCategory/AP@0.5IOU/carry/hold (an object)': 0.28547024265916837,
  'PascalBoxes_PerformanceByCategory/AP@0.5IOU/lie/sleep': 0.8867664571255217,
  'PascalBoxes_PerformanceByCategory/AP@0.5IOU/listen to (a person)': 0.5127284759387122,
  'PascalBoxes_PerformanceByCategory/AP@0.5IOU/ride (e.g., a bike, a car, a horse)': 0.898957038858325,
  'PascalBoxes_PerformanceByCategory/AP@0.5IOU/sit': 0.35778653510946995,
  'PascalBoxes_PerformanceByCategory/AP@0.5IOU/talk to (e.g., self, a person, a group)': 0.6460057042475037,
  'PascalBoxes_PerformanceByCategory/AP@0.5IOU/touch (an object)': 0.43387138595505637,
  'PascalBoxes_PerformanceByCategory/AP@0.5IOU/walk': 0.7089021818489852,
  'PascalBoxes_PerformanceByCategory/AP@0.5IOU/watch (a person)': 0.44087865542638094,
  'PascalBoxes_Precision/mAP@0.5IOU': 0.5836227824344181}
[12/19 07:43:41][INFO] ava_eval_helper.py: 182: AVA eval done in 1.221435 seconds.
[12/19 07:43:41][INFO] logging.py:  97: json_stats: {
  "RAM": "14.51/251.81G",
  "_type": "val_epoch",
  "cur_epoch": "12",
  "gpu_mem": "2.01G",
  "map": 0.58362,
  "mode": "val"
}
in log_iter_stats
in log_iter_stats
in log_iter_stats
in log_iter_stats
in log_iter_stats
in log_iter_stats
in log_iter_stats
in log_iter_stats
in log_iter_stats
in log_iter_stats
in log_iter_stats
in log_iter_stats
in log_iter_stats
in log_iter_stats
in log_iter_stats
in log_iter_stats
[12/19 08:25:36][INFO] ava_eval_helper.py: 165: Evaluating with 639 unique GT frames.
[12/19 08:25:36][INFO] ava_eval_helper.py: 167: Evaluating with 639 unique detection frames
[12/19 08:25:36][INFO] ava_eval_helper.py: 322: AVA results wrote to detections_latest.csv
[12/19 08:25:36][INFO] ava_eval_helper.py: 323: 	took 0 seconds.
[12/19 08:25:36][INFO] ava_eval_helper.py: 322: AVA results wrote to groundtruth_latest.csv
[12/19 08:25:36][INFO] ava_eval_helper.py: 323: 	took 0 seconds.
{ 'PascalBoxes_PerformanceByCategory/AP@0.5IOU/bend/bow (at the waist)': 0.6647753473381184,
  'PascalBoxes_PerformanceByCategory/AP@0.5IOU/carry/hold (an object)': 0.2864840149447415,
  'PascalBoxes_PerformanceByCategory/AP@0.5IOU/lie/sleep': 0.8863922244446588,
  'PascalBoxes_PerformanceByCategory/AP@0.5IOU/listen to (a person)': 0.5127276609238021,
  'PascalBoxes_PerformanceByCategory/AP@0.5IOU/ride (e.g., a bike, a car, a horse)': 0.898967859845096,
  'PascalBoxes_PerformanceByCategory/AP@0.5IOU/sit': 0.357373499683362,
  'PascalBoxes_PerformanceByCategory/AP@0.5IOU/talk to (e.g., self, a person, a group)': 0.645973592126614,
  'PascalBoxes_PerformanceByCategory/AP@0.5IOU/touch (an object)': 0.43433292311212945,
  'PascalBoxes_PerformanceByCategory/AP@0.5IOU/walk': 0.7096961572744014,
  'PascalBoxes_PerformanceByCategory/AP@0.5IOU/watch (a person)': 0.4388300190010944,
  'PascalBoxes_Precision/mAP@0.5IOU': 0.5835553298694018}
[12/19 08:25:37][INFO] ava_eval_helper.py: 182: AVA eval done in 1.319403 seconds.
[12/19 08:25:37][INFO] logging.py:  97: json_stats: {
  "RAM": "14.53/251.81G",
  "_type": "val_epoch",
  "cur_epoch": "13",
  "gpu_mem": "2.01G",
  "map": 0.58356,
  "mode": "val"
}
in log_iter_stats
in log_iter_stats
in log_iter_stats
in log_iter_stats
in log_iter_stats
in log_iter_stats
in log_iter_stats
in log_iter_stats
in log_iter_stats
in log_iter_stats
in log_iter_stats
in log_iter_stats
in log_iter_stats
in log_iter_stats
in log_iter_stats
in log_iter_stats
[12/19 09:07:03][INFO] ava_eval_helper.py: 165: Evaluating with 639 unique GT frames.
[12/19 09:07:03][INFO] ava_eval_helper.py: 167: Evaluating with 639 unique detection frames
[12/19 09:07:03][INFO] ava_eval_helper.py: 322: AVA results wrote to detections_latest.csv
[12/19 09:07:03][INFO] ava_eval_helper.py: 323: 	took 0 seconds.
[12/19 09:07:03][INFO] ava_eval_helper.py: 322: AVA results wrote to groundtruth_latest.csv
[12/19 09:07:03][INFO] ava_eval_helper.py: 323: 	took 0 seconds.
{ 'PascalBoxes_PerformanceByCategory/AP@0.5IOU/bend/bow (at the waist)': 0.664140077770672,
  'PascalBoxes_PerformanceByCategory/AP@0.5IOU/carry/hold (an object)': 0.2878603963974481,
  'PascalBoxes_PerformanceByCategory/AP@0.5IOU/lie/sleep': 0.884980331661584,
  'PascalBoxes_PerformanceByCategory/AP@0.5IOU/listen to (a person)': 0.5127434267264482,
  'PascalBoxes_PerformanceByCategory/AP@0.5IOU/ride (e.g., a bike, a car, a horse)': 0.8990359329686382,
  'PascalBoxes_PerformanceByCategory/AP@0.5IOU/sit': 0.3574621648419272,
  'PascalBoxes_PerformanceByCategory/AP@0.5IOU/talk to (e.g., self, a person, a group)': 0.6480125041322228,
  'PascalBoxes_PerformanceByCategory/AP@0.5IOU/touch (an object)': 0.43440500248716285,
  'PascalBoxes_PerformanceByCategory/AP@0.5IOU/walk': 0.7089519478807658,
  'PascalBoxes_PerformanceByCategory/AP@0.5IOU/watch (a person)': 0.44025800403954507,
  'PascalBoxes_Precision/mAP@0.5IOU': 0.5837849788906413}
[12/19 09:07:04][INFO] ava_eval_helper.py: 182: AVA eval done in 1.101414 seconds.
[12/19 09:07:04][INFO] logging.py:  97: json_stats: {
  "RAM": "12.37/251.81G",
  "_type": "val_epoch",
  "cur_epoch": "14",
  "gpu_mem": "2.01G",
  "map": 0.58378,
  "mode": "val"
}
in log_iter_stats
in log_iter_stats
in log_iter_stats
in log_iter_stats
in log_iter_stats
in log_iter_stats
in log_iter_stats
in log_iter_stats
in log_iter_stats
in log_iter_stats
in log_iter_stats
in log_iter_stats
in log_iter_stats
in log_iter_stats
in log_iter_stats
in log_iter_stats
[12/19 09:48:47][INFO] ava_eval_helper.py: 165: Evaluating with 639 unique GT frames.
[12/19 09:48:47][INFO] ava_eval_helper.py: 167: Evaluating with 639 unique detection frames
[12/19 09:48:47][INFO] ava_eval_helper.py: 322: AVA results wrote to detections_latest.csv
[12/19 09:48:47][INFO] ava_eval_helper.py: 323: 	took 0 seconds.
[12/19 09:48:47][INFO] ava_eval_helper.py: 322: AVA results wrote to groundtruth_latest.csv
[12/19 09:48:47][INFO] ava_eval_helper.py: 323: 	took 0 seconds.
{ 'PascalBoxes_PerformanceByCategory/AP@0.5IOU/bend/bow (at the waist)': 0.6641665868973855,
  'PascalBoxes_PerformanceByCategory/AP@0.5IOU/carry/hold (an object)': 0.2878603963974481,
  'PascalBoxes_PerformanceByCategory/AP@0.5IOU/lie/sleep': 0.884980331661584,
  'PascalBoxes_PerformanceByCategory/AP@0.5IOU/listen to (a person)': 0.5127434267264482,
  'PascalBoxes_PerformanceByCategory/AP@0.5IOU/ride (e.g., a bike, a car, a horse)': 0.8990359329686382,
  'PascalBoxes_PerformanceByCategory/AP@0.5IOU/sit': 0.3574666382011283,
  'PascalBoxes_PerformanceByCategory/AP@0.5IOU/talk to (e.g., self, a person, a group)': 0.6480229084291204,
  'PascalBoxes_PerformanceByCategory/AP@0.5IOU/touch (an object)': 0.43446016100783263,
  'PascalBoxes_PerformanceByCategory/AP@0.5IOU/walk': 0.7089519478807658,
  'PascalBoxes_PerformanceByCategory/AP@0.5IOU/watch (a person)': 0.44025800403954507,
  'PascalBoxes_Precision/mAP@0.5IOU': 0.5837946334209896}
[12/19 09:48:48][INFO] ava_eval_helper.py: 182: AVA eval done in 1.057512 seconds.
[12/19 09:48:48][INFO] logging.py:  97: json_stats: {
  "RAM": "12.32/251.81G",
  "_type": "val_epoch",
  "cur_epoch": "15",
  "gpu_mem": "2.01G",
  "map": 0.58379,
  "mode": "val"
}
[12/19 09:48:48][INFO] test_net.py: 177: Test with config:
[12/19 09:48:48][INFO] test_net.py: 178: AVA:
  ANNOTATION_DIR: /srv/beegfs02/scratch/da_action/data/kinetics700/annotations_10_500_100/
  BGR: False
  DETECTION_SCORE_THRESH: 0.8
  EXCLUSION_FILE: kinetics_val_excluded_timestamps_v2.1.csv
  FRAME_DIR: /srv/beegfs02/scratch/da_action/data/kinetics700/frames/
  FRAME_LIST_DIR: /srv/beegfs02/scratch/da_action/data/kinetics700/frame_lists_10_500_100/
  FULL_TEST_ON_VAL: True
  GROUNDTRUTH_FILE: kinetics_val_v2.1.csv
  IMG_PROC_BACKEND: cv2
  LABEL_MAP_FILE: ava_action_list_v2.2.pbtxt
  TEST_FORCE_FLIP: False
  TEST_LISTS: ['val.csv']
  TEST_PREDICT_BOX_LISTS: ['kinetics_val_predicted_boxes_gt.csv']
  TRAIN_GT_BOX_LISTS: ['kinetics_train_v2.1.csv']
  TRAIN_LISTS: ['train.csv']
  TRAIN_PCA_EIGVAL: [0.225, 0.224, 0.229]
  TRAIN_PCA_EIGVEC: [[-0.5675, 0.7192, 0.4009], [-0.5808, -0.0045, -0.814], [-0.5836, -0.6948, 0.4203]]
  TRAIN_PCA_JITTER_ONLY: True
  TRAIN_PREDICT_BOX_LISTS: []
  TRAIN_USE_COLOR_AUGMENTATION: False
BENCHMARK:
  LOG_PERIOD: 100
  NUM_EPOCHS: 5
  SHUFFLE: True
BN:
  NORM_TYPE: batchnorm
  NUM_BATCHES_PRECISE: 200
  NUM_SPLITS: 1
  NUM_SYNC_DEVICES: 1
  USE_PRECISE_STATS: False
  WEIGHT_DECAY: 0.0
DA:
  ANNOTATION_DIR: /srv/beegfs02/scratch/da_action/data/kinetics700/annotations_10_5_2/
  AUX: False
  AUX_TEST: False
  CLASSES: 0
  DATASET: da
  DETECTION_SCORE_THRESH: 0.8
  ENABLE: False
  EXCLUSION_FILE: kinetics_val_excluded_timestamps_v2.1.csv
  FRAME_DIR: /srv/beegfs02/scratch/da_action/data/kinetics700/frames/
  FRAME_LIST_DIR: /srv/beegfs02/scratch/da_action/data/kinetics700/frame_lists_10_5_2/
  FULL_TEST_ON_VAL: True
  GROUNDTRUTH_FILE: kinetics_val_v2.1.csv
  LABEL_MAP_FILE: ava_action_list_v2.2.pbtxt
  TEST_GT_BOX_LISTS: []
  TEST_LISTS: ['val.csv']
  TEST_PREDICT_BOX_LISTS: ['kinetics_val_predicted_boxes.csv']
  TRAIN_GT_BOX_LISTS: []
  TRAIN_LISTS: ['train.csv']
  TRAIN_PREDICT_BOX_LISTS: ['kinetics_train_predicted_boxes.csv']
  WEIGHT_AUX: 0.5
  WEIGHT_MAIN: 0.5
DATA:
  DECODING_BACKEND: pyav
  ENSEMBLE_METHOD: sum
  INPUT_CHANNEL_NUM: [3, 3]
  INV_UNIFORM_SAMPLE: False
  MEAN: [0.45, 0.45, 0.45]
  MULTI_LABEL: False
  NUM_FRAMES: 32
  PATH_LABEL_SEPARATOR:  
  PATH_PREFIX: 
  PATH_TO_DATA_DIR: 
  RANDOM_FLIP: True
  REVERSE_INPUT_CHANNEL: False
  SAMPLING_RATE: 2
  STD: [0.225, 0.225, 0.225]
  TARGET_FPS: 30
  TEST_CROP_SIZE: 256
  TRAIN_CROP_SIZE: 224
  TRAIN_JITTER_SCALES: [256, 320]
DATA_LOADER:
  ENABLE_MULTI_THREAD_DECODE: False
  NUM_WORKERS: 1
  PIN_MEMORY: True
DEMO:
  BUFFER_SIZE: 0
  CLIP_VIS_SIZE: 10
  COMMON_CLASS_NAMES: ['watch (a person)', 'talk to (e.g., self, a person, a group)', 'listen to (a person)', 'touch (an object)', 'carry/hold (an object)', 'walk', 'sit', 'lie/sleep', 'bend/bow (at the waist)']
  COMMON_CLASS_THRES: 0.7
  DETECTRON2_CFG: COCO-Detection/faster_rcnn_R_50_FPN_3x.yaml
  DETECTRON2_THRESH: 0.9
  DETECTRON2_WEIGHTS: detectron2://COCO-Detection/faster_rcnn_R_50_FPN_3x/137849458/model_final_280758.pkl
  DISPLAY_HEIGHT: 0
  DISPLAY_WIDTH: 0
  ENABLE: False
  FPS: 30
  GT_BOXES: 
  INPUT_FORMAT: BGR
  INPUT_VIDEO: 
  LABEL_FILE_PATH: 
  NUM_CLIPS_SKIP: 0
  NUM_VIS_INSTANCES: 2
  OUTPUT_FILE: 
  OUTPUT_FPS: -1
  PREDS_BOXES: 
  SLOWMO: 1
  STARTING_SECOND: 900
  THREAD_ENABLE: False
  UNCOMMON_CLASS_THRES: 0.3
  VIS_MODE: thres
  WEBCAM: -1
DETECTION:
  ALIGNED: False
  ENABLE: True
  ROI_XFORM_RESOLUTION: 7
  SPATIAL_SCALE_FACTOR: 16
DIST_BACKEND: nccl
LOG_MODEL_INFO: False
LOG_PERIOD: 10
MODEL:
  ARCH: slowfast
  DROPCONNECT_RATE: 0.0
  DROPOUT_RATE: 0.5
  FC_INIT_STD: 0.01
  FREEZE_TO: 605
  HEAD_ACT: sigmoid
  LOSS_FUNC: bce
  MODEL_NAME: SlowFast
  MULTI_PATHWAY_ARCH: ['slowfast']
  NUM_CLASSES: 10
  SINGLE_PATHWAY_ARCH: ['c2d', 'i3d', 'slow', 'x3d']
MULTIGRID:
  BN_BASE_SIZE: 8
  DEFAULT_B: 0
  DEFAULT_S: 0
  DEFAULT_T: 0
  EPOCH_FACTOR: 1.5
  EVAL_FREQ: 3
  LONG_CYCLE: False
  LONG_CYCLE_FACTORS: [(0.25, 0.7071067811865476), (0.5, 0.7071067811865476), (0.5, 1), (1, 1)]
  LONG_CYCLE_SAMPLING_RATE: 0
  SHORT_CYCLE: False
  SHORT_CYCLE_FACTORS: [0.5, 0.7071067811865476]
NONLOCAL:
  GROUP: [[1, 1], [1, 1], [1, 1], [1, 1]]
  INSTANTIATION: dot_product
  LOCATION: [[[], []], [[], []], [[6, 13, 20], []], [[], []]]
  POOL: [[[2, 2, 2], [2, 2, 2]], [[2, 2, 2], [2, 2, 2]], [[2, 2, 2], [2, 2, 2]], [[2, 2, 2], [2, 2, 2]]]
NUM_GPUS: 1
NUM_SHARDS: 1
OUTPUT_DIR: /srv/beegfs02/scratch/da_action/data/output/ki_10_500_100_v3
RESNET:
  DEPTH: 101
  INPLACE_RELU: True
  NUM_BLOCK_TEMP_KERNEL: [[3, 3], [4, 4], [6, 6], [3, 3]]
  NUM_GROUPS: 1
  SPATIAL_DILATIONS: [[1, 1], [1, 1], [1, 1], [2, 2]]
  SPATIAL_STRIDES: [[1, 1], [2, 2], [2, 2], [1, 1]]
  STRIDE_1X1: False
  TRANS_FUNC: bottleneck_transform
  WIDTH_PER_GROUP: 64
  ZERO_INIT_FINAL_BN: True
RNG_SEED: 0
SHARD_ID: 0
SLOWFAST:
  ALPHA: 4
  BETA_INV: 8
  FUSION_CONV_CHANNEL_RATIO: 2
  FUSION_KERNEL_SZ: 5
SOLVER:
  BASE_LR: 0.1
  BASE_LR_SCALE_NUM_SHARDS: False
  COSINE_END_LR: 0.0
  DAMPENING: 0.0
  GAMMA: 0.1
  LRS: []
  LR_POLICY: cosine
  MAX_EPOCH: 15
  MOMENTUM: 0.9
  NESTEROV: True
  OPTIMIZING_METHOD: sgd
  STEPS: []
  STEP_SIZE: 1
  WARMUP_EPOCHS: 0.0
  WARMUP_FACTOR: 0.1
  WARMUP_START_LR: 0.01
  WEIGHT_DECAY: 1e-07
TENSORBOARD:
  CATEGORIES_PATH: 
  CLASS_NAMES_PATH: 
  CONFUSION_MATRIX:
    ENABLE: False
    FIGSIZE: [8, 8]
    SUBSET_PATH: 
  ENABLE: True
  HISTOGRAM:
    ENABLE: False
    FIGSIZE: [8, 8]
    SUBSET_PATH: 
    TOPK: 10
  LOG_DIR: tensorboard
  MODEL_VIS:
    ACTIVATIONS: False
    COLORMAP: Pastel2
    ENABLE: False
    GRAD_CAM:
      COLORMAP: viridis
      ENABLE: True
      LAYER_LIST: []
      USE_TRUE_LABEL: False
    INPUT_VIDEO: False
    LAYER_LIST: []
    MODEL_WEIGHTS: False
    TOPK_PREDS: 1
  PREDICTIONS_PATH: 
  WRONG_PRED_VIS:
    ENABLE: False
    SUBSET_PATH: 
    TAG: Incorrectly classified videos.
TEST:
  BATCH_SIZE: 1
  CHECKPOINT_FILE_PATH: 
  CHECKPOINT_TYPE: pytorch
  DATASET: ava
  DETECTIONS_PATH: 
  ENABLE: True
  GT_PATH: 
  NUM_ENSEMBLE_VIEWS: 10
  NUM_SPATIAL_CROPS: 3
  SAVE_RESULTS_PATH: 
TRAIN:
  AUTO_RESUME: False
  BATCH_SIZE: 4
  CHECKPOINT_CLEAR_NAME_PATTERN: ()
  CHECKPOINT_EPOCH_RESET: False
  CHECKPOINT_FILE_PATH: /srv/beegfs02/scratch/da_action/data/models_pretrained/SLOWFAST_32x2_R101_50_50.pkl
  CHECKPOINT_INFLATE: False
  CHECKPOINT_PERIOD: 1
  CHECKPOINT_TYPE: pytorch
  DATASET: ava
  ENABLE: True
  EVAL_PERIOD: 1
X3D:
  BN_LIN5: False
  BOTTLENECK_FACTOR: 1.0
  CHANNELWISE_3x3x3: True
  DEPTH_FACTOR: 1.0
  DIM_C1: 12
  DIM_C5: 2048
  SCALE_RES2: False
  WIDTH_FACTOR: 1.0
[12/19 09:48:49][INFO] checkpoint.py: 214: Loading network weights from /srv/beegfs02/scratch/da_action/data/output/ki_10_500_100_v3/checkpoints/checkpoint_epoch_00015.pyth.
[12/19 09:48:53][INFO] ava_helper.py:  65: Finished loading image paths from: /srv/beegfs02/scratch/da_action/data/kinetics700/frame_lists_10_500_100/val.csv
[12/19 09:48:53][INFO] ava_helper.py: 111: Finished loading annotations from: /srv/beegfs02/scratch/da_action/data/kinetics700/annotations_10_500_100/kinetics_val_predicted_boxes_gt.csv
[12/19 09:48:53][INFO] ava_helper.py: 113: Detection threshold: 0.8
[12/19 09:48:53][INFO] ava_helper.py: 114: Number of unique boxes: 790
[12/19 09:48:53][INFO] ava_helper.py: 115: Number of annotations: 0
[12/19 09:48:54][INFO] ava_helper.py: 162: 639 keyframes used.
[12/19 09:48:54][INFO] ava_dataset.py:  94: === AVA dataset summary ===
[12/19 09:48:54][INFO] ava_dataset.py:  95: Split: test
[12/19 09:48:54][INFO] ava_dataset.py:  96: Number of videos: 639
[12/19 09:48:54][INFO] ava_dataset.py: 100: Number of frames: 115020
[12/19 09:48:54][INFO] ava_dataset.py: 101: Number of key frames: 639
[12/19 09:48:54][INFO] ava_dataset.py: 102: Number of boxes: 790.
[12/19 09:48:54][INFO] test_net.py: 189: Testing model for 639 iterations
[12/19 09:48:54][INFO] ava_helper.py:  65: Finished loading image paths from: /srv/beegfs02/scratch/da_action/data/kinetics700/frame_lists_10_500_100/val.csv
[12/19 09:48:54][INFO] tensorboard_vis.py:  57: To see logged results in Tensorboard, please launch using the command             `tensorboard  --port=<port-number> --logdir /srv/beegfs02/scratch/da_action/data/output/ki_10_500_100_v3/tensorboard`
[12/19 09:53:33][INFO] ava_eval_helper.py: 165: Evaluating with 639 unique GT frames.
[12/19 09:53:33][INFO] ava_eval_helper.py: 167: Evaluating with 639 unique detection frames
[12/19 09:53:33][INFO] ava_eval_helper.py: 322: AVA results wrote to detections_latest.csv
[12/19 09:53:33][INFO] ava_eval_helper.py: 323: 	took 0 seconds.
[12/19 09:53:33][INFO] ava_eval_helper.py: 322: AVA results wrote to groundtruth_latest.csv
[12/19 09:53:33][INFO] ava_eval_helper.py: 323: 	took 0 seconds.
{ 'PascalBoxes_PerformanceByCategory/AP@0.5IOU/bend/bow (at the waist)': 0.6996835209938239,
  'PascalBoxes_PerformanceByCategory/AP@0.5IOU/carry/hold (an object)': 0.3067433098046225,
  'PascalBoxes_PerformanceByCategory/AP@0.5IOU/lie/sleep': 0.9150755202723218,
  'PascalBoxes_PerformanceByCategory/AP@0.5IOU/listen to (a person)': 0.46990526564034335,
  'PascalBoxes_PerformanceByCategory/AP@0.5IOU/ride (e.g., a bike, a car, a horse)': 0.9147329106175283,
  'PascalBoxes_PerformanceByCategory/AP@0.5IOU/sit': 0.3711095686107066,
  'PascalBoxes_PerformanceByCategory/AP@0.5IOU/talk to (e.g., self, a person, a group)': 0.6754747645504267,
  'PascalBoxes_PerformanceByCategory/AP@0.5IOU/touch (an object)': 0.42528816228034977,
  'PascalBoxes_PerformanceByCategory/AP@0.5IOU/walk': 0.7241741929817856,
  'PascalBoxes_PerformanceByCategory/AP@0.5IOU/watch (a person)': 0.4588959904069836,
  'PascalBoxes_Precision/mAP@0.5IOU': 0.5961083206158893}
[12/19 09:53:34][INFO] ava_eval_helper.py: 182: AVA eval done in 0.981670 seconds.
[12/19 09:53:34][INFO] logging.py:  97: json_stats: {
  "map": 0.59611,
  "mode": "test"
}
