
CommandNotFoundError: Your shell has not been properly configured to use 'conda activate'.
To initialize your shell, run

    $ conda init <SHELL_NAME>

Currently supported shells are:
  - bash
  - fish
  - tcsh
  - xonsh
  - zsh
  - powershell

See 'conda init --help' for more information and options.

IMPORTANT: You may need to close and restart your shell after running 'conda init'.


[12/22 08:31:58][INFO] train_da.py: 611: Train with config:
[12/22 08:31:58][INFO] train_da.py: 612: {'AVA': {'ANNOTATION_DIR': '/srv/beegfs02/scratch/da_action/data/ava/annotations_10_500_100/',
         'BGR': False,
         'DETECTION_SCORE_THRESH': 0.8,
         'EXCLUSION_FILE': 'ava_val_excluded_timestamps_v2.2.csv',
         'FRAME_DIR': '/srv/beegfs02/scratch/da_action/data/ava/frames/',
         'FRAME_LIST_DIR': '/srv/beegfs02/scratch/da_action/data/ava/frame_lists_10_500_100/',
         'FULL_TEST_ON_VAL': True,
         'GROUNDTRUTH_FILE': 'ava_val_v2.2.csv',
         'IMG_PROC_BACKEND': 'cv2',
         'LABEL_MAP_FILE': 'ava_action_list_v2.2.pbtxt',
         'TEST_FORCE_FLIP': False,
         'TEST_LISTS': ['val.csv'],
         'TEST_PREDICT_BOX_LISTS': ['ava_val_predicted_boxes_gt.csv'],
         'TRAIN_GT_BOX_LISTS': ['ava_train_v2.2.csv'],
         'TRAIN_LISTS': ['train.csv'],
         'TRAIN_PCA_EIGVAL': [0.225, 0.224, 0.229],
         'TRAIN_PCA_EIGVEC': [[-0.5675, 0.7192, 0.4009],
                              [-0.5808, -0.0045, -0.814],
                              [-0.5836, -0.6948, 0.4203]],
         'TRAIN_PCA_JITTER_ONLY': True,
         'TRAIN_PREDICT_BOX_LISTS': [],
         'TRAIN_USE_COLOR_AUGMENTATION': False},
 'BENCHMARK': CfgNode({'NUM_EPOCHS': 5, 'LOG_PERIOD': 100, 'SHUFFLE': True}),
 'BN': {'NORM_TYPE': 'batchnorm',
        'NUM_BATCHES_PRECISE': 200,
        'NUM_SPLITS': 1,
        'NUM_SYNC_DEVICES': 1,
        'USE_PRECISE_STATS': False,
        'WEIGHT_DECAY': 0.0},
 'DA': {'ANNOTATION_DIR': '/srv/beegfs02/scratch/da_action/data/kinetics700/annotations_10_500_100/',
        'AUX': False,
        'AUX_TEST': False,
        'CLASSES': 4,
        'DATASET': 'da',
        'DETECTION_SCORE_THRESH': 0.8,
        'ENABLE': True,
        'EXCLUSION_FILE': 'kinetics_val_excluded_timestamps_v2.1.csv',
        'FRAME_DIR': '/srv/beegfs02/scratch/da_action/data/kinetics700/frames/',
        'FRAME_LIST_DIR': '/srv/beegfs02/scratch/da_action/data/kinetics700/frame_lists_10_500_100/',
        'FULL_TEST_ON_VAL': True,
        'GROUNDTRUTH_FILE': 'kinetics_val_v2.1.csv',
        'LABEL_MAP_FILE': 'ava_action_list_v2.2.pbtxt',
        'LR_FACTOR': 100.0,
        'TEST_GT_BOX_LISTS': [],
        'TEST_LISTS': ['val.csv'],
        'TEST_PREDICT_BOX_LISTS': ['kinetics_val_predicted_boxes_gt.csv'],
        'TRAIN_GT_BOX_LISTS': ['kinetics_train_v2.1.csv'],
        'TRAIN_LISTS': ['train.csv'],
        'TRAIN_PREDICT_BOX_LISTS': [],
        'WEIGHT_AUX': 1.0,
        'WEIGHT_MAIN': 0.0},
 'DATA': {'DECODING_BACKEND': 'pyav',
          'ENSEMBLE_METHOD': 'sum',
          'INPUT_CHANNEL_NUM': [3, 3],
          'INV_UNIFORM_SAMPLE': False,
          'MEAN': [0.45, 0.45, 0.45],
          'MULTI_LABEL': False,
          'NUM_FRAMES': 32,
          'PATH_LABEL_SEPARATOR': ' ',
          'PATH_PREFIX': '',
          'PATH_TO_DATA_DIR': '',
          'RANDOM_FLIP': True,
          'REVERSE_INPUT_CHANNEL': False,
          'SAMPLING_RATE': 2,
          'STD': [0.225, 0.225, 0.225],
          'TARGET_FPS': 30,
          'TEST_CROP_SIZE': 256,
          'TRAIN_CROP_SIZE': 224,
          'TRAIN_JITTER_SCALES': [256, 320]},
 'DATA_LOADER': {'ENABLE_MULTI_THREAD_DECODE': False,
                 'NUM_WORKERS': 1,
                 'PIN_MEMORY': True},
 'DEMO': {'BUFFER_SIZE': 0,
          'CLIP_VIS_SIZE': 10,
          'COMMON_CLASS_NAMES': ['watch (a person)',
                                 'talk to (e.g., self, a person, a group)',
                                 'listen to (a person)',
                                 'touch (an object)',
                                 'carry/hold (an object)',
                                 'walk',
                                 'sit',
                                 'lie/sleep',
                                 'bend/bow (at the waist)'],
          'COMMON_CLASS_THRES': 0.7,
          'DETECTRON2_CFG': 'COCO-Detection/faster_rcnn_R_50_FPN_3x.yaml',
          'DETECTRON2_THRESH': 0.9,
          'DETECTRON2_WEIGHTS': 'detectron2://COCO-Detection/faster_rcnn_R_50_FPN_3x/137849458/model_final_280758.pkl',
          'DISPLAY_HEIGHT': 0,
          'DISPLAY_WIDTH': 0,
          'ENABLE': False,
          'FPS': 30,
          'GT_BOXES': '',
          'INPUT_FORMAT': 'BGR',
          'INPUT_VIDEO': '',
          'LABEL_FILE_PATH': '',
          'NUM_CLIPS_SKIP': 0,
          'NUM_VIS_INSTANCES': 2,
          'OUTPUT_FILE': '',
          'OUTPUT_FPS': -1,
          'PREDS_BOXES': '',
          'SLOWMO': 1,
          'STARTING_SECOND': 900,
          'THREAD_ENABLE': False,
          'UNCOMMON_CLASS_THRES': 0.3,
          'VIS_MODE': 'thres',
          'WEBCAM': -1},
 'DETECTION': {'ALIGNED': False,
               'ENABLE': True,
               'ROI_XFORM_RESOLUTION': 7,
               'SPATIAL_SCALE_FACTOR': 16},
 'DIST_BACKEND': 'nccl',
 'LOG_MODEL_INFO': False,
 'LOG_PERIOD': 10,
 'MODEL': {'ARCH': 'slowfast',
           'DROPCONNECT_RATE': 0.0,
           'DROPOUT_RATE': 0.5,
           'FC_INIT_STD': 0.01,
           'FREEZE_TO': 392,
           'HEAD_ACT': 'sigmoid',
           'LOSS_FUNC': 'bce',
           'MODEL_NAME': 'SlowFast',
           'MULTI_PATHWAY_ARCH': ['slowfast'],
           'NUM_CLASSES': 10,
           'SINGLE_PATHWAY_ARCH': ['c2d', 'i3d', 'slow', 'x3d']},
 'MULTIGRID': {'BN_BASE_SIZE': 8,
               'DEFAULT_B': 0,
               'DEFAULT_S': 0,
               'DEFAULT_T': 0,
               'EPOCH_FACTOR': 1.5,
               'EVAL_FREQ': 3,
               'LONG_CYCLE': False,
               'LONG_CYCLE_FACTORS': [(0.25, 0.7071067811865476),
                                      (0.5, 0.7071067811865476),
                                      (0.5, 1),
                                      (1, 1)],
               'LONG_CYCLE_SAMPLING_RATE': 0,
               'SHORT_CYCLE': False,
               'SHORT_CYCLE_FACTORS': [0.5, 0.7071067811865476]},
 'NONLOCAL': {'GROUP': [[1, 1], [1, 1], [1, 1], [1, 1]],
              'INSTANTIATION': 'dot_product',
              'LOCATION': [[[], []], [[], []], [[6, 13, 20], []], [[], []]],
              'POOL': [[[2, 2, 2], [2, 2, 2]],
                       [[2, 2, 2], [2, 2, 2]],
                       [[2, 2, 2], [2, 2, 2]],
                       [[2, 2, 2], [2, 2, 2]]]},
 'NUM_GPUS': 1,
 'NUM_SHARDS': 1,
 'OUTPUT_DIR': '/srv/beegfs02/scratch/da_action/data/output/da_10_500_100_v15',
 'RESNET': {'DEPTH': 101,
            'INPLACE_RELU': True,
            'NUM_BLOCK_TEMP_KERNEL': [[3, 3], [4, 4], [6, 6], [3, 3]],
            'NUM_GROUPS': 1,
            'SPATIAL_DILATIONS': [[1, 1], [1, 1], [1, 1], [2, 2]],
            'SPATIAL_STRIDES': [[1, 1], [2, 2], [2, 2], [1, 1]],
            'STRIDE_1X1': False,
            'TRANS_FUNC': 'bottleneck_transform',
            'WIDTH_PER_GROUP': 64,
            'ZERO_INIT_FINAL_BN': True},
 'RNG_SEED': 0,
 'SHARD_ID': 0,
 'SLOWFAST': {'ALPHA': 4,
              'BETA_INV': 8,
              'FUSION_CONV_CHANNEL_RATIO': 2,
              'FUSION_KERNEL_SZ': 5},
 'SOLVER': {'BASE_LR': 0.1,
            'BASE_LR_SCALE_NUM_SHARDS': False,
            'COSINE_END_LR': 0.0,
            'DAMPENING': 0.0,
            'GAMMA': 0.1,
            'LRS': [],
            'LR_POLICY': 'cosine',
            'MAX_EPOCH': 8,
            'MOMENTUM': 0.9,
            'NESTEROV': True,
            'OPTIMIZING_METHOD': 'sgd',
            'STEPS': [],
            'STEP_SIZE': 1,
            'WARMUP_EPOCHS': 0.0,
            'WARMUP_FACTOR': 0.1,
            'WARMUP_START_LR': 0.01,
            'WEIGHT_DECAY': 1e-07},
 'TENSORBOARD': {'CATEGORIES_PATH': '',
                 'CLASS_NAMES_PATH': '',
                 'CONFUSION_MATRIX': {'ENABLE': False,
                                      'FIGSIZE': [8, 8],
                                      'SUBSET_PATH': ''},
                 'ENABLE': True,
                 'HISTOGRAM': {'ENABLE': False,
                               'FIGSIZE': [8, 8],
                               'SUBSET_PATH': '',
                               'TOPK': 10},
                 'LOG_DIR': 'tensorboard',
                 'MODEL_VIS': {'ACTIVATIONS': False,
                               'COLORMAP': 'Pastel2',
                               'ENABLE': False,
                               'GRAD_CAM': {'COLORMAP': 'viridis',
                                            'ENABLE': True,
                                            'LAYER_LIST': [],
                                            'USE_TRUE_LABEL': False},
                               'INPUT_VIDEO': False,
                               'LAYER_LIST': [],
                               'MODEL_WEIGHTS': False,
                               'TOPK_PREDS': 1},
                 'PREDICTIONS_PATH': '',
                 'WRONG_PRED_VIS': {'ENABLE': False,
                                    'SUBSET_PATH': '',
                                    'TAG': 'Incorrectly classified videos.'}},
 'TEST': {'BATCH_SIZE': 1,
          'CHECKPOINT_FILE_PATH': '',
          'CHECKPOINT_TYPE': 'pytorch',
          'DATASET': 'ava',
          'DETECTIONS_PATH': '',
          'ENABLE': False,
          'GT_PATH': '',
          'NUM_ENSEMBLE_VIEWS': 10,
          'NUM_SPATIAL_CROPS': 3,
          'SAVE_RESULTS_PATH': ''},
 'TRAIN': {'AUTO_RESUME': False,
           'BATCH_SIZE': 8,
           'CHECKPOINT_CLEAR_NAME_PATTERN': (),
           'CHECKPOINT_EPOCH_RESET': False,
           'CHECKPOINT_FILE_PATH': '/srv/beegfs02/scratch/da_action/data/models_pretrained/SLOWFAST_32x2_R101_50_50.pkl',
           'CHECKPOINT_INFLATE': False,
           'CHECKPOINT_PERIOD': 1,
           'CHECKPOINT_TYPE': 'pytorch',
           'DATASET': 'ava',
           'ENABLE': False,
           'EVAL_PERIOD': 1},
 'X3D': {'BN_LIN5': False,
         'BOTTLENECK_FACTOR': 1.0,
         'CHANNELWISE_3x3x3': True,
         'DEPTH_FACTOR': 1.0,
         'DIM_C1': 12,
         'DIM_C5': 2048,
         'SCALE_RES2': False,
         'WIDTH_FACTOR': 1.0}}
0 frozen s1.pathway0_stem.conv.weight
1 frozen s1.pathway0_stem.bn.weight
2 frozen s1.pathway0_stem.bn.bias
3 frozen s1.pathway1_stem.conv.weight
4 frozen s1.pathway1_stem.bn.weight
5 frozen s1.pathway1_stem.bn.bias
6 frozen s1_fuse.conv_f2s.weight
7 frozen s1_fuse.bn.weight
8 frozen s1_fuse.bn.bias
9 frozen s2.pathway0_res0.branch1.weight
10 frozen s2.pathway0_res0.branch1_bn.weight
11 frozen s2.pathway0_res0.branch1_bn.bias
12 frozen s2.pathway0_res0.branch2.a.weight
13 frozen s2.pathway0_res0.branch2.a_bn.weight
14 frozen s2.pathway0_res0.branch2.a_bn.bias
15 frozen s2.pathway0_res0.branch2.b.weight
16 frozen s2.pathway0_res0.branch2.b_bn.weight
17 frozen s2.pathway0_res0.branch2.b_bn.bias
18 frozen s2.pathway0_res0.branch2.c.weight
19 frozen s2.pathway0_res0.branch2.c_bn.weight
20 frozen s2.pathway0_res0.branch2.c_bn.bias
21 frozen s2.pathway0_res1.branch2.a.weight
22 frozen s2.pathway0_res1.branch2.a_bn.weight
23 frozen s2.pathway0_res1.branch2.a_bn.bias
24 frozen s2.pathway0_res1.branch2.b.weight
25 frozen s2.pathway0_res1.branch2.b_bn.weight
26 frozen s2.pathway0_res1.branch2.b_bn.bias
27 frozen s2.pathway0_res1.branch2.c.weight
28 frozen s2.pathway0_res1.branch2.c_bn.weight
29 frozen s2.pathway0_res1.branch2.c_bn.bias
30 frozen s2.pathway0_res2.branch2.a.weight
31 frozen s2.pathway0_res2.branch2.a_bn.weight
32 frozen s2.pathway0_res2.branch2.a_bn.bias
33 frozen s2.pathway0_res2.branch2.b.weight
34 frozen s2.pathway0_res2.branch2.b_bn.weight
35 frozen s2.pathway0_res2.branch2.b_bn.bias
36 frozen s2.pathway0_res2.branch2.c.weight
37 frozen s2.pathway0_res2.branch2.c_bn.weight
38 frozen s2.pathway0_res2.branch2.c_bn.bias
39 frozen s2.pathway1_res0.branch1.weight
40 frozen s2.pathway1_res0.branch1_bn.weight
41 frozen s2.pathway1_res0.branch1_bn.bias
42 frozen s2.pathway1_res0.branch2.a.weight
43 frozen s2.pathway1_res0.branch2.a_bn.weight
44 frozen s2.pathway1_res0.branch2.a_bn.bias
45 frozen s2.pathway1_res0.branch2.b.weight
46 frozen s2.pathway1_res0.branch2.b_bn.weight
47 frozen s2.pathway1_res0.branch2.b_bn.bias
48 frozen s2.pathway1_res0.branch2.c.weight
49 frozen s2.pathway1_res0.branch2.c_bn.weight
50 frozen s2.pathway1_res0.branch2.c_bn.bias
51 frozen s2.pathway1_res1.branch2.a.weight
52 frozen s2.pathway1_res1.branch2.a_bn.weight
53 frozen s2.pathway1_res1.branch2.a_bn.bias
54 frozen s2.pathway1_res1.branch2.b.weight
55 frozen s2.pathway1_res1.branch2.b_bn.weight
56 frozen s2.pathway1_res1.branch2.b_bn.bias
57 frozen s2.pathway1_res1.branch2.c.weight
58 frozen s2.pathway1_res1.branch2.c_bn.weight
59 frozen s2.pathway1_res1.branch2.c_bn.bias
60 frozen s2.pathway1_res2.branch2.a.weight
61 frozen s2.pathway1_res2.branch2.a_bn.weight
62 frozen s2.pathway1_res2.branch2.a_bn.bias
63 frozen s2.pathway1_res2.branch2.b.weight
64 frozen s2.pathway1_res2.branch2.b_bn.weight
65 frozen s2.pathway1_res2.branch2.b_bn.bias
66 frozen s2.pathway1_res2.branch2.c.weight
67 frozen s2.pathway1_res2.branch2.c_bn.weight
68 frozen s2.pathway1_res2.branch2.c_bn.bias
69 frozen s2_fuse.conv_f2s.weight
70 frozen s2_fuse.bn.weight
71 frozen s2_fuse.bn.bias
72 frozen s3.pathway0_res0.branch1.weight
73 frozen s3.pathway0_res0.branch1_bn.weight
74 frozen s3.pathway0_res0.branch1_bn.bias
75 frozen s3.pathway0_res0.branch2.a.weight
76 frozen s3.pathway0_res0.branch2.a_bn.weight
77 frozen s3.pathway0_res0.branch2.a_bn.bias
78 frozen s3.pathway0_res0.branch2.b.weight
79 frozen s3.pathway0_res0.branch2.b_bn.weight
80 frozen s3.pathway0_res0.branch2.b_bn.bias
81 frozen s3.pathway0_res0.branch2.c.weight
82 frozen s3.pathway0_res0.branch2.c_bn.weight
83 frozen s3.pathway0_res0.branch2.c_bn.bias
84 frozen s3.pathway0_res1.branch2.a.weight
85 frozen s3.pathway0_res1.branch2.a_bn.weight
86 frozen s3.pathway0_res1.branch2.a_bn.bias
87 frozen s3.pathway0_res1.branch2.b.weight
88 frozen s3.pathway0_res1.branch2.b_bn.weight
89 frozen s3.pathway0_res1.branch2.b_bn.bias
90 frozen s3.pathway0_res1.branch2.c.weight
91 frozen s3.pathway0_res1.branch2.c_bn.weight
92 frozen s3.pathway0_res1.branch2.c_bn.bias
93 frozen s3.pathway0_res2.branch2.a.weight
94 frozen s3.pathway0_res2.branch2.a_bn.weight
95 frozen s3.pathway0_res2.branch2.a_bn.bias
96 frozen s3.pathway0_res2.branch2.b.weight
97 frozen s3.pathway0_res2.branch2.b_bn.weight
98 frozen s3.pathway0_res2.branch2.b_bn.bias
99 frozen s3.pathway0_res2.branch2.c.weight
100 frozen s3.pathway0_res2.branch2.c_bn.weight
101 frozen s3.pathway0_res2.branch2.c_bn.bias
102 frozen s3.pathway0_res3.branch2.a.weight
103 frozen s3.pathway0_res3.branch2.a_bn.weight
104 frozen s3.pathway0_res3.branch2.a_bn.bias
105 frozen s3.pathway0_res3.branch2.b.weight
106 frozen s3.pathway0_res3.branch2.b_bn.weight
107 frozen s3.pathway0_res3.branch2.b_bn.bias
108 frozen s3.pathway0_res3.branch2.c.weight
109 frozen s3.pathway0_res3.branch2.c_bn.weight
110 frozen s3.pathway0_res3.branch2.c_bn.bias
111 frozen s3.pathway1_res0.branch1.weight
112 frozen s3.pathway1_res0.branch1_bn.weight
113 frozen s3.pathway1_res0.branch1_bn.bias
114 frozen s3.pathway1_res0.branch2.a.weight
115 frozen s3.pathway1_res0.branch2.a_bn.weight
116 frozen s3.pathway1_res0.branch2.a_bn.bias
117 frozen s3.pathway1_res0.branch2.b.weight
118 frozen s3.pathway1_res0.branch2.b_bn.weight
119 frozen s3.pathway1_res0.branch2.b_bn.bias
120 frozen s3.pathway1_res0.branch2.c.weight
121 frozen s3.pathway1_res0.branch2.c_bn.weight
122 frozen s3.pathway1_res0.branch2.c_bn.bias
123 frozen s3.pathway1_res1.branch2.a.weight
124 frozen s3.pathway1_res1.branch2.a_bn.weight
125 frozen s3.pathway1_res1.branch2.a_bn.bias
126 frozen s3.pathway1_res1.branch2.b.weight
127 frozen s3.pathway1_res1.branch2.b_bn.weight
128 frozen s3.pathway1_res1.branch2.b_bn.bias
129 frozen s3.pathway1_res1.branch2.c.weight
130 frozen s3.pathway1_res1.branch2.c_bn.weight
131 frozen s3.pathway1_res1.branch2.c_bn.bias
132 frozen s3.pathway1_res2.branch2.a.weight
133 frozen s3.pathway1_res2.branch2.a_bn.weight
134 frozen s3.pathway1_res2.branch2.a_bn.bias
135 frozen s3.pathway1_res2.branch2.b.weight
136 frozen s3.pathway1_res2.branch2.b_bn.weight
137 frozen s3.pathway1_res2.branch2.b_bn.bias
138 frozen s3.pathway1_res2.branch2.c.weight
139 frozen s3.pathway1_res2.branch2.c_bn.weight
140 frozen s3.pathway1_res2.branch2.c_bn.bias
141 frozen s3.pathway1_res3.branch2.a.weight
142 frozen s3.pathway1_res3.branch2.a_bn.weight
143 frozen s3.pathway1_res3.branch2.a_bn.bias
144 frozen s3.pathway1_res3.branch2.b.weight
145 frozen s3.pathway1_res3.branch2.b_bn.weight
146 frozen s3.pathway1_res3.branch2.b_bn.bias
147 frozen s3.pathway1_res3.branch2.c.weight
148 frozen s3.pathway1_res3.branch2.c_bn.weight
149 frozen s3.pathway1_res3.branch2.c_bn.bias
150 frozen s3_fuse.conv_f2s.weight
151 frozen s3_fuse.bn.weight
152 frozen s3_fuse.bn.bias
153 frozen s4.pathway0_res0.branch1.weight
154 frozen s4.pathway0_res0.branch1_bn.weight
155 frozen s4.pathway0_res0.branch1_bn.bias
156 frozen s4.pathway0_res0.branch2.a.weight
157 frozen s4.pathway0_res0.branch2.a_bn.weight
158 frozen s4.pathway0_res0.branch2.a_bn.bias
159 frozen s4.pathway0_res0.branch2.b.weight
160 frozen s4.pathway0_res0.branch2.b_bn.weight
161 frozen s4.pathway0_res0.branch2.b_bn.bias
162 frozen s4.pathway0_res0.branch2.c.weight
163 frozen s4.pathway0_res0.branch2.c_bn.weight
164 frozen s4.pathway0_res0.branch2.c_bn.bias
165 frozen s4.pathway0_res1.branch2.a.weight
166 frozen s4.pathway0_res1.branch2.a_bn.weight
167 frozen s4.pathway0_res1.branch2.a_bn.bias
168 frozen s4.pathway0_res1.branch2.b.weight
169 frozen s4.pathway0_res1.branch2.b_bn.weight
170 frozen s4.pathway0_res1.branch2.b_bn.bias
171 frozen s4.pathway0_res1.branch2.c.weight
172 frozen s4.pathway0_res1.branch2.c_bn.weight
173 frozen s4.pathway0_res1.branch2.c_bn.bias
174 frozen s4.pathway0_res2.branch2.a.weight
175 frozen s4.pathway0_res2.branch2.a_bn.weight
176 frozen s4.pathway0_res2.branch2.a_bn.bias
177 frozen s4.pathway0_res2.branch2.b.weight
178 frozen s4.pathway0_res2.branch2.b_bn.weight
179 frozen s4.pathway0_res2.branch2.b_bn.bias
180 frozen s4.pathway0_res2.branch2.c.weight
181 frozen s4.pathway0_res2.branch2.c_bn.weight
182 frozen s4.pathway0_res2.branch2.c_bn.bias
183 frozen s4.pathway0_res3.branch2.a.weight
184 frozen s4.pathway0_res3.branch2.a_bn.weight
185 frozen s4.pathway0_res3.branch2.a_bn.bias
186 frozen s4.pathway0_res3.branch2.b.weight
187 frozen s4.pathway0_res3.branch2.b_bn.weight
188 frozen s4.pathway0_res3.branch2.b_bn.bias
189 frozen s4.pathway0_res3.branch2.c.weight
190 frozen s4.pathway0_res3.branch2.c_bn.weight
191 frozen s4.pathway0_res3.branch2.c_bn.bias
192 frozen s4.pathway0_res4.branch2.a.weight
193 frozen s4.pathway0_res4.branch2.a_bn.weight
194 frozen s4.pathway0_res4.branch2.a_bn.bias
195 frozen s4.pathway0_res4.branch2.b.weight
196 frozen s4.pathway0_res4.branch2.b_bn.weight
197 frozen s4.pathway0_res4.branch2.b_bn.bias
198 frozen s4.pathway0_res4.branch2.c.weight
199 frozen s4.pathway0_res4.branch2.c_bn.weight
200 frozen s4.pathway0_res4.branch2.c_bn.bias
201 frozen s4.pathway0_res5.branch2.a.weight
202 frozen s4.pathway0_res5.branch2.a_bn.weight
203 frozen s4.pathway0_res5.branch2.a_bn.bias
204 frozen s4.pathway0_res5.branch2.b.weight
205 frozen s4.pathway0_res5.branch2.b_bn.weight
206 frozen s4.pathway0_res5.branch2.b_bn.bias
207 frozen s4.pathway0_res5.branch2.c.weight
208 frozen s4.pathway0_res5.branch2.c_bn.weight
209 frozen s4.pathway0_res5.branch2.c_bn.bias
210 frozen s4.pathway0_res6.branch2.a.weight
211 frozen s4.pathway0_res6.branch2.a_bn.weight
212 frozen s4.pathway0_res6.branch2.a_bn.bias
213 frozen s4.pathway0_res6.branch2.b.weight
214 frozen s4.pathway0_res6.branch2.b_bn.weight
215 frozen s4.pathway0_res6.branch2.b_bn.bias
216 frozen s4.pathway0_res6.branch2.c.weight
217 frozen s4.pathway0_res6.branch2.c_bn.weight
218 frozen s4.pathway0_res6.branch2.c_bn.bias
219 frozen s4.pathway0_nonlocal6.conv_theta.weight
220 frozen s4.pathway0_nonlocal6.conv_theta.bias
221 frozen s4.pathway0_nonlocal6.conv_phi.weight
222 frozen s4.pathway0_nonlocal6.conv_phi.bias
223 frozen s4.pathway0_nonlocal6.conv_g.weight
224 frozen s4.pathway0_nonlocal6.conv_g.bias
225 frozen s4.pathway0_nonlocal6.conv_out.weight
226 frozen s4.pathway0_nonlocal6.conv_out.bias
227 frozen s4.pathway0_nonlocal6.bn.weight
228 frozen s4.pathway0_nonlocal6.bn.bias
229 frozen s4.pathway0_res7.branch2.a.weight
230 frozen s4.pathway0_res7.branch2.a_bn.weight
231 frozen s4.pathway0_res7.branch2.a_bn.bias
232 frozen s4.pathway0_res7.branch2.b.weight
233 frozen s4.pathway0_res7.branch2.b_bn.weight
234 frozen s4.pathway0_res7.branch2.b_bn.bias
235 frozen s4.pathway0_res7.branch2.c.weight
236 frozen s4.pathway0_res7.branch2.c_bn.weight
237 frozen s4.pathway0_res7.branch2.c_bn.bias
238 frozen s4.pathway0_res8.branch2.a.weight
239 frozen s4.pathway0_res8.branch2.a_bn.weight
240 frozen s4.pathway0_res8.branch2.a_bn.bias
241 frozen s4.pathway0_res8.branch2.b.weight
242 frozen s4.pathway0_res8.branch2.b_bn.weight
243 frozen s4.pathway0_res8.branch2.b_bn.bias
244 frozen s4.pathway0_res8.branch2.c.weight
245 frozen s4.pathway0_res8.branch2.c_bn.weight
246 frozen s4.pathway0_res8.branch2.c_bn.bias
247 frozen s4.pathway0_res9.branch2.a.weight
248 frozen s4.pathway0_res9.branch2.a_bn.weight
249 frozen s4.pathway0_res9.branch2.a_bn.bias
250 frozen s4.pathway0_res9.branch2.b.weight
251 frozen s4.pathway0_res9.branch2.b_bn.weight
252 frozen s4.pathway0_res9.branch2.b_bn.bias
253 frozen s4.pathway0_res9.branch2.c.weight
254 frozen s4.pathway0_res9.branch2.c_bn.weight
255 frozen s4.pathway0_res9.branch2.c_bn.bias
256 frozen s4.pathway0_res10.branch2.a.weight
257 frozen s4.pathway0_res10.branch2.a_bn.weight
258 frozen s4.pathway0_res10.branch2.a_bn.bias
259 frozen s4.pathway0_res10.branch2.b.weight
260 frozen s4.pathway0_res10.branch2.b_bn.weight
261 frozen s4.pathway0_res10.branch2.b_bn.bias
262 frozen s4.pathway0_res10.branch2.c.weight
263 frozen s4.pathway0_res10.branch2.c_bn.weight
264 frozen s4.pathway0_res10.branch2.c_bn.bias
265 frozen s4.pathway0_res11.branch2.a.weight
266 frozen s4.pathway0_res11.branch2.a_bn.weight
267 frozen s4.pathway0_res11.branch2.a_bn.bias
268 frozen s4.pathway0_res11.branch2.b.weight
269 frozen s4.pathway0_res11.branch2.b_bn.weight
270 frozen s4.pathway0_res11.branch2.b_bn.bias
271 frozen s4.pathway0_res11.branch2.c.weight
272 frozen s4.pathway0_res11.branch2.c_bn.weight
273 frozen s4.pathway0_res11.branch2.c_bn.bias
274 frozen s4.pathway0_res12.branch2.a.weight
275 frozen s4.pathway0_res12.branch2.a_bn.weight
276 frozen s4.pathway0_res12.branch2.a_bn.bias
277 frozen s4.pathway0_res12.branch2.b.weight
278 frozen s4.pathway0_res12.branch2.b_bn.weight
279 frozen s4.pathway0_res12.branch2.b_bn.bias
280 frozen s4.pathway0_res12.branch2.c.weight
281 frozen s4.pathway0_res12.branch2.c_bn.weight
282 frozen s4.pathway0_res12.branch2.c_bn.bias
283 frozen s4.pathway0_res13.branch2.a.weight
284 frozen s4.pathway0_res13.branch2.a_bn.weight
285 frozen s4.pathway0_res13.branch2.a_bn.bias
286 frozen s4.pathway0_res13.branch2.b.weight
287 frozen s4.pathway0_res13.branch2.b_bn.weight
288 frozen s4.pathway0_res13.branch2.b_bn.bias
289 frozen s4.pathway0_res13.branch2.c.weight
290 frozen s4.pathway0_res13.branch2.c_bn.weight
291 frozen s4.pathway0_res13.branch2.c_bn.bias
292 frozen s4.pathway0_nonlocal13.conv_theta.weight
293 frozen s4.pathway0_nonlocal13.conv_theta.bias
294 frozen s4.pathway0_nonlocal13.conv_phi.weight
295 frozen s4.pathway0_nonlocal13.conv_phi.bias
296 frozen s4.pathway0_nonlocal13.conv_g.weight
297 frozen s4.pathway0_nonlocal13.conv_g.bias
298 frozen s4.pathway0_nonlocal13.conv_out.weight
299 frozen s4.pathway0_nonlocal13.conv_out.bias
300 frozen s4.pathway0_nonlocal13.bn.weight
301 frozen s4.pathway0_nonlocal13.bn.bias
302 frozen s4.pathway0_res14.branch2.a.weight
303 frozen s4.pathway0_res14.branch2.a_bn.weight
304 frozen s4.pathway0_res14.branch2.a_bn.bias
305 frozen s4.pathway0_res14.branch2.b.weight
306 frozen s4.pathway0_res14.branch2.b_bn.weight
307 frozen s4.pathway0_res14.branch2.b_bn.bias
308 frozen s4.pathway0_res14.branch2.c.weight
309 frozen s4.pathway0_res14.branch2.c_bn.weight
310 frozen s4.pathway0_res14.branch2.c_bn.bias
311 frozen s4.pathway0_res15.branch2.a.weight
312 frozen s4.pathway0_res15.branch2.a_bn.weight
313 frozen s4.pathway0_res15.branch2.a_bn.bias
314 frozen s4.pathway0_res15.branch2.b.weight
315 frozen s4.pathway0_res15.branch2.b_bn.weight
316 frozen s4.pathway0_res15.branch2.b_bn.bias
317 frozen s4.pathway0_res15.branch2.c.weight
318 frozen s4.pathway0_res15.branch2.c_bn.weight
319 frozen s4.pathway0_res15.branch2.c_bn.bias
320 frozen s4.pathway0_res16.branch2.a.weight
321 frozen s4.pathway0_res16.branch2.a_bn.weight
322 frozen s4.pathway0_res16.branch2.a_bn.bias
323 frozen s4.pathway0_res16.branch2.b.weight
324 frozen s4.pathway0_res16.branch2.b_bn.weight
325 frozen s4.pathway0_res16.branch2.b_bn.bias
326 frozen s4.pathway0_res16.branch2.c.weight
327 frozen s4.pathway0_res16.branch2.c_bn.weight
328 frozen s4.pathway0_res16.branch2.c_bn.bias
329 frozen s4.pathway0_res17.branch2.a.weight
330 frozen s4.pathway0_res17.branch2.a_bn.weight
331 frozen s4.pathway0_res17.branch2.a_bn.bias
332 frozen s4.pathway0_res17.branch2.b.weight
333 frozen s4.pathway0_res17.branch2.b_bn.weight
334 frozen s4.pathway0_res17.branch2.b_bn.bias
335 frozen s4.pathway0_res17.branch2.c.weight
336 frozen s4.pathway0_res17.branch2.c_bn.weight
337 frozen s4.pathway0_res17.branch2.c_bn.bias
338 frozen s4.pathway0_res18.branch2.a.weight
339 frozen s4.pathway0_res18.branch2.a_bn.weight
340 frozen s4.pathway0_res18.branch2.a_bn.bias
341 frozen s4.pathway0_res18.branch2.b.weight
342 frozen s4.pathway0_res18.branch2.b_bn.weight
343 frozen s4.pathway0_res18.branch2.b_bn.bias
344 frozen s4.pathway0_res18.branch2.c.weight
345 frozen s4.pathway0_res18.branch2.c_bn.weight
346 frozen s4.pathway0_res18.branch2.c_bn.bias
347 frozen s4.pathway0_res19.branch2.a.weight
348 frozen s4.pathway0_res19.branch2.a_bn.weight
349 frozen s4.pathway0_res19.branch2.a_bn.bias
350 frozen s4.pathway0_res19.branch2.b.weight
351 frozen s4.pathway0_res19.branch2.b_bn.weight
352 frozen s4.pathway0_res19.branch2.b_bn.bias
353 frozen s4.pathway0_res19.branch2.c.weight
354 frozen s4.pathway0_res19.branch2.c_bn.weight
355 frozen s4.pathway0_res19.branch2.c_bn.bias
356 frozen s4.pathway0_res20.branch2.a.weight
357 frozen s4.pathway0_res20.branch2.a_bn.weight
358 frozen s4.pathway0_res20.branch2.a_bn.bias
359 frozen s4.pathway0_res20.branch2.b.weight
360 frozen s4.pathway0_res20.branch2.b_bn.weight
361 frozen s4.pathway0_res20.branch2.b_bn.bias
362 frozen s4.pathway0_res20.branch2.c.weight
363 frozen s4.pathway0_res20.branch2.c_bn.weight
364 frozen s4.pathway0_res20.branch2.c_bn.bias
365 frozen s4.pathway0_nonlocal20.conv_theta.weight
366 frozen s4.pathway0_nonlocal20.conv_theta.bias
367 frozen s4.pathway0_nonlocal20.conv_phi.weight
368 frozen s4.pathway0_nonlocal20.conv_phi.bias
369 frozen s4.pathway0_nonlocal20.conv_g.weight
370 frozen s4.pathway0_nonlocal20.conv_g.bias
371 frozen s4.pathway0_nonlocal20.conv_out.weight
372 frozen s4.pathway0_nonlocal20.conv_out.bias
373 frozen s4.pathway0_nonlocal20.bn.weight
374 frozen s4.pathway0_nonlocal20.bn.bias
375 frozen s4.pathway0_res21.branch2.a.weight
376 frozen s4.pathway0_res21.branch2.a_bn.weight
377 frozen s4.pathway0_res21.branch2.a_bn.bias
378 frozen s4.pathway0_res21.branch2.b.weight
379 frozen s4.pathway0_res21.branch2.b_bn.weight
380 frozen s4.pathway0_res21.branch2.b_bn.bias
381 frozen s4.pathway0_res21.branch2.c.weight
382 frozen s4.pathway0_res21.branch2.c_bn.weight
383 frozen s4.pathway0_res21.branch2.c_bn.bias
384 frozen s4.pathway0_res22.branch2.a.weight
385 frozen s4.pathway0_res22.branch2.a_bn.weight
386 frozen s4.pathway0_res22.branch2.a_bn.bias
387 frozen s4.pathway0_res22.branch2.b.weight
388 frozen s4.pathway0_res22.branch2.b_bn.weight
389 frozen s4.pathway0_res22.branch2.b_bn.bias
390 frozen s4.pathway0_res22.branch2.c.weight
391 frozen s4.pathway0_res22.branch2.c_bn.weight
392 frozen s4.pathway0_res22.branch2.c_bn.bias
393 unfrozen s4.pathway1_res0.branch1.weight
394 unfrozen s4.pathway1_res0.branch1_bn.weight
395 unfrozen s4.pathway1_res0.branch1_bn.bias
396 unfrozen s4.pathway1_res0.branch2.a.weight
397 unfrozen s4.pathway1_res0.branch2.a_bn.weight
398 unfrozen s4.pathway1_res0.branch2.a_bn.bias
399 unfrozen s4.pathway1_res0.branch2.b.weight
400 unfrozen s4.pathway1_res0.branch2.b_bn.weight
401 unfrozen s4.pathway1_res0.branch2.b_bn.bias
402 unfrozen s4.pathway1_res0.branch2.c.weight
403 unfrozen s4.pathway1_res0.branch2.c_bn.weight
404 unfrozen s4.pathway1_res0.branch2.c_bn.bias
405 unfrozen s4.pathway1_res1.branch2.a.weight
406 unfrozen s4.pathway1_res1.branch2.a_bn.weight
407 unfrozen s4.pathway1_res1.branch2.a_bn.bias
408 unfrozen s4.pathway1_res1.branch2.b.weight
409 unfrozen s4.pathway1_res1.branch2.b_bn.weight
410 unfrozen s4.pathway1_res1.branch2.b_bn.bias
411 unfrozen s4.pathway1_res1.branch2.c.weight
412 unfrozen s4.pathway1_res1.branch2.c_bn.weight
413 unfrozen s4.pathway1_res1.branch2.c_bn.bias
414 unfrozen s4.pathway1_res2.branch2.a.weight
415 unfrozen s4.pathway1_res2.branch2.a_bn.weight
416 unfrozen s4.pathway1_res2.branch2.a_bn.bias
417 unfrozen s4.pathway1_res2.branch2.b.weight
418 unfrozen s4.pathway1_res2.branch2.b_bn.weight
419 unfrozen s4.pathway1_res2.branch2.b_bn.bias
420 unfrozen s4.pathway1_res2.branch2.c.weight
421 unfrozen s4.pathway1_res2.branch2.c_bn.weight
422 unfrozen s4.pathway1_res2.branch2.c_bn.bias
423 unfrozen s4.pathway1_res3.branch2.a.weight
424 unfrozen s4.pathway1_res3.branch2.a_bn.weight
425 unfrozen s4.pathway1_res3.branch2.a_bn.bias
426 unfrozen s4.pathway1_res3.branch2.b.weight
427 unfrozen s4.pathway1_res3.branch2.b_bn.weight
428 unfrozen s4.pathway1_res3.branch2.b_bn.bias
429 unfrozen s4.pathway1_res3.branch2.c.weight
430 unfrozen s4.pathway1_res3.branch2.c_bn.weight
431 unfrozen s4.pathway1_res3.branch2.c_bn.bias
432 unfrozen s4.pathway1_res4.branch2.a.weight
433 unfrozen s4.pathway1_res4.branch2.a_bn.weight
434 unfrozen s4.pathway1_res4.branch2.a_bn.bias
435 unfrozen s4.pathway1_res4.branch2.b.weight
436 unfrozen s4.pathway1_res4.branch2.b_bn.weight
437 unfrozen s4.pathway1_res4.branch2.b_bn.bias
438 unfrozen s4.pathway1_res4.branch2.c.weight
439 unfrozen s4.pathway1_res4.branch2.c_bn.weight
440 unfrozen s4.pathway1_res4.branch2.c_bn.bias
441 unfrozen s4.pathway1_res5.branch2.a.weight
442 unfrozen s4.pathway1_res5.branch2.a_bn.weight
443 unfrozen s4.pathway1_res5.branch2.a_bn.bias
444 unfrozen s4.pathway1_res5.branch2.b.weight
445 unfrozen s4.pathway1_res5.branch2.b_bn.weight
446 unfrozen s4.pathway1_res5.branch2.b_bn.bias
447 unfrozen s4.pathway1_res5.branch2.c.weight
448 unfrozen s4.pathway1_res5.branch2.c_bn.weight
449 unfrozen s4.pathway1_res5.branch2.c_bn.bias
450 unfrozen s4.pathway1_res6.branch2.a.weight
451 unfrozen s4.pathway1_res6.branch2.a_bn.weight
452 unfrozen s4.pathway1_res6.branch2.a_bn.bias
453 unfrozen s4.pathway1_res6.branch2.b.weight
454 unfrozen s4.pathway1_res6.branch2.b_bn.weight
455 unfrozen s4.pathway1_res6.branch2.b_bn.bias
456 unfrozen s4.pathway1_res6.branch2.c.weight
457 unfrozen s4.pathway1_res6.branch2.c_bn.weight
458 unfrozen s4.pathway1_res6.branch2.c_bn.bias
459 unfrozen s4.pathway1_res7.branch2.a.weight
460 unfrozen s4.pathway1_res7.branch2.a_bn.weight
461 unfrozen s4.pathway1_res7.branch2.a_bn.bias
462 unfrozen s4.pathway1_res7.branch2.b.weight
463 unfrozen s4.pathway1_res7.branch2.b_bn.weight
464 unfrozen s4.pathway1_res7.branch2.b_bn.bias
465 unfrozen s4.pathway1_res7.branch2.c.weight
466 unfrozen s4.pathway1_res7.branch2.c_bn.weight
467 unfrozen s4.pathway1_res7.branch2.c_bn.bias
468 unfrozen s4.pathway1_res8.branch2.a.weight
469 unfrozen s4.pathway1_res8.branch2.a_bn.weight
470 unfrozen s4.pathway1_res8.branch2.a_bn.bias
471 unfrozen s4.pathway1_res8.branch2.b.weight
472 unfrozen s4.pathway1_res8.branch2.b_bn.weight
473 unfrozen s4.pathway1_res8.branch2.b_bn.bias
474 unfrozen s4.pathway1_res8.branch2.c.weight
475 unfrozen s4.pathway1_res8.branch2.c_bn.weight
476 unfrozen s4.pathway1_res8.branch2.c_bn.bias
477 unfrozen s4.pathway1_res9.branch2.a.weight
478 unfrozen s4.pathway1_res9.branch2.a_bn.weight
479 unfrozen s4.pathway1_res9.branch2.a_bn.bias
480 unfrozen s4.pathway1_res9.branch2.b.weight
481 unfrozen s4.pathway1_res9.branch2.b_bn.weight
482 unfrozen s4.pathway1_res9.branch2.b_bn.bias
483 unfrozen s4.pathway1_res9.branch2.c.weight
484 unfrozen s4.pathway1_res9.branch2.c_bn.weight
485 unfrozen s4.pathway1_res9.branch2.c_bn.bias
486 unfrozen s4.pathway1_res10.branch2.a.weight
487 unfrozen s4.pathway1_res10.branch2.a_bn.weight
488 unfrozen s4.pathway1_res10.branch2.a_bn.bias
489 unfrozen s4.pathway1_res10.branch2.b.weight
490 unfrozen s4.pathway1_res10.branch2.b_bn.weight
491 unfrozen s4.pathway1_res10.branch2.b_bn.bias
492 unfrozen s4.pathway1_res10.branch2.c.weight
493 unfrozen s4.pathway1_res10.branch2.c_bn.weight
494 unfrozen s4.pathway1_res10.branch2.c_bn.bias
495 unfrozen s4.pathway1_res11.branch2.a.weight
496 unfrozen s4.pathway1_res11.branch2.a_bn.weight
497 unfrozen s4.pathway1_res11.branch2.a_bn.bias
498 unfrozen s4.pathway1_res11.branch2.b.weight
499 unfrozen s4.pathway1_res11.branch2.b_bn.weight
500 unfrozen s4.pathway1_res11.branch2.b_bn.bias
501 unfrozen s4.pathway1_res11.branch2.c.weight
502 unfrozen s4.pathway1_res11.branch2.c_bn.weight
503 unfrozen s4.pathway1_res11.branch2.c_bn.bias
504 unfrozen s4.pathway1_res12.branch2.a.weight
505 unfrozen s4.pathway1_res12.branch2.a_bn.weight
506 unfrozen s4.pathway1_res12.branch2.a_bn.bias
507 unfrozen s4.pathway1_res12.branch2.b.weight
508 unfrozen s4.pathway1_res12.branch2.b_bn.weight
509 unfrozen s4.pathway1_res12.branch2.b_bn.bias
510 unfrozen s4.pathway1_res12.branch2.c.weight
511 unfrozen s4.pathway1_res12.branch2.c_bn.weight
512 unfrozen s4.pathway1_res12.branch2.c_bn.bias
513 unfrozen s4.pathway1_res13.branch2.a.weight
514 unfrozen s4.pathway1_res13.branch2.a_bn.weight
515 unfrozen s4.pathway1_res13.branch2.a_bn.bias
516 unfrozen s4.pathway1_res13.branch2.b.weight
517 unfrozen s4.pathway1_res13.branch2.b_bn.weight
518 unfrozen s4.pathway1_res13.branch2.b_bn.bias
519 unfrozen s4.pathway1_res13.branch2.c.weight
520 unfrozen s4.pathway1_res13.branch2.c_bn.weight
521 unfrozen s4.pathway1_res13.branch2.c_bn.bias
522 unfrozen s4.pathway1_res14.branch2.a.weight
523 unfrozen s4.pathway1_res14.branch2.a_bn.weight
524 unfrozen s4.pathway1_res14.branch2.a_bn.bias
525 unfrozen s4.pathway1_res14.branch2.b.weight
526 unfrozen s4.pathway1_res14.branch2.b_bn.weight
527 unfrozen s4.pathway1_res14.branch2.b_bn.bias
528 unfrozen s4.pathway1_res14.branch2.c.weight
529 unfrozen s4.pathway1_res14.branch2.c_bn.weight
530 unfrozen s4.pathway1_res14.branch2.c_bn.bias
531 unfrozen s4.pathway1_res15.branch2.a.weight
532 unfrozen s4.pathway1_res15.branch2.a_bn.weight
533 unfrozen s4.pathway1_res15.branch2.a_bn.bias
534 unfrozen s4.pathway1_res15.branch2.b.weight
535 unfrozen s4.pathway1_res15.branch2.b_bn.weight
536 unfrozen s4.pathway1_res15.branch2.b_bn.bias
537 unfrozen s4.pathway1_res15.branch2.c.weight
538 unfrozen s4.pathway1_res15.branch2.c_bn.weight
539 unfrozen s4.pathway1_res15.branch2.c_bn.bias
540 unfrozen s4.pathway1_res16.branch2.a.weight
541 unfrozen s4.pathway1_res16.branch2.a_bn.weight
542 unfrozen s4.pathway1_res16.branch2.a_bn.bias
543 unfrozen s4.pathway1_res16.branch2.b.weight
544 unfrozen s4.pathway1_res16.branch2.b_bn.weight
545 unfrozen s4.pathway1_res16.branch2.b_bn.bias
546 unfrozen s4.pathway1_res16.branch2.c.weight
547 unfrozen s4.pathway1_res16.branch2.c_bn.weight
548 unfrozen s4.pathway1_res16.branch2.c_bn.bias
549 unfrozen s4.pathway1_res17.branch2.a.weight
550 unfrozen s4.pathway1_res17.branch2.a_bn.weight
551 unfrozen s4.pathway1_res17.branch2.a_bn.bias
552 unfrozen s4.pathway1_res17.branch2.b.weight
553 unfrozen s4.pathway1_res17.branch2.b_bn.weight
554 unfrozen s4.pathway1_res17.branch2.b_bn.bias
555 unfrozen s4.pathway1_res17.branch2.c.weight
556 unfrozen s4.pathway1_res17.branch2.c_bn.weight
557 unfrozen s4.pathway1_res17.branch2.c_bn.bias
558 unfrozen s4.pathway1_res18.branch2.a.weight
559 unfrozen s4.pathway1_res18.branch2.a_bn.weight
560 unfrozen s4.pathway1_res18.branch2.a_bn.bias
561 unfrozen s4.pathway1_res18.branch2.b.weight
562 unfrozen s4.pathway1_res18.branch2.b_bn.weight
563 unfrozen s4.pathway1_res18.branch2.b_bn.bias
564 unfrozen s4.pathway1_res18.branch2.c.weight
565 unfrozen s4.pathway1_res18.branch2.c_bn.weight
566 unfrozen s4.pathway1_res18.branch2.c_bn.bias
567 unfrozen s4.pathway1_res19.branch2.a.weight
568 unfrozen s4.pathway1_res19.branch2.a_bn.weight
569 unfrozen s4.pathway1_res19.branch2.a_bn.bias
570 unfrozen s4.pathway1_res19.branch2.b.weight
571 unfrozen s4.pathway1_res19.branch2.b_bn.weight
572 unfrozen s4.pathway1_res19.branch2.b_bn.bias
573 unfrozen s4.pathway1_res19.branch2.c.weight
574 unfrozen s4.pathway1_res19.branch2.c_bn.weight
575 unfrozen s4.pathway1_res19.branch2.c_bn.bias
576 unfrozen s4.pathway1_res20.branch2.a.weight
577 unfrozen s4.pathway1_res20.branch2.a_bn.weight
578 unfrozen s4.pathway1_res20.branch2.a_bn.bias
579 unfrozen s4.pathway1_res20.branch2.b.weight
580 unfrozen s4.pathway1_res20.branch2.b_bn.weight
581 unfrozen s4.pathway1_res20.branch2.b_bn.bias
582 unfrozen s4.pathway1_res20.branch2.c.weight
583 unfrozen s4.pathway1_res20.branch2.c_bn.weight
584 unfrozen s4.pathway1_res20.branch2.c_bn.bias
585 unfrozen s4.pathway1_res21.branch2.a.weight
586 unfrozen s4.pathway1_res21.branch2.a_bn.weight
587 unfrozen s4.pathway1_res21.branch2.a_bn.bias
588 unfrozen s4.pathway1_res21.branch2.b.weight
589 unfrozen s4.pathway1_res21.branch2.b_bn.weight
590 unfrozen s4.pathway1_res21.branch2.b_bn.bias
591 unfrozen s4.pathway1_res21.branch2.c.weight
592 unfrozen s4.pathway1_res21.branch2.c_bn.weight
593 unfrozen s4.pathway1_res21.branch2.c_bn.bias
594 unfrozen s4.pathway1_res22.branch2.a.weight
595 unfrozen s4.pathway1_res22.branch2.a_bn.weight
596 unfrozen s4.pathway1_res22.branch2.a_bn.bias
597 unfrozen s4.pathway1_res22.branch2.b.weight
598 unfrozen s4.pathway1_res22.branch2.b_bn.weight
599 unfrozen s4.pathway1_res22.branch2.b_bn.bias
600 unfrozen s4.pathway1_res22.branch2.c.weight
601 unfrozen s4.pathway1_res22.branch2.c_bn.weight
602 unfrozen s4.pathway1_res22.branch2.c_bn.bias
603 unfrozen s4_fuse.conv_f2s.weight
604 unfrozen s4_fuse.bn.weight
605 unfrozen s4_fuse.bn.bias
606 unfrozen s5.pathway0_res0.branch1.weight
607 unfrozen s5.pathway0_res0.branch1_bn.weight
608 unfrozen s5.pathway0_res0.branch1_bn.bias
609 unfrozen s5.pathway0_res0.branch2.a.weight
610 unfrozen s5.pathway0_res0.branch2.a_bn.weight
611 unfrozen s5.pathway0_res0.branch2.a_bn.bias
612 unfrozen s5.pathway0_res0.branch2.b.weight
613 unfrozen s5.pathway0_res0.branch2.b_bn.weight
614 unfrozen s5.pathway0_res0.branch2.b_bn.bias
615 unfrozen s5.pathway0_res0.branch2.c.weight
616 unfrozen s5.pathway0_res0.branch2.c_bn.weight
617 unfrozen s5.pathway0_res0.branch2.c_bn.bias
618 unfrozen s5.pathway0_res1.branch2.a.weight
619 unfrozen s5.pathway0_res1.branch2.a_bn.weight
620 unfrozen s5.pathway0_res1.branch2.a_bn.bias
621 unfrozen s5.pathway0_res1.branch2.b.weight
622 unfrozen s5.pathway0_res1.branch2.b_bn.weight
623 unfrozen s5.pathway0_res1.branch2.b_bn.bias
624 unfrozen s5.pathway0_res1.branch2.c.weight
625 unfrozen s5.pathway0_res1.branch2.c_bn.weight
626 unfrozen s5.pathway0_res1.branch2.c_bn.bias
627 unfrozen s5.pathway0_res2.branch2.a.weight
628 unfrozen s5.pathway0_res2.branch2.a_bn.weight
629 unfrozen s5.pathway0_res2.branch2.a_bn.bias
630 unfrozen s5.pathway0_res2.branch2.b.weight
631 unfrozen s5.pathway0_res2.branch2.b_bn.weight
632 unfrozen s5.pathway0_res2.branch2.b_bn.bias
633 unfrozen s5.pathway0_res2.branch2.c.weight
634 unfrozen s5.pathway0_res2.branch2.c_bn.weight
635 unfrozen s5.pathway0_res2.branch2.c_bn.bias
636 unfrozen s5.pathway1_res0.branch1.weight
637 unfrozen s5.pathway1_res0.branch1_bn.weight
638 unfrozen s5.pathway1_res0.branch1_bn.bias
639 unfrozen s5.pathway1_res0.branch2.a.weight
640 unfrozen s5.pathway1_res0.branch2.a_bn.weight
641 unfrozen s5.pathway1_res0.branch2.a_bn.bias
642 unfrozen s5.pathway1_res0.branch2.b.weight
643 unfrozen s5.pathway1_res0.branch2.b_bn.weight
644 unfrozen s5.pathway1_res0.branch2.b_bn.bias
645 unfrozen s5.pathway1_res0.branch2.c.weight
646 unfrozen s5.pathway1_res0.branch2.c_bn.weight
647 unfrozen s5.pathway1_res0.branch2.c_bn.bias
648 unfrozen s5.pathway1_res1.branch2.a.weight
649 unfrozen s5.pathway1_res1.branch2.a_bn.weight
650 unfrozen s5.pathway1_res1.branch2.a_bn.bias
651 unfrozen s5.pathway1_res1.branch2.b.weight
652 unfrozen s5.pathway1_res1.branch2.b_bn.weight
653 unfrozen s5.pathway1_res1.branch2.b_bn.bias
654 unfrozen s5.pathway1_res1.branch2.c.weight
655 unfrozen s5.pathway1_res1.branch2.c_bn.weight
656 unfrozen s5.pathway1_res1.branch2.c_bn.bias
657 unfrozen s5.pathway1_res2.branch2.a.weight
658 unfrozen s5.pathway1_res2.branch2.a_bn.weight
659 unfrozen s5.pathway1_res2.branch2.a_bn.bias
660 unfrozen s5.pathway1_res2.branch2.b.weight
661 unfrozen s5.pathway1_res2.branch2.b_bn.weight
662 unfrozen s5.pathway1_res2.branch2.b_bn.bias
663 unfrozen s5.pathway1_res2.branch2.c.weight
664 unfrozen s5.pathway1_res2.branch2.c_bn.weight
665 unfrozen s5.pathway1_res2.branch2.c_bn.bias
666 unfrozen head.projection.weight
667 unfrozen head.projection.bias
668 unfrozen head.projection2.weight
669 unfrozen head.projection2.bias
[12/22 08:32:02][INFO] checkpoint.py: 507: Load from given checkpoint file.
[12/22 08:32:02][INFO] checkpoint.py: 214: Loading network weights from /srv/beegfs02/scratch/da_action/data/models_pretrained/SLOWFAST_32x2_R101_50_50.pkl.
[12/22 08:32:03][INFO] checkpoint.py: 340: Network weights head.projection.weight not loaded.
[12/22 08:32:03][INFO] checkpoint.py: 340: Network weights head.projection.bias not loaded.
[12/22 08:32:03][INFO] checkpoint.py: 340: Network weights head.projection2.weight not loaded.
[12/22 08:32:03][INFO] checkpoint.py: 340: Network weights head.projection2.bias not loaded.
[12/22 08:32:06][INFO] ava_helper.py:  65: Finished loading image paths from: /srv/beegfs02/scratch/da_action/data/ava/frame_lists_10_500_100/train.csv
[12/22 08:32:07][INFO] ava_helper.py: 111: Finished loading annotations from: /srv/beegfs02/scratch/da_action/data/ava/annotations_10_500_100/ava_train_v2.2.csv
[12/22 08:32:07][INFO] ava_helper.py: 113: Detection threshold: 0.8
[12/22 08:32:07][INFO] ava_helper.py: 114: Number of unique boxes: 3847
[12/22 08:32:07][INFO] ava_helper.py: 115: Number of annotations: 5000
[12/22 08:32:07][INFO] ava_helper.py: 162: 2972 keyframes used.
[12/22 08:32:07][INFO] ava_dataset.py:  94: === AVA dataset summary ===
[12/22 08:32:07][INFO] ava_dataset.py:  95: Split: train
[12/22 08:32:07][INFO] ava_dataset.py:  96: Number of videos: 27
[12/22 08:32:07][INFO] ava_dataset.py: 100: Number of frames: 729814
[12/22 08:32:07][INFO] ava_dataset.py: 101: Number of key frames: 2972
[12/22 08:32:07][INFO] ava_dataset.py: 102: Number of boxes: 3847.
[12/22 08:32:07][INFO] ava_helper.py:  65: Finished loading image paths from: /srv/beegfs02/scratch/da_action/data/ava/frame_lists_10_500_100/val.csv
[12/22 08:32:07][INFO] ava_helper.py: 111: Finished loading annotations from: /srv/beegfs02/scratch/da_action/data/ava/annotations_10_500_100/ava_val_predicted_boxes_gt.csv
[12/22 08:32:07][INFO] ava_helper.py: 113: Detection threshold: 0.8
[12/22 08:32:07][INFO] ava_helper.py: 114: Number of unique boxes: 832
[12/22 08:32:07][INFO] ava_helper.py: 115: Number of annotations: 0
[12/22 08:32:07][INFO] ava_helper.py: 162: 700 keyframes used.
[12/22 08:32:07][INFO] ava_dataset.py:  94: === AVA dataset summary ===
[12/22 08:32:07][INFO] ava_dataset.py:  95: Split: val
[12/22 08:32:07][INFO] ava_dataset.py:  96: Number of videos: 6
[12/22 08:32:07][INFO] ava_dataset.py: 100: Number of frames: 162182
[12/22 08:32:07][INFO] ava_dataset.py: 101: Number of key frames: 700
[12/22 08:32:07][INFO] ava_dataset.py: 102: Number of boxes: 832.
[12/22 08:32:10][INFO] da_helper.py:  65: Finished loading image paths from: /srv/beegfs02/scratch/da_action/data/kinetics700/frame_lists_10_500_100/train.csv
[12/22 08:32:12][INFO] da_helper.py: 122: Finished loading annotations from: /srv/beegfs02/scratch/da_action/data/kinetics700/annotations_10_500_100/kinetics_train_v2.1.csv
[12/22 08:32:12][INFO] da_helper.py: 124: Detection threshold: 0.8
[12/22 08:32:12][INFO] da_helper.py: 125: Number of unique boxes: 4121
[12/22 08:32:12][INFO] da_helper.py: 126: Number of annotations: 5000
[12/22 08:32:13][INFO] da_helper.py: 173: 3140 keyframes used.
[12/22 08:32:13][INFO] ava_dataset.py: 503: === DA dataset summary ===
[12/22 08:32:13][INFO] ava_dataset.py: 504: Split: da_train
[12/22 08:32:13][INFO] ava_dataset.py: 505: Number of videos: 3140
[12/22 08:32:13][INFO] ava_dataset.py: 509: Number of frames: 565200
[12/22 08:32:13][INFO] ava_dataset.py: 510: Number of key frames: 3140
[12/22 08:32:13][INFO] ava_dataset.py: 511: Number of boxes: 4121.
[12/22 08:32:16][INFO] ava_helper.py:  65: Finished loading image paths from: /srv/beegfs02/scratch/da_action/data/ava/frame_lists_10_500_100/train.csv
[12/22 08:32:17][INFO] ava_helper.py:  65: Finished loading image paths from: /srv/beegfs02/scratch/da_action/data/ava/frame_lists_10_500_100/val.csv
[12/22 08:32:17][INFO] tensorboard_vis.py:  57: To see logged results in Tensorboard, please launch using the command             `tensorboard  --port=<port-number> --logdir /srv/beegfs02/scratch/da_action/data/output/da_10_500_100_v15/tensorboard`
[12/22 08:32:17][INFO] train_da.py: 681: Start epoch: 2
in log_iter_stats
in log_iter_stats
in log_iter_stats
in log_iter_stats
in log_iter_stats
in log_iter_stats
in log_iter_stats
in log_iter_stats
[12/22 09:21:42][INFO] ava_eval_helper.py: 165: Evaluating with 700 unique GT frames.
[12/22 09:21:42][INFO] ava_eval_helper.py: 167: Evaluating with 700 unique detection frames
[12/22 09:21:42][INFO] ava_eval_helper.py: 322: AVA results wrote to detections_latest.csv
[12/22 09:21:42][INFO] ava_eval_helper.py: 323: 	took 0 seconds.
[12/22 09:21:42][INFO] ava_eval_helper.py: 322: AVA results wrote to groundtruth_latest.csv
[12/22 09:21:42][INFO] ava_eval_helper.py: 323: 	took 0 seconds.
{ 'PascalBoxes_PerformanceByCategory/AP@0.5IOU/bend/bow (at the waist)': 0.6937706580323776,
  'PascalBoxes_PerformanceByCategory/AP@0.5IOU/carry/hold (an object)': 0.416857065435777,
  'PascalBoxes_PerformanceByCategory/AP@0.5IOU/lie/sleep': 0.9057469598828205,
  'PascalBoxes_PerformanceByCategory/AP@0.5IOU/listen to (a person)': 0.5365756981106016,
  'PascalBoxes_PerformanceByCategory/AP@0.5IOU/ride (e.g., a bike, a car, a horse)': 0.8413452239481833,
  'PascalBoxes_PerformanceByCategory/AP@0.5IOU/sit': 0.5182694710366172,
  'PascalBoxes_PerformanceByCategory/AP@0.5IOU/talk to (e.g., self, a person, a group)': 0.7548126580494593,
  'PascalBoxes_PerformanceByCategory/AP@0.5IOU/touch (an object)': 0.5614605838108568,
  'PascalBoxes_PerformanceByCategory/AP@0.5IOU/walk': 0.6269612554236506,
  'PascalBoxes_PerformanceByCategory/AP@0.5IOU/watch (a person)': 0.3896001241976069,
  'PascalBoxes_Precision/mAP@0.5IOU': 0.6245399697927951}
[12/22 09:21:43][INFO] ava_eval_helper.py: 182: AVA eval done in 1.524866 seconds.
[12/22 09:21:43][INFO] logging.py:  97: json_stats: {
  "RAM": "20.56/251.89G",
  "_type": "val_epoch",
  "cur_epoch": "2",
  "gpu_mem": "7.39G",
  "map": 0.62454,
  "mode": "val"
}
in log_iter_stats
in log_iter_stats
in log_iter_stats
in log_iter_stats
in log_iter_stats
in log_iter_stats
in log_iter_stats
in log_iter_stats
[12/22 10:12:04][INFO] ava_eval_helper.py: 165: Evaluating with 700 unique GT frames.
[12/22 10:12:04][INFO] ava_eval_helper.py: 167: Evaluating with 700 unique detection frames
[12/22 10:12:04][INFO] ava_eval_helper.py: 322: AVA results wrote to detections_latest.csv
[12/22 10:12:04][INFO] ava_eval_helper.py: 323: 	took 0 seconds.
[12/22 10:12:04][INFO] ava_eval_helper.py: 322: AVA results wrote to groundtruth_latest.csv
[12/22 10:12:04][INFO] ava_eval_helper.py: 323: 	took 0 seconds.
{ 'PascalBoxes_PerformanceByCategory/AP@0.5IOU/bend/bow (at the waist)': 0.7028652190644912,
  'PascalBoxes_PerformanceByCategory/AP@0.5IOU/carry/hold (an object)': 0.30450156078112395,
  'PascalBoxes_PerformanceByCategory/AP@0.5IOU/lie/sleep': 0.9040012326898693,
  'PascalBoxes_PerformanceByCategory/AP@0.5IOU/listen to (a person)': 0.4828673344575186,
  'PascalBoxes_PerformanceByCategory/AP@0.5IOU/ride (e.g., a bike, a car, a horse)': 0.9546238221702684,
  'PascalBoxes_PerformanceByCategory/AP@0.5IOU/sit': 0.5362557554716599,
  'PascalBoxes_PerformanceByCategory/AP@0.5IOU/talk to (e.g., self, a person, a group)': 0.7244776522823806,
  'PascalBoxes_PerformanceByCategory/AP@0.5IOU/touch (an object)': 0.503215326349967,
  'PascalBoxes_PerformanceByCategory/AP@0.5IOU/walk': 0.6191736913844744,
  'PascalBoxes_PerformanceByCategory/AP@0.5IOU/watch (a person)': 0.3319187837821304,
  'PascalBoxes_Precision/mAP@0.5IOU': 0.6063900378433884}
[12/22 10:12:06][INFO] ava_eval_helper.py: 182: AVA eval done in 1.516115 seconds.
[12/22 10:12:06][INFO] logging.py:  97: json_stats: {
  "RAM": "20.78/251.89G",
  "_type": "val_epoch",
  "cur_epoch": "3",
  "gpu_mem": "7.40G",
  "map": 0.60639,
  "mode": "val"
}
in log_iter_stats
in log_iter_stats
in log_iter_stats
in log_iter_stats
in log_iter_stats
in log_iter_stats
in log_iter_stats
in log_iter_stats
[12/22 11:06:02][INFO] ava_eval_helper.py: 165: Evaluating with 700 unique GT frames.
[12/22 11:06:02][INFO] ava_eval_helper.py: 167: Evaluating with 700 unique detection frames
[12/22 11:06:02][INFO] ava_eval_helper.py: 322: AVA results wrote to detections_latest.csv
[12/22 11:06:02][INFO] ava_eval_helper.py: 323: 	took 0 seconds.
[12/22 11:06:02][INFO] ava_eval_helper.py: 322: AVA results wrote to groundtruth_latest.csv
[12/22 11:06:02][INFO] ava_eval_helper.py: 323: 	took 0 seconds.
{ 'PascalBoxes_PerformanceByCategory/AP@0.5IOU/bend/bow (at the waist)': 0.6821561852334327,
  'PascalBoxes_PerformanceByCategory/AP@0.5IOU/carry/hold (an object)': 0.38073202734088335,
  'PascalBoxes_PerformanceByCategory/AP@0.5IOU/lie/sleep': 0.9314348098686425,
  'PascalBoxes_PerformanceByCategory/AP@0.5IOU/listen to (a person)': 0.6094623753351609,
  'PascalBoxes_PerformanceByCategory/AP@0.5IOU/ride (e.g., a bike, a car, a horse)': 0.9673992950969182,
  'PascalBoxes_PerformanceByCategory/AP@0.5IOU/sit': 0.5812923517325573,
  'PascalBoxes_PerformanceByCategory/AP@0.5IOU/talk to (e.g., self, a person, a group)': 0.745860144779189,
  'PascalBoxes_PerformanceByCategory/AP@0.5IOU/touch (an object)': 0.489400725608268,
  'PascalBoxes_PerformanceByCategory/AP@0.5IOU/walk': 0.6017543315959478,
  'PascalBoxes_PerformanceByCategory/AP@0.5IOU/watch (a person)': 0.36409504533295606,
  'PascalBoxes_Precision/mAP@0.5IOU': 0.6353587291923956}
[12/22 11:06:03][INFO] ava_eval_helper.py: 182: AVA eval done in 1.517692 seconds.
[12/22 11:06:03][INFO] logging.py:  97: json_stats: {
  "RAM": "17.27/251.89G",
  "_type": "val_epoch",
  "cur_epoch": "4",
  "gpu_mem": "7.40G",
  "map": 0.63536,
  "mode": "val"
}
in log_iter_stats
in log_iter_stats
in log_iter_stats
in log_iter_stats
in log_iter_stats
in log_iter_stats
in log_iter_stats
in log_iter_stats
[12/22 12:01:36][INFO] ava_eval_helper.py: 165: Evaluating with 700 unique GT frames.
[12/22 12:01:36][INFO] ava_eval_helper.py: 167: Evaluating with 700 unique detection frames
[12/22 12:01:36][INFO] ava_eval_helper.py: 322: AVA results wrote to detections_latest.csv
[12/22 12:01:36][INFO] ava_eval_helper.py: 323: 	took 0 seconds.
[12/22 12:01:36][INFO] ava_eval_helper.py: 322: AVA results wrote to groundtruth_latest.csv
[12/22 12:01:36][INFO] ava_eval_helper.py: 323: 	took 0 seconds.
{ 'PascalBoxes_PerformanceByCategory/AP@0.5IOU/bend/bow (at the waist)': 0.6988095112496232,
  'PascalBoxes_PerformanceByCategory/AP@0.5IOU/carry/hold (an object)': 0.4216144177109071,
  'PascalBoxes_PerformanceByCategory/AP@0.5IOU/lie/sleep': 0.9314672076028541,
  'PascalBoxes_PerformanceByCategory/AP@0.5IOU/listen to (a person)': 0.6271455343827075,
  'PascalBoxes_PerformanceByCategory/AP@0.5IOU/ride (e.g., a bike, a car, a horse)': 0.9731567633731941,
  'PascalBoxes_PerformanceByCategory/AP@0.5IOU/sit': 0.6172792244925915,
  'PascalBoxes_PerformanceByCategory/AP@0.5IOU/talk to (e.g., self, a person, a group)': 0.771369444177131,
  'PascalBoxes_PerformanceByCategory/AP@0.5IOU/touch (an object)': 0.5552652399855117,
  'PascalBoxes_PerformanceByCategory/AP@0.5IOU/walk': 0.6249839663948348,
  'PascalBoxes_PerformanceByCategory/AP@0.5IOU/watch (a person)': 0.3751760515152398,
  'PascalBoxes_Precision/mAP@0.5IOU': 0.6596267360884596}
[12/22 12:01:38][INFO] ava_eval_helper.py: 182: AVA eval done in 1.516130 seconds.
[12/22 12:01:38][INFO] logging.py:  97: json_stats: {
  "RAM": "18.73/251.89G",
  "_type": "val_epoch",
  "cur_epoch": "5",
  "gpu_mem": "7.40G",
  "map": 0.65963,
  "mode": "val"
}
in log_iter_stats
in log_iter_stats
in log_iter_stats
in log_iter_stats
in log_iter_stats
in log_iter_stats
in log_iter_stats
in log_iter_stats
[12/22 12:51:37][INFO] ava_eval_helper.py: 165: Evaluating with 700 unique GT frames.
[12/22 12:51:37][INFO] ava_eval_helper.py: 167: Evaluating with 700 unique detection frames
[12/22 12:51:37][INFO] ava_eval_helper.py: 322: AVA results wrote to detections_latest.csv
[12/22 12:51:37][INFO] ava_eval_helper.py: 323: 	took 0 seconds.
[12/22 12:51:37][INFO] ava_eval_helper.py: 322: AVA results wrote to groundtruth_latest.csv
[12/22 12:51:37][INFO] ava_eval_helper.py: 323: 	took 0 seconds.
{ 'PascalBoxes_PerformanceByCategory/AP@0.5IOU/bend/bow (at the waist)': 0.6887405091359743,
  'PascalBoxes_PerformanceByCategory/AP@0.5IOU/carry/hold (an object)': 0.4264143040788311,
  'PascalBoxes_PerformanceByCategory/AP@0.5IOU/lie/sleep': 0.9304355090228205,
  'PascalBoxes_PerformanceByCategory/AP@0.5IOU/listen to (a person)': 0.6405858441841246,
  'PascalBoxes_PerformanceByCategory/AP@0.5IOU/ride (e.g., a bike, a car, a horse)': 0.9737085025777273,
  'PascalBoxes_PerformanceByCategory/AP@0.5IOU/sit': 0.6323252171338999,
  'PascalBoxes_PerformanceByCategory/AP@0.5IOU/talk to (e.g., self, a person, a group)': 0.7539794088007765,
  'PascalBoxes_PerformanceByCategory/AP@0.5IOU/touch (an object)': 0.5734491130986146,
  'PascalBoxes_PerformanceByCategory/AP@0.5IOU/walk': 0.6266584809312518,
  'PascalBoxes_PerformanceByCategory/AP@0.5IOU/watch (a person)': 0.37483048190985946,
  'PascalBoxes_Precision/mAP@0.5IOU': 0.6621127370873879}
[12/22 12:51:39][INFO] ava_eval_helper.py: 182: AVA eval done in 1.526109 seconds.
[12/22 12:51:39][INFO] logging.py:  97: json_stats: {
  "RAM": "18.57/251.89G",
  "_type": "val_epoch",
  "cur_epoch": "6",
  "gpu_mem": "7.40G",
  "map": 0.66211,
  "mode": "val"
}
in log_iter_stats
in log_iter_stats
in log_iter_stats
in log_iter_stats
in log_iter_stats
in log_iter_stats
in log_iter_stats
in log_iter_stats
[12/22 13:41:26][INFO] ava_eval_helper.py: 165: Evaluating with 700 unique GT frames.
[12/22 13:41:26][INFO] ava_eval_helper.py: 167: Evaluating with 700 unique detection frames
[12/22 13:41:26][INFO] ava_eval_helper.py: 322: AVA results wrote to detections_latest.csv
[12/22 13:41:26][INFO] ava_eval_helper.py: 323: 	took 0 seconds.
[12/22 13:41:26][INFO] ava_eval_helper.py: 322: AVA results wrote to groundtruth_latest.csv
[12/22 13:41:26][INFO] ava_eval_helper.py: 323: 	took 0 seconds.
{ 'PascalBoxes_PerformanceByCategory/AP@0.5IOU/bend/bow (at the waist)': 0.6902447663322331,
  'PascalBoxes_PerformanceByCategory/AP@0.5IOU/carry/hold (an object)': 0.4316394595561643,
  'PascalBoxes_PerformanceByCategory/AP@0.5IOU/lie/sleep': 0.9293856070307903,
  'PascalBoxes_PerformanceByCategory/AP@0.5IOU/listen to (a person)': 0.6430357122145249,
  'PascalBoxes_PerformanceByCategory/AP@0.5IOU/ride (e.g., a bike, a car, a horse)': 0.9737632714984317,
  'PascalBoxes_PerformanceByCategory/AP@0.5IOU/sit': 0.6335536455627779,
  'PascalBoxes_PerformanceByCategory/AP@0.5IOU/talk to (e.g., self, a person, a group)': 0.7510745085354776,
  'PascalBoxes_PerformanceByCategory/AP@0.5IOU/touch (an object)': 0.5739348768168855,
  'PascalBoxes_PerformanceByCategory/AP@0.5IOU/walk': 0.6272972253816899,
  'PascalBoxes_PerformanceByCategory/AP@0.5IOU/watch (a person)': 0.3762251701679657,
  'PascalBoxes_Precision/mAP@0.5IOU': 0.663015424309694}
[12/22 13:41:27][INFO] ava_eval_helper.py: 182: AVA eval done in 1.505465 seconds.
[12/22 13:41:27][INFO] logging.py:  97: json_stats: {
  "RAM": "18.61/251.89G",
  "_type": "val_epoch",
  "cur_epoch": "7",
  "gpu_mem": "7.40G",
  "map": 0.66302,
  "mode": "val"
}
in log_iter_stats
in log_iter_stats
in log_iter_stats
in log_iter_stats
in log_iter_stats
in log_iter_stats
in log_iter_stats
in log_iter_stats
[12/22 14:31:21][INFO] ava_eval_helper.py: 165: Evaluating with 700 unique GT frames.
[12/22 14:31:21][INFO] ava_eval_helper.py: 167: Evaluating with 700 unique detection frames
[12/22 14:31:21][INFO] ava_eval_helper.py: 322: AVA results wrote to detections_latest.csv
[12/22 14:31:21][INFO] ava_eval_helper.py: 323: 	took 0 seconds.
[12/22 14:31:21][INFO] ava_eval_helper.py: 322: AVA results wrote to groundtruth_latest.csv
[12/22 14:31:21][INFO] ava_eval_helper.py: 323: 	took 0 seconds.
{ 'PascalBoxes_PerformanceByCategory/AP@0.5IOU/bend/bow (at the waist)': 0.6907019838763334,
  'PascalBoxes_PerformanceByCategory/AP@0.5IOU/carry/hold (an object)': 0.4318423108665039,
  'PascalBoxes_PerformanceByCategory/AP@0.5IOU/lie/sleep': 0.9296706889223382,
  'PascalBoxes_PerformanceByCategory/AP@0.5IOU/listen to (a person)': 0.6436076067569493,
  'PascalBoxes_PerformanceByCategory/AP@0.5IOU/ride (e.g., a bike, a car, a horse)': 0.973551602888876,
  'PascalBoxes_PerformanceByCategory/AP@0.5IOU/sit': 0.6336556833678418,
  'PascalBoxes_PerformanceByCategory/AP@0.5IOU/talk to (e.g., self, a person, a group)': 0.7500077936585826,
  'PascalBoxes_PerformanceByCategory/AP@0.5IOU/touch (an object)': 0.57376568735124,
  'PascalBoxes_PerformanceByCategory/AP@0.5IOU/walk': 0.627421430065893,
  'PascalBoxes_PerformanceByCategory/AP@0.5IOU/watch (a person)': 0.37628332681893056,
  'PascalBoxes_Precision/mAP@0.5IOU': 0.6630508114573489}
[12/22 14:31:23][INFO] ava_eval_helper.py: 182: AVA eval done in 1.512752 seconds.
[12/22 14:31:23][INFO] logging.py:  97: json_stats: {
  "RAM": "18.68/251.89G",
  "_type": "val_epoch",
  "cur_epoch": "8",
  "gpu_mem": "7.40G",
  "map": 0.66305,
  "mode": "val"
}
